#! /usr/bin/vvp
:ivl_version "11.0 (stable)" "(v11_0)";
:ivl_delay_selection "TYPICAL";
:vpi_time_precision - 12;
:vpi_module "/usr/lib/ivl/system.vpi";
:vpi_module "/usr/lib/ivl/vhdl_sys.vpi";
:vpi_module "/usr/lib/ivl/vhdl_textio.vpi";
:vpi_module "/usr/lib/ivl/v2005_math.vpi";
:vpi_module "/usr/lib/ivl/va_math.vpi";
S_0x5605fb61c350 .scope module, "DP16KD" "DP16KD" 2 479;
 .timescale 0 0;
    .port_info 0 /INPUT 1 "DIA17";
    .port_info 1 /INPUT 1 "DIA16";
    .port_info 2 /INPUT 1 "DIA15";
    .port_info 3 /INPUT 1 "DIA14";
    .port_info 4 /INPUT 1 "DIA13";
    .port_info 5 /INPUT 1 "DIA12";
    .port_info 6 /INPUT 1 "DIA11";
    .port_info 7 /INPUT 1 "DIA10";
    .port_info 8 /INPUT 1 "DIA9";
    .port_info 9 /INPUT 1 "DIA8";
    .port_info 10 /INPUT 1 "DIA7";
    .port_info 11 /INPUT 1 "DIA6";
    .port_info 12 /INPUT 1 "DIA5";
    .port_info 13 /INPUT 1 "DIA4";
    .port_info 14 /INPUT 1 "DIA3";
    .port_info 15 /INPUT 1 "DIA2";
    .port_info 16 /INPUT 1 "DIA1";
    .port_info 17 /INPUT 1 "DIA0";
    .port_info 18 /INPUT 1 "ADA13";
    .port_info 19 /INPUT 1 "ADA12";
    .port_info 20 /INPUT 1 "ADA11";
    .port_info 21 /INPUT 1 "ADA10";
    .port_info 22 /INPUT 1 "ADA9";
    .port_info 23 /INPUT 1 "ADA8";
    .port_info 24 /INPUT 1 "ADA7";
    .port_info 25 /INPUT 1 "ADA6";
    .port_info 26 /INPUT 1 "ADA5";
    .port_info 27 /INPUT 1 "ADA4";
    .port_info 28 /INPUT 1 "ADA3";
    .port_info 29 /INPUT 1 "ADA2";
    .port_info 30 /INPUT 1 "ADA1";
    .port_info 31 /INPUT 1 "ADA0";
    .port_info 32 /INPUT 1 "CEA";
    .port_info 33 /INPUT 1 "OCEA";
    .port_info 34 /INPUT 1 "CLKA";
    .port_info 35 /INPUT 1 "WEA";
    .port_info 36 /INPUT 1 "RSTA";
    .port_info 37 /INPUT 1 "CSA2";
    .port_info 38 /INPUT 1 "CSA1";
    .port_info 39 /INPUT 1 "CSA0";
    .port_info 40 /OUTPUT 1 "DOA17";
    .port_info 41 /OUTPUT 1 "DOA16";
    .port_info 42 /OUTPUT 1 "DOA15";
    .port_info 43 /OUTPUT 1 "DOA14";
    .port_info 44 /OUTPUT 1 "DOA13";
    .port_info 45 /OUTPUT 1 "DOA12";
    .port_info 46 /OUTPUT 1 "DOA11";
    .port_info 47 /OUTPUT 1 "DOA10";
    .port_info 48 /OUTPUT 1 "DOA9";
    .port_info 49 /OUTPUT 1 "DOA8";
    .port_info 50 /OUTPUT 1 "DOA7";
    .port_info 51 /OUTPUT 1 "DOA6";
    .port_info 52 /OUTPUT 1 "DOA5";
    .port_info 53 /OUTPUT 1 "DOA4";
    .port_info 54 /OUTPUT 1 "DOA3";
    .port_info 55 /OUTPUT 1 "DOA2";
    .port_info 56 /OUTPUT 1 "DOA1";
    .port_info 57 /OUTPUT 1 "DOA0";
    .port_info 58 /INPUT 1 "DIB17";
    .port_info 59 /INPUT 1 "DIB16";
    .port_info 60 /INPUT 1 "DIB15";
    .port_info 61 /INPUT 1 "DIB14";
    .port_info 62 /INPUT 1 "DIB13";
    .port_info 63 /INPUT 1 "DIB12";
    .port_info 64 /INPUT 1 "DIB11";
    .port_info 65 /INPUT 1 "DIB10";
    .port_info 66 /INPUT 1 "DIB9";
    .port_info 67 /INPUT 1 "DIB8";
    .port_info 68 /INPUT 1 "DIB7";
    .port_info 69 /INPUT 1 "DIB6";
    .port_info 70 /INPUT 1 "DIB5";
    .port_info 71 /INPUT 1 "DIB4";
    .port_info 72 /INPUT 1 "DIB3";
    .port_info 73 /INPUT 1 "DIB2";
    .port_info 74 /INPUT 1 "DIB1";
    .port_info 75 /INPUT 1 "DIB0";
    .port_info 76 /INPUT 1 "ADB13";
    .port_info 77 /INPUT 1 "ADB12";
    .port_info 78 /INPUT 1 "ADB11";
    .port_info 79 /INPUT 1 "ADB10";
    .port_info 80 /INPUT 1 "ADB9";
    .port_info 81 /INPUT 1 "ADB8";
    .port_info 82 /INPUT 1 "ADB7";
    .port_info 83 /INPUT 1 "ADB6";
    .port_info 84 /INPUT 1 "ADB5";
    .port_info 85 /INPUT 1 "ADB4";
    .port_info 86 /INPUT 1 "ADB3";
    .port_info 87 /INPUT 1 "ADB2";
    .port_info 88 /INPUT 1 "ADB1";
    .port_info 89 /INPUT 1 "ADB0";
    .port_info 90 /INPUT 1 "CEB";
    .port_info 91 /INPUT 1 "OCEB";
    .port_info 92 /INPUT 1 "CLKB";
    .port_info 93 /INPUT 1 "WEB";
    .port_info 94 /INPUT 1 "RSTB";
    .port_info 95 /INPUT 1 "CSB2";
    .port_info 96 /INPUT 1 "CSB1";
    .port_info 97 /INPUT 1 "CSB0";
    .port_info 98 /OUTPUT 1 "DOB17";
    .port_info 99 /OUTPUT 1 "DOB16";
    .port_info 100 /OUTPUT 1 "DOB15";
    .port_info 101 /OUTPUT 1 "DOB14";
    .port_info 102 /OUTPUT 1 "DOB13";
    .port_info 103 /OUTPUT 1 "DOB12";
    .port_info 104 /OUTPUT 1 "DOB11";
    .port_info 105 /OUTPUT 1 "DOB10";
    .port_info 106 /OUTPUT 1 "DOB9";
    .port_info 107 /OUTPUT 1 "DOB8";
    .port_info 108 /OUTPUT 1 "DOB7";
    .port_info 109 /OUTPUT 1 "DOB6";
    .port_info 110 /OUTPUT 1 "DOB5";
    .port_info 111 /OUTPUT 1 "DOB4";
    .port_info 112 /OUTPUT 1 "DOB3";
    .port_info 113 /OUTPUT 1 "DOB2";
    .port_info 114 /OUTPUT 1 "DOB1";
    .port_info 115 /OUTPUT 1 "DOB0";
P_0x5605fb61f3a0 .param/str "ADA0MUX" 0 2 538, "ADA0";
P_0x5605fb61f3e0 .param/str "ADA10MUX" 0 2 528, "ADA10";
P_0x5605fb61f420 .param/str "ADA11MUX" 0 2 527, "ADA11";
P_0x5605fb61f460 .param/str "ADA12MUX" 0 2 526, "ADA12";
P_0x5605fb61f4a0 .param/str "ADA13MUX" 0 2 525, "ADA13";
P_0x5605fb61f4e0 .param/str "ADA1MUX" 0 2 537, "ADA1";
P_0x5605fb61f520 .param/str "ADA2MUX" 0 2 536, "ADA2";
P_0x5605fb61f560 .param/str "ADA3MUX" 0 2 535, "ADA3";
P_0x5605fb61f5a0 .param/str "ADA4MUX" 0 2 534, "ADA4";
P_0x5605fb61f5e0 .param/str "ADA5MUX" 0 2 533, "ADA5";
P_0x5605fb61f620 .param/str "ADA6MUX" 0 2 532, "ADA6";
P_0x5605fb61f660 .param/str "ADA7MUX" 0 2 531, "ADA7";
P_0x5605fb61f6a0 .param/str "ADA8MUX" 0 2 530, "ADA8";
P_0x5605fb61f6e0 .param/str "ADA9MUX" 0 2 529, "ADA9";
P_0x5605fb61f720 .param/str "ADB0MUX" 0 2 596, "ADB0";
P_0x5605fb61f760 .param/str "ADB10MUX" 0 2 586, "ADB10";
P_0x5605fb61f7a0 .param/str "ADB11MUX" 0 2 585, "ADB11";
P_0x5605fb61f7e0 .param/str "ADB12MUX" 0 2 584, "ADB12";
P_0x5605fb61f820 .param/str "ADB13MUX" 0 2 583, "ADB13";
P_0x5605fb61f860 .param/str "ADB1MUX" 0 2 595, "ADB1";
P_0x5605fb61f8a0 .param/str "ADB2MUX" 0 2 594, "ADB2";
P_0x5605fb61f8e0 .param/str "ADB3MUX" 0 2 593, "ADB3";
P_0x5605fb61f920 .param/str "ADB4MUX" 0 2 592, "ADB4";
P_0x5605fb61f960 .param/str "ADB5MUX" 0 2 591, "ADB5";
P_0x5605fb61f9a0 .param/str "ADB6MUX" 0 2 590, "ADB6";
P_0x5605fb61f9e0 .param/str "ADB7MUX" 0 2 589, "ADB7";
P_0x5605fb61fa20 .param/str "ADB8MUX" 0 2 588, "ADB8";
P_0x5605fb61fa60 .param/str "ADB9MUX" 0 2 587, "ADB9";
P_0x5605fb61faa0 .param/str "ASYNC_RESET_RELEASE" 0 2 499, "SYNC";
P_0x5605fb61fae0 .param/str "CEAMUX" 0 2 539, "CEA";
P_0x5605fb61fb20 .param/str "CEBMUX" 0 2 597, "CEB";
P_0x5605fb61fb60 .param/str "CLKAMUX" 0 2 541, "CLKA";
P_0x5605fb61fba0 .param/str "CLKBMUX" 0 2 599, "CLKB";
P_0x5605fb61fbe0 .param/str "CSA0MUX" 0 2 546, "CSA0";
P_0x5605fb61fc20 .param/str "CSA1MUX" 0 2 545, "CSA1";
P_0x5605fb61fc60 .param/str "CSA2MUX" 0 2 544, "CSA2";
P_0x5605fb61fca0 .param/str "CSB0MUX" 0 2 604, "CSB0";
P_0x5605fb61fce0 .param/str "CSB1MUX" 0 2 603, "CSB1";
P_0x5605fb61fd20 .param/str "CSB2MUX" 0 2 602, "CSB2";
P_0x5605fb61fd60 .param/str "CSDECODE_A" 0 2 501, "0b000";
P_0x5605fb61fda0 .param/str "CSDECODE_B" 0 2 502, "0b000";
P_0x5605fb61fde0 .param/l "DATA_WIDTH_A" 0 2 492, +C4<00000000000000000000000000010010>;
P_0x5605fb61fe20 .param/l "DATA_WIDTH_B" 0 2 493, +C4<00000000000000000000000000010010>;
P_0x5605fb61fe60 .param/str "DIA0MUX" 0 2 524, "DIA0";
P_0x5605fb61fea0 .param/str "DIA10MUX" 0 2 514, "DIA10";
P_0x5605fb61fee0 .param/str "DIA11MUX" 0 2 513, "DIA11";
P_0x5605fb61ff20 .param/str "DIA12MUX" 0 2 512, "DIA12";
P_0x5605fb61ff60 .param/str "DIA13MUX" 0 2 511, "DIA13";
P_0x5605fb61ffa0 .param/str "DIA14MUX" 0 2 510, "DIA14";
P_0x5605fb61ffe0 .param/str "DIA15MUX" 0 2 509, "DIA15";
P_0x5605fb620020 .param/str "DIA16MUX" 0 2 508, "DIA16";
P_0x5605fb620060 .param/str "DIA17MUX" 0 2 507, "DIA17";
P_0x5605fb6200a0 .param/str "DIA1MUX" 0 2 523, "DIA1";
P_0x5605fb6200e0 .param/str "DIA2MUX" 0 2 522, "DIA2";
P_0x5605fb620120 .param/str "DIA3MUX" 0 2 521, "DIA3";
P_0x5605fb620160 .param/str "DIA4MUX" 0 2 520, "DIA4";
P_0x5605fb6201a0 .param/str "DIA5MUX" 0 2 519, "DIA5";
P_0x5605fb6201e0 .param/str "DIA6MUX" 0 2 518, "DIA6";
P_0x5605fb620220 .param/str "DIA7MUX" 0 2 517, "DIA7";
P_0x5605fb620260 .param/str "DIA8MUX" 0 2 516, "DIA8";
P_0x5605fb6202a0 .param/str "DIA9MUX" 0 2 515, "DIA9";
P_0x5605fb6202e0 .param/str "DIB0MUX" 0 2 582, "DIB0";
P_0x5605fb620320 .param/str "DIB10MUX" 0 2 572, "DIB10";
P_0x5605fb620360 .param/str "DIB11MUX" 0 2 571, "DIB11";
P_0x5605fb6203a0 .param/str "DIB12MUX" 0 2 570, "DIB12";
P_0x5605fb6203e0 .param/str "DIB13MUX" 0 2 569, "DIB13";
P_0x5605fb620420 .param/str "DIB14MUX" 0 2 568, "DIB14";
P_0x5605fb620460 .param/str "DIB15MUX" 0 2 567, "DIB15";
P_0x5605fb6204a0 .param/str "DIB16MUX" 0 2 566, "DIB16";
P_0x5605fb6204e0 .param/str "DIB17MUX" 0 2 565, "DIB17";
P_0x5605fb620520 .param/str "DIB1MUX" 0 2 581, "DIB1";
P_0x5605fb620560 .param/str "DIB2MUX" 0 2 580, "DIB2";
P_0x5605fb6205a0 .param/str "DIB3MUX" 0 2 579, "DIB3";
P_0x5605fb6205e0 .param/str "DIB4MUX" 0 2 578, "DIB4";
P_0x5605fb620620 .param/str "DIB5MUX" 0 2 577, "DIB5";
P_0x5605fb620660 .param/str "DIB6MUX" 0 2 576, "DIB6";
P_0x5605fb6206a0 .param/str "DIB7MUX" 0 2 575, "DIB7";
P_0x5605fb6206e0 .param/str "DIB8MUX" 0 2 574, "DIB8";
P_0x5605fb620720 .param/str "DIB9MUX" 0 2 573, "DIB9";
P_0x5605fb620760 .param/str "DOA0MUX" 0 2 564, "DOA0";
P_0x5605fb6207a0 .param/str "DOA10MUX" 0 2 554, "DOA10";
P_0x5605fb6207e0 .param/str "DOA11MUX" 0 2 553, "DOA11";
P_0x5605fb620820 .param/str "DOA12MUX" 0 2 552, "DOA12";
P_0x5605fb620860 .param/str "DOA13MUX" 0 2 551, "DOA13";
P_0x5605fb6208a0 .param/str "DOA14MUX" 0 2 550, "DOA14";
P_0x5605fb6208e0 .param/str "DOA15MUX" 0 2 549, "DOA15";
P_0x5605fb620920 .param/str "DOA16MUX" 0 2 548, "DOA16";
P_0x5605fb620960 .param/str "DOA17MUX" 0 2 547, "DOA17";
P_0x5605fb6209a0 .param/str "DOA1MUX" 0 2 563, "DOA1";
P_0x5605fb6209e0 .param/str "DOA2MUX" 0 2 562, "DOA2";
P_0x5605fb620a20 .param/str "DOA3MUX" 0 2 561, "DOA3";
P_0x5605fb620a60 .param/str "DOA4MUX" 0 2 560, "DOA4";
P_0x5605fb620aa0 .param/str "DOA5MUX" 0 2 559, "DOA5";
P_0x5605fb620ae0 .param/str "DOA6MUX" 0 2 558, "DOA6";
P_0x5605fb620b20 .param/str "DOA7MUX" 0 2 557, "DOA7";
P_0x5605fb620b60 .param/str "DOA8MUX" 0 2 556, "DOA8";
P_0x5605fb620ba0 .param/str "DOA9MUX" 0 2 555, "DOA9";
P_0x5605fb620be0 .param/str "DOB0MUX" 0 2 622, "DOB0";
P_0x5605fb620c20 .param/str "DOB10MUX" 0 2 612, "DOB10";
P_0x5605fb620c60 .param/str "DOB11MUX" 0 2 611, "DOB11";
P_0x5605fb620ca0 .param/str "DOB12MUX" 0 2 610, "DOB12";
P_0x5605fb620ce0 .param/str "DOB13MUX" 0 2 609, "DOB13";
P_0x5605fb620d20 .param/str "DOB14MUX" 0 2 608, "DOB14";
P_0x5605fb620d60 .param/str "DOB15MUX" 0 2 607, "DOB15";
P_0x5605fb620da0 .param/str "DOB16MUX" 0 2 606, "DOB16";
P_0x5605fb620de0 .param/str "DOB17MUX" 0 2 605, "DOB17";
P_0x5605fb620e20 .param/str "DOB1MUX" 0 2 621, "DOB1";
P_0x5605fb620e60 .param/str "DOB2MUX" 0 2 620, "DOB2";
P_0x5605fb620ea0 .param/str "DOB3MUX" 0 2 619, "DOB3";
P_0x5605fb620ee0 .param/str "DOB4MUX" 0 2 618, "DOB4";
P_0x5605fb620f20 .param/str "DOB5MUX" 0 2 617, "DOB5";
P_0x5605fb620f60 .param/str "DOB6MUX" 0 2 616, "DOB6";
P_0x5605fb620fa0 .param/str "DOB7MUX" 0 2 615, "DOB7";
P_0x5605fb620fe0 .param/str "DOB8MUX" 0 2 614, "DOB8";
P_0x5605fb621020 .param/str "DOB9MUX" 0 2 613, "DOB9";
P_0x5605fb621060 .param/str "GSR" 0 2 626, "ENABLED";
P_0x5605fb6210a0 .param/l "INITVAL_00" 0 2 628, C4<00000000000000000000000000000000000000000000000000000000000000000000000000000000000000000000000000000000000000000000000000000000000000000000000000000000000000000000000000000000000000000000000000000000000000000000000000000000000000000000000000000000000000000000000000000000000000000000000000000000000000000000000000000000>;
P_0x5605fb6210e0 .param/l "INITVAL_01" 0 2 629, C4<00000000000000000000000000000000000000000000000000000000000000000000000000000000000000000000000000000000000000000000000000000000000000000000000000000000000000000000000000000000000000000000000000000000000000000000000000000000000000000000000000000000000000000000000000000000000000000000000000000000000000000000000000000000>;
P_0x5605fb621120 .param/l "INITVAL_02" 0 2 630, C4<00000000000000000000000000000000000000000000000000000000000000000000000000000000000000000000000000000000000000000000000000000000000000000000000000000000000000000000000000000000000000000000000000000000000000000000000000000000000000000000000000000000000000000000000000000000000000000000000000000000000000000000000000000000>;
P_0x5605fb621160 .param/l "INITVAL_03" 0 2 631, C4<00000000000000000000000000000000000000000000000000000000000000000000000000000000000000000000000000000000000000000000000000000000000000000000000000000000000000000000000000000000000000000000000000000000000000000000000000000000000000000000000000000000000000000000000000000000000000000000000000000000000000000000000000000000>;
P_0x5605fb6211a0 .param/l "INITVAL_04" 0 2 632, C4<00000000000000000000000000000000000000000000000000000000000000000000000000000000000000000000000000000000000000000000000000000000000000000000000000000000000000000000000000000000000000000000000000000000000000000000000000000000000000000000000000000000000000000000000000000000000000000000000000000000000000000000000000000000>;
P_0x5605fb6211e0 .param/l "INITVAL_05" 0 2 633, C4<00000000000000000000000000000000000000000000000000000000000000000000000000000000000000000000000000000000000000000000000000000000000000000000000000000000000000000000000000000000000000000000000000000000000000000000000000000000000000000000000000000000000000000000000000000000000000000000000000000000000000000000000000000000>;
P_0x5605fb621220 .param/l "INITVAL_06" 0 2 634, C4<00000000000000000000000000000000000000000000000000000000000000000000000000000000000000000000000000000000000000000000000000000000000000000000000000000000000000000000000000000000000000000000000000000000000000000000000000000000000000000000000000000000000000000000000000000000000000000000000000000000000000000000000000000000>;
P_0x5605fb621260 .param/l "INITVAL_07" 0 2 635, C4<00000000000000000000000000000000000000000000000000000000000000000000000000000000000000000000000000000000000000000000000000000000000000000000000000000000000000000000000000000000000000000000000000000000000000000000000000000000000000000000000000000000000000000000000000000000000000000000000000000000000000000000000000000000>;
P_0x5605fb6212a0 .param/l "INITVAL_08" 0 2 636, C4<00000000000000000000000000000000000000000000000000000000000000000000000000000000000000000000000000000000000000000000000000000000000000000000000000000000000000000000000000000000000000000000000000000000000000000000000000000000000000000000000000000000000000000000000000000000000000000000000000000000000000000000000000000000>;
P_0x5605fb6212e0 .param/l "INITVAL_09" 0 2 637, C4<00000000000000000000000000000000000000000000000000000000000000000000000000000000000000000000000000000000000000000000000000000000000000000000000000000000000000000000000000000000000000000000000000000000000000000000000000000000000000000000000000000000000000000000000000000000000000000000000000000000000000000000000000000000>;
P_0x5605fb621320 .param/l "INITVAL_0A" 0 2 638, C4<00000000000000000000000000000000000000000000000000000000000000000000000000000000000000000000000000000000000000000000000000000000000000000000000000000000000000000000000000000000000000000000000000000000000000000000000000000000000000000000000000000000000000000000000000000000000000000000000000000000000000000000000000000000>;
P_0x5605fb621360 .param/l "INITVAL_0B" 0 2 639, C4<00000000000000000000000000000000000000000000000000000000000000000000000000000000000000000000000000000000000000000000000000000000000000000000000000000000000000000000000000000000000000000000000000000000000000000000000000000000000000000000000000000000000000000000000000000000000000000000000000000000000000000000000000000000>;
P_0x5605fb6213a0 .param/l "INITVAL_0C" 0 2 640, C4<00000000000000000000000000000000000000000000000000000000000000000000000000000000000000000000000000000000000000000000000000000000000000000000000000000000000000000000000000000000000000000000000000000000000000000000000000000000000000000000000000000000000000000000000000000000000000000000000000000000000000000000000000000000>;
P_0x5605fb6213e0 .param/l "INITVAL_0D" 0 2 641, C4<00000000000000000000000000000000000000000000000000000000000000000000000000000000000000000000000000000000000000000000000000000000000000000000000000000000000000000000000000000000000000000000000000000000000000000000000000000000000000000000000000000000000000000000000000000000000000000000000000000000000000000000000000000000>;
P_0x5605fb621420 .param/l "INITVAL_0E" 0 2 642, C4<00000000000000000000000000000000000000000000000000000000000000000000000000000000000000000000000000000000000000000000000000000000000000000000000000000000000000000000000000000000000000000000000000000000000000000000000000000000000000000000000000000000000000000000000000000000000000000000000000000000000000000000000000000000>;
P_0x5605fb621460 .param/l "INITVAL_0F" 0 2 643, C4<00000000000000000000000000000000000000000000000000000000000000000000000000000000000000000000000000000000000000000000000000000000000000000000000000000000000000000000000000000000000000000000000000000000000000000000000000000000000000000000000000000000000000000000000000000000000000000000000000000000000000000000000000000000>;
P_0x5605fb6214a0 .param/l "INITVAL_10" 0 2 644, C4<00000000000000000000000000000000000000000000000000000000000000000000000000000000000000000000000000000000000000000000000000000000000000000000000000000000000000000000000000000000000000000000000000000000000000000000000000000000000000000000000000000000000000000000000000000000000000000000000000000000000000000000000000000000>;
P_0x5605fb6214e0 .param/l "INITVAL_11" 0 2 645, C4<00000000000000000000000000000000000000000000000000000000000000000000000000000000000000000000000000000000000000000000000000000000000000000000000000000000000000000000000000000000000000000000000000000000000000000000000000000000000000000000000000000000000000000000000000000000000000000000000000000000000000000000000000000000>;
P_0x5605fb621520 .param/l "INITVAL_12" 0 2 646, C4<00000000000000000000000000000000000000000000000000000000000000000000000000000000000000000000000000000000000000000000000000000000000000000000000000000000000000000000000000000000000000000000000000000000000000000000000000000000000000000000000000000000000000000000000000000000000000000000000000000000000000000000000000000000>;
P_0x5605fb621560 .param/l "INITVAL_13" 0 2 647, C4<00000000000000000000000000000000000000000000000000000000000000000000000000000000000000000000000000000000000000000000000000000000000000000000000000000000000000000000000000000000000000000000000000000000000000000000000000000000000000000000000000000000000000000000000000000000000000000000000000000000000000000000000000000000>;
P_0x5605fb6215a0 .param/l "INITVAL_14" 0 2 648, C4<00000000000000000000000000000000000000000000000000000000000000000000000000000000000000000000000000000000000000000000000000000000000000000000000000000000000000000000000000000000000000000000000000000000000000000000000000000000000000000000000000000000000000000000000000000000000000000000000000000000000000000000000000000000>;
P_0x5605fb6215e0 .param/l "INITVAL_15" 0 2 649, C4<00000000000000000000000000000000000000000000000000000000000000000000000000000000000000000000000000000000000000000000000000000000000000000000000000000000000000000000000000000000000000000000000000000000000000000000000000000000000000000000000000000000000000000000000000000000000000000000000000000000000000000000000000000000>;
P_0x5605fb621620 .param/l "INITVAL_16" 0 2 650, C4<00000000000000000000000000000000000000000000000000000000000000000000000000000000000000000000000000000000000000000000000000000000000000000000000000000000000000000000000000000000000000000000000000000000000000000000000000000000000000000000000000000000000000000000000000000000000000000000000000000000000000000000000000000000>;
P_0x5605fb621660 .param/l "INITVAL_17" 0 2 651, C4<00000000000000000000000000000000000000000000000000000000000000000000000000000000000000000000000000000000000000000000000000000000000000000000000000000000000000000000000000000000000000000000000000000000000000000000000000000000000000000000000000000000000000000000000000000000000000000000000000000000000000000000000000000000>;
P_0x5605fb6216a0 .param/l "INITVAL_18" 0 2 652, C4<00000000000000000000000000000000000000000000000000000000000000000000000000000000000000000000000000000000000000000000000000000000000000000000000000000000000000000000000000000000000000000000000000000000000000000000000000000000000000000000000000000000000000000000000000000000000000000000000000000000000000000000000000000000>;
P_0x5605fb6216e0 .param/l "INITVAL_19" 0 2 653, C4<00000000000000000000000000000000000000000000000000000000000000000000000000000000000000000000000000000000000000000000000000000000000000000000000000000000000000000000000000000000000000000000000000000000000000000000000000000000000000000000000000000000000000000000000000000000000000000000000000000000000000000000000000000000>;
P_0x5605fb621720 .param/l "INITVAL_1A" 0 2 654, C4<00000000000000000000000000000000000000000000000000000000000000000000000000000000000000000000000000000000000000000000000000000000000000000000000000000000000000000000000000000000000000000000000000000000000000000000000000000000000000000000000000000000000000000000000000000000000000000000000000000000000000000000000000000000>;
P_0x5605fb621760 .param/l "INITVAL_1B" 0 2 655, C4<00000000000000000000000000000000000000000000000000000000000000000000000000000000000000000000000000000000000000000000000000000000000000000000000000000000000000000000000000000000000000000000000000000000000000000000000000000000000000000000000000000000000000000000000000000000000000000000000000000000000000000000000000000000>;
P_0x5605fb6217a0 .param/l "INITVAL_1C" 0 2 656, C4<00000000000000000000000000000000000000000000000000000000000000000000000000000000000000000000000000000000000000000000000000000000000000000000000000000000000000000000000000000000000000000000000000000000000000000000000000000000000000000000000000000000000000000000000000000000000000000000000000000000000000000000000000000000>;
P_0x5605fb6217e0 .param/l "INITVAL_1D" 0 2 657, C4<00000000000000000000000000000000000000000000000000000000000000000000000000000000000000000000000000000000000000000000000000000000000000000000000000000000000000000000000000000000000000000000000000000000000000000000000000000000000000000000000000000000000000000000000000000000000000000000000000000000000000000000000000000000>;
P_0x5605fb621820 .param/l "INITVAL_1E" 0 2 658, C4<00000000000000000000000000000000000000000000000000000000000000000000000000000000000000000000000000000000000000000000000000000000000000000000000000000000000000000000000000000000000000000000000000000000000000000000000000000000000000000000000000000000000000000000000000000000000000000000000000000000000000000000000000000000>;
P_0x5605fb621860 .param/l "INITVAL_1F" 0 2 659, C4<00000000000000000000000000000000000000000000000000000000000000000000000000000000000000000000000000000000000000000000000000000000000000000000000000000000000000000000000000000000000000000000000000000000000000000000000000000000000000000000000000000000000000000000000000000000000000000000000000000000000000000000000000000000>;
P_0x5605fb6218a0 .param/l "INITVAL_20" 0 2 660, C4<00000000000000000000000000000000000000000000000000000000000000000000000000000000000000000000000000000000000000000000000000000000000000000000000000000000000000000000000000000000000000000000000000000000000000000000000000000000000000000000000000000000000000000000000000000000000000000000000000000000000000000000000000000000>;
P_0x5605fb6218e0 .param/l "INITVAL_21" 0 2 661, C4<00000000000000000000000000000000000000000000000000000000000000000000000000000000000000000000000000000000000000000000000000000000000000000000000000000000000000000000000000000000000000000000000000000000000000000000000000000000000000000000000000000000000000000000000000000000000000000000000000000000000000000000000000000000>;
P_0x5605fb621920 .param/l "INITVAL_22" 0 2 662, C4<00000000000000000000000000000000000000000000000000000000000000000000000000000000000000000000000000000000000000000000000000000000000000000000000000000000000000000000000000000000000000000000000000000000000000000000000000000000000000000000000000000000000000000000000000000000000000000000000000000000000000000000000000000000>;
P_0x5605fb621960 .param/l "INITVAL_23" 0 2 663, C4<00000000000000000000000000000000000000000000000000000000000000000000000000000000000000000000000000000000000000000000000000000000000000000000000000000000000000000000000000000000000000000000000000000000000000000000000000000000000000000000000000000000000000000000000000000000000000000000000000000000000000000000000000000000>;
P_0x5605fb6219a0 .param/l "INITVAL_24" 0 2 664, C4<00000000000000000000000000000000000000000000000000000000000000000000000000000000000000000000000000000000000000000000000000000000000000000000000000000000000000000000000000000000000000000000000000000000000000000000000000000000000000000000000000000000000000000000000000000000000000000000000000000000000000000000000000000000>;
P_0x5605fb6219e0 .param/l "INITVAL_25" 0 2 665, C4<00000000000000000000000000000000000000000000000000000000000000000000000000000000000000000000000000000000000000000000000000000000000000000000000000000000000000000000000000000000000000000000000000000000000000000000000000000000000000000000000000000000000000000000000000000000000000000000000000000000000000000000000000000000>;
P_0x5605fb621a20 .param/l "INITVAL_26" 0 2 666, C4<00000000000000000000000000000000000000000000000000000000000000000000000000000000000000000000000000000000000000000000000000000000000000000000000000000000000000000000000000000000000000000000000000000000000000000000000000000000000000000000000000000000000000000000000000000000000000000000000000000000000000000000000000000000>;
P_0x5605fb621a60 .param/l "INITVAL_27" 0 2 667, C4<00000000000000000000000000000000000000000000000000000000000000000000000000000000000000000000000000000000000000000000000000000000000000000000000000000000000000000000000000000000000000000000000000000000000000000000000000000000000000000000000000000000000000000000000000000000000000000000000000000000000000000000000000000000>;
P_0x5605fb621aa0 .param/l "INITVAL_28" 0 2 668, C4<00000000000000000000000000000000000000000000000000000000000000000000000000000000000000000000000000000000000000000000000000000000000000000000000000000000000000000000000000000000000000000000000000000000000000000000000000000000000000000000000000000000000000000000000000000000000000000000000000000000000000000000000000000000>;
P_0x5605fb621ae0 .param/l "INITVAL_29" 0 2 669, C4<00000000000000000000000000000000000000000000000000000000000000000000000000000000000000000000000000000000000000000000000000000000000000000000000000000000000000000000000000000000000000000000000000000000000000000000000000000000000000000000000000000000000000000000000000000000000000000000000000000000000000000000000000000000>;
P_0x5605fb621b20 .param/l "INITVAL_2A" 0 2 670, C4<00000000000000000000000000000000000000000000000000000000000000000000000000000000000000000000000000000000000000000000000000000000000000000000000000000000000000000000000000000000000000000000000000000000000000000000000000000000000000000000000000000000000000000000000000000000000000000000000000000000000000000000000000000000>;
P_0x5605fb621b60 .param/l "INITVAL_2B" 0 2 671, C4<00000000000000000000000000000000000000000000000000000000000000000000000000000000000000000000000000000000000000000000000000000000000000000000000000000000000000000000000000000000000000000000000000000000000000000000000000000000000000000000000000000000000000000000000000000000000000000000000000000000000000000000000000000000>;
P_0x5605fb621ba0 .param/l "INITVAL_2C" 0 2 672, C4<00000000000000000000000000000000000000000000000000000000000000000000000000000000000000000000000000000000000000000000000000000000000000000000000000000000000000000000000000000000000000000000000000000000000000000000000000000000000000000000000000000000000000000000000000000000000000000000000000000000000000000000000000000000>;
P_0x5605fb621be0 .param/l "INITVAL_2D" 0 2 673, C4<00000000000000000000000000000000000000000000000000000000000000000000000000000000000000000000000000000000000000000000000000000000000000000000000000000000000000000000000000000000000000000000000000000000000000000000000000000000000000000000000000000000000000000000000000000000000000000000000000000000000000000000000000000000>;
P_0x5605fb621c20 .param/l "INITVAL_2E" 0 2 674, C4<00000000000000000000000000000000000000000000000000000000000000000000000000000000000000000000000000000000000000000000000000000000000000000000000000000000000000000000000000000000000000000000000000000000000000000000000000000000000000000000000000000000000000000000000000000000000000000000000000000000000000000000000000000000>;
P_0x5605fb621c60 .param/l "INITVAL_2F" 0 2 675, C4<00000000000000000000000000000000000000000000000000000000000000000000000000000000000000000000000000000000000000000000000000000000000000000000000000000000000000000000000000000000000000000000000000000000000000000000000000000000000000000000000000000000000000000000000000000000000000000000000000000000000000000000000000000000>;
P_0x5605fb621ca0 .param/l "INITVAL_30" 0 2 676, C4<00000000000000000000000000000000000000000000000000000000000000000000000000000000000000000000000000000000000000000000000000000000000000000000000000000000000000000000000000000000000000000000000000000000000000000000000000000000000000000000000000000000000000000000000000000000000000000000000000000000000000000000000000000000>;
P_0x5605fb621ce0 .param/l "INITVAL_31" 0 2 677, C4<00000000000000000000000000000000000000000000000000000000000000000000000000000000000000000000000000000000000000000000000000000000000000000000000000000000000000000000000000000000000000000000000000000000000000000000000000000000000000000000000000000000000000000000000000000000000000000000000000000000000000000000000000000000>;
P_0x5605fb621d20 .param/l "INITVAL_32" 0 2 678, C4<00000000000000000000000000000000000000000000000000000000000000000000000000000000000000000000000000000000000000000000000000000000000000000000000000000000000000000000000000000000000000000000000000000000000000000000000000000000000000000000000000000000000000000000000000000000000000000000000000000000000000000000000000000000>;
P_0x5605fb621d60 .param/l "INITVAL_33" 0 2 679, C4<00000000000000000000000000000000000000000000000000000000000000000000000000000000000000000000000000000000000000000000000000000000000000000000000000000000000000000000000000000000000000000000000000000000000000000000000000000000000000000000000000000000000000000000000000000000000000000000000000000000000000000000000000000000>;
P_0x5605fb621da0 .param/l "INITVAL_34" 0 2 680, C4<00000000000000000000000000000000000000000000000000000000000000000000000000000000000000000000000000000000000000000000000000000000000000000000000000000000000000000000000000000000000000000000000000000000000000000000000000000000000000000000000000000000000000000000000000000000000000000000000000000000000000000000000000000000>;
P_0x5605fb621de0 .param/l "INITVAL_35" 0 2 681, C4<00000000000000000000000000000000000000000000000000000000000000000000000000000000000000000000000000000000000000000000000000000000000000000000000000000000000000000000000000000000000000000000000000000000000000000000000000000000000000000000000000000000000000000000000000000000000000000000000000000000000000000000000000000000>;
P_0x5605fb621e20 .param/l "INITVAL_36" 0 2 682, C4<00000000000000000000000000000000000000000000000000000000000000000000000000000000000000000000000000000000000000000000000000000000000000000000000000000000000000000000000000000000000000000000000000000000000000000000000000000000000000000000000000000000000000000000000000000000000000000000000000000000000000000000000000000000>;
P_0x5605fb621e60 .param/l "INITVAL_37" 0 2 683, C4<00000000000000000000000000000000000000000000000000000000000000000000000000000000000000000000000000000000000000000000000000000000000000000000000000000000000000000000000000000000000000000000000000000000000000000000000000000000000000000000000000000000000000000000000000000000000000000000000000000000000000000000000000000000>;
P_0x5605fb621ea0 .param/l "INITVAL_38" 0 2 684, C4<00000000000000000000000000000000000000000000000000000000000000000000000000000000000000000000000000000000000000000000000000000000000000000000000000000000000000000000000000000000000000000000000000000000000000000000000000000000000000000000000000000000000000000000000000000000000000000000000000000000000000000000000000000000>;
P_0x5605fb621ee0 .param/l "INITVAL_39" 0 2 685, C4<00000000000000000000000000000000000000000000000000000000000000000000000000000000000000000000000000000000000000000000000000000000000000000000000000000000000000000000000000000000000000000000000000000000000000000000000000000000000000000000000000000000000000000000000000000000000000000000000000000000000000000000000000000000>;
P_0x5605fb621f20 .param/l "INITVAL_3A" 0 2 686, C4<00000000000000000000000000000000000000000000000000000000000000000000000000000000000000000000000000000000000000000000000000000000000000000000000000000000000000000000000000000000000000000000000000000000000000000000000000000000000000000000000000000000000000000000000000000000000000000000000000000000000000000000000000000000>;
P_0x5605fb621f60 .param/l "INITVAL_3B" 0 2 687, C4<00000000000000000000000000000000000000000000000000000000000000000000000000000000000000000000000000000000000000000000000000000000000000000000000000000000000000000000000000000000000000000000000000000000000000000000000000000000000000000000000000000000000000000000000000000000000000000000000000000000000000000000000000000000>;
P_0x5605fb621fa0 .param/l "INITVAL_3C" 0 2 688, C4<00000000000000000000000000000000000000000000000000000000000000000000000000000000000000000000000000000000000000000000000000000000000000000000000000000000000000000000000000000000000000000000000000000000000000000000000000000000000000000000000000000000000000000000000000000000000000000000000000000000000000000000000000000000>;
P_0x5605fb621fe0 .param/l "INITVAL_3D" 0 2 689, C4<00000000000000000000000000000000000000000000000000000000000000000000000000000000000000000000000000000000000000000000000000000000000000000000000000000000000000000000000000000000000000000000000000000000000000000000000000000000000000000000000000000000000000000000000000000000000000000000000000000000000000000000000000000000>;
P_0x5605fb622020 .param/l "INITVAL_3E" 0 2 690, C4<00000000000000000000000000000000000000000000000000000000000000000000000000000000000000000000000000000000000000000000000000000000000000000000000000000000000000000000000000000000000000000000000000000000000000000000000000000000000000000000000000000000000000000000000000000000000000000000000000000000000000000000000000000000>;
P_0x5605fb622060 .param/l "INITVAL_3F" 0 2 691, C4<00000000000000000000000000000000000000000000000000000000000000000000000000000000000000000000000000000000000000000000000000000000000000000000000000000000000000000000000000000000000000000000000000000000000000000000000000000000000000000000000000000000000000000000000000000000000000000000000000000000000000000000000000000000>;
P_0x5605fb6220a0 .param/str "OCEAMUX" 0 2 540, "OCEA";
P_0x5605fb6220e0 .param/str "OCEBMUX" 0 2 598, "OCEB";
P_0x5605fb622120 .param/str "REGMODE_A" 0 2 495, "NOREG";
P_0x5605fb622160 .param/str "REGMODE_B" 0 2 496, "NOREG";
P_0x5605fb6221a0 .param/str "RESETMODE" 0 2 498, "SYNC";
P_0x5605fb6221e0 .param/str "RSTAMUX" 0 2 543, "RSTA";
P_0x5605fb622220 .param/str "RSTBMUX" 0 2 601, "RSTB";
P_0x5605fb622260 .param/str "WEAMUX" 0 2 542, "WEA";
P_0x5605fb6222a0 .param/str "WEBMUX" 0 2 600, "WEB";
P_0x5605fb6222e0 .param/l "WID" 0 2 624, +C4<00000000000000000000000000000000>;
P_0x5605fb622320 .param/str "WRITEMODE_A" 0 2 504, "NORMAL";
P_0x5605fb622360 .param/str "WRITEMODE_B" 0 2 505, "NORMAL";
o0x7f978f862018 .functor BUFZ 1, C4<z>; HiZ drive
v0x5605fb573090_0 .net "ADA0", 0 0, o0x7f978f862018;  0 drivers
o0x7f978f862048 .functor BUFZ 1, C4<z>; HiZ drive
v0x5605fb572f30_0 .net "ADA1", 0 0, o0x7f978f862048;  0 drivers
o0x7f978f862078 .functor BUFZ 1, C4<z>; HiZ drive
v0x5605fb572dd0_0 .net "ADA10", 0 0, o0x7f978f862078;  0 drivers
o0x7f978f8620a8 .functor BUFZ 1, C4<z>; HiZ drive
v0x5605fb572c70_0 .net "ADA11", 0 0, o0x7f978f8620a8;  0 drivers
o0x7f978f8620d8 .functor BUFZ 1, C4<z>; HiZ drive
v0x5605fb60d070_0 .net "ADA12", 0 0, o0x7f978f8620d8;  0 drivers
o0x7f978f862108 .functor BUFZ 1, C4<z>; HiZ drive
v0x5605fb634ce0_0 .net "ADA13", 0 0, o0x7f978f862108;  0 drivers
o0x7f978f862138 .functor BUFZ 1, C4<z>; HiZ drive
v0x5605fb634da0_0 .net "ADA2", 0 0, o0x7f978f862138;  0 drivers
o0x7f978f862168 .functor BUFZ 1, C4<z>; HiZ drive
v0x5605fb634e60_0 .net "ADA3", 0 0, o0x7f978f862168;  0 drivers
o0x7f978f862198 .functor BUFZ 1, C4<z>; HiZ drive
v0x5605fb634f20_0 .net "ADA4", 0 0, o0x7f978f862198;  0 drivers
o0x7f978f8621c8 .functor BUFZ 1, C4<z>; HiZ drive
v0x5605fb634fe0_0 .net "ADA5", 0 0, o0x7f978f8621c8;  0 drivers
o0x7f978f8621f8 .functor BUFZ 1, C4<z>; HiZ drive
v0x5605fb6350a0_0 .net "ADA6", 0 0, o0x7f978f8621f8;  0 drivers
o0x7f978f862228 .functor BUFZ 1, C4<z>; HiZ drive
v0x5605fb635160_0 .net "ADA7", 0 0, o0x7f978f862228;  0 drivers
o0x7f978f862258 .functor BUFZ 1, C4<z>; HiZ drive
v0x5605fb635220_0 .net "ADA8", 0 0, o0x7f978f862258;  0 drivers
o0x7f978f862288 .functor BUFZ 1, C4<z>; HiZ drive
v0x5605fb6352e0_0 .net "ADA9", 0 0, o0x7f978f862288;  0 drivers
o0x7f978f8622b8 .functor BUFZ 1, C4<z>; HiZ drive
v0x5605fb6353a0_0 .net "ADB0", 0 0, o0x7f978f8622b8;  0 drivers
o0x7f978f8622e8 .functor BUFZ 1, C4<z>; HiZ drive
v0x5605fb635460_0 .net "ADB1", 0 0, o0x7f978f8622e8;  0 drivers
o0x7f978f862318 .functor BUFZ 1, C4<z>; HiZ drive
v0x5605fb635520_0 .net "ADB10", 0 0, o0x7f978f862318;  0 drivers
o0x7f978f862348 .functor BUFZ 1, C4<z>; HiZ drive
v0x5605fb6355e0_0 .net "ADB11", 0 0, o0x7f978f862348;  0 drivers
o0x7f978f862378 .functor BUFZ 1, C4<z>; HiZ drive
v0x5605fb6356a0_0 .net "ADB12", 0 0, o0x7f978f862378;  0 drivers
o0x7f978f8623a8 .functor BUFZ 1, C4<z>; HiZ drive
v0x5605fb635760_0 .net "ADB13", 0 0, o0x7f978f8623a8;  0 drivers
o0x7f978f8623d8 .functor BUFZ 1, C4<z>; HiZ drive
v0x5605fb635820_0 .net "ADB2", 0 0, o0x7f978f8623d8;  0 drivers
o0x7f978f862408 .functor BUFZ 1, C4<z>; HiZ drive
v0x5605fb6358e0_0 .net "ADB3", 0 0, o0x7f978f862408;  0 drivers
o0x7f978f862438 .functor BUFZ 1, C4<z>; HiZ drive
v0x5605fb6359a0_0 .net "ADB4", 0 0, o0x7f978f862438;  0 drivers
o0x7f978f862468 .functor BUFZ 1, C4<z>; HiZ drive
v0x5605fb635a60_0 .net "ADB5", 0 0, o0x7f978f862468;  0 drivers
o0x7f978f862498 .functor BUFZ 1, C4<z>; HiZ drive
v0x5605fb635b20_0 .net "ADB6", 0 0, o0x7f978f862498;  0 drivers
o0x7f978f8624c8 .functor BUFZ 1, C4<z>; HiZ drive
v0x5605fb635be0_0 .net "ADB7", 0 0, o0x7f978f8624c8;  0 drivers
o0x7f978f8624f8 .functor BUFZ 1, C4<z>; HiZ drive
v0x5605fb635ca0_0 .net "ADB8", 0 0, o0x7f978f8624f8;  0 drivers
o0x7f978f862528 .functor BUFZ 1, C4<z>; HiZ drive
v0x5605fb635d60_0 .net "ADB9", 0 0, o0x7f978f862528;  0 drivers
o0x7f978f862558 .functor BUFZ 1, C4<z>; HiZ drive
v0x5605fb635e20_0 .net "CEA", 0 0, o0x7f978f862558;  0 drivers
o0x7f978f862588 .functor BUFZ 1, C4<z>; HiZ drive
v0x5605fb635ee0_0 .net "CEB", 0 0, o0x7f978f862588;  0 drivers
o0x7f978f8625b8 .functor BUFZ 1, C4<z>; HiZ drive
v0x5605fb635fa0_0 .net "CLKA", 0 0, o0x7f978f8625b8;  0 drivers
o0x7f978f8625e8 .functor BUFZ 1, C4<z>; HiZ drive
v0x5605fb636060_0 .net "CLKB", 0 0, o0x7f978f8625e8;  0 drivers
o0x7f978f862618 .functor BUFZ 1, C4<z>; HiZ drive
v0x5605fb636120_0 .net "CSA0", 0 0, o0x7f978f862618;  0 drivers
o0x7f978f862648 .functor BUFZ 1, C4<z>; HiZ drive
v0x5605fb6361e0_0 .net "CSA1", 0 0, o0x7f978f862648;  0 drivers
o0x7f978f862678 .functor BUFZ 1, C4<z>; HiZ drive
v0x5605fb6362a0_0 .net "CSA2", 0 0, o0x7f978f862678;  0 drivers
o0x7f978f8626a8 .functor BUFZ 1, C4<z>; HiZ drive
v0x5605fb636360_0 .net "CSB0", 0 0, o0x7f978f8626a8;  0 drivers
o0x7f978f8626d8 .functor BUFZ 1, C4<z>; HiZ drive
v0x5605fb636420_0 .net "CSB1", 0 0, o0x7f978f8626d8;  0 drivers
o0x7f978f862708 .functor BUFZ 1, C4<z>; HiZ drive
v0x5605fb6364e0_0 .net "CSB2", 0 0, o0x7f978f862708;  0 drivers
o0x7f978f862738 .functor BUFZ 1, C4<z>; HiZ drive
v0x5605fb6365a0_0 .net "DIA0", 0 0, o0x7f978f862738;  0 drivers
o0x7f978f862768 .functor BUFZ 1, C4<z>; HiZ drive
v0x5605fb636660_0 .net "DIA1", 0 0, o0x7f978f862768;  0 drivers
o0x7f978f862798 .functor BUFZ 1, C4<z>; HiZ drive
v0x5605fb636720_0 .net "DIA10", 0 0, o0x7f978f862798;  0 drivers
o0x7f978f8627c8 .functor BUFZ 1, C4<z>; HiZ drive
v0x5605fb6367e0_0 .net "DIA11", 0 0, o0x7f978f8627c8;  0 drivers
o0x7f978f8627f8 .functor BUFZ 1, C4<z>; HiZ drive
v0x5605fb6368a0_0 .net "DIA12", 0 0, o0x7f978f8627f8;  0 drivers
o0x7f978f862828 .functor BUFZ 1, C4<z>; HiZ drive
v0x5605fb636960_0 .net "DIA13", 0 0, o0x7f978f862828;  0 drivers
o0x7f978f862858 .functor BUFZ 1, C4<z>; HiZ drive
v0x5605fb636a20_0 .net "DIA14", 0 0, o0x7f978f862858;  0 drivers
o0x7f978f862888 .functor BUFZ 1, C4<z>; HiZ drive
v0x5605fb636ae0_0 .net "DIA15", 0 0, o0x7f978f862888;  0 drivers
o0x7f978f8628b8 .functor BUFZ 1, C4<z>; HiZ drive
v0x5605fb636ba0_0 .net "DIA16", 0 0, o0x7f978f8628b8;  0 drivers
o0x7f978f8628e8 .functor BUFZ 1, C4<z>; HiZ drive
v0x5605fb636c60_0 .net "DIA17", 0 0, o0x7f978f8628e8;  0 drivers
o0x7f978f862918 .functor BUFZ 1, C4<z>; HiZ drive
v0x5605fb636d20_0 .net "DIA2", 0 0, o0x7f978f862918;  0 drivers
o0x7f978f862948 .functor BUFZ 1, C4<z>; HiZ drive
v0x5605fb636de0_0 .net "DIA3", 0 0, o0x7f978f862948;  0 drivers
o0x7f978f862978 .functor BUFZ 1, C4<z>; HiZ drive
v0x5605fb636ea0_0 .net "DIA4", 0 0, o0x7f978f862978;  0 drivers
o0x7f978f8629a8 .functor BUFZ 1, C4<z>; HiZ drive
v0x5605fb636f60_0 .net "DIA5", 0 0, o0x7f978f8629a8;  0 drivers
o0x7f978f8629d8 .functor BUFZ 1, C4<z>; HiZ drive
v0x5605fb637020_0 .net "DIA6", 0 0, o0x7f978f8629d8;  0 drivers
o0x7f978f862a08 .functor BUFZ 1, C4<z>; HiZ drive
v0x5605fb6370e0_0 .net "DIA7", 0 0, o0x7f978f862a08;  0 drivers
o0x7f978f862a38 .functor BUFZ 1, C4<z>; HiZ drive
v0x5605fb6371a0_0 .net "DIA8", 0 0, o0x7f978f862a38;  0 drivers
o0x7f978f862a68 .functor BUFZ 1, C4<z>; HiZ drive
v0x5605fb637260_0 .net "DIA9", 0 0, o0x7f978f862a68;  0 drivers
o0x7f978f862a98 .functor BUFZ 1, C4<z>; HiZ drive
v0x5605fb637320_0 .net "DIB0", 0 0, o0x7f978f862a98;  0 drivers
o0x7f978f862ac8 .functor BUFZ 1, C4<z>; HiZ drive
v0x5605fb6373e0_0 .net "DIB1", 0 0, o0x7f978f862ac8;  0 drivers
o0x7f978f862af8 .functor BUFZ 1, C4<z>; HiZ drive
v0x5605fb6374a0_0 .net "DIB10", 0 0, o0x7f978f862af8;  0 drivers
o0x7f978f862b28 .functor BUFZ 1, C4<z>; HiZ drive
v0x5605fb637560_0 .net "DIB11", 0 0, o0x7f978f862b28;  0 drivers
o0x7f978f862b58 .functor BUFZ 1, C4<z>; HiZ drive
v0x5605fb637620_0 .net "DIB12", 0 0, o0x7f978f862b58;  0 drivers
o0x7f978f862b88 .functor BUFZ 1, C4<z>; HiZ drive
v0x5605fb6376e0_0 .net "DIB13", 0 0, o0x7f978f862b88;  0 drivers
o0x7f978f862bb8 .functor BUFZ 1, C4<z>; HiZ drive
v0x5605fb6377a0_0 .net "DIB14", 0 0, o0x7f978f862bb8;  0 drivers
o0x7f978f862be8 .functor BUFZ 1, C4<z>; HiZ drive
v0x5605fb637860_0 .net "DIB15", 0 0, o0x7f978f862be8;  0 drivers
o0x7f978f862c18 .functor BUFZ 1, C4<z>; HiZ drive
v0x5605fb637920_0 .net "DIB16", 0 0, o0x7f978f862c18;  0 drivers
o0x7f978f862c48 .functor BUFZ 1, C4<z>; HiZ drive
v0x5605fb637df0_0 .net "DIB17", 0 0, o0x7f978f862c48;  0 drivers
o0x7f978f862c78 .functor BUFZ 1, C4<z>; HiZ drive
v0x5605fb637eb0_0 .net "DIB2", 0 0, o0x7f978f862c78;  0 drivers
o0x7f978f862ca8 .functor BUFZ 1, C4<z>; HiZ drive
v0x5605fb637f70_0 .net "DIB3", 0 0, o0x7f978f862ca8;  0 drivers
o0x7f978f862cd8 .functor BUFZ 1, C4<z>; HiZ drive
v0x5605fb638030_0 .net "DIB4", 0 0, o0x7f978f862cd8;  0 drivers
o0x7f978f862d08 .functor BUFZ 1, C4<z>; HiZ drive
v0x5605fb6380f0_0 .net "DIB5", 0 0, o0x7f978f862d08;  0 drivers
o0x7f978f862d38 .functor BUFZ 1, C4<z>; HiZ drive
v0x5605fb6381b0_0 .net "DIB6", 0 0, o0x7f978f862d38;  0 drivers
o0x7f978f862d68 .functor BUFZ 1, C4<z>; HiZ drive
v0x5605fb638270_0 .net "DIB7", 0 0, o0x7f978f862d68;  0 drivers
o0x7f978f862d98 .functor BUFZ 1, C4<z>; HiZ drive
v0x5605fb638330_0 .net "DIB8", 0 0, o0x7f978f862d98;  0 drivers
o0x7f978f862dc8 .functor BUFZ 1, C4<z>; HiZ drive
v0x5605fb6383f0_0 .net "DIB9", 0 0, o0x7f978f862dc8;  0 drivers
o0x7f978f862df8 .functor BUFZ 1, C4<z>; HiZ drive
v0x5605fb6384b0_0 .net "DOA0", 0 0, o0x7f978f862df8;  0 drivers
o0x7f978f862e28 .functor BUFZ 1, C4<z>; HiZ drive
v0x5605fb638570_0 .net "DOA1", 0 0, o0x7f978f862e28;  0 drivers
o0x7f978f862e58 .functor BUFZ 1, C4<z>; HiZ drive
v0x5605fb638630_0 .net "DOA10", 0 0, o0x7f978f862e58;  0 drivers
o0x7f978f862e88 .functor BUFZ 1, C4<z>; HiZ drive
v0x5605fb6386f0_0 .net "DOA11", 0 0, o0x7f978f862e88;  0 drivers
o0x7f978f862eb8 .functor BUFZ 1, C4<z>; HiZ drive
v0x5605fb6387b0_0 .net "DOA12", 0 0, o0x7f978f862eb8;  0 drivers
o0x7f978f862ee8 .functor BUFZ 1, C4<z>; HiZ drive
v0x5605fb638870_0 .net "DOA13", 0 0, o0x7f978f862ee8;  0 drivers
o0x7f978f862f18 .functor BUFZ 1, C4<z>; HiZ drive
v0x5605fb638930_0 .net "DOA14", 0 0, o0x7f978f862f18;  0 drivers
o0x7f978f862f48 .functor BUFZ 1, C4<z>; HiZ drive
v0x5605fb6389f0_0 .net "DOA15", 0 0, o0x7f978f862f48;  0 drivers
o0x7f978f862f78 .functor BUFZ 1, C4<z>; HiZ drive
v0x5605fb638ab0_0 .net "DOA16", 0 0, o0x7f978f862f78;  0 drivers
o0x7f978f862fa8 .functor BUFZ 1, C4<z>; HiZ drive
v0x5605fb638b70_0 .net "DOA17", 0 0, o0x7f978f862fa8;  0 drivers
o0x7f978f862fd8 .functor BUFZ 1, C4<z>; HiZ drive
v0x5605fb638c30_0 .net "DOA2", 0 0, o0x7f978f862fd8;  0 drivers
o0x7f978f863008 .functor BUFZ 1, C4<z>; HiZ drive
v0x5605fb638cf0_0 .net "DOA3", 0 0, o0x7f978f863008;  0 drivers
o0x7f978f863038 .functor BUFZ 1, C4<z>; HiZ drive
v0x5605fb638db0_0 .net "DOA4", 0 0, o0x7f978f863038;  0 drivers
o0x7f978f863068 .functor BUFZ 1, C4<z>; HiZ drive
v0x5605fb638e70_0 .net "DOA5", 0 0, o0x7f978f863068;  0 drivers
o0x7f978f863098 .functor BUFZ 1, C4<z>; HiZ drive
v0x5605fb638f30_0 .net "DOA6", 0 0, o0x7f978f863098;  0 drivers
o0x7f978f8630c8 .functor BUFZ 1, C4<z>; HiZ drive
v0x5605fb638ff0_0 .net "DOA7", 0 0, o0x7f978f8630c8;  0 drivers
o0x7f978f8630f8 .functor BUFZ 1, C4<z>; HiZ drive
v0x5605fb6390b0_0 .net "DOA8", 0 0, o0x7f978f8630f8;  0 drivers
o0x7f978f863128 .functor BUFZ 1, C4<z>; HiZ drive
v0x5605fb639170_0 .net "DOA9", 0 0, o0x7f978f863128;  0 drivers
o0x7f978f863158 .functor BUFZ 1, C4<z>; HiZ drive
v0x5605fb639230_0 .net "DOB0", 0 0, o0x7f978f863158;  0 drivers
o0x7f978f863188 .functor BUFZ 1, C4<z>; HiZ drive
v0x5605fb6392f0_0 .net "DOB1", 0 0, o0x7f978f863188;  0 drivers
o0x7f978f8631b8 .functor BUFZ 1, C4<z>; HiZ drive
v0x5605fb6393b0_0 .net "DOB10", 0 0, o0x7f978f8631b8;  0 drivers
o0x7f978f8631e8 .functor BUFZ 1, C4<z>; HiZ drive
v0x5605fb639470_0 .net "DOB11", 0 0, o0x7f978f8631e8;  0 drivers
o0x7f978f863218 .functor BUFZ 1, C4<z>; HiZ drive
v0x5605fb639530_0 .net "DOB12", 0 0, o0x7f978f863218;  0 drivers
o0x7f978f863248 .functor BUFZ 1, C4<z>; HiZ drive
v0x5605fb6395f0_0 .net "DOB13", 0 0, o0x7f978f863248;  0 drivers
o0x7f978f863278 .functor BUFZ 1, C4<z>; HiZ drive
v0x5605fb6396b0_0 .net "DOB14", 0 0, o0x7f978f863278;  0 drivers
o0x7f978f8632a8 .functor BUFZ 1, C4<z>; HiZ drive
v0x5605fb639770_0 .net "DOB15", 0 0, o0x7f978f8632a8;  0 drivers
o0x7f978f8632d8 .functor BUFZ 1, C4<z>; HiZ drive
v0x5605fb639830_0 .net "DOB16", 0 0, o0x7f978f8632d8;  0 drivers
o0x7f978f863308 .functor BUFZ 1, C4<z>; HiZ drive
v0x5605fb6398f0_0 .net "DOB17", 0 0, o0x7f978f863308;  0 drivers
o0x7f978f863338 .functor BUFZ 1, C4<z>; HiZ drive
v0x5605fb6399b0_0 .net "DOB2", 0 0, o0x7f978f863338;  0 drivers
o0x7f978f863368 .functor BUFZ 1, C4<z>; HiZ drive
v0x5605fb639a70_0 .net "DOB3", 0 0, o0x7f978f863368;  0 drivers
o0x7f978f863398 .functor BUFZ 1, C4<z>; HiZ drive
v0x5605fb639b30_0 .net "DOB4", 0 0, o0x7f978f863398;  0 drivers
o0x7f978f8633c8 .functor BUFZ 1, C4<z>; HiZ drive
v0x5605fb639bf0_0 .net "DOB5", 0 0, o0x7f978f8633c8;  0 drivers
o0x7f978f8633f8 .functor BUFZ 1, C4<z>; HiZ drive
v0x5605fb639cb0_0 .net "DOB6", 0 0, o0x7f978f8633f8;  0 drivers
o0x7f978f863428 .functor BUFZ 1, C4<z>; HiZ drive
v0x5605fb639d70_0 .net "DOB7", 0 0, o0x7f978f863428;  0 drivers
o0x7f978f863458 .functor BUFZ 1, C4<z>; HiZ drive
v0x5605fb639e30_0 .net "DOB8", 0 0, o0x7f978f863458;  0 drivers
o0x7f978f863488 .functor BUFZ 1, C4<z>; HiZ drive
v0x5605fb639ef0_0 .net "DOB9", 0 0, o0x7f978f863488;  0 drivers
o0x7f978f8634b8 .functor BUFZ 1, C4<z>; HiZ drive
v0x5605fb639fb0_0 .net "OCEA", 0 0, o0x7f978f8634b8;  0 drivers
o0x7f978f8634e8 .functor BUFZ 1, C4<z>; HiZ drive
v0x5605fb63a070_0 .net "OCEB", 0 0, o0x7f978f8634e8;  0 drivers
o0x7f978f863518 .functor BUFZ 1, C4<z>; HiZ drive
v0x5605fb63a130_0 .net "RSTA", 0 0, o0x7f978f863518;  0 drivers
o0x7f978f863548 .functor BUFZ 1, C4<z>; HiZ drive
v0x5605fb63a1f0_0 .net "RSTB", 0 0, o0x7f978f863548;  0 drivers
o0x7f978f863578 .functor BUFZ 1, C4<z>; HiZ drive
v0x5605fb63a2b0_0 .net "WEA", 0 0, o0x7f978f863578;  0 drivers
o0x7f978f8635a8 .functor BUFZ 1, C4<z>; HiZ drive
v0x5605fb63a370_0 .net "WEB", 0 0, o0x7f978f8635a8;  0 drivers
S_0x5605fb60dfb0 .scope module, "DPR16X4C" "DPR16X4C" 2 153;
 .timescale 0 0;
    .port_info 0 /INPUT 4 "DI";
    .port_info 1 /INPUT 1 "WCK";
    .port_info 2 /INPUT 1 "WRE";
    .port_info 3 /INPUT 4 "RAD";
    .port_info 4 /INPUT 4 "WAD";
    .port_info 5 /OUTPUT 4 "DO";
P_0x5605fb61c950 .param/str "INITVAL" 0 2 162, "0x0000000000000000";
P_0x5605fb61c990 .param/l "conv_initval" 1 2 192, C4<0000000000000000000000000000000000000000000000000000000000000000>;
L_0x5605fb61a900 .functor BUFZ 4, L_0x5605fb649180, C4<0000>, C4<0000>, C4<0000>;
o0x7f978f864cb8 .functor BUFZ 4, C4<zzzz>; HiZ drive
v0x5605fb63bc30_0 .net "DI", 3 0, o0x7f978f864cb8;  0 drivers
v0x5605fb63bd30_0 .net "DO", 3 0, L_0x5605fb61a900;  1 drivers
o0x7f978f864d18 .functor BUFZ 4, C4<zzzz>; HiZ drive
v0x5605fb63be10_0 .net "RAD", 3 0, o0x7f978f864d18;  0 drivers
o0x7f978f864d48 .functor BUFZ 4, C4<zzzz>; HiZ drive
v0x5605fb63bed0_0 .net "WAD", 3 0, o0x7f978f864d48;  0 drivers
o0x7f978f864d78 .functor BUFZ 1, C4<z>; HiZ drive
v0x5605fb63bfb0_0 .net "WCK", 0 0, o0x7f978f864d78;  0 drivers
o0x7f978f864da8 .functor BUFZ 1, C4<z>; HiZ drive
v0x5605fb63c0c0_0 .net "WRE", 0 0, o0x7f978f864da8;  0 drivers
v0x5605fb63c180_0 .net *"_ivl_0", 3 0, L_0x5605fb649180;  1 drivers
v0x5605fb63c260_0 .net *"_ivl_2", 5 0, L_0x5605fb649280;  1 drivers
L_0x7f978f819018 .functor BUFT 1, C4<00>, C4<0>, C4<0>, C4<0>;
v0x5605fb63c340_0 .net *"_ivl_5", 1 0, L_0x7f978f819018;  1 drivers
v0x5605fb63c420_0 .var/i "i", 31 0;
v0x5605fb63c500 .array "ram", 15 0, 3 0;
E_0x5605fb61e8a0 .event posedge, v0x5605fb63bfb0_0;
L_0x5605fb649180 .array/port v0x5605fb63c500, L_0x5605fb649280;
L_0x5605fb649280 .concat [ 4 2 0 0], o0x7f978f864d18, L_0x7f978f819018;
S_0x5605fb61bfd0 .scope function.vec4.s64, "convert_initval" "convert_initval" 2 164, 2 164 0, S_0x5605fb60dfb0;
 .timescale 0 0;
v0x5605fb63b6c0_0 .var "char", 7 0;
; Variable convert_initval is vec4 return value of scope S_0x5605fb61bfd0
v0x5605fb63b8a0_0 .var "done", 0 0;
v0x5605fb63b940_0 .var "hex_initval", 143 0;
v0x5605fb63ba20_0 .var/i "i", 31 0;
v0x5605fb63bb50_0 .var "temp", 63 0;
TD_DPR16X4C.convert_initval ;
    %pushi/vec4 0, 0, 1;
    %store/vec4 v0x5605fb63b8a0_0, 0, 1;
    %pushi/vec4 0, 0, 64;
    %store/vec4 v0x5605fb63bb50_0, 0, 64;
    %pushi/vec4 0, 0, 32;
    %store/vec4 v0x5605fb63ba20_0, 0, 32;
T_0.0 ;
    %load/vec4 v0x5605fb63ba20_0;
    %cmpi/s 16, 0, 32;
    %jmp/0xz T_0.1, 5;
    %load/vec4 v0x5605fb63b8a0_0;
    %nor/r;
    %flag_set/vec4 8;
    %jmp/0xz  T_0.2, 8;
    %load/vec4 v0x5605fb63b940_0;
    %load/vec4 v0x5605fb63ba20_0;
    %muli 8, 0, 32;
    %part/s 8;
    %store/vec4 v0x5605fb63b6c0_0, 0, 8;
    %load/vec4 v0x5605fb63b6c0_0;
    %pushi/vec4 120, 0, 8; draw_string_vec4
    %cmp/e;
    %jmp/0xz  T_0.4, 4;
    %pushi/vec4 1, 0, 1;
    %store/vec4 v0x5605fb63b8a0_0, 0, 1;
    %jmp T_0.5;
T_0.4 ;
    %pushi/vec4 48, 0, 8; draw_string_vec4
    %load/vec4 v0x5605fb63b6c0_0;
    %cmp/u;
    %flag_get/vec4 4;
    %flag_get/vec4 5;
    %or;
    %load/vec4 v0x5605fb63b6c0_0;
    %pushi/vec4 57, 0, 8; draw_string_vec4
    %cmp/u;
    %flag_get/vec4 4;
    %flag_get/vec4 5;
    %or;
    %and;
    %flag_set/vec4 8;
    %jmp/0xz  T_0.6, 8;
    %load/vec4 v0x5605fb63b6c0_0;
    %pushi/vec4 48, 0, 8; draw_string_vec4
    %sub;
    %pad/u 4;
    %load/vec4 v0x5605fb63ba20_0;
    %muli 4, 0, 32;
    %ix/vec4/s 4;
    %store/vec4 v0x5605fb63bb50_0, 4, 4;
    %jmp T_0.7;
T_0.6 ;
    %pushi/vec4 65, 0, 8; draw_string_vec4
    %load/vec4 v0x5605fb63b6c0_0;
    %cmp/u;
    %flag_get/vec4 4;
    %flag_get/vec4 5;
    %or;
    %load/vec4 v0x5605fb63b6c0_0;
    %pushi/vec4 70, 0, 8; draw_string_vec4
    %cmp/u;
    %flag_get/vec4 4;
    %flag_get/vec4 5;
    %or;
    %and;
    %flag_set/vec4 8;
    %jmp/0xz  T_0.8, 8;
    %pushi/vec4 10, 0, 8;
    %load/vec4 v0x5605fb63b6c0_0;
    %add;
    %pushi/vec4 65, 0, 8; draw_string_vec4
    %sub;
    %pad/u 4;
    %load/vec4 v0x5605fb63ba20_0;
    %muli 4, 0, 32;
    %ix/vec4/s 4;
    %store/vec4 v0x5605fb63bb50_0, 4, 4;
    %jmp T_0.9;
T_0.8 ;
    %pushi/vec4 97, 0, 8; draw_string_vec4
    %load/vec4 v0x5605fb63b6c0_0;
    %cmp/u;
    %flag_get/vec4 4;
    %flag_get/vec4 5;
    %or;
    %load/vec4 v0x5605fb63b6c0_0;
    %pushi/vec4 102, 0, 8; draw_string_vec4
    %cmp/u;
    %flag_get/vec4 4;
    %flag_get/vec4 5;
    %or;
    %and;
    %flag_set/vec4 8;
    %jmp/0xz  T_0.10, 8;
    %pushi/vec4 10, 0, 8;
    %load/vec4 v0x5605fb63b6c0_0;
    %add;
    %pushi/vec4 97, 0, 8; draw_string_vec4
    %sub;
    %pad/u 4;
    %load/vec4 v0x5605fb63ba20_0;
    %muli 4, 0, 32;
    %ix/vec4/s 4;
    %store/vec4 v0x5605fb63bb50_0, 4, 4;
T_0.10 ;
T_0.9 ;
T_0.7 ;
T_0.5 ;
T_0.2 ;
    %load/vec4 v0x5605fb63ba20_0;
    %addi 1, 0, 32;
    %store/vec4 v0x5605fb63ba20_0, 0, 32;
    %jmp T_0.0;
T_0.1 ;
    %load/vec4 v0x5605fb63bb50_0;
    %ret/vec4 0, 0, 64;  Assign to convert_initval (store_vec4_to_lval)
    %end;
S_0x5605fb60e360 .scope module, "INV" "INV" 2 299;
 .timescale 0 0;
    .port_info 0 /INPUT 1 "A";
    .port_info 1 /OUTPUT 1 "Z";
o0x7f978f864fb8 .functor BUFZ 1, C4<z>; HiZ drive
v0x5605fb63c680_0 .net "A", 0 0, o0x7f978f864fb8;  0 drivers
v0x5605fb63c760_0 .net "Z", 0 0, L_0x5605fb649440;  1 drivers
L_0x5605fb649440 .reduce/nor o0x7f978f864fb8;
S_0x5605fb60e710 .scope module, "TRELLIS_DPR16X4" "TRELLIS_DPR16X4" 2 112;
 .timescale 0 0;
    .port_info 0 /INPUT 4 "DI";
    .port_info 1 /INPUT 4 "WAD";
    .port_info 2 /INPUT 1 "WRE";
    .port_info 3 /INPUT 1 "WCK";
    .port_info 4 /INPUT 4 "RAD";
    .port_info 5 /OUTPUT 4 "DO";
P_0x5605fb5da460 .param/l "INITVAL" 0 2 123, C4<0000000000000000000000000000000000000000000000000000000000000000>;
P_0x5605fb5da4a0 .param/str "WCKMUX" 0 2 121, "WCK";
P_0x5605fb5da4e0 .param/str "WREMUX" 0 2 122, "WRE";
o0x7f978f865138 .functor BUFZ 1, C4<z>; HiZ drive
L_0x5605fb649510 .functor BUFZ 1, o0x7f978f865138, C4<0>, C4<0>, C4<0>;
L_0x5605fb649850 .functor BUFZ 4, L_0x5605fb6495e0, C4<0000>, C4<0000>, C4<0000>;
o0x7f978f865078 .functor BUFZ 4, C4<zzzz>; HiZ drive
v0x5605fb63c8c0_0 .net "DI", 3 0, o0x7f978f865078;  0 drivers
v0x5605fb63c9c0_0 .net "DO", 3 0, L_0x5605fb649850;  1 drivers
o0x7f978f8650d8 .functor BUFZ 4, C4<zzzz>; HiZ drive
v0x5605fb63caa0_0 .net "RAD", 3 0, o0x7f978f8650d8;  0 drivers
o0x7f978f865108 .functor BUFZ 4, C4<zzzz>; HiZ drive
v0x5605fb63cb60_0 .net "WAD", 3 0, o0x7f978f865108;  0 drivers
v0x5605fb63cc40_0 .net "WCK", 0 0, o0x7f978f865138;  0 drivers
o0x7f978f865168 .functor BUFZ 1, C4<z>; HiZ drive
v0x5605fb63cd00_0 .net "WRE", 0 0, o0x7f978f865168;  0 drivers
v0x5605fb63cdc0_0 .net *"_ivl_2", 3 0, L_0x5605fb6495e0;  1 drivers
v0x5605fb63cea0_0 .net *"_ivl_4", 5 0, L_0x5605fb6496e0;  1 drivers
L_0x7f978f819060 .functor BUFT 1, C4<00>, C4<0>, C4<0>, C4<0>;
v0x5605fb63cf80_0 .net *"_ivl_7", 1 0, L_0x7f978f819060;  1 drivers
v0x5605fb63d0f0_0 .var/i "i", 31 0;
v0x5605fb63d1d0 .array "mem", 0 15, 3 0;
v0x5605fb63d290_0 .net "muxwck", 0 0, L_0x5605fb649510;  1 drivers
v0x5605fb63d350_0 .var "muxwre", 0 0;
E_0x5605fb53dcd0 .event posedge, v0x5605fb63d290_0;
E_0x5605fb61e9f0 .event edge, v0x5605fb63cd00_0;
L_0x5605fb6495e0 .array/port v0x5605fb63d1d0, L_0x5605fb6496e0;
L_0x5605fb6496e0 .concat [ 4 2 0 0], o0x7f978f8650d8, L_0x7f978f819060;
S_0x5605fb61c700 .scope module, "TRELLIS_IO" "TRELLIS_IO" 2 270;
 .timescale 0 0;
    .port_info 0 /INOUT 1 "B";
    .port_info 1 /INPUT 1 "I";
    .port_info 2 /INPUT 1 "T";
    .port_info 3 /OUTPUT 1 "O";
P_0x5605fb5a8880 .param/str "DIR" 0 2 276, "INPUT";
o0x7f978f8653d8 .functor BUFZ 1, C4<z>; HiZ drive
v0x5605fb63d700_0 .net "B", 0 0, o0x7f978f8653d8;  0 drivers
o0x7f978f865408 .functor BUFZ 1, C4<z>; HiZ drive
v0x5605fb63d7e0_0 .net "I", 0 0, o0x7f978f865408;  0 drivers
v0x5605fb63d8a0_0 .net "O", 0 0, L_0x5605fb649910;  1 drivers
o0x7f978f865468 .functor BUFZ 1, C4<z>; HiZ drive
v0x5605fb63d940_0 .net "T", 0 0, o0x7f978f865468;  0 drivers
v0x5605fb63da00_0 .var "T_pd", 0 0;
E_0x5605fb5253a0 .event edge, v0x5605fb63d940_0;
S_0x5605fb63d550 .scope generate, "genblk1" "genblk1" 2 281, 2 281 0, S_0x5605fb61c700;
 .timescale 0 0;
L_0x5605fb649910 .functor BUFZ 1, o0x7f978f8653d8, C4<0>, C4<0>, C4<0>;
S_0x5605fb61b8a0 .scope module, "TRELLIS_SLICE" "TRELLIS_SLICE" 2 305;
 .timescale 0 0;
    .port_info 0 /INPUT 1 "A0";
    .port_info 1 /INPUT 1 "B0";
    .port_info 2 /INPUT 1 "C0";
    .port_info 3 /INPUT 1 "D0";
    .port_info 4 /INPUT 1 "A1";
    .port_info 5 /INPUT 1 "B1";
    .port_info 6 /INPUT 1 "C1";
    .port_info 7 /INPUT 1 "D1";
    .port_info 8 /INPUT 1 "M0";
    .port_info 9 /INPUT 1 "M1";
    .port_info 10 /INPUT 1 "FCI";
    .port_info 11 /INPUT 1 "FXA";
    .port_info 12 /INPUT 1 "FXB";
    .port_info 13 /INPUT 1 "CLK";
    .port_info 14 /INPUT 1 "LSR";
    .port_info 15 /INPUT 1 "CE";
    .port_info 16 /INPUT 1 "DI0";
    .port_info 17 /INPUT 1 "DI1";
    .port_info 18 /INPUT 1 "WD0";
    .port_info 19 /INPUT 1 "WD1";
    .port_info 20 /INPUT 1 "WAD0";
    .port_info 21 /INPUT 1 "WAD1";
    .port_info 22 /INPUT 1 "WAD2";
    .port_info 23 /INPUT 1 "WAD3";
    .port_info 24 /INPUT 1 "WRE";
    .port_info 25 /INPUT 1 "WCK";
    .port_info 26 /OUTPUT 1 "F0";
    .port_info 27 /OUTPUT 1 "Q0";
    .port_info 28 /OUTPUT 1 "F1";
    .port_info 29 /OUTPUT 1 "Q1";
    .port_info 30 /OUTPUT 1 "FCO";
    .port_info 31 /OUTPUT 1 "OFX0";
    .port_info 32 /OUTPUT 1 "OFX1";
    .port_info 33 /OUTPUT 1 "WDO0";
    .port_info 34 /OUTPUT 1 "WDO1";
    .port_info 35 /OUTPUT 1 "WDO2";
    .port_info 36 /OUTPUT 1 "WDO3";
    .port_info 37 /OUTPUT 1 "WADO0";
    .port_info 38 /OUTPUT 1 "WADO1";
    .port_info 39 /OUTPUT 1 "WADO2";
    .port_info 40 /OUTPUT 1 "WADO3";
P_0x5605fb622ea0 .param/str "A0MUX" 0 2 345, "A0";
P_0x5605fb622ee0 .param/str "A1MUX" 0 2 346, "A1";
P_0x5605fb622f20 .param/str "B0MUX" 0 2 347, "B0";
P_0x5605fb622f60 .param/str "B1MUX" 0 2 348, "B1";
P_0x5605fb622fa0 .param/str "C0MUX" 0 2 349, "C0";
P_0x5605fb622fe0 .param/str "C1MUX" 0 2 350, "C1";
P_0x5605fb623020 .param/str "CCU2_INJECT1_0" 0 2 340, "\000\000\000\000\000\000\000\000\000\000\000\000\000\000NO";
P_0x5605fb623060 .param/str "CCU2_INJECT1_1" 0 2 341, "\000\000\000\000\000\000\000\000\000\000\000\000\000\000NO";
P_0x5605fb6230a0 .param/str "CEMUX" 0 2 329, "\000\000\000\000\000\000\000\000\000\000\000\000\000\000\0001";
P_0x5605fb6230e0 .param/str "CLKMUX" 0 2 330, "CLK";
P_0x5605fb623120 .param/str "D0MUX" 0 2 351, "D0";
P_0x5605fb623160 .param/str "D1MUX" 0 2 352, "D1";
P_0x5605fb6231a0 .param/str "GSR" 0 2 327, "ENABLED";
P_0x5605fb6231e0 .param/str "LSRMUX" 0 2 331, "LSR";
P_0x5605fb623220 .param/l "LUT0_INITVAL" 0 2 332, C4<0000000000000000>;
P_0x5605fb623260 .param/l "LUT1_INITVAL" 0 2 333, C4<0000000000000000>;
P_0x5605fb6232a0 .param/str "MODE" 0 2 326, "LOGIC";
P_0x5605fb6232e0 .param/str "REG0_LSRMODE" 0 2 338, "LSR";
P_0x5605fb623320 .param/str "REG0_REGSET" 0 2 336, "RESET";
P_0x5605fb623360 .param/str "REG0_SD" 0 2 334, "0";
P_0x5605fb6233a0 .param/str "REG1_LSRMODE" 0 2 339, "LSR";
P_0x5605fb6233e0 .param/str "REG1_REGSET" 0 2 337, "RESET";
P_0x5605fb623420 .param/str "REG1_SD" 0 2 335, "0";
P_0x5605fb623460 .param/str "SRMODE" 0 2 328, "LSR_OVER_CE";
P_0x5605fb6234a0 .param/str "WCKMUX" 0 2 343, "WCK";
P_0x5605fb6234e0 .param/str "WREMUX" 0 2 342, "WRE";
o0x7f978f865648 .functor BUFZ 1, C4<z>; HiZ drive
L_0x5605fb64b8c0 .functor BUFZ 1, o0x7f978f865648, C4<0>, C4<0>, C4<0>;
o0x7f978f8658b8 .functor BUFZ 1, C4<z>; HiZ drive
L_0x5605fb64ba10 .functor BUFZ 1, o0x7f978f8658b8, C4<0>, C4<0>, C4<0>;
o0x7f978f8665a8 .functor BUFZ 1, C4<z>; HiZ drive
v0x5605fb644e60_0 .net "A0", 0 0, o0x7f978f8665a8;  0 drivers
v0x5605fb644f40_0 .net "A0m", 0 0, L_0x5605fb6499b0;  1 drivers
o0x7f978f8665d8 .functor BUFZ 1, C4<z>; HiZ drive
v0x5605fb645030_0 .net "A1", 0 0, o0x7f978f8665d8;  0 drivers
v0x5605fb645100_0 .net "A1m", 0 0, L_0x5605fb649cb0;  1 drivers
o0x7f978f866608 .functor BUFZ 1, C4<z>; HiZ drive
v0x5605fb6451d0_0 .net "B0", 0 0, o0x7f978f866608;  0 drivers
v0x5605fb6452c0_0 .net "B0m", 0 0, L_0x5605fb649a70;  1 drivers
o0x7f978f866638 .functor BUFZ 1, C4<z>; HiZ drive
v0x5605fb645360_0 .net "B1", 0 0, o0x7f978f866638;  0 drivers
v0x5605fb645400_0 .net "B1m", 0 0, L_0x5605fb649d70;  1 drivers
o0x7f978f866668 .functor BUFZ 1, C4<z>; HiZ drive
v0x5605fb6454d0_0 .net "C0", 0 0, o0x7f978f866668;  0 drivers
v0x5605fb645600_0 .net "C0m", 0 0, L_0x5605fb649b30;  1 drivers
o0x7f978f866698 .functor BUFZ 1, C4<z>; HiZ drive
v0x5605fb6456d0_0 .net "C1", 0 0, o0x7f978f866698;  0 drivers
v0x5605fb645770_0 .net "C1m", 0 0, L_0x5605fb649e30;  1 drivers
o0x7f978f865588 .functor BUFZ 1, C4<z>; HiZ drive
v0x5605fb645840_0 .net "CE", 0 0, o0x7f978f865588;  0 drivers
o0x7f978f8655b8 .functor BUFZ 1, C4<z>; HiZ drive
v0x5605fb6458e0_0 .net "CLK", 0 0, o0x7f978f8655b8;  0 drivers
o0x7f978f8666c8 .functor BUFZ 1, C4<z>; HiZ drive
v0x5605fb6459d0_0 .net "D0", 0 0, o0x7f978f8666c8;  0 drivers
v0x5605fb645a70_0 .net "D0m", 0 0, L_0x5605fb649bf0;  1 drivers
o0x7f978f8666f8 .functor BUFZ 1, C4<z>; HiZ drive
v0x5605fb645b10_0 .net "D1", 0 0, o0x7f978f8666f8;  0 drivers
v0x5605fb645bb0_0 .net "D1m", 0 0, L_0x5605fb649ef0;  1 drivers
o0x7f978f866728 .functor BUFZ 1, C4<z>; HiZ drive
v0x5605fb645c50_0 .net "DI0", 0 0, o0x7f978f866728;  0 drivers
o0x7f978f866758 .functor BUFZ 1, C4<z>; HiZ drive
v0x5605fb645cf0_0 .net "DI1", 0 0, o0x7f978f866758;  0 drivers
v0x5605fb645d90_0 .net "F0", 0 0, L_0x5605fb64a9a0;  1 drivers
v0x5605fb645e80_0 .net "F1", 0 0, L_0x5605fb64b470;  1 drivers
o0x7f978f866788 .functor BUFZ 1, C4<z>; HiZ drive
v0x5605fb645f70_0 .net "FCI", 0 0, o0x7f978f866788;  0 drivers
o0x7f978f8667b8 .functor BUFZ 1, C4<z>; HiZ drive
v0x5605fb646010_0 .net "FCO", 0 0, o0x7f978f8667b8;  0 drivers
o0x7f978f8663c8 .functor BUFZ 1, C4<z>; HiZ drive
v0x5605fb6460d0_0 .net "FXA", 0 0, o0x7f978f8663c8;  0 drivers
o0x7f978f8663f8 .functor BUFZ 1, C4<z>; HiZ drive
v0x5605fb646170_0 .net "FXB", 0 0, o0x7f978f8663f8;  0 drivers
o0x7f978f865618 .functor BUFZ 1, C4<z>; HiZ drive
v0x5605fb646210_0 .net "LSR", 0 0, o0x7f978f865618;  0 drivers
v0x5605fb646300_0 .net "M0", 0 0, o0x7f978f865648;  0 drivers
v0x5605fb6463f0_0 .net "M1", 0 0, o0x7f978f8658b8;  0 drivers
v0x5605fb6464e0_0 .net "OFX0", 0 0, L_0x5605fb64b5c0;  1 drivers
v0x5605fb646580_0 .net "OFX1", 0 0, L_0x5605fb64b7d0;  1 drivers
v0x5605fb646620_0 .net "Q0", 0 0, v0x5605fb63ee20_0;  1 drivers
v0x5605fb6466c0_0 .net "Q1", 0 0, v0x5605fb640560_0;  1 drivers
o0x7f978f8667e8 .functor BUFZ 1, C4<z>; HiZ drive
v0x5605fb646790_0 .net "WAD0", 0 0, o0x7f978f8667e8;  0 drivers
o0x7f978f866818 .functor BUFZ 1, C4<z>; HiZ drive
v0x5605fb646830_0 .net "WAD1", 0 0, o0x7f978f866818;  0 drivers
o0x7f978f866848 .functor BUFZ 1, C4<z>; HiZ drive
v0x5605fb6468d0_0 .net "WAD2", 0 0, o0x7f978f866848;  0 drivers
o0x7f978f866878 .functor BUFZ 1, C4<z>; HiZ drive
v0x5605fb646970_0 .net "WAD3", 0 0, o0x7f978f866878;  0 drivers
o0x7f978f8668a8 .functor BUFZ 1, C4<z>; HiZ drive
v0x5605fb646a10_0 .net "WADO0", 0 0, o0x7f978f8668a8;  0 drivers
o0x7f978f8668d8 .functor BUFZ 1, C4<z>; HiZ drive
v0x5605fb646ab0_0 .net "WADO1", 0 0, o0x7f978f8668d8;  0 drivers
o0x7f978f866908 .functor BUFZ 1, C4<z>; HiZ drive
v0x5605fb646b50_0 .net "WADO2", 0 0, o0x7f978f866908;  0 drivers
o0x7f978f866938 .functor BUFZ 1, C4<z>; HiZ drive
v0x5605fb646c10_0 .net "WADO3", 0 0, o0x7f978f866938;  0 drivers
o0x7f978f866968 .functor BUFZ 1, C4<z>; HiZ drive
v0x5605fb646cd0_0 .net "WCK", 0 0, o0x7f978f866968;  0 drivers
o0x7f978f866998 .functor BUFZ 1, C4<z>; HiZ drive
v0x5605fb646d90_0 .net "WD0", 0 0, o0x7f978f866998;  0 drivers
o0x7f978f8669c8 .functor BUFZ 1, C4<z>; HiZ drive
v0x5605fb646e50_0 .net "WD1", 0 0, o0x7f978f8669c8;  0 drivers
o0x7f978f8669f8 .functor BUFZ 1, C4<z>; HiZ drive
v0x5605fb646f10_0 .net "WDO0", 0 0, o0x7f978f8669f8;  0 drivers
o0x7f978f866a28 .functor BUFZ 1, C4<z>; HiZ drive
v0x5605fb646fd0_0 .net "WDO1", 0 0, o0x7f978f866a28;  0 drivers
o0x7f978f866a58 .functor BUFZ 1, C4<z>; HiZ drive
v0x5605fb647090_0 .net "WDO2", 0 0, o0x7f978f866a58;  0 drivers
o0x7f978f866a88 .functor BUFZ 1, C4<z>; HiZ drive
v0x5605fb647150_0 .net "WDO3", 0 0, o0x7f978f866a88;  0 drivers
o0x7f978f866ab8 .functor BUFZ 1, C4<z>; HiZ drive
v0x5605fb647210_0 .net "WRE", 0 0, o0x7f978f866ab8;  0 drivers
v0x5605fb6472d0_0 .net "muxdi0", 0 0, L_0x5605fb64b8c0;  1 drivers
v0x5605fb6473a0_0 .net "muxdi1", 0 0, L_0x5605fb64ba10;  1 drivers
S_0x5605fb63db90 .scope module, "ff_0" "TRELLIS_FF" 2 458, 2 220 0, S_0x5605fb61b8a0;
 .timescale 0 0;
    .port_info 0 /INPUT 1 "CLK";
    .port_info 1 /INPUT 1 "LSR";
    .port_info 2 /INPUT 1 "CE";
    .port_info 3 /INPUT 1 "DI";
    .port_info 4 /INPUT 1 "M";
    .port_info 5 /OUTPUT 1 "Q";
P_0x5605fb63dd90 .param/str "CEMUX" 0 2 222, "\000\000\000\000\000\000\000\000\000\000\000\000\000\000\0001";
P_0x5605fb63ddd0 .param/str "CLKMUX" 0 2 223, "CLK";
P_0x5605fb63de10 .param/str "GSR" 0 2 221, "ENABLED";
P_0x5605fb63de50 .param/l "LSRMODE" 0 2 227, C4<00000000000000000000000000000000000000000000000000000000000000000000000000000000000000000000000000000000010011000101001101010010>;
P_0x5605fb63de90 .param/str "LSRMUX" 0 2 224, "LSR";
P_0x5605fb63ded0 .param/str "REGSET" 0 2 226, "RESET";
P_0x5605fb63df10 .param/str "SRMODE" 0 2 225, "LSR_OVER_CE";
L_0x5605fb64bb10 .functor BUFZ 1, o0x7f978f865618, C4<0>, C4<0>, C4<0>;
L_0x5605fb64bb80 .functor BUFZ 1, o0x7f978f8655b8, C4<0>, C4<0>, C4<0>;
v0x5605fb63ea30_0 .net "CE", 0 0, o0x7f978f865588;  alias, 0 drivers
v0x5605fb63eaf0_0 .net "CLK", 0 0, o0x7f978f8655b8;  alias, 0 drivers
v0x5605fb63ebb0_0 .net "DI", 0 0, L_0x5605fb64b8c0;  alias, 1 drivers
v0x5605fb63ec50_0 .net "LSR", 0 0, o0x7f978f865618;  alias, 0 drivers
v0x5605fb63ed10_0 .net "M", 0 0, o0x7f978f865648;  alias, 0 drivers
v0x5605fb63ee20_0 .var "Q", 0 0;
L_0x7f978f8191c8 .functor BUFT 1, C4<1>, C4<0>, C4<0>, C4<0>;
v0x5605fb63eee0_0 .net "muxce", 0 0, L_0x7f978f8191c8;  1 drivers
v0x5605fb63efa0_0 .net "muxclk", 0 0, L_0x5605fb64bb80;  1 drivers
v0x5605fb63f060_0 .net "muxlsr", 0 0, L_0x5605fb64bb10;  1 drivers
L_0x7f978f819210 .functor BUFT 1, C4<0>, C4<0>, C4<0>, C4<0>;
v0x5605fb63f1b0_0 .net "srval", 0 0, L_0x7f978f819210;  1 drivers
S_0x5605fb63e480 .scope generate, "genblk1" "genblk1" 2 231, 2 231 0, S_0x5605fb63db90;
 .timescale 0 0;
S_0x5605fb63e630 .scope generate, "genblk3" "genblk3" 2 243, 2 243 0, S_0x5605fb63db90;
 .timescale 0 0;
S_0x5605fb63e830 .scope generate, "genblk5" "genblk5" 2 252, 2 252 0, S_0x5605fb63db90;
 .timescale 0 0;
E_0x5605fb63dfd0 .event posedge, v0x5605fb63efa0_0;
S_0x5605fb63f370 .scope module, "ff_1" "TRELLIS_FF" 2 471, 2 220 0, S_0x5605fb61b8a0;
 .timescale 0 0;
    .port_info 0 /INPUT 1 "CLK";
    .port_info 1 /INPUT 1 "LSR";
    .port_info 2 /INPUT 1 "CE";
    .port_info 3 /INPUT 1 "DI";
    .port_info 4 /INPUT 1 "M";
    .port_info 5 /OUTPUT 1 "Q";
P_0x5605fb63f520 .param/str "CEMUX" 0 2 222, "\000\000\000\000\000\000\000\000\000\000\000\000\000\000\0001";
P_0x5605fb63f560 .param/str "CLKMUX" 0 2 223, "CLK";
P_0x5605fb63f5a0 .param/str "GSR" 0 2 221, "ENABLED";
P_0x5605fb63f5e0 .param/l "LSRMODE" 0 2 227, C4<00000000000000000000000000000000000000000000000000000000000000000000000000000000000000000000000000000000010011000101001101010010>;
P_0x5605fb63f620 .param/str "LSRMUX" 0 2 224, "LSR";
P_0x5605fb63f660 .param/str "REGSET" 0 2 226, "RESET";
P_0x5605fb63f6a0 .param/str "SRMODE" 0 2 225, "LSR_OVER_CE";
L_0x5605fb64bc80 .functor BUFZ 1, o0x7f978f865618, C4<0>, C4<0>, C4<0>;
L_0x5605fb64bd80 .functor BUFZ 1, o0x7f978f8655b8, C4<0>, C4<0>, C4<0>;
v0x5605fb640160_0 .net "CE", 0 0, o0x7f978f865588;  alias, 0 drivers
v0x5605fb640200_0 .net "CLK", 0 0, o0x7f978f8655b8;  alias, 0 drivers
v0x5605fb6402d0_0 .net "DI", 0 0, L_0x5605fb64ba10;  alias, 1 drivers
v0x5605fb6403a0_0 .net "LSR", 0 0, o0x7f978f865618;  alias, 0 drivers
v0x5605fb640470_0 .net "M", 0 0, o0x7f978f8658b8;  alias, 0 drivers
v0x5605fb640560_0 .var "Q", 0 0;
L_0x7f978f819258 .functor BUFT 1, C4<1>, C4<0>, C4<0>, C4<0>;
v0x5605fb640600_0 .net "muxce", 0 0, L_0x7f978f819258;  1 drivers
v0x5605fb6406a0_0 .net "muxclk", 0 0, L_0x5605fb64bd80;  1 drivers
v0x5605fb640760_0 .net "muxlsr", 0 0, L_0x5605fb64bc80;  1 drivers
L_0x7f978f8192a0 .functor BUFT 1, C4<0>, C4<0>, C4<0>, C4<0>;
v0x5605fb6408b0_0 .net "srval", 0 0, L_0x7f978f8192a0;  1 drivers
S_0x5605fb63fbb0 .scope generate, "genblk1" "genblk1" 2 231, 2 231 0, S_0x5605fb63f370;
 .timescale 0 0;
S_0x5605fb63fd60 .scope generate, "genblk3" "genblk3" 2 243, 2 243 0, S_0x5605fb63f370;
 .timescale 0 0;
S_0x5605fb63ff60 .scope generate, "genblk5" "genblk5" 2 252, 2 252 0, S_0x5605fb63f370;
 .timescale 0 0;
E_0x5605fb63e010 .event posedge, v0x5605fb6406a0_0;
S_0x5605fb640a70 .scope generate, "genblk10" "genblk10" 2 362, 2 362 0, S_0x5605fb61b8a0;
 .timescale 0 0;
L_0x5605fb649cb0 .functor BUFZ 1, o0x7f978f8665d8, C4<0>, C4<0>, C4<0>;
S_0x5605fb640c00 .scope generate, "genblk12" "genblk12" 2 363, 2 363 0, S_0x5605fb61b8a0;
 .timescale 0 0;
L_0x5605fb649d70 .functor BUFZ 1, o0x7f978f866638, C4<0>, C4<0>, C4<0>;
S_0x5605fb640de0 .scope generate, "genblk14" "genblk14" 2 364, 2 364 0, S_0x5605fb61b8a0;
 .timescale 0 0;
L_0x5605fb649e30 .functor BUFZ 1, o0x7f978f866698, C4<0>, C4<0>, C4<0>;
S_0x5605fb641010 .scope generate, "genblk16" "genblk16" 2 365, 2 365 0, S_0x5605fb61b8a0;
 .timescale 0 0;
L_0x5605fb649ef0 .functor BUFZ 1, o0x7f978f8666f8, C4<0>, C4<0>, C4<0>;
S_0x5605fb6411f0 .scope generate, "genblk17" "genblk17" 2 380, 2 380 0, S_0x5605fb61b8a0;
 .timescale 0 0;
S_0x5605fb6413d0 .scope module, "lut4_0" "LUT4" 2 384, 2 3 0, S_0x5605fb6411f0;
 .timescale 0 0;
    .port_info 0 /INPUT 1 "A";
    .port_info 1 /INPUT 1 "B";
    .port_info 2 /INPUT 1 "C";
    .port_info 3 /INPUT 1 "D";
    .port_info 4 /OUTPUT 1 "Z";
P_0x5605fb6415b0 .param/l "INIT" 0 2 4, C4<0000000000000000>;
v0x5605fb6416c0_0 .net "A", 0 0, L_0x5605fb6499b0;  alias, 1 drivers
v0x5605fb6417a0_0 .net "B", 0 0, L_0x5605fb649a70;  alias, 1 drivers
v0x5605fb641860_0 .net "C", 0 0, L_0x5605fb649b30;  alias, 1 drivers
v0x5605fb641930_0 .net "D", 0 0, L_0x5605fb649bf0;  alias, 1 drivers
v0x5605fb6419f0_0 .net "Z", 0 0, L_0x5605fb64a9a0;  alias, 1 drivers
L_0x7f978f8190a8 .functor BUFT 1, C4<00000000>, C4<0>, C4<0>, C4<0>;
v0x5605fb641ab0_0 .net/2u *"_ivl_0", 7 0, L_0x7f978f8190a8;  1 drivers
v0x5605fb641b90_0 .net *"_ivl_13", 1 0, L_0x5605fb64a4b0;  1 drivers
v0x5605fb641c70_0 .net *"_ivl_15", 1 0, L_0x5605fb64a5a0;  1 drivers
v0x5605fb641d50_0 .net *"_ivl_19", 0 0, L_0x5605fb64a7c0;  1 drivers
L_0x7f978f8190f0 .functor BUFT 1, C4<00000000>, C4<0>, C4<0>, C4<0>;
v0x5605fb641ec0_0 .net/2u *"_ivl_2", 7 0, L_0x7f978f8190f0;  1 drivers
v0x5605fb641fa0_0 .net *"_ivl_21", 0 0, L_0x5605fb64a900;  1 drivers
v0x5605fb642080_0 .net *"_ivl_7", 3 0, L_0x5605fb64a1b0;  1 drivers
v0x5605fb642160_0 .net *"_ivl_9", 3 0, L_0x5605fb64a2a0;  1 drivers
v0x5605fb642240_0 .net "s1", 1 0, L_0x5605fb64a680;  1 drivers
v0x5605fb642320_0 .net "s2", 3 0, L_0x5605fb64a340;  1 drivers
v0x5605fb642400_0 .net "s3", 7 0, L_0x5605fb64a040;  1 drivers
L_0x5605fb64a040 .functor MUXZ 8, L_0x7f978f8190f0, L_0x7f978f8190a8, L_0x5605fb649bf0, C4<>;
L_0x5605fb64a1b0 .part L_0x5605fb64a040, 4, 4;
L_0x5605fb64a2a0 .part L_0x5605fb64a040, 0, 4;
L_0x5605fb64a340 .functor MUXZ 4, L_0x5605fb64a2a0, L_0x5605fb64a1b0, L_0x5605fb649b30, C4<>;
L_0x5605fb64a4b0 .part L_0x5605fb64a340, 2, 2;
L_0x5605fb64a5a0 .part L_0x5605fb64a340, 0, 2;
L_0x5605fb64a680 .functor MUXZ 2, L_0x5605fb64a5a0, L_0x5605fb64a4b0, L_0x5605fb649a70, C4<>;
L_0x5605fb64a7c0 .part L_0x5605fb64a680, 1, 1;
L_0x5605fb64a900 .part L_0x5605fb64a680, 0, 1;
L_0x5605fb64a9a0 .functor MUXZ 1, L_0x5605fb64a900, L_0x5605fb64a7c0, L_0x5605fb6499b0, C4<>;
S_0x5605fb642580 .scope module, "lut4_1" "LUT4" 2 390, 2 3 0, S_0x5605fb6411f0;
 .timescale 0 0;
    .port_info 0 /INPUT 1 "A";
    .port_info 1 /INPUT 1 "B";
    .port_info 2 /INPUT 1 "C";
    .port_info 3 /INPUT 1 "D";
    .port_info 4 /OUTPUT 1 "Z";
P_0x5605fb642730 .param/l "INIT" 0 2 4, C4<0000000000000000>;
v0x5605fb642820_0 .net "A", 0 0, L_0x5605fb649cb0;  alias, 1 drivers
v0x5605fb642900_0 .net "B", 0 0, L_0x5605fb649d70;  alias, 1 drivers
v0x5605fb6429c0_0 .net "C", 0 0, L_0x5605fb649e30;  alias, 1 drivers
v0x5605fb642a90_0 .net "D", 0 0, L_0x5605fb649ef0;  alias, 1 drivers
v0x5605fb642b50_0 .net "Z", 0 0, L_0x5605fb64b470;  alias, 1 drivers
L_0x7f978f819138 .functor BUFT 1, C4<00000000>, C4<0>, C4<0>, C4<0>;
v0x5605fb642c10_0 .net/2u *"_ivl_0", 7 0, L_0x7f978f819138;  1 drivers
v0x5605fb642cf0_0 .net *"_ivl_13", 1 0, L_0x5605fb64af80;  1 drivers
v0x5605fb642dd0_0 .net *"_ivl_15", 1 0, L_0x5605fb64b070;  1 drivers
v0x5605fb642eb0_0 .net *"_ivl_19", 0 0, L_0x5605fb64b290;  1 drivers
L_0x7f978f819180 .functor BUFT 1, C4<00000000>, C4<0>, C4<0>, C4<0>;
v0x5605fb643020_0 .net/2u *"_ivl_2", 7 0, L_0x7f978f819180;  1 drivers
v0x5605fb643100_0 .net *"_ivl_21", 0 0, L_0x5605fb64b3d0;  1 drivers
v0x5605fb6431e0_0 .net *"_ivl_7", 3 0, L_0x5605fb64ac80;  1 drivers
v0x5605fb6432c0_0 .net *"_ivl_9", 3 0, L_0x5605fb64ad70;  1 drivers
v0x5605fb6433a0_0 .net "s1", 1 0, L_0x5605fb64b150;  1 drivers
v0x5605fb643480_0 .net "s2", 3 0, L_0x5605fb64ae10;  1 drivers
v0x5605fb643560_0 .net "s3", 7 0, L_0x5605fb64ab40;  1 drivers
L_0x5605fb64ab40 .functor MUXZ 8, L_0x7f978f819180, L_0x7f978f819138, L_0x5605fb649ef0, C4<>;
L_0x5605fb64ac80 .part L_0x5605fb64ab40, 4, 4;
L_0x5605fb64ad70 .part L_0x5605fb64ab40, 0, 4;
L_0x5605fb64ae10 .functor MUXZ 4, L_0x5605fb64ad70, L_0x5605fb64ac80, L_0x5605fb649e30, C4<>;
L_0x5605fb64af80 .part L_0x5605fb64ae10, 2, 2;
L_0x5605fb64b070 .part L_0x5605fb64ae10, 0, 2;
L_0x5605fb64b150 .functor MUXZ 2, L_0x5605fb64b070, L_0x5605fb64af80, L_0x5605fb649d70, C4<>;
L_0x5605fb64b290 .part L_0x5605fb64b150, 1, 1;
L_0x5605fb64b3d0 .part L_0x5605fb64b150, 0, 1;
L_0x5605fb64b470 .functor MUXZ 1, L_0x5605fb64b3d0, L_0x5605fb64b290, L_0x5605fb649cb0, C4<>;
S_0x5605fb6436e0 .scope module, "lut5_mux" "PFUMX" 2 395, 2 107 0, S_0x5605fb6411f0;
 .timescale 0 0;
    .port_info 0 /INPUT 1 "ALUT";
    .port_info 1 /INPUT 1 "BLUT";
    .port_info 2 /INPUT 1 "C0";
    .port_info 3 /OUTPUT 1 "Z";
v0x5605fb6438a0_0 .net "ALUT", 0 0, L_0x5605fb64b470;  alias, 1 drivers
v0x5605fb643970_0 .net "BLUT", 0 0, L_0x5605fb64a9a0;  alias, 1 drivers
v0x5605fb643a40_0 .net "C0", 0 0, o0x7f978f865648;  alias, 0 drivers
v0x5605fb643b40_0 .net "Z", 0 0, L_0x5605fb64b5c0;  alias, 1 drivers
L_0x5605fb64b5c0 .functor MUXZ 1, L_0x5605fb64a9a0, L_0x5605fb64b470, o0x7f978f865648, C4<>;
S_0x5605fb643c30 .scope module, "lutx_mux" "L6MUX21" 2 396, 2 13 0, S_0x5605fb6411f0;
 .timescale 0 0;
    .port_info 0 /INPUT 1 "D0";
    .port_info 1 /INPUT 1 "D1";
    .port_info 2 /INPUT 1 "SD";
    .port_info 3 /OUTPUT 1 "Z";
v0x5605fb643e70_0 .net "D0", 0 0, o0x7f978f8663c8;  alias, 0 drivers
v0x5605fb643f30_0 .net "D1", 0 0, o0x7f978f8663f8;  alias, 0 drivers
v0x5605fb643ff0_0 .net "SD", 0 0, o0x7f978f8658b8;  alias, 0 drivers
v0x5605fb6440f0_0 .net "Z", 0 0, L_0x5605fb64b7d0;  alias, 1 drivers
L_0x5605fb64b7d0 .functor MUXZ 1, o0x7f978f8663c8, o0x7f978f8663f8, o0x7f978f8658b8, C4<>;
S_0x5605fb644220 .scope generate, "genblk2" "genblk2" 2 358, 2 358 0, S_0x5605fb61b8a0;
 .timescale 0 0;
L_0x5605fb6499b0 .functor BUFZ 1, o0x7f978f8665a8, C4<0>, C4<0>, C4<0>;
S_0x5605fb644400 .scope generate, "genblk4" "genblk4" 2 359, 2 359 0, S_0x5605fb61b8a0;
 .timescale 0 0;
L_0x5605fb649a70 .functor BUFZ 1, o0x7f978f866608, C4<0>, C4<0>, C4<0>;
S_0x5605fb644670 .scope generate, "genblk6" "genblk6" 2 360, 2 360 0, S_0x5605fb61b8a0;
 .timescale 0 0;
L_0x5605fb649b30 .functor BUFZ 1, o0x7f978f866668, C4<0>, C4<0>, C4<0>;
S_0x5605fb644800 .scope generate, "genblk8" "genblk8" 2 361, 2 361 0, S_0x5605fb61b8a0;
 .timescale 0 0;
L_0x5605fb649bf0 .functor BUFZ 1, o0x7f978f8666c8, C4<0>, C4<0>, C4<0>;
S_0x5605fb6449e0 .scope function.vec4.s16, "permute_initval" "permute_initval" 2 369, 2 369 0, S_0x5605fb61b8a0;
 .timescale 0 0;
v0x5605fb644bc0_0 .var/i "i", 31 0;
v0x5605fb644cc0_0 .var "initval", 15 0;
; Variable permute_initval is vec4 return value of scope S_0x5605fb6449e0
TD_TRELLIS_SLICE.permute_initval ;
    %pushi/vec4 0, 0, 32;
    %store/vec4 v0x5605fb644bc0_0, 0, 32;
T_1.12 ;
    %load/vec4 v0x5605fb644bc0_0;
    %cmpi/s 16, 0, 32;
    %jmp/0xz T_1.13, 5;
    %load/vec4 v0x5605fb644cc0_0;
    %load/vec4 v0x5605fb644bc0_0;
    %part/s 1;
    %load/vec4 v0x5605fb644bc0_0;
    %parti/s 1, 0, 2;
    %load/vec4 v0x5605fb644bc0_0;
    %parti/s 1, 2, 3;
    %concat/vec4; draw_concat_vec4
    %load/vec4 v0x5605fb644bc0_0;
    %parti/s 1, 1, 2;
    %concat/vec4; draw_concat_vec4
    %load/vec4 v0x5605fb644bc0_0;
    %parti/s 1, 3, 3;
    %concat/vec4; draw_concat_vec4
    %ix/vec4 4;
    %ret/vec4 0, 4, 1; Assign to permute_initval (store_vec4_to_lval)
    %load/vec4 v0x5605fb644bc0_0;
    %addi 1, 0, 32;
    %store/vec4 v0x5605fb644bc0_0, 0, 32;
    %jmp T_1.12;
T_1.13 ;
    %end;
S_0x5605fb61bc20 .scope module, "bus_tb" "bus_tb" 3 2;
 .timescale -9 -12;
v0x5605fb648cb0_0 .var "assert_bus", 0 0;
v0x5605fb648d70_0 .var "assert_lhs", 0 0;
v0x5605fb648e40_0 .var "assert_rhs", 0 0;
v0x5605fb648f40_0 .var "bus_in_a", 7 0;
v0x5605fb649010_0 .var "clk", 0 0;
v0x5605fb6490b0_0 .var "load_bus", 0 0;
S_0x5605fb647aa0 .scope module, "register_gp1" "register_gp" 3 14, 4 1 0, S_0x5605fb61bc20;
 .timescale 0 0;
    .port_info 0 /INPUT 1 "clk";
    .port_info 1 /INPUT 8 "bus_in";
    .port_info 2 /INPUT 1 "assert_lhs";
    .port_info 3 /INPUT 1 "assert_rhs";
    .port_info 4 /INPUT 1 "assert_bus";
    .port_info 5 /INPUT 1 "load_bus";
    .port_info 6 /OUTPUT 8 "bus_out";
    .port_info 7 /OUTPUT 8 "lhs_out";
    .port_info 8 /OUTPUT 8 "rhs_out";
    .port_info 9 /OUTPUT 1 "bus_en";
    .port_info 10 /OUTPUT 1 "lhs_en";
    .port_info 11 /OUTPUT 1 "rhs_en";
P_0x5605fb645570 .param/l "DEFAULT_VALUE" 0 4 3, +C4<00000000000000000000000000000000>;
P_0x5605fb6455b0 .param/l "WIDTH" 0 4 2, +C4<00000000000000000000000000001000>;
L_0x5605fb64be80 .functor BUFZ 8, v0x5605fb6489e0_0, C4<00000000>, C4<00000000>, C4<00000000>;
L_0x5605fb64bef0 .functor BUFZ 1, v0x5605fb648cb0_0, C4<0>, C4<0>, C4<0>;
L_0x5605fb64bf60 .functor BUFZ 8, v0x5605fb6489e0_0, C4<00000000>, C4<00000000>, C4<00000000>;
L_0x5605fb64bfd0 .functor BUFZ 1, v0x5605fb648d70_0, C4<0>, C4<0>, C4<0>;
L_0x5605fb64c070 .functor BUFZ 8, v0x5605fb6489e0_0, C4<00000000>, C4<00000000>, C4<00000000>;
L_0x5605fb64c0e0 .functor BUFZ 1, v0x5605fb648e40_0, C4<0>, C4<0>, C4<0>;
v0x5605fb647fe0_0 .net "assert_bus", 0 0, v0x5605fb648cb0_0;  1 drivers
v0x5605fb6480c0_0 .net "assert_lhs", 0 0, v0x5605fb648d70_0;  1 drivers
v0x5605fb648180_0 .net "assert_rhs", 0 0, v0x5605fb648e40_0;  1 drivers
v0x5605fb648250_0 .net "bus_en", 0 0, L_0x5605fb64bef0;  1 drivers
v0x5605fb648310_0 .net "bus_in", 7 0, v0x5605fb648f40_0;  1 drivers
v0x5605fb648440_0 .net "bus_out", 7 0, L_0x5605fb64be80;  1 drivers
v0x5605fb648520_0 .net "clk", 0 0, v0x5605fb649010_0;  1 drivers
v0x5605fb6485e0_0 .net "lhs_en", 0 0, L_0x5605fb64bfd0;  1 drivers
v0x5605fb6486a0_0 .net "lhs_out", 7 0, L_0x5605fb64bf60;  1 drivers
v0x5605fb648780_0 .net "load_bus", 0 0, v0x5605fb6490b0_0;  1 drivers
v0x5605fb648840_0 .net "rhs_en", 0 0, L_0x5605fb64c0e0;  1 drivers
v0x5605fb648900_0 .net "rhs_out", 7 0, L_0x5605fb64c070;  1 drivers
v0x5605fb6489e0_0 .var "value", 7 0;
E_0x5605fb647f60 .event posedge, v0x5605fb648520_0;
    .scope S_0x5605fb60dfb0;
T_2 ;
    %pushi/vec4 0, 0, 32;
    %store/vec4 v0x5605fb63c420_0, 0, 32;
T_2.0 ;
    %load/vec4 v0x5605fb63c420_0;
    %cmpi/s 15, 0, 32;
    %jmp/0xz T_2.1, 5;
    %pushi/vec4 0, 0, 64;
    %load/vec4 v0x5605fb63c420_0;
    %muli 4, 0, 32;
    %part/s 4;
    %ix/getv/s 3, v0x5605fb63c420_0;
    %ix/load 4, 0, 0; Constant delay
    %assign/vec4/a/d v0x5605fb63c500, 0, 4;
    %load/vec4 v0x5605fb63c420_0;
    %addi 1, 0, 32;
    %store/vec4 v0x5605fb63c420_0, 0, 32;
    %jmp T_2.0;
T_2.1 ;
    %end;
    .thread T_2;
    .scope S_0x5605fb60dfb0;
T_3 ;
    %wait E_0x5605fb61e8a0;
    %load/vec4 v0x5605fb63c0c0_0;
    %flag_set/vec4 8;
    %jmp/0xz  T_3.0, 8;
    %load/vec4 v0x5605fb63bc30_0;
    %load/vec4 v0x5605fb63bed0_0;
    %pad/u 6;
    %ix/vec4 3;
    %ix/load 4, 0, 0; Constant delay
    %assign/vec4/a/d v0x5605fb63c500, 0, 4;
T_3.0 ;
    %jmp T_3;
    .thread T_3;
    .scope S_0x5605fb60e710;
T_4 ;
    %pushi/vec4 0, 0, 32;
    %store/vec4 v0x5605fb63d0f0_0, 0, 32;
T_4.0 ;
    %load/vec4 v0x5605fb63d0f0_0;
    %cmpi/s 16, 0, 32;
    %jmp/0xz T_4.1, 5;
    %pushi/vec4 0, 0, 64;
    %load/vec4 v0x5605fb63d0f0_0;
    %addi 3, 0, 32;
    %part/s 1;
    %pushi/vec4 0, 0, 64;
    %load/vec4 v0x5605fb63d0f0_0;
    %addi 2, 0, 32;
    %part/s 1;
    %concat/vec4; draw_concat_vec4
    %pushi/vec4 0, 0, 64;
    %load/vec4 v0x5605fb63d0f0_0;
    %addi 1, 0, 32;
    %part/s 1;
    %concat/vec4; draw_concat_vec4
    %pushi/vec4 0, 0, 64;
    %load/vec4 v0x5605fb63d0f0_0;
    %part/s 1;
    %concat/vec4; draw_concat_vec4
    %ix/getv/s 3, v0x5605fb63d0f0_0;
    %ix/load 4, 0, 0; Constant delay
    %assign/vec4/a/d v0x5605fb63d1d0, 0, 4;
    %load/vec4 v0x5605fb63d0f0_0;
    %addi 1, 0, 32;
    %store/vec4 v0x5605fb63d0f0_0, 0, 32;
    %jmp T_4.0;
T_4.1 ;
    %end;
    .thread T_4;
    .scope S_0x5605fb60e710;
T_5 ;
    %wait E_0x5605fb61e9f0;
    %pushi/vec4 5722693, 0, 24; draw_string_vec4
    %dup/vec4;
    %pushi/vec4 49, 0, 24; draw_string_vec4
    %cmp/u;
    %jmp/1 T_5.0, 6;
    %dup/vec4;
    %pushi/vec4 48, 0, 24; draw_string_vec4
    %cmp/u;
    %jmp/1 T_5.1, 6;
    %dup/vec4;
    %pushi/vec4 4804182, 0, 24; draw_string_vec4
    %cmp/u;
    %jmp/1 T_5.2, 6;
    %load/vec4 v0x5605fb63cd00_0;
    %store/vec4 v0x5605fb63d350_0, 0, 1;
    %jmp T_5.4;
T_5.0 ;
    %pushi/vec4 1, 0, 1;
    %store/vec4 v0x5605fb63d350_0, 0, 1;
    %jmp T_5.4;
T_5.1 ;
    %pushi/vec4 0, 0, 1;
    %store/vec4 v0x5605fb63d350_0, 0, 1;
    %jmp T_5.4;
T_5.2 ;
    %load/vec4 v0x5605fb63cd00_0;
    %inv;
    %store/vec4 v0x5605fb63d350_0, 0, 1;
    %jmp T_5.4;
T_5.4 ;
    %pop/vec4 1;
    %jmp T_5;
    .thread T_5, $push;
    .scope S_0x5605fb60e710;
T_6 ;
    %wait E_0x5605fb53dcd0;
    %load/vec4 v0x5605fb63d350_0;
    %flag_set/vec4 8;
    %jmp/0xz  T_6.0, 8;
    %load/vec4 v0x5605fb63c8c0_0;
    %load/vec4 v0x5605fb63cb60_0;
    %pad/u 6;
    %ix/vec4 3;
    %ix/load 4, 0, 0; Constant delay
    %assign/vec4/a/d v0x5605fb63d1d0, 0, 4;
T_6.0 ;
    %jmp T_6;
    .thread T_6;
    .scope S_0x5605fb61c700;
T_7 ;
    %wait E_0x5605fb5253a0;
    %load/vec4 v0x5605fb63d940_0;
    %cmpi/e 0, 1, 1;
    %jmp/0xz  T_7.0, 6;
    %pushi/vec4 0, 0, 1;
    %assign/vec4 v0x5605fb63da00_0, 0;
    %jmp T_7.1;
T_7.0 ;
    %load/vec4 v0x5605fb63d940_0;
    %assign/vec4 v0x5605fb63da00_0, 0;
T_7.1 ;
    %jmp T_7;
    .thread T_7, $push;
    .scope S_0x5605fb63e830;
T_8 ;
    %wait E_0x5605fb63dfd0;
    %load/vec4 v0x5605fb63f060_0;
    %flag_set/vec4 8;
    %jmp/0xz  T_8.0, 8;
    %load/vec4 v0x5605fb63f1b0_0;
    %assign/vec4 v0x5605fb63ee20_0, 0;
    %jmp T_8.1;
T_8.0 ;
    %load/vec4 v0x5605fb63eee0_0;
    %flag_set/vec4 8;
    %jmp/0xz  T_8.2, 8;
    %load/vec4 v0x5605fb63ebb0_0;
    %assign/vec4 v0x5605fb63ee20_0, 0;
T_8.2 ;
T_8.1 ;
    %jmp T_8;
    .thread T_8;
    .scope S_0x5605fb63db90;
T_9 ;
    %load/vec4 v0x5605fb63f1b0_0;
    %store/vec4 v0x5605fb63ee20_0, 0, 1;
    %end;
    .thread T_9;
    .scope S_0x5605fb63ff60;
T_10 ;
    %wait E_0x5605fb63e010;
    %load/vec4 v0x5605fb640760_0;
    %flag_set/vec4 8;
    %jmp/0xz  T_10.0, 8;
    %load/vec4 v0x5605fb6408b0_0;
    %assign/vec4 v0x5605fb640560_0, 0;
    %jmp T_10.1;
T_10.0 ;
    %load/vec4 v0x5605fb640600_0;
    %flag_set/vec4 8;
    %jmp/0xz  T_10.2, 8;
    %load/vec4 v0x5605fb6402d0_0;
    %assign/vec4 v0x5605fb640560_0, 0;
T_10.2 ;
T_10.1 ;
    %jmp T_10;
    .thread T_10;
    .scope S_0x5605fb63f370;
T_11 ;
    %load/vec4 v0x5605fb6408b0_0;
    %store/vec4 v0x5605fb640560_0, 0, 1;
    %end;
    .thread T_11;
    .scope S_0x5605fb647aa0;
T_12 ;
    %pushi/vec4 0, 0, 8;
    %store/vec4 v0x5605fb6489e0_0, 0, 8;
    %end;
    .thread T_12;
    .scope S_0x5605fb647aa0;
T_13 ;
    %wait E_0x5605fb647f60;
    %load/vec4 v0x5605fb648780_0;
    %flag_set/vec4 8;
    %jmp/0 T_13.0, 8;
    %load/vec4 v0x5605fb648310_0;
    %jmp/1 T_13.1, 8;
T_13.0 ; End of true expr.
    %load/vec4 v0x5605fb6489e0_0;
    %jmp/0 T_13.1, 8;
 ; End of false expr.
    %blend;
T_13.1;
    %assign/vec4 v0x5605fb6489e0_0, 0;
    %jmp T_13;
    .thread T_13;
    .scope S_0x5605fb61bc20;
T_14 ;
    %pushi/vec4 0, 0, 1;
    %store/vec4 v0x5605fb649010_0, 0, 1;
    %pushi/vec4 1, 0, 8;
    %store/vec4 v0x5605fb648f40_0, 0, 8;
    %pushi/vec4 0, 0, 1;
    %store/vec4 v0x5605fb648cb0_0, 0, 1;
    %pushi/vec4 0, 0, 1;
    %store/vec4 v0x5605fb648d70_0, 0, 1;
    %pushi/vec4 0, 0, 1;
    %store/vec4 v0x5605fb648e40_0, 0, 1;
    %pushi/vec4 0, 0, 1;
    %store/vec4 v0x5605fb6490b0_0, 0, 1;
    %end;
    .thread T_14;
    .scope S_0x5605fb61bc20;
T_15 ;
    %delay 5000, 0;
    %load/vec4 v0x5605fb649010_0;
    %nor/r;
    %assign/vec4 v0x5605fb649010_0, 0;
    %jmp T_15;
    .thread T_15;
    .scope S_0x5605fb61bc20;
T_16 ;
    %vpi_call 3 30 "$display", "test" {0 0 0};
    %vpi_call 3 31 "$dumpfile", "register_gp_tb.vcd" {0 0 0};
    %vpi_call 3 32 "$dumpvars", 32'sb00000000000000000000000000000000, S_0x5605fb61bc20 {0 0 0};
    %delay 5000, 0;
    %pushi/vec4 1, 0, 1;
    %store/vec4 v0x5605fb648cb0_0, 0, 1;
    %delay 10000, 0;
    %pushi/vec4 1, 0, 1;
    %store/vec4 v0x5605fb648e40_0, 0, 1;
    %delay 10000, 0;
    %pushi/vec4 1, 0, 1;
    %store/vec4 v0x5605fb648d70_0, 0, 1;
    %delay 10000, 0;
    %pushi/vec4 0, 0, 1;
    %store/vec4 v0x5605fb648cb0_0, 0, 1;
    %delay 10000, 0;
    %pushi/vec4 1, 0, 1;
    %store/vec4 v0x5605fb6490b0_0, 0, 1;
    %delay 10000, 0;
    %pushi/vec4 0, 0, 1;
    %store/vec4 v0x5605fb6490b0_0, 0, 1;
    %delay 10000, 0;
    %pushi/vec4 1, 0, 1;
    %store/vec4 v0x5605fb648cb0_0, 0, 1;
    %delay 10000, 0;
    %vpi_call 3 48 "$finish" {0 0 0};
    %end;
    .thread T_16;
# The file index is used to find the file name in the following table.
:file_names 5;
    "N/A";
    "<interactive>";
    "/home/jamon/.apio/packages/toolchain-yosys/share/yosys/ecp5/cells_sim.v";
    "/home/jamon/code/ecp5/jspcpu/register_gp/register_gp_tb.v";
    "/home/jamon/code/ecp5/jspcpu/register_gp/register_gp.v";
