#! /usr/bin/vvp
:ivl_version "11.0 (stable)" "(v11_0)";
:ivl_delay_selection "TYPICAL";
:vpi_time_precision - 12;
:vpi_module "/usr/lib/ivl/system.vpi";
:vpi_module "/usr/lib/ivl/vhdl_sys.vpi";
:vpi_module "/usr/lib/ivl/vhdl_textio.vpi";
:vpi_module "/usr/lib/ivl/v2005_math.vpi";
:vpi_module "/usr/lib/ivl/va_math.vpi";
:vpi_module "/usr/lib/ivl/v2009.vpi";
S_0x558201271bf0 .scope package, "$unit" "$unit" 2 1;
 .timescale 0 0;
S_0x558201271d80 .scope module, "mem_tb" "mem_tb" 3 3;
 .timescale -9 -12;
P_0x55820125fa70 .param/l "WIDTH" 1 3 5, +C4<00000000000000000000000000001000>;
P_0x55820125fab0 .param/l "WIDTH_ADDR" 1 3 4, +C4<00000000000000000000000000010000>;
v0x55820128ecf0_0 .var "addr_in", 15 0;
v0x55820128edd0_0 .var "clk", 0 0;
v0x55820128eea0_0 .net "main_en", 0 0, L_0x55820128fdb0;  1 drivers
v0x55820128efa0_0 .var "main_in", 7 0;
v0x55820128f070_0 .net "main_out", 7 0, L_0x55820128fbb0;  1 drivers
v0x55820128f110_0 .var "mem_assert_main", 0 0;
v0x55820128f1e0_0 .var "mem_busdir", 0 0;
v0x55820128f2b0_0 .var "mem_load_main", 0 0;
v0x55820128f380_0 .net "mem_out", 7 0, L_0x55820128f780;  1 drivers
S_0x558201234f20 .scope module, "mem1" "mem" 3 20, 4 1 0, S_0x558201271d80;
 .timescale -9 -12;
    .port_info 0 /INPUT 1 "clk";
    .port_info 1 /INPUT 16 "addr_in";
    .port_info 2 /INPUT 1 "bus_dir";
    .port_info 3 /INPUT 8 "main_in";
    .port_info 4 /INPUT 1 "assert_main";
    .port_info 5 /INPUT 1 "load_main";
    .port_info 6 /OUTPUT 8 "main_out";
    .port_info 7 /OUTPUT 1 "main_en";
    .port_info 8 /OUTPUT 8 "bus_out";
P_0x558201260c00 .param/l "DEFAULT_VALUE" 0 4 5, +C4<00000000000000000000000000000000>;
P_0x558201260c40 .param/l "MEM_SIZE" 0 4 4, +C4<00000000000000001111111111111111>;
P_0x558201260c80 .param/l "WIDTH" 0 4 3, +C4<00000000000000000000000000001000>;
P_0x558201260cc0 .param/l "WIDTH_ADDR" 0 4 2, +C4<00000000000000000000000000010000>;
L_0x55820128fbb0 .functor BUFZ 8, L_0x55820128f990, C4<00000000>, C4<00000000>, C4<00000000>;
L_0x55820128fdb0 .functor AND 1, v0x55820128f1e0_0, L_0x55820128fcc0, C4<1>, C4<1>;
v0x558201235810_0 .net *"_ivl_1", 0 0, L_0x55820128f450;  1 drivers
v0x55820128dc90_0 .net *"_ivl_10", 7 0, L_0x55820128f990;  1 drivers
v0x55820128dd70_0 .net *"_ivl_12", 17 0, L_0x55820128fa30;  1 drivers
L_0x7f6e2880c060 .functor BUFT 1, C4<00>, C4<0>, C4<0>, C4<0>;
v0x55820128de60_0 .net *"_ivl_15", 1 0, L_0x7f6e2880c060;  1 drivers
v0x55820128df40_0 .net *"_ivl_19", 0 0, L_0x55820128fcc0;  1 drivers
v0x55820128e050_0 .net *"_ivl_2", 7 0, L_0x55820128f520;  1 drivers
v0x55820128e130_0 .net *"_ivl_4", 17 0, L_0x55820128f5f0;  1 drivers
L_0x7f6e2880c018 .functor BUFT 1, C4<00>, C4<0>, C4<0>, C4<0>;
v0x55820128e210_0 .net *"_ivl_7", 1 0, L_0x7f6e2880c018;  1 drivers
v0x55820128e2f0_0 .net "addr_in", 15 0, v0x55820128ecf0_0;  1 drivers
v0x55820128e3d0_0 .net "assert_main", 0 0, v0x55820128f110_0;  1 drivers
v0x55820128e490_0 .net "bus_dir", 0 0, v0x55820128f1e0_0;  1 drivers
v0x55820128e550_0 .net "bus_out", 7 0, L_0x55820128f780;  alias, 1 drivers
v0x55820128e630_0 .net "clk", 0 0, v0x55820128edd0_0;  1 drivers
v0x55820128e6f0_0 .var/i "i", 31 0;
v0x55820128e7d0_0 .net "load_main", 0 0, v0x55820128f2b0_0;  1 drivers
v0x55820128e890_0 .net "main_en", 0 0, L_0x55820128fdb0;  alias, 1 drivers
v0x55820128e950_0 .net "main_in", 7 0, v0x55820128efa0_0;  1 drivers
v0x55820128ea30_0 .net "main_out", 7 0, L_0x55820128fbb0;  alias, 1 drivers
v0x55820128eb10 .array "memory", 65535 0, 7 0;
E_0x55820126f5b0 .event posedge, v0x55820128e630_0;
L_0x55820128f450 .reduce/nor v0x55820128f1e0_0;
L_0x55820128f520 .array/port v0x55820128eb10, L_0x55820128f5f0;
L_0x55820128f5f0 .concat [ 16 2 0 0], v0x55820128ecf0_0, L_0x7f6e2880c018;
L_0x55820128f780 .functor MUXZ 8, L_0x55820128f520, v0x55820128efa0_0, L_0x55820128f450, C4<>;
L_0x55820128f990 .array/port v0x55820128eb10, L_0x55820128fa30;
L_0x55820128fa30 .concat [ 16 2 0 0], v0x55820128ecf0_0, L_0x7f6e2880c060;
L_0x55820128fcc0 .reduce/nor v0x55820128f110_0;
    .scope S_0x558201234f20;
T_0 ;
    %pushi/vec4 0, 0, 32;
    %store/vec4 v0x55820128e6f0_0, 0, 32;
T_0.0 ;
    %load/vec4 v0x55820128e6f0_0;
    %cmpi/s 65535, 0, 32;
    %flag_or 5, 4;
    %jmp/0xz T_0.1, 5;
    %pushi/vec4 0, 0, 8;
    %ix/getv/s 4, v0x55820128e6f0_0;
    %store/vec4a v0x55820128eb10, 4, 0;
    ; show_stmt_assign_vector: Get l-value for compressed += operand
    %load/vec4 v0x55820128e6f0_0;
    %pushi/vec4 1, 0, 32;
    %add;
    %store/vec4 v0x55820128e6f0_0, 0, 32;
    %jmp T_0.0;
T_0.1 ;
    %end;
    .thread T_0;
    .scope S_0x558201234f20;
T_1 ;
    %wait E_0x55820126f5b0;
    %load/vec4 v0x55820128e7d0_0;
    %load/vec4 v0x55820128e490_0;
    %nor/r;
    %and;
    %flag_set/vec4 8;
    %jmp/0xz  T_1.0, 8;
    %load/vec4 v0x55820128e950_0;
    %load/vec4 v0x55820128e2f0_0;
    %pad/u 18;
    %ix/vec4 3;
    %ix/load 4, 0, 0; Constant delay
    %assign/vec4/a/d v0x55820128eb10, 0, 4;
T_1.0 ;
    %jmp T_1;
    .thread T_1;
    .scope S_0x558201271d80;
T_2 ;
    %pushi/vec4 0, 0, 1;
    %store/vec4 v0x55820128edd0_0, 0, 1;
    %pushi/vec4 0, 0, 16;
    %store/vec4 v0x55820128ecf0_0, 0, 16;
    %pushi/vec4 1, 0, 1;
    %store/vec4 v0x55820128f1e0_0, 0, 1;
    %pushi/vec4 255, 0, 8;
    %store/vec4 v0x55820128efa0_0, 0, 8;
    %pushi/vec4 1, 0, 1;
    %store/vec4 v0x55820128f110_0, 0, 1;
    %pushi/vec4 1, 0, 1;
    %store/vec4 v0x55820128f2b0_0, 0, 1;
    %end;
    .thread T_2, $init;
    .scope S_0x558201271d80;
T_3 ;
    %delay 1000, 0;
    %load/vec4 v0x55820128edd0_0;
    %nor/r;
    %assign/vec4 v0x55820128edd0_0, 0;
    %jmp T_3;
    .thread T_3;
    .scope S_0x558201271d80;
T_4 ;
    %vpi_call/w 3 43 "$dumpfile", "mem_tb.vcd" {0 0 0};
    %vpi_call/w 3 44 "$dumpvars", 32'sb00000000000000000000000000000000, S_0x558201271d80 {0 0 0};
    %delay 2000, 0;
    %pushi/vec4 0, 0, 1;
    %store/vec4 v0x55820128f1e0_0, 0, 1;
    %pushi/vec4 32768, 0, 16;
    %store/vec4 v0x55820128ecf0_0, 0, 16;
    %pushi/vec4 170, 0, 8;
    %store/vec4 v0x55820128efa0_0, 0, 8;
    %pushi/vec4 0, 0, 1;
    %store/vec4 v0x55820128f2b0_0, 0, 1;
    %delay 1000, 0;
    %pushi/vec4 1, 0, 1;
    %store/vec4 v0x55820128f2b0_0, 0, 1;
    %delay 2000, 0;
    %pushi/vec4 1, 0, 1;
    %store/vec4 v0x55820128f1e0_0, 0, 1;
    %pushi/vec4 0, 0, 1;
    %store/vec4 v0x55820128f110_0, 0, 1;
    %delay 2000, 0;
    %delay 2000, 0;
    %pushi/vec4 0, 0, 1;
    %store/vec4 v0x55820128f1e0_0, 0, 1;
    %pushi/vec4 32769, 0, 16;
    %store/vec4 v0x55820128ecf0_0, 0, 16;
    %pushi/vec4 85, 0, 8;
    %store/vec4 v0x55820128efa0_0, 0, 8;
    %delay 1000, 0;
    %pushi/vec4 0, 0, 1;
    %store/vec4 v0x55820128f2b0_0, 0, 1;
    %delay 1000, 0;
    %pushi/vec4 1, 0, 1;
    %store/vec4 v0x55820128f2b0_0, 0, 1;
    %delay 2000, 0;
    %pushi/vec4 1, 0, 1;
    %store/vec4 v0x55820128f1e0_0, 0, 1;
    %pushi/vec4 0, 0, 1;
    %store/vec4 v0x55820128f110_0, 0, 1;
    %delay 2000, 0;
    %delay 2000, 0;
    %pushi/vec4 32768, 0, 16;
    %store/vec4 v0x55820128ecf0_0, 0, 16;
    %delay 2000, 0;
    %delay 2000, 0;
    %pushi/vec4 1, 0, 1;
    %store/vec4 v0x55820128f110_0, 0, 1;
    %delay 2000, 0;
    %delay 10000, 0;
    %vpi_call/w 3 87 "$finish" {0 0 0};
    %end;
    .thread T_4;
# The file index is used to find the file name in the following table.
:file_names 5;
    "N/A";
    "<interactive>";
    "-";
    "/home/jamon/code/ecp5/jspcpu/mem/mem_tb.sv";
    "/home/jamon/code/ecp5/jspcpu/mem/mem.v";
