#! /usr/bin/vvp
:ivl_version "11.0 (stable)" "(v11_0)";
:ivl_delay_selection "TYPICAL";
:vpi_time_precision - 12;
:vpi_module "/usr/lib/ivl/system.vpi";
:vpi_module "/usr/lib/ivl/vhdl_sys.vpi";
:vpi_module "/usr/lib/ivl/vhdl_textio.vpi";
:vpi_module "/usr/lib/ivl/v2005_math.vpi";
:vpi_module "/usr/lib/ivl/va_math.vpi";
S_0x55b5e1e54ac0 .scope module, "DP16KD" "DP16KD" 2 479;
 .timescale 0 0;
    .port_info 0 /INPUT 1 "DIA17";
    .port_info 1 /INPUT 1 "DIA16";
    .port_info 2 /INPUT 1 "DIA15";
    .port_info 3 /INPUT 1 "DIA14";
    .port_info 4 /INPUT 1 "DIA13";
    .port_info 5 /INPUT 1 "DIA12";
    .port_info 6 /INPUT 1 "DIA11";
    .port_info 7 /INPUT 1 "DIA10";
    .port_info 8 /INPUT 1 "DIA9";
    .port_info 9 /INPUT 1 "DIA8";
    .port_info 10 /INPUT 1 "DIA7";
    .port_info 11 /INPUT 1 "DIA6";
    .port_info 12 /INPUT 1 "DIA5";
    .port_info 13 /INPUT 1 "DIA4";
    .port_info 14 /INPUT 1 "DIA3";
    .port_info 15 /INPUT 1 "DIA2";
    .port_info 16 /INPUT 1 "DIA1";
    .port_info 17 /INPUT 1 "DIA0";
    .port_info 18 /INPUT 1 "ADA13";
    .port_info 19 /INPUT 1 "ADA12";
    .port_info 20 /INPUT 1 "ADA11";
    .port_info 21 /INPUT 1 "ADA10";
    .port_info 22 /INPUT 1 "ADA9";
    .port_info 23 /INPUT 1 "ADA8";
    .port_info 24 /INPUT 1 "ADA7";
    .port_info 25 /INPUT 1 "ADA6";
    .port_info 26 /INPUT 1 "ADA5";
    .port_info 27 /INPUT 1 "ADA4";
    .port_info 28 /INPUT 1 "ADA3";
    .port_info 29 /INPUT 1 "ADA2";
    .port_info 30 /INPUT 1 "ADA1";
    .port_info 31 /INPUT 1 "ADA0";
    .port_info 32 /INPUT 1 "CEA";
    .port_info 33 /INPUT 1 "OCEA";
    .port_info 34 /INPUT 1 "CLKA";
    .port_info 35 /INPUT 1 "WEA";
    .port_info 36 /INPUT 1 "RSTA";
    .port_info 37 /INPUT 1 "CSA2";
    .port_info 38 /INPUT 1 "CSA1";
    .port_info 39 /INPUT 1 "CSA0";
    .port_info 40 /OUTPUT 1 "DOA17";
    .port_info 41 /OUTPUT 1 "DOA16";
    .port_info 42 /OUTPUT 1 "DOA15";
    .port_info 43 /OUTPUT 1 "DOA14";
    .port_info 44 /OUTPUT 1 "DOA13";
    .port_info 45 /OUTPUT 1 "DOA12";
    .port_info 46 /OUTPUT 1 "DOA11";
    .port_info 47 /OUTPUT 1 "DOA10";
    .port_info 48 /OUTPUT 1 "DOA9";
    .port_info 49 /OUTPUT 1 "DOA8";
    .port_info 50 /OUTPUT 1 "DOA7";
    .port_info 51 /OUTPUT 1 "DOA6";
    .port_info 52 /OUTPUT 1 "DOA5";
    .port_info 53 /OUTPUT 1 "DOA4";
    .port_info 54 /OUTPUT 1 "DOA3";
    .port_info 55 /OUTPUT 1 "DOA2";
    .port_info 56 /OUTPUT 1 "DOA1";
    .port_info 57 /OUTPUT 1 "DOA0";
    .port_info 58 /INPUT 1 "DIB17";
    .port_info 59 /INPUT 1 "DIB16";
    .port_info 60 /INPUT 1 "DIB15";
    .port_info 61 /INPUT 1 "DIB14";
    .port_info 62 /INPUT 1 "DIB13";
    .port_info 63 /INPUT 1 "DIB12";
    .port_info 64 /INPUT 1 "DIB11";
    .port_info 65 /INPUT 1 "DIB10";
    .port_info 66 /INPUT 1 "DIB9";
    .port_info 67 /INPUT 1 "DIB8";
    .port_info 68 /INPUT 1 "DIB7";
    .port_info 69 /INPUT 1 "DIB6";
    .port_info 70 /INPUT 1 "DIB5";
    .port_info 71 /INPUT 1 "DIB4";
    .port_info 72 /INPUT 1 "DIB3";
    .port_info 73 /INPUT 1 "DIB2";
    .port_info 74 /INPUT 1 "DIB1";
    .port_info 75 /INPUT 1 "DIB0";
    .port_info 76 /INPUT 1 "ADB13";
    .port_info 77 /INPUT 1 "ADB12";
    .port_info 78 /INPUT 1 "ADB11";
    .port_info 79 /INPUT 1 "ADB10";
    .port_info 80 /INPUT 1 "ADB9";
    .port_info 81 /INPUT 1 "ADB8";
    .port_info 82 /INPUT 1 "ADB7";
    .port_info 83 /INPUT 1 "ADB6";
    .port_info 84 /INPUT 1 "ADB5";
    .port_info 85 /INPUT 1 "ADB4";
    .port_info 86 /INPUT 1 "ADB3";
    .port_info 87 /INPUT 1 "ADB2";
    .port_info 88 /INPUT 1 "ADB1";
    .port_info 89 /INPUT 1 "ADB0";
    .port_info 90 /INPUT 1 "CEB";
    .port_info 91 /INPUT 1 "OCEB";
    .port_info 92 /INPUT 1 "CLKB";
    .port_info 93 /INPUT 1 "WEB";
    .port_info 94 /INPUT 1 "RSTB";
    .port_info 95 /INPUT 1 "CSB2";
    .port_info 96 /INPUT 1 "CSB1";
    .port_info 97 /INPUT 1 "CSB0";
    .port_info 98 /OUTPUT 1 "DOB17";
    .port_info 99 /OUTPUT 1 "DOB16";
    .port_info 100 /OUTPUT 1 "DOB15";
    .port_info 101 /OUTPUT 1 "DOB14";
    .port_info 102 /OUTPUT 1 "DOB13";
    .port_info 103 /OUTPUT 1 "DOB12";
    .port_info 104 /OUTPUT 1 "DOB11";
    .port_info 105 /OUTPUT 1 "DOB10";
    .port_info 106 /OUTPUT 1 "DOB9";
    .port_info 107 /OUTPUT 1 "DOB8";
    .port_info 108 /OUTPUT 1 "DOB7";
    .port_info 109 /OUTPUT 1 "DOB6";
    .port_info 110 /OUTPUT 1 "DOB5";
    .port_info 111 /OUTPUT 1 "DOB4";
    .port_info 112 /OUTPUT 1 "DOB3";
    .port_info 113 /OUTPUT 1 "DOB2";
    .port_info 114 /OUTPUT 1 "DOB1";
    .port_info 115 /OUTPUT 1 "DOB0";
P_0x55b5e1e58ae0 .param/str "ADA0MUX" 0 2 538, "ADA0";
P_0x55b5e1e58b20 .param/str "ADA10MUX" 0 2 528, "ADA10";
P_0x55b5e1e58b60 .param/str "ADA11MUX" 0 2 527, "ADA11";
P_0x55b5e1e58ba0 .param/str "ADA12MUX" 0 2 526, "ADA12";
P_0x55b5e1e58be0 .param/str "ADA13MUX" 0 2 525, "ADA13";
P_0x55b5e1e58c20 .param/str "ADA1MUX" 0 2 537, "ADA1";
P_0x55b5e1e58c60 .param/str "ADA2MUX" 0 2 536, "ADA2";
P_0x55b5e1e58ca0 .param/str "ADA3MUX" 0 2 535, "ADA3";
P_0x55b5e1e58ce0 .param/str "ADA4MUX" 0 2 534, "ADA4";
P_0x55b5e1e58d20 .param/str "ADA5MUX" 0 2 533, "ADA5";
P_0x55b5e1e58d60 .param/str "ADA6MUX" 0 2 532, "ADA6";
P_0x55b5e1e58da0 .param/str "ADA7MUX" 0 2 531, "ADA7";
P_0x55b5e1e58de0 .param/str "ADA8MUX" 0 2 530, "ADA8";
P_0x55b5e1e58e20 .param/str "ADA9MUX" 0 2 529, "ADA9";
P_0x55b5e1e58e60 .param/str "ADB0MUX" 0 2 596, "ADB0";
P_0x55b5e1e58ea0 .param/str "ADB10MUX" 0 2 586, "ADB10";
P_0x55b5e1e58ee0 .param/str "ADB11MUX" 0 2 585, "ADB11";
P_0x55b5e1e58f20 .param/str "ADB12MUX" 0 2 584, "ADB12";
P_0x55b5e1e58f60 .param/str "ADB13MUX" 0 2 583, "ADB13";
P_0x55b5e1e58fa0 .param/str "ADB1MUX" 0 2 595, "ADB1";
P_0x55b5e1e58fe0 .param/str "ADB2MUX" 0 2 594, "ADB2";
P_0x55b5e1e59020 .param/str "ADB3MUX" 0 2 593, "ADB3";
P_0x55b5e1e59060 .param/str "ADB4MUX" 0 2 592, "ADB4";
P_0x55b5e1e590a0 .param/str "ADB5MUX" 0 2 591, "ADB5";
P_0x55b5e1e590e0 .param/str "ADB6MUX" 0 2 590, "ADB6";
P_0x55b5e1e59120 .param/str "ADB7MUX" 0 2 589, "ADB7";
P_0x55b5e1e59160 .param/str "ADB8MUX" 0 2 588, "ADB8";
P_0x55b5e1e591a0 .param/str "ADB9MUX" 0 2 587, "ADB9";
P_0x55b5e1e591e0 .param/str "ASYNC_RESET_RELEASE" 0 2 499, "SYNC";
P_0x55b5e1e59220 .param/str "CEAMUX" 0 2 539, "CEA";
P_0x55b5e1e59260 .param/str "CEBMUX" 0 2 597, "CEB";
P_0x55b5e1e592a0 .param/str "CLKAMUX" 0 2 541, "CLKA";
P_0x55b5e1e592e0 .param/str "CLKBMUX" 0 2 599, "CLKB";
P_0x55b5e1e59320 .param/str "CSA0MUX" 0 2 546, "CSA0";
P_0x55b5e1e59360 .param/str "CSA1MUX" 0 2 545, "CSA1";
P_0x55b5e1e593a0 .param/str "CSA2MUX" 0 2 544, "CSA2";
P_0x55b5e1e593e0 .param/str "CSB0MUX" 0 2 604, "CSB0";
P_0x55b5e1e59420 .param/str "CSB1MUX" 0 2 603, "CSB1";
P_0x55b5e1e59460 .param/str "CSB2MUX" 0 2 602, "CSB2";
P_0x55b5e1e594a0 .param/str "CSDECODE_A" 0 2 501, "0b000";
P_0x55b5e1e594e0 .param/str "CSDECODE_B" 0 2 502, "0b000";
P_0x55b5e1e59520 .param/l "DATA_WIDTH_A" 0 2 492, +C4<00000000000000000000000000010010>;
P_0x55b5e1e59560 .param/l "DATA_WIDTH_B" 0 2 493, +C4<00000000000000000000000000010010>;
P_0x55b5e1e595a0 .param/str "DIA0MUX" 0 2 524, "DIA0";
P_0x55b5e1e595e0 .param/str "DIA10MUX" 0 2 514, "DIA10";
P_0x55b5e1e59620 .param/str "DIA11MUX" 0 2 513, "DIA11";
P_0x55b5e1e59660 .param/str "DIA12MUX" 0 2 512, "DIA12";
P_0x55b5e1e596a0 .param/str "DIA13MUX" 0 2 511, "DIA13";
P_0x55b5e1e596e0 .param/str "DIA14MUX" 0 2 510, "DIA14";
P_0x55b5e1e59720 .param/str "DIA15MUX" 0 2 509, "DIA15";
P_0x55b5e1e59760 .param/str "DIA16MUX" 0 2 508, "DIA16";
P_0x55b5e1e597a0 .param/str "DIA17MUX" 0 2 507, "DIA17";
P_0x55b5e1e597e0 .param/str "DIA1MUX" 0 2 523, "DIA1";
P_0x55b5e1e59820 .param/str "DIA2MUX" 0 2 522, "DIA2";
P_0x55b5e1e59860 .param/str "DIA3MUX" 0 2 521, "DIA3";
P_0x55b5e1e598a0 .param/str "DIA4MUX" 0 2 520, "DIA4";
P_0x55b5e1e598e0 .param/str "DIA5MUX" 0 2 519, "DIA5";
P_0x55b5e1e59920 .param/str "DIA6MUX" 0 2 518, "DIA6";
P_0x55b5e1e59960 .param/str "DIA7MUX" 0 2 517, "DIA7";
P_0x55b5e1e599a0 .param/str "DIA8MUX" 0 2 516, "DIA8";
P_0x55b5e1e599e0 .param/str "DIA9MUX" 0 2 515, "DIA9";
P_0x55b5e1e59a20 .param/str "DIB0MUX" 0 2 582, "DIB0";
P_0x55b5e1e59a60 .param/str "DIB10MUX" 0 2 572, "DIB10";
P_0x55b5e1e59aa0 .param/str "DIB11MUX" 0 2 571, "DIB11";
P_0x55b5e1e59ae0 .param/str "DIB12MUX" 0 2 570, "DIB12";
P_0x55b5e1e59b20 .param/str "DIB13MUX" 0 2 569, "DIB13";
P_0x55b5e1e59b60 .param/str "DIB14MUX" 0 2 568, "DIB14";
P_0x55b5e1e59ba0 .param/str "DIB15MUX" 0 2 567, "DIB15";
P_0x55b5e1e59be0 .param/str "DIB16MUX" 0 2 566, "DIB16";
P_0x55b5e1e59c20 .param/str "DIB17MUX" 0 2 565, "DIB17";
P_0x55b5e1e59c60 .param/str "DIB1MUX" 0 2 581, "DIB1";
P_0x55b5e1e59ca0 .param/str "DIB2MUX" 0 2 580, "DIB2";
P_0x55b5e1e59ce0 .param/str "DIB3MUX" 0 2 579, "DIB3";
P_0x55b5e1e59d20 .param/str "DIB4MUX" 0 2 578, "DIB4";
P_0x55b5e1e59d60 .param/str "DIB5MUX" 0 2 577, "DIB5";
P_0x55b5e1e59da0 .param/str "DIB6MUX" 0 2 576, "DIB6";
P_0x55b5e1e59de0 .param/str "DIB7MUX" 0 2 575, "DIB7";
P_0x55b5e1e59e20 .param/str "DIB8MUX" 0 2 574, "DIB8";
P_0x55b5e1e59e60 .param/str "DIB9MUX" 0 2 573, "DIB9";
P_0x55b5e1e59ea0 .param/str "DOA0MUX" 0 2 564, "DOA0";
P_0x55b5e1e59ee0 .param/str "DOA10MUX" 0 2 554, "DOA10";
P_0x55b5e1e59f20 .param/str "DOA11MUX" 0 2 553, "DOA11";
P_0x55b5e1e59f60 .param/str "DOA12MUX" 0 2 552, "DOA12";
P_0x55b5e1e59fa0 .param/str "DOA13MUX" 0 2 551, "DOA13";
P_0x55b5e1e59fe0 .param/str "DOA14MUX" 0 2 550, "DOA14";
P_0x55b5e1e5a020 .param/str "DOA15MUX" 0 2 549, "DOA15";
P_0x55b5e1e5a060 .param/str "DOA16MUX" 0 2 548, "DOA16";
P_0x55b5e1e5a0a0 .param/str "DOA17MUX" 0 2 547, "DOA17";
P_0x55b5e1e5a0e0 .param/str "DOA1MUX" 0 2 563, "DOA1";
P_0x55b5e1e5a120 .param/str "DOA2MUX" 0 2 562, "DOA2";
P_0x55b5e1e5a160 .param/str "DOA3MUX" 0 2 561, "DOA3";
P_0x55b5e1e5a1a0 .param/str "DOA4MUX" 0 2 560, "DOA4";
P_0x55b5e1e5a1e0 .param/str "DOA5MUX" 0 2 559, "DOA5";
P_0x55b5e1e5a220 .param/str "DOA6MUX" 0 2 558, "DOA6";
P_0x55b5e1e5a260 .param/str "DOA7MUX" 0 2 557, "DOA7";
P_0x55b5e1e5a2a0 .param/str "DOA8MUX" 0 2 556, "DOA8";
P_0x55b5e1e5a2e0 .param/str "DOA9MUX" 0 2 555, "DOA9";
P_0x55b5e1e5a320 .param/str "DOB0MUX" 0 2 622, "DOB0";
P_0x55b5e1e5a360 .param/str "DOB10MUX" 0 2 612, "DOB10";
P_0x55b5e1e5a3a0 .param/str "DOB11MUX" 0 2 611, "DOB11";
P_0x55b5e1e5a3e0 .param/str "DOB12MUX" 0 2 610, "DOB12";
P_0x55b5e1e5a420 .param/str "DOB13MUX" 0 2 609, "DOB13";
P_0x55b5e1e5a460 .param/str "DOB14MUX" 0 2 608, "DOB14";
P_0x55b5e1e5a4a0 .param/str "DOB15MUX" 0 2 607, "DOB15";
P_0x55b5e1e5a4e0 .param/str "DOB16MUX" 0 2 606, "DOB16";
P_0x55b5e1e5a520 .param/str "DOB17MUX" 0 2 605, "DOB17";
P_0x55b5e1e5a560 .param/str "DOB1MUX" 0 2 621, "DOB1";
P_0x55b5e1e5a5a0 .param/str "DOB2MUX" 0 2 620, "DOB2";
P_0x55b5e1e5a5e0 .param/str "DOB3MUX" 0 2 619, "DOB3";
P_0x55b5e1e5a620 .param/str "DOB4MUX" 0 2 618, "DOB4";
P_0x55b5e1e5a660 .param/str "DOB5MUX" 0 2 617, "DOB5";
P_0x55b5e1e5a6a0 .param/str "DOB6MUX" 0 2 616, "DOB6";
P_0x55b5e1e5a6e0 .param/str "DOB7MUX" 0 2 615, "DOB7";
P_0x55b5e1e5a720 .param/str "DOB8MUX" 0 2 614, "DOB8";
P_0x55b5e1e5a760 .param/str "DOB9MUX" 0 2 613, "DOB9";
P_0x55b5e1e5a7a0 .param/str "GSR" 0 2 626, "ENABLED";
P_0x55b5e1e5a7e0 .param/l "INITVAL_00" 0 2 628, C4<00000000000000000000000000000000000000000000000000000000000000000000000000000000000000000000000000000000000000000000000000000000000000000000000000000000000000000000000000000000000000000000000000000000000000000000000000000000000000000000000000000000000000000000000000000000000000000000000000000000000000000000000000000000>;
P_0x55b5e1e5a820 .param/l "INITVAL_01" 0 2 629, C4<00000000000000000000000000000000000000000000000000000000000000000000000000000000000000000000000000000000000000000000000000000000000000000000000000000000000000000000000000000000000000000000000000000000000000000000000000000000000000000000000000000000000000000000000000000000000000000000000000000000000000000000000000000000>;
P_0x55b5e1e5a860 .param/l "INITVAL_02" 0 2 630, C4<00000000000000000000000000000000000000000000000000000000000000000000000000000000000000000000000000000000000000000000000000000000000000000000000000000000000000000000000000000000000000000000000000000000000000000000000000000000000000000000000000000000000000000000000000000000000000000000000000000000000000000000000000000000>;
P_0x55b5e1e5a8a0 .param/l "INITVAL_03" 0 2 631, C4<00000000000000000000000000000000000000000000000000000000000000000000000000000000000000000000000000000000000000000000000000000000000000000000000000000000000000000000000000000000000000000000000000000000000000000000000000000000000000000000000000000000000000000000000000000000000000000000000000000000000000000000000000000000>;
P_0x55b5e1e5a8e0 .param/l "INITVAL_04" 0 2 632, C4<00000000000000000000000000000000000000000000000000000000000000000000000000000000000000000000000000000000000000000000000000000000000000000000000000000000000000000000000000000000000000000000000000000000000000000000000000000000000000000000000000000000000000000000000000000000000000000000000000000000000000000000000000000000>;
P_0x55b5e1e5a920 .param/l "INITVAL_05" 0 2 633, C4<00000000000000000000000000000000000000000000000000000000000000000000000000000000000000000000000000000000000000000000000000000000000000000000000000000000000000000000000000000000000000000000000000000000000000000000000000000000000000000000000000000000000000000000000000000000000000000000000000000000000000000000000000000000>;
P_0x55b5e1e5a960 .param/l "INITVAL_06" 0 2 634, C4<00000000000000000000000000000000000000000000000000000000000000000000000000000000000000000000000000000000000000000000000000000000000000000000000000000000000000000000000000000000000000000000000000000000000000000000000000000000000000000000000000000000000000000000000000000000000000000000000000000000000000000000000000000000>;
P_0x55b5e1e5a9a0 .param/l "INITVAL_07" 0 2 635, C4<00000000000000000000000000000000000000000000000000000000000000000000000000000000000000000000000000000000000000000000000000000000000000000000000000000000000000000000000000000000000000000000000000000000000000000000000000000000000000000000000000000000000000000000000000000000000000000000000000000000000000000000000000000000>;
P_0x55b5e1e5a9e0 .param/l "INITVAL_08" 0 2 636, C4<00000000000000000000000000000000000000000000000000000000000000000000000000000000000000000000000000000000000000000000000000000000000000000000000000000000000000000000000000000000000000000000000000000000000000000000000000000000000000000000000000000000000000000000000000000000000000000000000000000000000000000000000000000000>;
P_0x55b5e1e5aa20 .param/l "INITVAL_09" 0 2 637, C4<00000000000000000000000000000000000000000000000000000000000000000000000000000000000000000000000000000000000000000000000000000000000000000000000000000000000000000000000000000000000000000000000000000000000000000000000000000000000000000000000000000000000000000000000000000000000000000000000000000000000000000000000000000000>;
P_0x55b5e1e5aa60 .param/l "INITVAL_0A" 0 2 638, C4<00000000000000000000000000000000000000000000000000000000000000000000000000000000000000000000000000000000000000000000000000000000000000000000000000000000000000000000000000000000000000000000000000000000000000000000000000000000000000000000000000000000000000000000000000000000000000000000000000000000000000000000000000000000>;
P_0x55b5e1e5aaa0 .param/l "INITVAL_0B" 0 2 639, C4<00000000000000000000000000000000000000000000000000000000000000000000000000000000000000000000000000000000000000000000000000000000000000000000000000000000000000000000000000000000000000000000000000000000000000000000000000000000000000000000000000000000000000000000000000000000000000000000000000000000000000000000000000000000>;
P_0x55b5e1e5aae0 .param/l "INITVAL_0C" 0 2 640, C4<00000000000000000000000000000000000000000000000000000000000000000000000000000000000000000000000000000000000000000000000000000000000000000000000000000000000000000000000000000000000000000000000000000000000000000000000000000000000000000000000000000000000000000000000000000000000000000000000000000000000000000000000000000000>;
P_0x55b5e1e5ab20 .param/l "INITVAL_0D" 0 2 641, C4<00000000000000000000000000000000000000000000000000000000000000000000000000000000000000000000000000000000000000000000000000000000000000000000000000000000000000000000000000000000000000000000000000000000000000000000000000000000000000000000000000000000000000000000000000000000000000000000000000000000000000000000000000000000>;
P_0x55b5e1e5ab60 .param/l "INITVAL_0E" 0 2 642, C4<00000000000000000000000000000000000000000000000000000000000000000000000000000000000000000000000000000000000000000000000000000000000000000000000000000000000000000000000000000000000000000000000000000000000000000000000000000000000000000000000000000000000000000000000000000000000000000000000000000000000000000000000000000000>;
P_0x55b5e1e5aba0 .param/l "INITVAL_0F" 0 2 643, C4<00000000000000000000000000000000000000000000000000000000000000000000000000000000000000000000000000000000000000000000000000000000000000000000000000000000000000000000000000000000000000000000000000000000000000000000000000000000000000000000000000000000000000000000000000000000000000000000000000000000000000000000000000000000>;
P_0x55b5e1e5abe0 .param/l "INITVAL_10" 0 2 644, C4<00000000000000000000000000000000000000000000000000000000000000000000000000000000000000000000000000000000000000000000000000000000000000000000000000000000000000000000000000000000000000000000000000000000000000000000000000000000000000000000000000000000000000000000000000000000000000000000000000000000000000000000000000000000>;
P_0x55b5e1e5ac20 .param/l "INITVAL_11" 0 2 645, C4<00000000000000000000000000000000000000000000000000000000000000000000000000000000000000000000000000000000000000000000000000000000000000000000000000000000000000000000000000000000000000000000000000000000000000000000000000000000000000000000000000000000000000000000000000000000000000000000000000000000000000000000000000000000>;
P_0x55b5e1e5ac60 .param/l "INITVAL_12" 0 2 646, C4<00000000000000000000000000000000000000000000000000000000000000000000000000000000000000000000000000000000000000000000000000000000000000000000000000000000000000000000000000000000000000000000000000000000000000000000000000000000000000000000000000000000000000000000000000000000000000000000000000000000000000000000000000000000>;
P_0x55b5e1e5aca0 .param/l "INITVAL_13" 0 2 647, C4<00000000000000000000000000000000000000000000000000000000000000000000000000000000000000000000000000000000000000000000000000000000000000000000000000000000000000000000000000000000000000000000000000000000000000000000000000000000000000000000000000000000000000000000000000000000000000000000000000000000000000000000000000000000>;
P_0x55b5e1e5ace0 .param/l "INITVAL_14" 0 2 648, C4<00000000000000000000000000000000000000000000000000000000000000000000000000000000000000000000000000000000000000000000000000000000000000000000000000000000000000000000000000000000000000000000000000000000000000000000000000000000000000000000000000000000000000000000000000000000000000000000000000000000000000000000000000000000>;
P_0x55b5e1e5ad20 .param/l "INITVAL_15" 0 2 649, C4<00000000000000000000000000000000000000000000000000000000000000000000000000000000000000000000000000000000000000000000000000000000000000000000000000000000000000000000000000000000000000000000000000000000000000000000000000000000000000000000000000000000000000000000000000000000000000000000000000000000000000000000000000000000>;
P_0x55b5e1e5ad60 .param/l "INITVAL_16" 0 2 650, C4<00000000000000000000000000000000000000000000000000000000000000000000000000000000000000000000000000000000000000000000000000000000000000000000000000000000000000000000000000000000000000000000000000000000000000000000000000000000000000000000000000000000000000000000000000000000000000000000000000000000000000000000000000000000>;
P_0x55b5e1e5ada0 .param/l "INITVAL_17" 0 2 651, C4<00000000000000000000000000000000000000000000000000000000000000000000000000000000000000000000000000000000000000000000000000000000000000000000000000000000000000000000000000000000000000000000000000000000000000000000000000000000000000000000000000000000000000000000000000000000000000000000000000000000000000000000000000000000>;
P_0x55b5e1e5ade0 .param/l "INITVAL_18" 0 2 652, C4<00000000000000000000000000000000000000000000000000000000000000000000000000000000000000000000000000000000000000000000000000000000000000000000000000000000000000000000000000000000000000000000000000000000000000000000000000000000000000000000000000000000000000000000000000000000000000000000000000000000000000000000000000000000>;
P_0x55b5e1e5ae20 .param/l "INITVAL_19" 0 2 653, C4<00000000000000000000000000000000000000000000000000000000000000000000000000000000000000000000000000000000000000000000000000000000000000000000000000000000000000000000000000000000000000000000000000000000000000000000000000000000000000000000000000000000000000000000000000000000000000000000000000000000000000000000000000000000>;
P_0x55b5e1e5ae60 .param/l "INITVAL_1A" 0 2 654, C4<00000000000000000000000000000000000000000000000000000000000000000000000000000000000000000000000000000000000000000000000000000000000000000000000000000000000000000000000000000000000000000000000000000000000000000000000000000000000000000000000000000000000000000000000000000000000000000000000000000000000000000000000000000000>;
P_0x55b5e1e5aea0 .param/l "INITVAL_1B" 0 2 655, C4<00000000000000000000000000000000000000000000000000000000000000000000000000000000000000000000000000000000000000000000000000000000000000000000000000000000000000000000000000000000000000000000000000000000000000000000000000000000000000000000000000000000000000000000000000000000000000000000000000000000000000000000000000000000>;
P_0x55b5e1e5aee0 .param/l "INITVAL_1C" 0 2 656, C4<00000000000000000000000000000000000000000000000000000000000000000000000000000000000000000000000000000000000000000000000000000000000000000000000000000000000000000000000000000000000000000000000000000000000000000000000000000000000000000000000000000000000000000000000000000000000000000000000000000000000000000000000000000000>;
P_0x55b5e1e5af20 .param/l "INITVAL_1D" 0 2 657, C4<00000000000000000000000000000000000000000000000000000000000000000000000000000000000000000000000000000000000000000000000000000000000000000000000000000000000000000000000000000000000000000000000000000000000000000000000000000000000000000000000000000000000000000000000000000000000000000000000000000000000000000000000000000000>;
P_0x55b5e1e5af60 .param/l "INITVAL_1E" 0 2 658, C4<00000000000000000000000000000000000000000000000000000000000000000000000000000000000000000000000000000000000000000000000000000000000000000000000000000000000000000000000000000000000000000000000000000000000000000000000000000000000000000000000000000000000000000000000000000000000000000000000000000000000000000000000000000000>;
P_0x55b5e1e5afa0 .param/l "INITVAL_1F" 0 2 659, C4<00000000000000000000000000000000000000000000000000000000000000000000000000000000000000000000000000000000000000000000000000000000000000000000000000000000000000000000000000000000000000000000000000000000000000000000000000000000000000000000000000000000000000000000000000000000000000000000000000000000000000000000000000000000>;
P_0x55b5e1e5afe0 .param/l "INITVAL_20" 0 2 660, C4<00000000000000000000000000000000000000000000000000000000000000000000000000000000000000000000000000000000000000000000000000000000000000000000000000000000000000000000000000000000000000000000000000000000000000000000000000000000000000000000000000000000000000000000000000000000000000000000000000000000000000000000000000000000>;
P_0x55b5e1e5b020 .param/l "INITVAL_21" 0 2 661, C4<00000000000000000000000000000000000000000000000000000000000000000000000000000000000000000000000000000000000000000000000000000000000000000000000000000000000000000000000000000000000000000000000000000000000000000000000000000000000000000000000000000000000000000000000000000000000000000000000000000000000000000000000000000000>;
P_0x55b5e1e5b060 .param/l "INITVAL_22" 0 2 662, C4<00000000000000000000000000000000000000000000000000000000000000000000000000000000000000000000000000000000000000000000000000000000000000000000000000000000000000000000000000000000000000000000000000000000000000000000000000000000000000000000000000000000000000000000000000000000000000000000000000000000000000000000000000000000>;
P_0x55b5e1e5b0a0 .param/l "INITVAL_23" 0 2 663, C4<00000000000000000000000000000000000000000000000000000000000000000000000000000000000000000000000000000000000000000000000000000000000000000000000000000000000000000000000000000000000000000000000000000000000000000000000000000000000000000000000000000000000000000000000000000000000000000000000000000000000000000000000000000000>;
P_0x55b5e1e5b0e0 .param/l "INITVAL_24" 0 2 664, C4<00000000000000000000000000000000000000000000000000000000000000000000000000000000000000000000000000000000000000000000000000000000000000000000000000000000000000000000000000000000000000000000000000000000000000000000000000000000000000000000000000000000000000000000000000000000000000000000000000000000000000000000000000000000>;
P_0x55b5e1e5b120 .param/l "INITVAL_25" 0 2 665, C4<00000000000000000000000000000000000000000000000000000000000000000000000000000000000000000000000000000000000000000000000000000000000000000000000000000000000000000000000000000000000000000000000000000000000000000000000000000000000000000000000000000000000000000000000000000000000000000000000000000000000000000000000000000000>;
P_0x55b5e1e5b160 .param/l "INITVAL_26" 0 2 666, C4<00000000000000000000000000000000000000000000000000000000000000000000000000000000000000000000000000000000000000000000000000000000000000000000000000000000000000000000000000000000000000000000000000000000000000000000000000000000000000000000000000000000000000000000000000000000000000000000000000000000000000000000000000000000>;
P_0x55b5e1e5b1a0 .param/l "INITVAL_27" 0 2 667, C4<00000000000000000000000000000000000000000000000000000000000000000000000000000000000000000000000000000000000000000000000000000000000000000000000000000000000000000000000000000000000000000000000000000000000000000000000000000000000000000000000000000000000000000000000000000000000000000000000000000000000000000000000000000000>;
P_0x55b5e1e5b1e0 .param/l "INITVAL_28" 0 2 668, C4<00000000000000000000000000000000000000000000000000000000000000000000000000000000000000000000000000000000000000000000000000000000000000000000000000000000000000000000000000000000000000000000000000000000000000000000000000000000000000000000000000000000000000000000000000000000000000000000000000000000000000000000000000000000>;
P_0x55b5e1e5b220 .param/l "INITVAL_29" 0 2 669, C4<00000000000000000000000000000000000000000000000000000000000000000000000000000000000000000000000000000000000000000000000000000000000000000000000000000000000000000000000000000000000000000000000000000000000000000000000000000000000000000000000000000000000000000000000000000000000000000000000000000000000000000000000000000000>;
P_0x55b5e1e5b260 .param/l "INITVAL_2A" 0 2 670, C4<00000000000000000000000000000000000000000000000000000000000000000000000000000000000000000000000000000000000000000000000000000000000000000000000000000000000000000000000000000000000000000000000000000000000000000000000000000000000000000000000000000000000000000000000000000000000000000000000000000000000000000000000000000000>;
P_0x55b5e1e5b2a0 .param/l "INITVAL_2B" 0 2 671, C4<00000000000000000000000000000000000000000000000000000000000000000000000000000000000000000000000000000000000000000000000000000000000000000000000000000000000000000000000000000000000000000000000000000000000000000000000000000000000000000000000000000000000000000000000000000000000000000000000000000000000000000000000000000000>;
P_0x55b5e1e5b2e0 .param/l "INITVAL_2C" 0 2 672, C4<00000000000000000000000000000000000000000000000000000000000000000000000000000000000000000000000000000000000000000000000000000000000000000000000000000000000000000000000000000000000000000000000000000000000000000000000000000000000000000000000000000000000000000000000000000000000000000000000000000000000000000000000000000000>;
P_0x55b5e1e5b320 .param/l "INITVAL_2D" 0 2 673, C4<00000000000000000000000000000000000000000000000000000000000000000000000000000000000000000000000000000000000000000000000000000000000000000000000000000000000000000000000000000000000000000000000000000000000000000000000000000000000000000000000000000000000000000000000000000000000000000000000000000000000000000000000000000000>;
P_0x55b5e1e5b360 .param/l "INITVAL_2E" 0 2 674, C4<00000000000000000000000000000000000000000000000000000000000000000000000000000000000000000000000000000000000000000000000000000000000000000000000000000000000000000000000000000000000000000000000000000000000000000000000000000000000000000000000000000000000000000000000000000000000000000000000000000000000000000000000000000000>;
P_0x55b5e1e5b3a0 .param/l "INITVAL_2F" 0 2 675, C4<00000000000000000000000000000000000000000000000000000000000000000000000000000000000000000000000000000000000000000000000000000000000000000000000000000000000000000000000000000000000000000000000000000000000000000000000000000000000000000000000000000000000000000000000000000000000000000000000000000000000000000000000000000000>;
P_0x55b5e1e5b3e0 .param/l "INITVAL_30" 0 2 676, C4<00000000000000000000000000000000000000000000000000000000000000000000000000000000000000000000000000000000000000000000000000000000000000000000000000000000000000000000000000000000000000000000000000000000000000000000000000000000000000000000000000000000000000000000000000000000000000000000000000000000000000000000000000000000>;
P_0x55b5e1e5b420 .param/l "INITVAL_31" 0 2 677, C4<00000000000000000000000000000000000000000000000000000000000000000000000000000000000000000000000000000000000000000000000000000000000000000000000000000000000000000000000000000000000000000000000000000000000000000000000000000000000000000000000000000000000000000000000000000000000000000000000000000000000000000000000000000000>;
P_0x55b5e1e5b460 .param/l "INITVAL_32" 0 2 678, C4<00000000000000000000000000000000000000000000000000000000000000000000000000000000000000000000000000000000000000000000000000000000000000000000000000000000000000000000000000000000000000000000000000000000000000000000000000000000000000000000000000000000000000000000000000000000000000000000000000000000000000000000000000000000>;
P_0x55b5e1e5b4a0 .param/l "INITVAL_33" 0 2 679, C4<00000000000000000000000000000000000000000000000000000000000000000000000000000000000000000000000000000000000000000000000000000000000000000000000000000000000000000000000000000000000000000000000000000000000000000000000000000000000000000000000000000000000000000000000000000000000000000000000000000000000000000000000000000000>;
P_0x55b5e1e5b4e0 .param/l "INITVAL_34" 0 2 680, C4<00000000000000000000000000000000000000000000000000000000000000000000000000000000000000000000000000000000000000000000000000000000000000000000000000000000000000000000000000000000000000000000000000000000000000000000000000000000000000000000000000000000000000000000000000000000000000000000000000000000000000000000000000000000>;
P_0x55b5e1e5b520 .param/l "INITVAL_35" 0 2 681, C4<00000000000000000000000000000000000000000000000000000000000000000000000000000000000000000000000000000000000000000000000000000000000000000000000000000000000000000000000000000000000000000000000000000000000000000000000000000000000000000000000000000000000000000000000000000000000000000000000000000000000000000000000000000000>;
P_0x55b5e1e5b560 .param/l "INITVAL_36" 0 2 682, C4<00000000000000000000000000000000000000000000000000000000000000000000000000000000000000000000000000000000000000000000000000000000000000000000000000000000000000000000000000000000000000000000000000000000000000000000000000000000000000000000000000000000000000000000000000000000000000000000000000000000000000000000000000000000>;
P_0x55b5e1e5b5a0 .param/l "INITVAL_37" 0 2 683, C4<00000000000000000000000000000000000000000000000000000000000000000000000000000000000000000000000000000000000000000000000000000000000000000000000000000000000000000000000000000000000000000000000000000000000000000000000000000000000000000000000000000000000000000000000000000000000000000000000000000000000000000000000000000000>;
P_0x55b5e1e5b5e0 .param/l "INITVAL_38" 0 2 684, C4<00000000000000000000000000000000000000000000000000000000000000000000000000000000000000000000000000000000000000000000000000000000000000000000000000000000000000000000000000000000000000000000000000000000000000000000000000000000000000000000000000000000000000000000000000000000000000000000000000000000000000000000000000000000>;
P_0x55b5e1e5b620 .param/l "INITVAL_39" 0 2 685, C4<00000000000000000000000000000000000000000000000000000000000000000000000000000000000000000000000000000000000000000000000000000000000000000000000000000000000000000000000000000000000000000000000000000000000000000000000000000000000000000000000000000000000000000000000000000000000000000000000000000000000000000000000000000000>;
P_0x55b5e1e5b660 .param/l "INITVAL_3A" 0 2 686, C4<00000000000000000000000000000000000000000000000000000000000000000000000000000000000000000000000000000000000000000000000000000000000000000000000000000000000000000000000000000000000000000000000000000000000000000000000000000000000000000000000000000000000000000000000000000000000000000000000000000000000000000000000000000000>;
P_0x55b5e1e5b6a0 .param/l "INITVAL_3B" 0 2 687, C4<00000000000000000000000000000000000000000000000000000000000000000000000000000000000000000000000000000000000000000000000000000000000000000000000000000000000000000000000000000000000000000000000000000000000000000000000000000000000000000000000000000000000000000000000000000000000000000000000000000000000000000000000000000000>;
P_0x55b5e1e5b6e0 .param/l "INITVAL_3C" 0 2 688, C4<00000000000000000000000000000000000000000000000000000000000000000000000000000000000000000000000000000000000000000000000000000000000000000000000000000000000000000000000000000000000000000000000000000000000000000000000000000000000000000000000000000000000000000000000000000000000000000000000000000000000000000000000000000000>;
P_0x55b5e1e5b720 .param/l "INITVAL_3D" 0 2 689, C4<00000000000000000000000000000000000000000000000000000000000000000000000000000000000000000000000000000000000000000000000000000000000000000000000000000000000000000000000000000000000000000000000000000000000000000000000000000000000000000000000000000000000000000000000000000000000000000000000000000000000000000000000000000000>;
P_0x55b5e1e5b760 .param/l "INITVAL_3E" 0 2 690, C4<00000000000000000000000000000000000000000000000000000000000000000000000000000000000000000000000000000000000000000000000000000000000000000000000000000000000000000000000000000000000000000000000000000000000000000000000000000000000000000000000000000000000000000000000000000000000000000000000000000000000000000000000000000000>;
P_0x55b5e1e5b7a0 .param/l "INITVAL_3F" 0 2 691, C4<00000000000000000000000000000000000000000000000000000000000000000000000000000000000000000000000000000000000000000000000000000000000000000000000000000000000000000000000000000000000000000000000000000000000000000000000000000000000000000000000000000000000000000000000000000000000000000000000000000000000000000000000000000000>;
P_0x55b5e1e5b7e0 .param/str "OCEAMUX" 0 2 540, "OCEA";
P_0x55b5e1e5b820 .param/str "OCEBMUX" 0 2 598, "OCEB";
P_0x55b5e1e5b860 .param/str "REGMODE_A" 0 2 495, "NOREG";
P_0x55b5e1e5b8a0 .param/str "REGMODE_B" 0 2 496, "NOREG";
P_0x55b5e1e5b8e0 .param/str "RESETMODE" 0 2 498, "SYNC";
P_0x55b5e1e5b920 .param/str "RSTAMUX" 0 2 543, "RSTA";
P_0x55b5e1e5b960 .param/str "RSTBMUX" 0 2 601, "RSTB";
P_0x55b5e1e5b9a0 .param/str "WEAMUX" 0 2 542, "WEA";
P_0x55b5e1e5b9e0 .param/str "WEBMUX" 0 2 600, "WEB";
P_0x55b5e1e5ba20 .param/l "WID" 0 2 624, +C4<00000000000000000000000000000000>;
P_0x55b5e1e5ba60 .param/str "WRITEMODE_A" 0 2 504, "NORMAL";
P_0x55b5e1e5baa0 .param/str "WRITEMODE_B" 0 2 505, "NORMAL";
o0x7fc736366018 .functor BUFZ 1, C4<z>; HiZ drive
v0x55b5e1da9090_0 .net "ADA0", 0 0, o0x7fc736366018;  0 drivers
o0x7fc736366048 .functor BUFZ 1, C4<z>; HiZ drive
v0x55b5e1da8f30_0 .net "ADA1", 0 0, o0x7fc736366048;  0 drivers
o0x7fc736366078 .functor BUFZ 1, C4<z>; HiZ drive
v0x55b5e1da8dd0_0 .net "ADA10", 0 0, o0x7fc736366078;  0 drivers
o0x7fc7363660a8 .functor BUFZ 1, C4<z>; HiZ drive
v0x55b5e1da8c70_0 .net "ADA11", 0 0, o0x7fc7363660a8;  0 drivers
o0x7fc7363660d8 .functor BUFZ 1, C4<z>; HiZ drive
v0x55b5e1e45b60_0 .net "ADA12", 0 0, o0x7fc7363660d8;  0 drivers
o0x7fc736366108 .functor BUFZ 1, C4<z>; HiZ drive
v0x55b5e1e6e680_0 .net "ADA13", 0 0, o0x7fc736366108;  0 drivers
o0x7fc736366138 .functor BUFZ 1, C4<z>; HiZ drive
v0x55b5e1e6e740_0 .net "ADA2", 0 0, o0x7fc736366138;  0 drivers
o0x7fc736366168 .functor BUFZ 1, C4<z>; HiZ drive
v0x55b5e1e6e800_0 .net "ADA3", 0 0, o0x7fc736366168;  0 drivers
o0x7fc736366198 .functor BUFZ 1, C4<z>; HiZ drive
v0x55b5e1e6e8c0_0 .net "ADA4", 0 0, o0x7fc736366198;  0 drivers
o0x7fc7363661c8 .functor BUFZ 1, C4<z>; HiZ drive
v0x55b5e1e6e980_0 .net "ADA5", 0 0, o0x7fc7363661c8;  0 drivers
o0x7fc7363661f8 .functor BUFZ 1, C4<z>; HiZ drive
v0x55b5e1e6ea40_0 .net "ADA6", 0 0, o0x7fc7363661f8;  0 drivers
o0x7fc736366228 .functor BUFZ 1, C4<z>; HiZ drive
v0x55b5e1e6eb00_0 .net "ADA7", 0 0, o0x7fc736366228;  0 drivers
o0x7fc736366258 .functor BUFZ 1, C4<z>; HiZ drive
v0x55b5e1e6ebc0_0 .net "ADA8", 0 0, o0x7fc736366258;  0 drivers
o0x7fc736366288 .functor BUFZ 1, C4<z>; HiZ drive
v0x55b5e1e6ec80_0 .net "ADA9", 0 0, o0x7fc736366288;  0 drivers
o0x7fc7363662b8 .functor BUFZ 1, C4<z>; HiZ drive
v0x55b5e1e6ed40_0 .net "ADB0", 0 0, o0x7fc7363662b8;  0 drivers
o0x7fc7363662e8 .functor BUFZ 1, C4<z>; HiZ drive
v0x55b5e1e6ee00_0 .net "ADB1", 0 0, o0x7fc7363662e8;  0 drivers
o0x7fc736366318 .functor BUFZ 1, C4<z>; HiZ drive
v0x55b5e1e6eec0_0 .net "ADB10", 0 0, o0x7fc736366318;  0 drivers
o0x7fc736366348 .functor BUFZ 1, C4<z>; HiZ drive
v0x55b5e1e6ef80_0 .net "ADB11", 0 0, o0x7fc736366348;  0 drivers
o0x7fc736366378 .functor BUFZ 1, C4<z>; HiZ drive
v0x55b5e1e6f040_0 .net "ADB12", 0 0, o0x7fc736366378;  0 drivers
o0x7fc7363663a8 .functor BUFZ 1, C4<z>; HiZ drive
v0x55b5e1e6f100_0 .net "ADB13", 0 0, o0x7fc7363663a8;  0 drivers
o0x7fc7363663d8 .functor BUFZ 1, C4<z>; HiZ drive
v0x55b5e1e6f1c0_0 .net "ADB2", 0 0, o0x7fc7363663d8;  0 drivers
o0x7fc736366408 .functor BUFZ 1, C4<z>; HiZ drive
v0x55b5e1e6f280_0 .net "ADB3", 0 0, o0x7fc736366408;  0 drivers
o0x7fc736366438 .functor BUFZ 1, C4<z>; HiZ drive
v0x55b5e1e6f340_0 .net "ADB4", 0 0, o0x7fc736366438;  0 drivers
o0x7fc736366468 .functor BUFZ 1, C4<z>; HiZ drive
v0x55b5e1e6f400_0 .net "ADB5", 0 0, o0x7fc736366468;  0 drivers
o0x7fc736366498 .functor BUFZ 1, C4<z>; HiZ drive
v0x55b5e1e6f4c0_0 .net "ADB6", 0 0, o0x7fc736366498;  0 drivers
o0x7fc7363664c8 .functor BUFZ 1, C4<z>; HiZ drive
v0x55b5e1e6f580_0 .net "ADB7", 0 0, o0x7fc7363664c8;  0 drivers
o0x7fc7363664f8 .functor BUFZ 1, C4<z>; HiZ drive
v0x55b5e1e6f640_0 .net "ADB8", 0 0, o0x7fc7363664f8;  0 drivers
o0x7fc736366528 .functor BUFZ 1, C4<z>; HiZ drive
v0x55b5e1e6f700_0 .net "ADB9", 0 0, o0x7fc736366528;  0 drivers
o0x7fc736366558 .functor BUFZ 1, C4<z>; HiZ drive
v0x55b5e1e6f7c0_0 .net "CEA", 0 0, o0x7fc736366558;  0 drivers
o0x7fc736366588 .functor BUFZ 1, C4<z>; HiZ drive
v0x55b5e1e6f880_0 .net "CEB", 0 0, o0x7fc736366588;  0 drivers
o0x7fc7363665b8 .functor BUFZ 1, C4<z>; HiZ drive
v0x55b5e1e6f940_0 .net "CLKA", 0 0, o0x7fc7363665b8;  0 drivers
o0x7fc7363665e8 .functor BUFZ 1, C4<z>; HiZ drive
v0x55b5e1e6fa00_0 .net "CLKB", 0 0, o0x7fc7363665e8;  0 drivers
o0x7fc736366618 .functor BUFZ 1, C4<z>; HiZ drive
v0x55b5e1e6fac0_0 .net "CSA0", 0 0, o0x7fc736366618;  0 drivers
o0x7fc736366648 .functor BUFZ 1, C4<z>; HiZ drive
v0x55b5e1e6fb80_0 .net "CSA1", 0 0, o0x7fc736366648;  0 drivers
o0x7fc736366678 .functor BUFZ 1, C4<z>; HiZ drive
v0x55b5e1e6fc40_0 .net "CSA2", 0 0, o0x7fc736366678;  0 drivers
o0x7fc7363666a8 .functor BUFZ 1, C4<z>; HiZ drive
v0x55b5e1e6fd00_0 .net "CSB0", 0 0, o0x7fc7363666a8;  0 drivers
o0x7fc7363666d8 .functor BUFZ 1, C4<z>; HiZ drive
v0x55b5e1e6fdc0_0 .net "CSB1", 0 0, o0x7fc7363666d8;  0 drivers
o0x7fc736366708 .functor BUFZ 1, C4<z>; HiZ drive
v0x55b5e1e6fe80_0 .net "CSB2", 0 0, o0x7fc736366708;  0 drivers
o0x7fc736366738 .functor BUFZ 1, C4<z>; HiZ drive
v0x55b5e1e6ff40_0 .net "DIA0", 0 0, o0x7fc736366738;  0 drivers
o0x7fc736366768 .functor BUFZ 1, C4<z>; HiZ drive
v0x55b5e1e70000_0 .net "DIA1", 0 0, o0x7fc736366768;  0 drivers
o0x7fc736366798 .functor BUFZ 1, C4<z>; HiZ drive
v0x55b5e1e700c0_0 .net "DIA10", 0 0, o0x7fc736366798;  0 drivers
o0x7fc7363667c8 .functor BUFZ 1, C4<z>; HiZ drive
v0x55b5e1e70180_0 .net "DIA11", 0 0, o0x7fc7363667c8;  0 drivers
o0x7fc7363667f8 .functor BUFZ 1, C4<z>; HiZ drive
v0x55b5e1e70240_0 .net "DIA12", 0 0, o0x7fc7363667f8;  0 drivers
o0x7fc736366828 .functor BUFZ 1, C4<z>; HiZ drive
v0x55b5e1e70300_0 .net "DIA13", 0 0, o0x7fc736366828;  0 drivers
o0x7fc736366858 .functor BUFZ 1, C4<z>; HiZ drive
v0x55b5e1e703c0_0 .net "DIA14", 0 0, o0x7fc736366858;  0 drivers
o0x7fc736366888 .functor BUFZ 1, C4<z>; HiZ drive
v0x55b5e1e70480_0 .net "DIA15", 0 0, o0x7fc736366888;  0 drivers
o0x7fc7363668b8 .functor BUFZ 1, C4<z>; HiZ drive
v0x55b5e1e70540_0 .net "DIA16", 0 0, o0x7fc7363668b8;  0 drivers
o0x7fc7363668e8 .functor BUFZ 1, C4<z>; HiZ drive
v0x55b5e1e70600_0 .net "DIA17", 0 0, o0x7fc7363668e8;  0 drivers
o0x7fc736366918 .functor BUFZ 1, C4<z>; HiZ drive
v0x55b5e1e706c0_0 .net "DIA2", 0 0, o0x7fc736366918;  0 drivers
o0x7fc736366948 .functor BUFZ 1, C4<z>; HiZ drive
v0x55b5e1e70780_0 .net "DIA3", 0 0, o0x7fc736366948;  0 drivers
o0x7fc736366978 .functor BUFZ 1, C4<z>; HiZ drive
v0x55b5e1e70840_0 .net "DIA4", 0 0, o0x7fc736366978;  0 drivers
o0x7fc7363669a8 .functor BUFZ 1, C4<z>; HiZ drive
v0x55b5e1e70900_0 .net "DIA5", 0 0, o0x7fc7363669a8;  0 drivers
o0x7fc7363669d8 .functor BUFZ 1, C4<z>; HiZ drive
v0x55b5e1e709c0_0 .net "DIA6", 0 0, o0x7fc7363669d8;  0 drivers
o0x7fc736366a08 .functor BUFZ 1, C4<z>; HiZ drive
v0x55b5e1e70a80_0 .net "DIA7", 0 0, o0x7fc736366a08;  0 drivers
o0x7fc736366a38 .functor BUFZ 1, C4<z>; HiZ drive
v0x55b5e1e70b40_0 .net "DIA8", 0 0, o0x7fc736366a38;  0 drivers
o0x7fc736366a68 .functor BUFZ 1, C4<z>; HiZ drive
v0x55b5e1e70c00_0 .net "DIA9", 0 0, o0x7fc736366a68;  0 drivers
o0x7fc736366a98 .functor BUFZ 1, C4<z>; HiZ drive
v0x55b5e1e70cc0_0 .net "DIB0", 0 0, o0x7fc736366a98;  0 drivers
o0x7fc736366ac8 .functor BUFZ 1, C4<z>; HiZ drive
v0x55b5e1e70d80_0 .net "DIB1", 0 0, o0x7fc736366ac8;  0 drivers
o0x7fc736366af8 .functor BUFZ 1, C4<z>; HiZ drive
v0x55b5e1e70e40_0 .net "DIB10", 0 0, o0x7fc736366af8;  0 drivers
o0x7fc736366b28 .functor BUFZ 1, C4<z>; HiZ drive
v0x55b5e1e70f00_0 .net "DIB11", 0 0, o0x7fc736366b28;  0 drivers
o0x7fc736366b58 .functor BUFZ 1, C4<z>; HiZ drive
v0x55b5e1e70fc0_0 .net "DIB12", 0 0, o0x7fc736366b58;  0 drivers
o0x7fc736366b88 .functor BUFZ 1, C4<z>; HiZ drive
v0x55b5e1e71080_0 .net "DIB13", 0 0, o0x7fc736366b88;  0 drivers
o0x7fc736366bb8 .functor BUFZ 1, C4<z>; HiZ drive
v0x55b5e1e71140_0 .net "DIB14", 0 0, o0x7fc736366bb8;  0 drivers
o0x7fc736366be8 .functor BUFZ 1, C4<z>; HiZ drive
v0x55b5e1e71200_0 .net "DIB15", 0 0, o0x7fc736366be8;  0 drivers
o0x7fc736366c18 .functor BUFZ 1, C4<z>; HiZ drive
v0x55b5e1e712c0_0 .net "DIB16", 0 0, o0x7fc736366c18;  0 drivers
o0x7fc736366c48 .functor BUFZ 1, C4<z>; HiZ drive
v0x55b5e1e71790_0 .net "DIB17", 0 0, o0x7fc736366c48;  0 drivers
o0x7fc736366c78 .functor BUFZ 1, C4<z>; HiZ drive
v0x55b5e1e71850_0 .net "DIB2", 0 0, o0x7fc736366c78;  0 drivers
o0x7fc736366ca8 .functor BUFZ 1, C4<z>; HiZ drive
v0x55b5e1e71910_0 .net "DIB3", 0 0, o0x7fc736366ca8;  0 drivers
o0x7fc736366cd8 .functor BUFZ 1, C4<z>; HiZ drive
v0x55b5e1e719d0_0 .net "DIB4", 0 0, o0x7fc736366cd8;  0 drivers
o0x7fc736366d08 .functor BUFZ 1, C4<z>; HiZ drive
v0x55b5e1e71a90_0 .net "DIB5", 0 0, o0x7fc736366d08;  0 drivers
o0x7fc736366d38 .functor BUFZ 1, C4<z>; HiZ drive
v0x55b5e1e71b50_0 .net "DIB6", 0 0, o0x7fc736366d38;  0 drivers
o0x7fc736366d68 .functor BUFZ 1, C4<z>; HiZ drive
v0x55b5e1e71c10_0 .net "DIB7", 0 0, o0x7fc736366d68;  0 drivers
o0x7fc736366d98 .functor BUFZ 1, C4<z>; HiZ drive
v0x55b5e1e71cd0_0 .net "DIB8", 0 0, o0x7fc736366d98;  0 drivers
o0x7fc736366dc8 .functor BUFZ 1, C4<z>; HiZ drive
v0x55b5e1e71d90_0 .net "DIB9", 0 0, o0x7fc736366dc8;  0 drivers
o0x7fc736366df8 .functor BUFZ 1, C4<z>; HiZ drive
v0x55b5e1e71e50_0 .net "DOA0", 0 0, o0x7fc736366df8;  0 drivers
o0x7fc736366e28 .functor BUFZ 1, C4<z>; HiZ drive
v0x55b5e1e71f10_0 .net "DOA1", 0 0, o0x7fc736366e28;  0 drivers
o0x7fc736366e58 .functor BUFZ 1, C4<z>; HiZ drive
v0x55b5e1e71fd0_0 .net "DOA10", 0 0, o0x7fc736366e58;  0 drivers
o0x7fc736366e88 .functor BUFZ 1, C4<z>; HiZ drive
v0x55b5e1e72090_0 .net "DOA11", 0 0, o0x7fc736366e88;  0 drivers
o0x7fc736366eb8 .functor BUFZ 1, C4<z>; HiZ drive
v0x55b5e1e72150_0 .net "DOA12", 0 0, o0x7fc736366eb8;  0 drivers
o0x7fc736366ee8 .functor BUFZ 1, C4<z>; HiZ drive
v0x55b5e1e72210_0 .net "DOA13", 0 0, o0x7fc736366ee8;  0 drivers
o0x7fc736366f18 .functor BUFZ 1, C4<z>; HiZ drive
v0x55b5e1e722d0_0 .net "DOA14", 0 0, o0x7fc736366f18;  0 drivers
o0x7fc736366f48 .functor BUFZ 1, C4<z>; HiZ drive
v0x55b5e1e72390_0 .net "DOA15", 0 0, o0x7fc736366f48;  0 drivers
o0x7fc736366f78 .functor BUFZ 1, C4<z>; HiZ drive
v0x55b5e1e72450_0 .net "DOA16", 0 0, o0x7fc736366f78;  0 drivers
o0x7fc736366fa8 .functor BUFZ 1, C4<z>; HiZ drive
v0x55b5e1e72510_0 .net "DOA17", 0 0, o0x7fc736366fa8;  0 drivers
o0x7fc736366fd8 .functor BUFZ 1, C4<z>; HiZ drive
v0x55b5e1e725d0_0 .net "DOA2", 0 0, o0x7fc736366fd8;  0 drivers
o0x7fc736367008 .functor BUFZ 1, C4<z>; HiZ drive
v0x55b5e1e72690_0 .net "DOA3", 0 0, o0x7fc736367008;  0 drivers
o0x7fc736367038 .functor BUFZ 1, C4<z>; HiZ drive
v0x55b5e1e72750_0 .net "DOA4", 0 0, o0x7fc736367038;  0 drivers
o0x7fc736367068 .functor BUFZ 1, C4<z>; HiZ drive
v0x55b5e1e72810_0 .net "DOA5", 0 0, o0x7fc736367068;  0 drivers
o0x7fc736367098 .functor BUFZ 1, C4<z>; HiZ drive
v0x55b5e1e728d0_0 .net "DOA6", 0 0, o0x7fc736367098;  0 drivers
o0x7fc7363670c8 .functor BUFZ 1, C4<z>; HiZ drive
v0x55b5e1e72990_0 .net "DOA7", 0 0, o0x7fc7363670c8;  0 drivers
o0x7fc7363670f8 .functor BUFZ 1, C4<z>; HiZ drive
v0x55b5e1e72a50_0 .net "DOA8", 0 0, o0x7fc7363670f8;  0 drivers
o0x7fc736367128 .functor BUFZ 1, C4<z>; HiZ drive
v0x55b5e1e72b10_0 .net "DOA9", 0 0, o0x7fc736367128;  0 drivers
o0x7fc736367158 .functor BUFZ 1, C4<z>; HiZ drive
v0x55b5e1e72bd0_0 .net "DOB0", 0 0, o0x7fc736367158;  0 drivers
o0x7fc736367188 .functor BUFZ 1, C4<z>; HiZ drive
v0x55b5e1e72c90_0 .net "DOB1", 0 0, o0x7fc736367188;  0 drivers
o0x7fc7363671b8 .functor BUFZ 1, C4<z>; HiZ drive
v0x55b5e1e72d50_0 .net "DOB10", 0 0, o0x7fc7363671b8;  0 drivers
o0x7fc7363671e8 .functor BUFZ 1, C4<z>; HiZ drive
v0x55b5e1e72e10_0 .net "DOB11", 0 0, o0x7fc7363671e8;  0 drivers
o0x7fc736367218 .functor BUFZ 1, C4<z>; HiZ drive
v0x55b5e1e72ed0_0 .net "DOB12", 0 0, o0x7fc736367218;  0 drivers
o0x7fc736367248 .functor BUFZ 1, C4<z>; HiZ drive
v0x55b5e1e72f90_0 .net "DOB13", 0 0, o0x7fc736367248;  0 drivers
o0x7fc736367278 .functor BUFZ 1, C4<z>; HiZ drive
v0x55b5e1e73050_0 .net "DOB14", 0 0, o0x7fc736367278;  0 drivers
o0x7fc7363672a8 .functor BUFZ 1, C4<z>; HiZ drive
v0x55b5e1e73110_0 .net "DOB15", 0 0, o0x7fc7363672a8;  0 drivers
o0x7fc7363672d8 .functor BUFZ 1, C4<z>; HiZ drive
v0x55b5e1e731d0_0 .net "DOB16", 0 0, o0x7fc7363672d8;  0 drivers
o0x7fc736367308 .functor BUFZ 1, C4<z>; HiZ drive
v0x55b5e1e73290_0 .net "DOB17", 0 0, o0x7fc736367308;  0 drivers
o0x7fc736367338 .functor BUFZ 1, C4<z>; HiZ drive
v0x55b5e1e73350_0 .net "DOB2", 0 0, o0x7fc736367338;  0 drivers
o0x7fc736367368 .functor BUFZ 1, C4<z>; HiZ drive
v0x55b5e1e73410_0 .net "DOB3", 0 0, o0x7fc736367368;  0 drivers
o0x7fc736367398 .functor BUFZ 1, C4<z>; HiZ drive
v0x55b5e1e734d0_0 .net "DOB4", 0 0, o0x7fc736367398;  0 drivers
o0x7fc7363673c8 .functor BUFZ 1, C4<z>; HiZ drive
v0x55b5e1e73590_0 .net "DOB5", 0 0, o0x7fc7363673c8;  0 drivers
o0x7fc7363673f8 .functor BUFZ 1, C4<z>; HiZ drive
v0x55b5e1e73650_0 .net "DOB6", 0 0, o0x7fc7363673f8;  0 drivers
o0x7fc736367428 .functor BUFZ 1, C4<z>; HiZ drive
v0x55b5e1e73710_0 .net "DOB7", 0 0, o0x7fc736367428;  0 drivers
o0x7fc736367458 .functor BUFZ 1, C4<z>; HiZ drive
v0x55b5e1e737d0_0 .net "DOB8", 0 0, o0x7fc736367458;  0 drivers
o0x7fc736367488 .functor BUFZ 1, C4<z>; HiZ drive
v0x55b5e1e73890_0 .net "DOB9", 0 0, o0x7fc736367488;  0 drivers
o0x7fc7363674b8 .functor BUFZ 1, C4<z>; HiZ drive
v0x55b5e1e73950_0 .net "OCEA", 0 0, o0x7fc7363674b8;  0 drivers
o0x7fc7363674e8 .functor BUFZ 1, C4<z>; HiZ drive
v0x55b5e1e73a10_0 .net "OCEB", 0 0, o0x7fc7363674e8;  0 drivers
o0x7fc736367518 .functor BUFZ 1, C4<z>; HiZ drive
v0x55b5e1e73ad0_0 .net "RSTA", 0 0, o0x7fc736367518;  0 drivers
o0x7fc736367548 .functor BUFZ 1, C4<z>; HiZ drive
v0x55b5e1e73b90_0 .net "RSTB", 0 0, o0x7fc736367548;  0 drivers
o0x7fc736367578 .functor BUFZ 1, C4<z>; HiZ drive
v0x55b5e1e73c50_0 .net "WEA", 0 0, o0x7fc736367578;  0 drivers
o0x7fc7363675a8 .functor BUFZ 1, C4<z>; HiZ drive
v0x55b5e1e73d10_0 .net "WEB", 0 0, o0x7fc7363675a8;  0 drivers
S_0x55b5e1e47d10 .scope module, "DPR16X4C" "DPR16X4C" 2 153;
 .timescale 0 0;
    .port_info 0 /INPUT 4 "DI";
    .port_info 1 /INPUT 1 "WCK";
    .port_info 2 /INPUT 1 "WRE";
    .port_info 3 /INPUT 4 "RAD";
    .port_info 4 /INPUT 4 "WAD";
    .port_info 5 /OUTPUT 4 "DO";
P_0x55b5e1dfa610 .param/str "INITVAL" 0 2 162, "0x0000000000000000";
P_0x55b5e1dfa650 .param/l "conv_initval" 1 2 192, C4<0000000000000000000000000000000000000000000000000000000000000000>;
L_0x55b5e1e533f0 .functor BUFZ 4, L_0x55b5e1e83000, C4<0000>, C4<0000>, C4<0000>;
o0x7fc736368cb8 .functor BUFZ 4, C4<zzzz>; HiZ drive
v0x55b5e1e755d0_0 .net "DI", 3 0, o0x7fc736368cb8;  0 drivers
v0x55b5e1e756d0_0 .net "DO", 3 0, L_0x55b5e1e533f0;  1 drivers
o0x7fc736368d18 .functor BUFZ 4, C4<zzzz>; HiZ drive
v0x55b5e1e757b0_0 .net "RAD", 3 0, o0x7fc736368d18;  0 drivers
o0x7fc736368d48 .functor BUFZ 4, C4<zzzz>; HiZ drive
v0x55b5e1e75870_0 .net "WAD", 3 0, o0x7fc736368d48;  0 drivers
o0x7fc736368d78 .functor BUFZ 1, C4<z>; HiZ drive
v0x55b5e1e75950_0 .net "WCK", 0 0, o0x7fc736368d78;  0 drivers
o0x7fc736368da8 .functor BUFZ 1, C4<z>; HiZ drive
v0x55b5e1e75a60_0 .net "WRE", 0 0, o0x7fc736368da8;  0 drivers
v0x55b5e1e75b20_0 .net *"_ivl_0", 3 0, L_0x55b5e1e83000;  1 drivers
v0x55b5e1e75c00_0 .net *"_ivl_2", 5 0, L_0x55b5e1e83100;  1 drivers
L_0x7fc73631d018 .functor BUFT 1, C4<00>, C4<0>, C4<0>, C4<0>;
v0x55b5e1e75ce0_0 .net *"_ivl_5", 1 0, L_0x7fc73631d018;  1 drivers
v0x55b5e1e75dc0_0 .var/i "i", 31 0;
v0x55b5e1e75ea0 .array "ram", 15 0, 3 0;
E_0x55b5e1e57fe0 .event posedge, v0x55b5e1e75950_0;
L_0x55b5e1e83000 .array/port v0x55b5e1e75ea0, L_0x55b5e1e83100;
L_0x55b5e1e83100 .concat [ 4 2 0 0], o0x7fc736368d18, L_0x7fc73631d018;
S_0x55b5e1e54710 .scope function.vec4.s64, "convert_initval" "convert_initval" 2 164, 2 164 0, S_0x55b5e1e47d10;
 .timescale 0 0;
v0x55b5e1e75060_0 .var "char", 7 0;
; Variable convert_initval is vec4 return value of scope S_0x55b5e1e54710
v0x55b5e1e75240_0 .var "done", 0 0;
v0x55b5e1e752e0_0 .var "hex_initval", 143 0;
v0x55b5e1e753c0_0 .var/i "i", 31 0;
v0x55b5e1e754f0_0 .var "temp", 63 0;
TD_DPR16X4C.convert_initval ;
    %pushi/vec4 0, 0, 1;
    %store/vec4 v0x55b5e1e75240_0, 0, 1;
    %pushi/vec4 0, 0, 64;
    %store/vec4 v0x55b5e1e754f0_0, 0, 64;
    %pushi/vec4 0, 0, 32;
    %store/vec4 v0x55b5e1e753c0_0, 0, 32;
T_0.0 ;
    %load/vec4 v0x55b5e1e753c0_0;
    %cmpi/s 16, 0, 32;
    %jmp/0xz T_0.1, 5;
    %load/vec4 v0x55b5e1e75240_0;
    %nor/r;
    %flag_set/vec4 8;
    %jmp/0xz  T_0.2, 8;
    %load/vec4 v0x55b5e1e752e0_0;
    %load/vec4 v0x55b5e1e753c0_0;
    %muli 8, 0, 32;
    %part/s 8;
    %store/vec4 v0x55b5e1e75060_0, 0, 8;
    %load/vec4 v0x55b5e1e75060_0;
    %pushi/vec4 120, 0, 8; draw_string_vec4
    %cmp/e;
    %jmp/0xz  T_0.4, 4;
    %pushi/vec4 1, 0, 1;
    %store/vec4 v0x55b5e1e75240_0, 0, 1;
    %jmp T_0.5;
T_0.4 ;
    %pushi/vec4 48, 0, 8; draw_string_vec4
    %load/vec4 v0x55b5e1e75060_0;
    %cmp/u;
    %flag_get/vec4 4;
    %flag_get/vec4 5;
    %or;
    %load/vec4 v0x55b5e1e75060_0;
    %pushi/vec4 57, 0, 8; draw_string_vec4
    %cmp/u;
    %flag_get/vec4 4;
    %flag_get/vec4 5;
    %or;
    %and;
    %flag_set/vec4 8;
    %jmp/0xz  T_0.6, 8;
    %load/vec4 v0x55b5e1e75060_0;
    %pushi/vec4 48, 0, 8; draw_string_vec4
    %sub;
    %pad/u 4;
    %load/vec4 v0x55b5e1e753c0_0;
    %muli 4, 0, 32;
    %ix/vec4/s 4;
    %store/vec4 v0x55b5e1e754f0_0, 4, 4;
    %jmp T_0.7;
T_0.6 ;
    %pushi/vec4 65, 0, 8; draw_string_vec4
    %load/vec4 v0x55b5e1e75060_0;
    %cmp/u;
    %flag_get/vec4 4;
    %flag_get/vec4 5;
    %or;
    %load/vec4 v0x55b5e1e75060_0;
    %pushi/vec4 70, 0, 8; draw_string_vec4
    %cmp/u;
    %flag_get/vec4 4;
    %flag_get/vec4 5;
    %or;
    %and;
    %flag_set/vec4 8;
    %jmp/0xz  T_0.8, 8;
    %pushi/vec4 10, 0, 8;
    %load/vec4 v0x55b5e1e75060_0;
    %add;
    %pushi/vec4 65, 0, 8; draw_string_vec4
    %sub;
    %pad/u 4;
    %load/vec4 v0x55b5e1e753c0_0;
    %muli 4, 0, 32;
    %ix/vec4/s 4;
    %store/vec4 v0x55b5e1e754f0_0, 4, 4;
    %jmp T_0.9;
T_0.8 ;
    %pushi/vec4 97, 0, 8; draw_string_vec4
    %load/vec4 v0x55b5e1e75060_0;
    %cmp/u;
    %flag_get/vec4 4;
    %flag_get/vec4 5;
    %or;
    %load/vec4 v0x55b5e1e75060_0;
    %pushi/vec4 102, 0, 8; draw_string_vec4
    %cmp/u;
    %flag_get/vec4 4;
    %flag_get/vec4 5;
    %or;
    %and;
    %flag_set/vec4 8;
    %jmp/0xz  T_0.10, 8;
    %pushi/vec4 10, 0, 8;
    %load/vec4 v0x55b5e1e75060_0;
    %add;
    %pushi/vec4 97, 0, 8; draw_string_vec4
    %sub;
    %pad/u 4;
    %load/vec4 v0x55b5e1e753c0_0;
    %muli 4, 0, 32;
    %ix/vec4/s 4;
    %store/vec4 v0x55b5e1e754f0_0, 4, 4;
T_0.10 ;
T_0.9 ;
T_0.7 ;
T_0.5 ;
T_0.2 ;
    %load/vec4 v0x55b5e1e753c0_0;
    %addi 1, 0, 32;
    %store/vec4 v0x55b5e1e753c0_0, 0, 32;
    %jmp T_0.0;
T_0.1 ;
    %load/vec4 v0x55b5e1e754f0_0;
    %ret/vec4 0, 0, 64;  Assign to convert_initval (store_vec4_to_lval)
    %end;
S_0x55b5e1e480c0 .scope module, "INV" "INV" 2 299;
 .timescale 0 0;
    .port_info 0 /INPUT 1 "A";
    .port_info 1 /OUTPUT 1 "Z";
o0x7fc736368fb8 .functor BUFZ 1, C4<z>; HiZ drive
v0x55b5e1e76020_0 .net "A", 0 0, o0x7fc736368fb8;  0 drivers
v0x55b5e1e76100_0 .net "Z", 0 0, L_0x55b5e1e83270;  1 drivers
L_0x55b5e1e83270 .reduce/nor o0x7fc736368fb8;
S_0x55b5e1e46aa0 .scope module, "TRELLIS_DPR16X4" "TRELLIS_DPR16X4" 2 112;
 .timescale 0 0;
    .port_info 0 /INPUT 4 "DI";
    .port_info 1 /INPUT 4 "WAD";
    .port_info 2 /INPUT 1 "WRE";
    .port_info 3 /INPUT 1 "WCK";
    .port_info 4 /INPUT 4 "RAD";
    .port_info 5 /OUTPUT 4 "DO";
P_0x55b5e1e12460 .param/l "INITVAL" 0 2 123, C4<0000000000000000000000000000000000000000000000000000000000000000>;
P_0x55b5e1e124a0 .param/str "WCKMUX" 0 2 121, "WCK";
P_0x55b5e1e124e0 .param/str "WREMUX" 0 2 122, "WRE";
o0x7fc736369138 .functor BUFZ 1, C4<z>; HiZ drive
L_0x55b5e1e83340 .functor BUFZ 1, o0x7fc736369138, C4<0>, C4<0>, C4<0>;
L_0x55b5e1e83680 .functor BUFZ 4, L_0x55b5e1e83410, C4<0000>, C4<0000>, C4<0000>;
o0x7fc736369078 .functor BUFZ 4, C4<zzzz>; HiZ drive
v0x55b5e1e76260_0 .net "DI", 3 0, o0x7fc736369078;  0 drivers
v0x55b5e1e76360_0 .net "DO", 3 0, L_0x55b5e1e83680;  1 drivers
o0x7fc7363690d8 .functor BUFZ 4, C4<zzzz>; HiZ drive
v0x55b5e1e76440_0 .net "RAD", 3 0, o0x7fc7363690d8;  0 drivers
o0x7fc736369108 .functor BUFZ 4, C4<zzzz>; HiZ drive
v0x55b5e1e76500_0 .net "WAD", 3 0, o0x7fc736369108;  0 drivers
v0x55b5e1e765e0_0 .net "WCK", 0 0, o0x7fc736369138;  0 drivers
o0x7fc736369168 .functor BUFZ 1, C4<z>; HiZ drive
v0x55b5e1e766a0_0 .net "WRE", 0 0, o0x7fc736369168;  0 drivers
v0x55b5e1e76760_0 .net *"_ivl_2", 3 0, L_0x55b5e1e83410;  1 drivers
v0x55b5e1e76840_0 .net *"_ivl_4", 5 0, L_0x55b5e1e83510;  1 drivers
L_0x7fc73631d060 .functor BUFT 1, C4<00>, C4<0>, C4<0>, C4<0>;
v0x55b5e1e76920_0 .net *"_ivl_7", 1 0, L_0x7fc73631d060;  1 drivers
v0x55b5e1e76a00_0 .var/i "i", 31 0;
v0x55b5e1e76ae0 .array "mem", 0 15, 3 0;
v0x55b5e1e76ba0_0 .net "muxwck", 0 0, L_0x55b5e1e83340;  1 drivers
v0x55b5e1e76c60_0 .var "muxwre", 0 0;
E_0x55b5e1d73cd0 .event posedge, v0x55b5e1e76ba0_0;
E_0x55b5e1e58130 .event edge, v0x55b5e1e766a0_0;
L_0x55b5e1e83410 .array/port v0x55b5e1e76ae0, L_0x55b5e1e83510;
L_0x55b5e1e83510 .concat [ 4 2 0 0], o0x7fc7363690d8, L_0x7fc73631d060;
S_0x55b5e1e46e50 .scope module, "TRELLIS_IO" "TRELLIS_IO" 2 270;
 .timescale 0 0;
    .port_info 0 /INOUT 1 "B";
    .port_info 1 /INPUT 1 "I";
    .port_info 2 /INPUT 1 "T";
    .port_info 3 /OUTPUT 1 "O";
P_0x55b5e1de1c40 .param/str "DIR" 0 2 276, "INPUT";
o0x7fc7363693d8 .functor BUFZ 1, C4<z>; HiZ drive
v0x55b5e1e77010_0 .net "B", 0 0, o0x7fc7363693d8;  0 drivers
o0x7fc736369408 .functor BUFZ 1, C4<z>; HiZ drive
v0x55b5e1e770f0_0 .net "I", 0 0, o0x7fc736369408;  0 drivers
v0x55b5e1e771b0_0 .net "O", 0 0, L_0x55b5e1e83740;  1 drivers
o0x7fc736369468 .functor BUFZ 1, C4<z>; HiZ drive
v0x55b5e1e77250_0 .net "T", 0 0, o0x7fc736369468;  0 drivers
v0x55b5e1e77310_0 .var "T_pd", 0 0;
E_0x55b5e1d5b3a0 .event edge, v0x55b5e1e77250_0;
S_0x55b5e1e76e60 .scope generate, "genblk1" "genblk1" 2 281, 2 281 0, S_0x55b5e1e46e50;
 .timescale 0 0;
L_0x55b5e1e83740 .functor BUFZ 1, o0x7fc7363693d8, C4<0>, C4<0>, C4<0>;
S_0x55b5e1e47200 .scope module, "TRELLIS_SLICE" "TRELLIS_SLICE" 2 305;
 .timescale 0 0;
    .port_info 0 /INPUT 1 "A0";
    .port_info 1 /INPUT 1 "B0";
    .port_info 2 /INPUT 1 "C0";
    .port_info 3 /INPUT 1 "D0";
    .port_info 4 /INPUT 1 "A1";
    .port_info 5 /INPUT 1 "B1";
    .port_info 6 /INPUT 1 "C1";
    .port_info 7 /INPUT 1 "D1";
    .port_info 8 /INPUT 1 "M0";
    .port_info 9 /INPUT 1 "M1";
    .port_info 10 /INPUT 1 "FCI";
    .port_info 11 /INPUT 1 "FXA";
    .port_info 12 /INPUT 1 "FXB";
    .port_info 13 /INPUT 1 "CLK";
    .port_info 14 /INPUT 1 "LSR";
    .port_info 15 /INPUT 1 "CE";
    .port_info 16 /INPUT 1 "DI0";
    .port_info 17 /INPUT 1 "DI1";
    .port_info 18 /INPUT 1 "WD0";
    .port_info 19 /INPUT 1 "WD1";
    .port_info 20 /INPUT 1 "WAD0";
    .port_info 21 /INPUT 1 "WAD1";
    .port_info 22 /INPUT 1 "WAD2";
    .port_info 23 /INPUT 1 "WAD3";
    .port_info 24 /INPUT 1 "WRE";
    .port_info 25 /INPUT 1 "WCK";
    .port_info 26 /OUTPUT 1 "F0";
    .port_info 27 /OUTPUT 1 "Q0";
    .port_info 28 /OUTPUT 1 "F1";
    .port_info 29 /OUTPUT 1 "Q1";
    .port_info 30 /OUTPUT 1 "FCO";
    .port_info 31 /OUTPUT 1 "OFX0";
    .port_info 32 /OUTPUT 1 "OFX1";
    .port_info 33 /OUTPUT 1 "WDO0";
    .port_info 34 /OUTPUT 1 "WDO1";
    .port_info 35 /OUTPUT 1 "WDO2";
    .port_info 36 /OUTPUT 1 "WDO3";
    .port_info 37 /OUTPUT 1 "WADO0";
    .port_info 38 /OUTPUT 1 "WADO1";
    .port_info 39 /OUTPUT 1 "WADO2";
    .port_info 40 /OUTPUT 1 "WADO3";
P_0x55b5e1e5c5e0 .param/str "A0MUX" 0 2 345, "A0";
P_0x55b5e1e5c620 .param/str "A1MUX" 0 2 346, "A1";
P_0x55b5e1e5c660 .param/str "B0MUX" 0 2 347, "B0";
P_0x55b5e1e5c6a0 .param/str "B1MUX" 0 2 348, "B1";
P_0x55b5e1e5c6e0 .param/str "C0MUX" 0 2 349, "C0";
P_0x55b5e1e5c720 .param/str "C1MUX" 0 2 350, "C1";
P_0x55b5e1e5c760 .param/str "CCU2_INJECT1_0" 0 2 340, "\000\000\000\000\000\000\000\000\000\000\000\000\000\000NO";
P_0x55b5e1e5c7a0 .param/str "CCU2_INJECT1_1" 0 2 341, "\000\000\000\000\000\000\000\000\000\000\000\000\000\000NO";
P_0x55b5e1e5c7e0 .param/str "CEMUX" 0 2 329, "\000\000\000\000\000\000\000\000\000\000\000\000\000\000\0001";
P_0x55b5e1e5c820 .param/str "CLKMUX" 0 2 330, "CLK";
P_0x55b5e1e5c860 .param/str "D0MUX" 0 2 351, "D0";
P_0x55b5e1e5c8a0 .param/str "D1MUX" 0 2 352, "D1";
P_0x55b5e1e5c8e0 .param/str "GSR" 0 2 327, "ENABLED";
P_0x55b5e1e5c920 .param/str "LSRMUX" 0 2 331, "LSR";
P_0x55b5e1e5c960 .param/l "LUT0_INITVAL" 0 2 332, C4<0000000000000000>;
P_0x55b5e1e5c9a0 .param/l "LUT1_INITVAL" 0 2 333, C4<0000000000000000>;
P_0x55b5e1e5c9e0 .param/str "MODE" 0 2 326, "LOGIC";
P_0x55b5e1e5ca20 .param/str "REG0_LSRMODE" 0 2 338, "LSR";
P_0x55b5e1e5ca60 .param/str "REG0_REGSET" 0 2 336, "RESET";
P_0x55b5e1e5caa0 .param/str "REG0_SD" 0 2 334, "0";
P_0x55b5e1e5cae0 .param/str "REG1_LSRMODE" 0 2 339, "LSR";
P_0x55b5e1e5cb20 .param/str "REG1_REGSET" 0 2 337, "RESET";
P_0x55b5e1e5cb60 .param/str "REG1_SD" 0 2 335, "0";
P_0x55b5e1e5cba0 .param/str "SRMODE" 0 2 328, "LSR_OVER_CE";
P_0x55b5e1e5cbe0 .param/str "WCKMUX" 0 2 343, "WCK";
P_0x55b5e1e5cc20 .param/str "WREMUX" 0 2 342, "WRE";
o0x7fc736369648 .functor BUFZ 1, C4<z>; HiZ drive
L_0x55b5e1e856f0 .functor BUFZ 1, o0x7fc736369648, C4<0>, C4<0>, C4<0>;
o0x7fc7363698b8 .functor BUFZ 1, C4<z>; HiZ drive
L_0x55b5e1e85840 .functor BUFZ 1, o0x7fc7363698b8, C4<0>, C4<0>, C4<0>;
o0x7fc73636a5a8 .functor BUFZ 1, C4<z>; HiZ drive
v0x55b5e1e7e770_0 .net "A0", 0 0, o0x7fc73636a5a8;  0 drivers
v0x55b5e1e7e850_0 .net "A0m", 0 0, L_0x55b5e1e837e0;  1 drivers
o0x7fc73636a5d8 .functor BUFZ 1, C4<z>; HiZ drive
v0x55b5e1e7e940_0 .net "A1", 0 0, o0x7fc73636a5d8;  0 drivers
v0x55b5e1e7ea10_0 .net "A1m", 0 0, L_0x55b5e1e83ae0;  1 drivers
o0x7fc73636a608 .functor BUFZ 1, C4<z>; HiZ drive
v0x55b5e1e7eae0_0 .net "B0", 0 0, o0x7fc73636a608;  0 drivers
v0x55b5e1e7ebd0_0 .net "B0m", 0 0, L_0x55b5e1e838a0;  1 drivers
o0x7fc73636a638 .functor BUFZ 1, C4<z>; HiZ drive
v0x55b5e1e7ec70_0 .net "B1", 0 0, o0x7fc73636a638;  0 drivers
v0x55b5e1e7ed10_0 .net "B1m", 0 0, L_0x55b5e1e83ba0;  1 drivers
o0x7fc73636a668 .functor BUFZ 1, C4<z>; HiZ drive
v0x55b5e1e7ede0_0 .net "C0", 0 0, o0x7fc73636a668;  0 drivers
v0x55b5e1e7ef10_0 .net "C0m", 0 0, L_0x55b5e1e83960;  1 drivers
o0x7fc73636a698 .functor BUFZ 1, C4<z>; HiZ drive
v0x55b5e1e7efe0_0 .net "C1", 0 0, o0x7fc73636a698;  0 drivers
v0x55b5e1e7f080_0 .net "C1m", 0 0, L_0x55b5e1e83c60;  1 drivers
o0x7fc736369588 .functor BUFZ 1, C4<z>; HiZ drive
v0x55b5e1e7f150_0 .net "CE", 0 0, o0x7fc736369588;  0 drivers
o0x7fc7363695b8 .functor BUFZ 1, C4<z>; HiZ drive
v0x55b5e1e7f1f0_0 .net "CLK", 0 0, o0x7fc7363695b8;  0 drivers
o0x7fc73636a6c8 .functor BUFZ 1, C4<z>; HiZ drive
v0x55b5e1e7f2e0_0 .net "D0", 0 0, o0x7fc73636a6c8;  0 drivers
v0x55b5e1e7f380_0 .net "D0m", 0 0, L_0x55b5e1e83a20;  1 drivers
o0x7fc73636a6f8 .functor BUFZ 1, C4<z>; HiZ drive
v0x55b5e1e7f420_0 .net "D1", 0 0, o0x7fc73636a6f8;  0 drivers
v0x55b5e1e7f4c0_0 .net "D1m", 0 0, L_0x55b5e1e83d20;  1 drivers
o0x7fc73636a728 .functor BUFZ 1, C4<z>; HiZ drive
v0x55b5e1e7f560_0 .net "DI0", 0 0, o0x7fc73636a728;  0 drivers
o0x7fc73636a758 .functor BUFZ 1, C4<z>; HiZ drive
v0x55b5e1e7f600_0 .net "DI1", 0 0, o0x7fc73636a758;  0 drivers
v0x55b5e1e7f6a0_0 .net "F0", 0 0, L_0x55b5e1e847d0;  1 drivers
v0x55b5e1e7f790_0 .net "F1", 0 0, L_0x55b5e1e852a0;  1 drivers
o0x7fc73636a788 .functor BUFZ 1, C4<z>; HiZ drive
v0x55b5e1e7f880_0 .net "FCI", 0 0, o0x7fc73636a788;  0 drivers
o0x7fc73636a7b8 .functor BUFZ 1, C4<z>; HiZ drive
v0x55b5e1e7f920_0 .net "FCO", 0 0, o0x7fc73636a7b8;  0 drivers
o0x7fc73636a3c8 .functor BUFZ 1, C4<z>; HiZ drive
v0x55b5e1e7f9e0_0 .net "FXA", 0 0, o0x7fc73636a3c8;  0 drivers
o0x7fc73636a3f8 .functor BUFZ 1, C4<z>; HiZ drive
v0x55b5e1e7fa80_0 .net "FXB", 0 0, o0x7fc73636a3f8;  0 drivers
o0x7fc736369618 .functor BUFZ 1, C4<z>; HiZ drive
v0x55b5e1e7fb20_0 .net "LSR", 0 0, o0x7fc736369618;  0 drivers
v0x55b5e1e7fc10_0 .net "M0", 0 0, o0x7fc736369648;  0 drivers
v0x55b5e1e7fd00_0 .net "M1", 0 0, o0x7fc7363698b8;  0 drivers
v0x55b5e1e7fdf0_0 .net "OFX0", 0 0, L_0x55b5e1e853f0;  1 drivers
v0x55b5e1e7fe90_0 .net "OFX1", 0 0, L_0x55b5e1e85600;  1 drivers
v0x55b5e1e7ff30_0 .net "Q0", 0 0, v0x55b5e1e78730_0;  1 drivers
v0x55b5e1e7ffd0_0 .net "Q1", 0 0, v0x55b5e1e79e70_0;  1 drivers
o0x7fc73636a7e8 .functor BUFZ 1, C4<z>; HiZ drive
v0x55b5e1e800a0_0 .net "WAD0", 0 0, o0x7fc73636a7e8;  0 drivers
o0x7fc73636a818 .functor BUFZ 1, C4<z>; HiZ drive
v0x55b5e1e80140_0 .net "WAD1", 0 0, o0x7fc73636a818;  0 drivers
o0x7fc73636a848 .functor BUFZ 1, C4<z>; HiZ drive
v0x55b5e1e801e0_0 .net "WAD2", 0 0, o0x7fc73636a848;  0 drivers
o0x7fc73636a878 .functor BUFZ 1, C4<z>; HiZ drive
v0x55b5e1e80280_0 .net "WAD3", 0 0, o0x7fc73636a878;  0 drivers
o0x7fc73636a8a8 .functor BUFZ 1, C4<z>; HiZ drive
v0x55b5e1e80320_0 .net "WADO0", 0 0, o0x7fc73636a8a8;  0 drivers
o0x7fc73636a8d8 .functor BUFZ 1, C4<z>; HiZ drive
v0x55b5e1e803c0_0 .net "WADO1", 0 0, o0x7fc73636a8d8;  0 drivers
o0x7fc73636a908 .functor BUFZ 1, C4<z>; HiZ drive
v0x55b5e1e80460_0 .net "WADO2", 0 0, o0x7fc73636a908;  0 drivers
o0x7fc73636a938 .functor BUFZ 1, C4<z>; HiZ drive
v0x55b5e1e80520_0 .net "WADO3", 0 0, o0x7fc73636a938;  0 drivers
o0x7fc73636a968 .functor BUFZ 1, C4<z>; HiZ drive
v0x55b5e1e805e0_0 .net "WCK", 0 0, o0x7fc73636a968;  0 drivers
o0x7fc73636a998 .functor BUFZ 1, C4<z>; HiZ drive
v0x55b5e1e806a0_0 .net "WD0", 0 0, o0x7fc73636a998;  0 drivers
o0x7fc73636a9c8 .functor BUFZ 1, C4<z>; HiZ drive
v0x55b5e1e80760_0 .net "WD1", 0 0, o0x7fc73636a9c8;  0 drivers
o0x7fc73636a9f8 .functor BUFZ 1, C4<z>; HiZ drive
v0x55b5e1e80820_0 .net "WDO0", 0 0, o0x7fc73636a9f8;  0 drivers
o0x7fc73636aa28 .functor BUFZ 1, C4<z>; HiZ drive
v0x55b5e1e808e0_0 .net "WDO1", 0 0, o0x7fc73636aa28;  0 drivers
o0x7fc73636aa58 .functor BUFZ 1, C4<z>; HiZ drive
v0x55b5e1e809a0_0 .net "WDO2", 0 0, o0x7fc73636aa58;  0 drivers
o0x7fc73636aa88 .functor BUFZ 1, C4<z>; HiZ drive
v0x55b5e1e80a60_0 .net "WDO3", 0 0, o0x7fc73636aa88;  0 drivers
o0x7fc73636aab8 .functor BUFZ 1, C4<z>; HiZ drive
v0x55b5e1e80b20_0 .net "WRE", 0 0, o0x7fc73636aab8;  0 drivers
v0x55b5e1e80be0_0 .net "muxdi0", 0 0, L_0x55b5e1e856f0;  1 drivers
v0x55b5e1e80cb0_0 .net "muxdi1", 0 0, L_0x55b5e1e85840;  1 drivers
S_0x55b5e1e774a0 .scope module, "ff_0" "TRELLIS_FF" 2 458, 2 220 0, S_0x55b5e1e47200;
 .timescale 0 0;
    .port_info 0 /INPUT 1 "CLK";
    .port_info 1 /INPUT 1 "LSR";
    .port_info 2 /INPUT 1 "CE";
    .port_info 3 /INPUT 1 "DI";
    .port_info 4 /INPUT 1 "M";
    .port_info 5 /OUTPUT 1 "Q";
P_0x55b5e1e776a0 .param/str "CEMUX" 0 2 222, "\000\000\000\000\000\000\000\000\000\000\000\000\000\000\0001";
P_0x55b5e1e776e0 .param/str "CLKMUX" 0 2 223, "CLK";
P_0x55b5e1e77720 .param/str "GSR" 0 2 221, "ENABLED";
P_0x55b5e1e77760 .param/l "LSRMODE" 0 2 227, C4<00000000000000000000000000000000000000000000000000000000000000000000000000000000000000000000000000000000010011000101001101010010>;
P_0x55b5e1e777a0 .param/str "LSRMUX" 0 2 224, "LSR";
P_0x55b5e1e777e0 .param/str "REGSET" 0 2 226, "RESET";
P_0x55b5e1e77820 .param/str "SRMODE" 0 2 225, "LSR_OVER_CE";
L_0x55b5e1e85940 .functor BUFZ 1, o0x7fc736369618, C4<0>, C4<0>, C4<0>;
L_0x55b5e1e859b0 .functor BUFZ 1, o0x7fc7363695b8, C4<0>, C4<0>, C4<0>;
v0x55b5e1e78340_0 .net "CE", 0 0, o0x7fc736369588;  alias, 0 drivers
v0x55b5e1e78400_0 .net "CLK", 0 0, o0x7fc7363695b8;  alias, 0 drivers
v0x55b5e1e784c0_0 .net "DI", 0 0, L_0x55b5e1e856f0;  alias, 1 drivers
v0x55b5e1e78560_0 .net "LSR", 0 0, o0x7fc736369618;  alias, 0 drivers
v0x55b5e1e78620_0 .net "M", 0 0, o0x7fc736369648;  alias, 0 drivers
v0x55b5e1e78730_0 .var "Q", 0 0;
L_0x7fc73631d1c8 .functor BUFT 1, C4<1>, C4<0>, C4<0>, C4<0>;
v0x55b5e1e787f0_0 .net "muxce", 0 0, L_0x7fc73631d1c8;  1 drivers
v0x55b5e1e788b0_0 .net "muxclk", 0 0, L_0x55b5e1e859b0;  1 drivers
v0x55b5e1e78970_0 .net "muxlsr", 0 0, L_0x55b5e1e85940;  1 drivers
L_0x7fc73631d210 .functor BUFT 1, C4<0>, C4<0>, C4<0>, C4<0>;
v0x55b5e1e78ac0_0 .net "srval", 0 0, L_0x7fc73631d210;  1 drivers
S_0x55b5e1e77d90 .scope generate, "genblk1" "genblk1" 2 231, 2 231 0, S_0x55b5e1e774a0;
 .timescale 0 0;
S_0x55b5e1e77f40 .scope generate, "genblk3" "genblk3" 2 243, 2 243 0, S_0x55b5e1e774a0;
 .timescale 0 0;
S_0x55b5e1e78140 .scope generate, "genblk5" "genblk5" 2 252, 2 252 0, S_0x55b5e1e774a0;
 .timescale 0 0;
E_0x55b5e1e778e0 .event posedge, v0x55b5e1e788b0_0;
S_0x55b5e1e78c80 .scope module, "ff_1" "TRELLIS_FF" 2 471, 2 220 0, S_0x55b5e1e47200;
 .timescale 0 0;
    .port_info 0 /INPUT 1 "CLK";
    .port_info 1 /INPUT 1 "LSR";
    .port_info 2 /INPUT 1 "CE";
    .port_info 3 /INPUT 1 "DI";
    .port_info 4 /INPUT 1 "M";
    .port_info 5 /OUTPUT 1 "Q";
P_0x55b5e1e78e30 .param/str "CEMUX" 0 2 222, "\000\000\000\000\000\000\000\000\000\000\000\000\000\000\0001";
P_0x55b5e1e78e70 .param/str "CLKMUX" 0 2 223, "CLK";
P_0x55b5e1e78eb0 .param/str "GSR" 0 2 221, "ENABLED";
P_0x55b5e1e78ef0 .param/l "LSRMODE" 0 2 227, C4<00000000000000000000000000000000000000000000000000000000000000000000000000000000000000000000000000000000010011000101001101010010>;
P_0x55b5e1e78f30 .param/str "LSRMUX" 0 2 224, "LSR";
P_0x55b5e1e78f70 .param/str "REGSET" 0 2 226, "RESET";
P_0x55b5e1e78fb0 .param/str "SRMODE" 0 2 225, "LSR_OVER_CE";
L_0x55b5e1e85ab0 .functor BUFZ 1, o0x7fc736369618, C4<0>, C4<0>, C4<0>;
L_0x55b5e1e85bb0 .functor BUFZ 1, o0x7fc7363695b8, C4<0>, C4<0>, C4<0>;
v0x55b5e1e79a70_0 .net "CE", 0 0, o0x7fc736369588;  alias, 0 drivers
v0x55b5e1e79b10_0 .net "CLK", 0 0, o0x7fc7363695b8;  alias, 0 drivers
v0x55b5e1e79be0_0 .net "DI", 0 0, L_0x55b5e1e85840;  alias, 1 drivers
v0x55b5e1e79cb0_0 .net "LSR", 0 0, o0x7fc736369618;  alias, 0 drivers
v0x55b5e1e79d80_0 .net "M", 0 0, o0x7fc7363698b8;  alias, 0 drivers
v0x55b5e1e79e70_0 .var "Q", 0 0;
L_0x7fc73631d258 .functor BUFT 1, C4<1>, C4<0>, C4<0>, C4<0>;
v0x55b5e1e79f10_0 .net "muxce", 0 0, L_0x7fc73631d258;  1 drivers
v0x55b5e1e79fb0_0 .net "muxclk", 0 0, L_0x55b5e1e85bb0;  1 drivers
v0x55b5e1e7a070_0 .net "muxlsr", 0 0, L_0x55b5e1e85ab0;  1 drivers
L_0x7fc73631d2a0 .functor BUFT 1, C4<0>, C4<0>, C4<0>, C4<0>;
v0x55b5e1e7a1c0_0 .net "srval", 0 0, L_0x7fc73631d2a0;  1 drivers
S_0x55b5e1e794c0 .scope generate, "genblk1" "genblk1" 2 231, 2 231 0, S_0x55b5e1e78c80;
 .timescale 0 0;
S_0x55b5e1e79670 .scope generate, "genblk3" "genblk3" 2 243, 2 243 0, S_0x55b5e1e78c80;
 .timescale 0 0;
S_0x55b5e1e79870 .scope generate, "genblk5" "genblk5" 2 252, 2 252 0, S_0x55b5e1e78c80;
 .timescale 0 0;
E_0x55b5e1e77920 .event posedge, v0x55b5e1e79fb0_0;
S_0x55b5e1e7a380 .scope generate, "genblk10" "genblk10" 2 362, 2 362 0, S_0x55b5e1e47200;
 .timescale 0 0;
L_0x55b5e1e83ae0 .functor BUFZ 1, o0x7fc73636a5d8, C4<0>, C4<0>, C4<0>;
S_0x55b5e1e7a510 .scope generate, "genblk12" "genblk12" 2 363, 2 363 0, S_0x55b5e1e47200;
 .timescale 0 0;
L_0x55b5e1e83ba0 .functor BUFZ 1, o0x7fc73636a638, C4<0>, C4<0>, C4<0>;
S_0x55b5e1e7a6f0 .scope generate, "genblk14" "genblk14" 2 364, 2 364 0, S_0x55b5e1e47200;
 .timescale 0 0;
L_0x55b5e1e83c60 .functor BUFZ 1, o0x7fc73636a698, C4<0>, C4<0>, C4<0>;
S_0x55b5e1e7a920 .scope generate, "genblk16" "genblk16" 2 365, 2 365 0, S_0x55b5e1e47200;
 .timescale 0 0;
L_0x55b5e1e83d20 .functor BUFZ 1, o0x7fc73636a6f8, C4<0>, C4<0>, C4<0>;
S_0x55b5e1e7ab00 .scope generate, "genblk17" "genblk17" 2 380, 2 380 0, S_0x55b5e1e47200;
 .timescale 0 0;
S_0x55b5e1e7ace0 .scope module, "lut4_0" "LUT4" 2 384, 2 3 0, S_0x55b5e1e7ab00;
 .timescale 0 0;
    .port_info 0 /INPUT 1 "A";
    .port_info 1 /INPUT 1 "B";
    .port_info 2 /INPUT 1 "C";
    .port_info 3 /INPUT 1 "D";
    .port_info 4 /OUTPUT 1 "Z";
P_0x55b5e1e7aec0 .param/l "INIT" 0 2 4, C4<0000000000000000>;
v0x55b5e1e7afd0_0 .net "A", 0 0, L_0x55b5e1e837e0;  alias, 1 drivers
v0x55b5e1e7b0b0_0 .net "B", 0 0, L_0x55b5e1e838a0;  alias, 1 drivers
v0x55b5e1e7b170_0 .net "C", 0 0, L_0x55b5e1e83960;  alias, 1 drivers
v0x55b5e1e7b240_0 .net "D", 0 0, L_0x55b5e1e83a20;  alias, 1 drivers
v0x55b5e1e7b300_0 .net "Z", 0 0, L_0x55b5e1e847d0;  alias, 1 drivers
L_0x7fc73631d0a8 .functor BUFT 1, C4<00000000>, C4<0>, C4<0>, C4<0>;
v0x55b5e1e7b3c0_0 .net/2u *"_ivl_0", 7 0, L_0x7fc73631d0a8;  1 drivers
v0x55b5e1e7b4a0_0 .net *"_ivl_13", 1 0, L_0x55b5e1e842e0;  1 drivers
v0x55b5e1e7b580_0 .net *"_ivl_15", 1 0, L_0x55b5e1e843d0;  1 drivers
v0x55b5e1e7b660_0 .net *"_ivl_19", 0 0, L_0x55b5e1e845f0;  1 drivers
L_0x7fc73631d0f0 .functor BUFT 1, C4<00000000>, C4<0>, C4<0>, C4<0>;
v0x55b5e1e7b7d0_0 .net/2u *"_ivl_2", 7 0, L_0x7fc73631d0f0;  1 drivers
v0x55b5e1e7b8b0_0 .net *"_ivl_21", 0 0, L_0x55b5e1e84730;  1 drivers
v0x55b5e1e7b990_0 .net *"_ivl_7", 3 0, L_0x55b5e1e83fe0;  1 drivers
v0x55b5e1e7ba70_0 .net *"_ivl_9", 3 0, L_0x55b5e1e840d0;  1 drivers
v0x55b5e1e7bb50_0 .net "s1", 1 0, L_0x55b5e1e844b0;  1 drivers
v0x55b5e1e7bc30_0 .net "s2", 3 0, L_0x55b5e1e84170;  1 drivers
v0x55b5e1e7bd10_0 .net "s3", 7 0, L_0x55b5e1e83e70;  1 drivers
L_0x55b5e1e83e70 .functor MUXZ 8, L_0x7fc73631d0f0, L_0x7fc73631d0a8, L_0x55b5e1e83a20, C4<>;
L_0x55b5e1e83fe0 .part L_0x55b5e1e83e70, 4, 4;
L_0x55b5e1e840d0 .part L_0x55b5e1e83e70, 0, 4;
L_0x55b5e1e84170 .functor MUXZ 4, L_0x55b5e1e840d0, L_0x55b5e1e83fe0, L_0x55b5e1e83960, C4<>;
L_0x55b5e1e842e0 .part L_0x55b5e1e84170, 2, 2;
L_0x55b5e1e843d0 .part L_0x55b5e1e84170, 0, 2;
L_0x55b5e1e844b0 .functor MUXZ 2, L_0x55b5e1e843d0, L_0x55b5e1e842e0, L_0x55b5e1e838a0, C4<>;
L_0x55b5e1e845f0 .part L_0x55b5e1e844b0, 1, 1;
L_0x55b5e1e84730 .part L_0x55b5e1e844b0, 0, 1;
L_0x55b5e1e847d0 .functor MUXZ 1, L_0x55b5e1e84730, L_0x55b5e1e845f0, L_0x55b5e1e837e0, C4<>;
S_0x55b5e1e7be90 .scope module, "lut4_1" "LUT4" 2 390, 2 3 0, S_0x55b5e1e7ab00;
 .timescale 0 0;
    .port_info 0 /INPUT 1 "A";
    .port_info 1 /INPUT 1 "B";
    .port_info 2 /INPUT 1 "C";
    .port_info 3 /INPUT 1 "D";
    .port_info 4 /OUTPUT 1 "Z";
P_0x55b5e1e7c040 .param/l "INIT" 0 2 4, C4<0000000000000000>;
v0x55b5e1e7c130_0 .net "A", 0 0, L_0x55b5e1e83ae0;  alias, 1 drivers
v0x55b5e1e7c210_0 .net "B", 0 0, L_0x55b5e1e83ba0;  alias, 1 drivers
v0x55b5e1e7c2d0_0 .net "C", 0 0, L_0x55b5e1e83c60;  alias, 1 drivers
v0x55b5e1e7c3a0_0 .net "D", 0 0, L_0x55b5e1e83d20;  alias, 1 drivers
v0x55b5e1e7c460_0 .net "Z", 0 0, L_0x55b5e1e852a0;  alias, 1 drivers
L_0x7fc73631d138 .functor BUFT 1, C4<00000000>, C4<0>, C4<0>, C4<0>;
v0x55b5e1e7c520_0 .net/2u *"_ivl_0", 7 0, L_0x7fc73631d138;  1 drivers
v0x55b5e1e7c600_0 .net *"_ivl_13", 1 0, L_0x55b5e1e84db0;  1 drivers
v0x55b5e1e7c6e0_0 .net *"_ivl_15", 1 0, L_0x55b5e1e84ea0;  1 drivers
v0x55b5e1e7c7c0_0 .net *"_ivl_19", 0 0, L_0x55b5e1e850c0;  1 drivers
L_0x7fc73631d180 .functor BUFT 1, C4<00000000>, C4<0>, C4<0>, C4<0>;
v0x55b5e1e7c930_0 .net/2u *"_ivl_2", 7 0, L_0x7fc73631d180;  1 drivers
v0x55b5e1e7ca10_0 .net *"_ivl_21", 0 0, L_0x55b5e1e85200;  1 drivers
v0x55b5e1e7caf0_0 .net *"_ivl_7", 3 0, L_0x55b5e1e84ab0;  1 drivers
v0x55b5e1e7cbd0_0 .net *"_ivl_9", 3 0, L_0x55b5e1e84ba0;  1 drivers
v0x55b5e1e7ccb0_0 .net "s1", 1 0, L_0x55b5e1e84f80;  1 drivers
v0x55b5e1e7cd90_0 .net "s2", 3 0, L_0x55b5e1e84c40;  1 drivers
v0x55b5e1e7ce70_0 .net "s3", 7 0, L_0x55b5e1e84970;  1 drivers
L_0x55b5e1e84970 .functor MUXZ 8, L_0x7fc73631d180, L_0x7fc73631d138, L_0x55b5e1e83d20, C4<>;
L_0x55b5e1e84ab0 .part L_0x55b5e1e84970, 4, 4;
L_0x55b5e1e84ba0 .part L_0x55b5e1e84970, 0, 4;
L_0x55b5e1e84c40 .functor MUXZ 4, L_0x55b5e1e84ba0, L_0x55b5e1e84ab0, L_0x55b5e1e83c60, C4<>;
L_0x55b5e1e84db0 .part L_0x55b5e1e84c40, 2, 2;
L_0x55b5e1e84ea0 .part L_0x55b5e1e84c40, 0, 2;
L_0x55b5e1e84f80 .functor MUXZ 2, L_0x55b5e1e84ea0, L_0x55b5e1e84db0, L_0x55b5e1e83ba0, C4<>;
L_0x55b5e1e850c0 .part L_0x55b5e1e84f80, 1, 1;
L_0x55b5e1e85200 .part L_0x55b5e1e84f80, 0, 1;
L_0x55b5e1e852a0 .functor MUXZ 1, L_0x55b5e1e85200, L_0x55b5e1e850c0, L_0x55b5e1e83ae0, C4<>;
S_0x55b5e1e7cff0 .scope module, "lut5_mux" "PFUMX" 2 395, 2 107 0, S_0x55b5e1e7ab00;
 .timescale 0 0;
    .port_info 0 /INPUT 1 "ALUT";
    .port_info 1 /INPUT 1 "BLUT";
    .port_info 2 /INPUT 1 "C0";
    .port_info 3 /OUTPUT 1 "Z";
v0x55b5e1e7d1b0_0 .net "ALUT", 0 0, L_0x55b5e1e852a0;  alias, 1 drivers
v0x55b5e1e7d280_0 .net "BLUT", 0 0, L_0x55b5e1e847d0;  alias, 1 drivers
v0x55b5e1e7d350_0 .net "C0", 0 0, o0x7fc736369648;  alias, 0 drivers
v0x55b5e1e7d450_0 .net "Z", 0 0, L_0x55b5e1e853f0;  alias, 1 drivers
L_0x55b5e1e853f0 .functor MUXZ 1, L_0x55b5e1e847d0, L_0x55b5e1e852a0, o0x7fc736369648, C4<>;
S_0x55b5e1e7d540 .scope module, "lutx_mux" "L6MUX21" 2 396, 2 13 0, S_0x55b5e1e7ab00;
 .timescale 0 0;
    .port_info 0 /INPUT 1 "D0";
    .port_info 1 /INPUT 1 "D1";
    .port_info 2 /INPUT 1 "SD";
    .port_info 3 /OUTPUT 1 "Z";
v0x55b5e1e7d780_0 .net "D0", 0 0, o0x7fc73636a3c8;  alias, 0 drivers
v0x55b5e1e7d840_0 .net "D1", 0 0, o0x7fc73636a3f8;  alias, 0 drivers
v0x55b5e1e7d900_0 .net "SD", 0 0, o0x7fc7363698b8;  alias, 0 drivers
v0x55b5e1e7da00_0 .net "Z", 0 0, L_0x55b5e1e85600;  alias, 1 drivers
L_0x55b5e1e85600 .functor MUXZ 1, o0x7fc73636a3c8, o0x7fc73636a3f8, o0x7fc7363698b8, C4<>;
S_0x55b5e1e7db30 .scope generate, "genblk2" "genblk2" 2 358, 2 358 0, S_0x55b5e1e47200;
 .timescale 0 0;
L_0x55b5e1e837e0 .functor BUFZ 1, o0x7fc73636a5a8, C4<0>, C4<0>, C4<0>;
S_0x55b5e1e7dd10 .scope generate, "genblk4" "genblk4" 2 359, 2 359 0, S_0x55b5e1e47200;
 .timescale 0 0;
L_0x55b5e1e838a0 .functor BUFZ 1, o0x7fc73636a608, C4<0>, C4<0>, C4<0>;
S_0x55b5e1e7df80 .scope generate, "genblk6" "genblk6" 2 360, 2 360 0, S_0x55b5e1e47200;
 .timescale 0 0;
L_0x55b5e1e83960 .functor BUFZ 1, o0x7fc73636a668, C4<0>, C4<0>, C4<0>;
S_0x55b5e1e7e110 .scope generate, "genblk8" "genblk8" 2 361, 2 361 0, S_0x55b5e1e47200;
 .timescale 0 0;
L_0x55b5e1e83a20 .functor BUFZ 1, o0x7fc73636a6c8, C4<0>, C4<0>, C4<0>;
S_0x55b5e1e7e2f0 .scope function.vec4.s16, "permute_initval" "permute_initval" 2 369, 2 369 0, S_0x55b5e1e47200;
 .timescale 0 0;
v0x55b5e1e7e4d0_0 .var/i "i", 31 0;
v0x55b5e1e7e5d0_0 .var "initval", 15 0;
; Variable permute_initval is vec4 return value of scope S_0x55b5e1e7e2f0
TD_TRELLIS_SLICE.permute_initval ;
    %pushi/vec4 0, 0, 32;
    %store/vec4 v0x55b5e1e7e4d0_0, 0, 32;
T_1.12 ;
    %load/vec4 v0x55b5e1e7e4d0_0;
    %cmpi/s 16, 0, 32;
    %jmp/0xz T_1.13, 5;
    %load/vec4 v0x55b5e1e7e5d0_0;
    %load/vec4 v0x55b5e1e7e4d0_0;
    %part/s 1;
    %load/vec4 v0x55b5e1e7e4d0_0;
    %parti/s 1, 0, 2;
    %load/vec4 v0x55b5e1e7e4d0_0;
    %parti/s 1, 2, 3;
    %concat/vec4; draw_concat_vec4
    %load/vec4 v0x55b5e1e7e4d0_0;
    %parti/s 1, 1, 2;
    %concat/vec4; draw_concat_vec4
    %load/vec4 v0x55b5e1e7e4d0_0;
    %parti/s 1, 3, 3;
    %concat/vec4; draw_concat_vec4
    %ix/vec4 4;
    %ret/vec4 0, 4, 1; Assign to permute_initval (store_vec4_to_lval)
    %load/vec4 v0x55b5e1e7e4d0_0;
    %addi 1, 0, 32;
    %store/vec4 v0x55b5e1e7e4d0_0, 0, 32;
    %jmp T_1.12;
T_1.13 ;
    %end;
S_0x55b5e1e54390 .scope module, "bus_tb" "bus_tb" 3 2;
 .timescale -9 -12;
v0x55b5e1e826b0_0 .var "assert_addr", 0 0;
o0x7fc73636b328 .functor BUFZ 1, C4<z>; HiZ drive
v0x55b5e1e82790_0 .net "assert_lhs", 0 0, o0x7fc73636b328;  0 drivers
o0x7fc73636b358 .functor BUFZ 1, C4<z>; HiZ drive
v0x55b5e1e82850_0 .net "assert_rhs", 0 0, o0x7fc73636b358;  0 drivers
v0x55b5e1e82950_0 .var "assert_xfer", 0 0;
v0x55b5e1e829f0_0 .var "bus_in_a", 15 0;
v0x55b5e1e82a90_0 .var "bus_in_b", 15 0;
v0x55b5e1e82b60_0 .var "clk", 0 0;
v0x55b5e1e82c30_0 .var "dec", 0 0;
v0x55b5e1e82d00_0 .var "inc", 0 0;
v0x55b5e1e82e60_0 .var "load_xfer", 0 0;
v0x55b5e1e82f30_0 .var "reset", 0 0;
S_0x55b5e1e813b0 .scope module, "register_addr1" "register_addr" 3 18, 4 1 0, S_0x55b5e1e54390;
 .timescale 0 0;
    .port_info 0 /INPUT 1 "clk";
    .port_info 1 /INPUT 1 "inc";
    .port_info 2 /INPUT 1 "dec";
    .port_info 3 /INPUT 1 "reset";
    .port_info 4 /INPUT 16 "addr_in";
    .port_info 5 /INPUT 16 "xfer_in";
    .port_info 6 /INPUT 1 "assert_addr";
    .port_info 7 /INPUT 1 "assert_xfer";
    .port_info 8 /INPUT 1 "load_xfer";
    .port_info 9 /OUTPUT 16 "addr_out";
    .port_info 10 /OUTPUT 16 "xfer_out";
    .port_info 11 /OUTPUT 1 "addr_en";
    .port_info 12 /OUTPUT 1 "xfer_en";
P_0x55b5e1e7ee80 .param/l "DEFAULT_VALUE" 0 4 3, +C4<00000000000000000000000000000000>;
P_0x55b5e1e7eec0 .param/l "WIDTH" 0 4 2, +C4<00000000000000000000000000010000>;
L_0x55b5e1e85cb0 .functor BUFZ 16, v0x55b5e1e82140_0, C4<0000000000000000>, C4<0000000000000000>, C4<0000000000000000>;
L_0x55b5e1e85d20 .functor BUFZ 1, o0x7fc73636b328, C4<0>, C4<0>, C4<0>;
L_0x55b5e1e85d90 .functor BUFZ 16, v0x55b5e1e82140_0, C4<0000000000000000>, C4<0000000000000000>, C4<0000000000000000>;
L_0x55b5e1e85e00 .functor BUFZ 1, o0x7fc73636b358, C4<0>, C4<0>, C4<0>;
v0x55b5e1e81900_0 .net "addr_en", 0 0, L_0x55b5e1e85d20;  1 drivers
v0x55b5e1e819e0_0 .net "addr_in", 15 0, v0x55b5e1e829f0_0;  1 drivers
v0x55b5e1e81ac0_0 .net "addr_out", 15 0, L_0x55b5e1e85cb0;  1 drivers
v0x55b5e1e81bb0_0 .net "assert_addr", 0 0, o0x7fc73636b328;  alias, 0 drivers
v0x55b5e1e81c70_0 .net "assert_xfer", 0 0, o0x7fc73636b358;  alias, 0 drivers
v0x55b5e1e81d80_0 .net "clk", 0 0, v0x55b5e1e82b60_0;  1 drivers
v0x55b5e1e81e40_0 .net "dec", 0 0, v0x55b5e1e82c30_0;  1 drivers
v0x55b5e1e81f00_0 .net "inc", 0 0, v0x55b5e1e82d00_0;  1 drivers
v0x55b5e1e81fc0_0 .net "load_xfer", 0 0, v0x55b5e1e82e60_0;  1 drivers
v0x55b5e1e82080_0 .net "reset", 0 0, v0x55b5e1e82f30_0;  1 drivers
v0x55b5e1e82140_0 .var "value", 15 0;
v0x55b5e1e82220_0 .net "xfer_en", 0 0, L_0x55b5e1e85e00;  1 drivers
v0x55b5e1e822e0_0 .net "xfer_in", 15 0, v0x55b5e1e82a90_0;  1 drivers
v0x55b5e1e823c0_0 .net "xfer_out", 15 0, L_0x55b5e1e85d90;  1 drivers
E_0x55b5e1e81880 .event posedge, v0x55b5e1e81d80_0;
    .scope S_0x55b5e1e47d10;
T_2 ;
    %pushi/vec4 0, 0, 32;
    %store/vec4 v0x55b5e1e75dc0_0, 0, 32;
T_2.0 ;
    %load/vec4 v0x55b5e1e75dc0_0;
    %cmpi/s 15, 0, 32;
    %jmp/0xz T_2.1, 5;
    %pushi/vec4 0, 0, 64;
    %load/vec4 v0x55b5e1e75dc0_0;
    %muli 4, 0, 32;
    %part/s 4;
    %ix/getv/s 3, v0x55b5e1e75dc0_0;
    %ix/load 4, 0, 0; Constant delay
    %assign/vec4/a/d v0x55b5e1e75ea0, 0, 4;
    %load/vec4 v0x55b5e1e75dc0_0;
    %addi 1, 0, 32;
    %store/vec4 v0x55b5e1e75dc0_0, 0, 32;
    %jmp T_2.0;
T_2.1 ;
    %end;
    .thread T_2;
    .scope S_0x55b5e1e47d10;
T_3 ;
    %wait E_0x55b5e1e57fe0;
    %load/vec4 v0x55b5e1e75a60_0;
    %flag_set/vec4 8;
    %jmp/0xz  T_3.0, 8;
    %load/vec4 v0x55b5e1e755d0_0;
    %load/vec4 v0x55b5e1e75870_0;
    %pad/u 6;
    %ix/vec4 3;
    %ix/load 4, 0, 0; Constant delay
    %assign/vec4/a/d v0x55b5e1e75ea0, 0, 4;
T_3.0 ;
    %jmp T_3;
    .thread T_3;
    .scope S_0x55b5e1e46aa0;
T_4 ;
    %pushi/vec4 0, 0, 32;
    %store/vec4 v0x55b5e1e76a00_0, 0, 32;
T_4.0 ;
    %load/vec4 v0x55b5e1e76a00_0;
    %cmpi/s 16, 0, 32;
    %jmp/0xz T_4.1, 5;
    %pushi/vec4 0, 0, 64;
    %load/vec4 v0x55b5e1e76a00_0;
    %addi 3, 0, 32;
    %part/s 1;
    %pushi/vec4 0, 0, 64;
    %load/vec4 v0x55b5e1e76a00_0;
    %addi 2, 0, 32;
    %part/s 1;
    %concat/vec4; draw_concat_vec4
    %pushi/vec4 0, 0, 64;
    %load/vec4 v0x55b5e1e76a00_0;
    %addi 1, 0, 32;
    %part/s 1;
    %concat/vec4; draw_concat_vec4
    %pushi/vec4 0, 0, 64;
    %load/vec4 v0x55b5e1e76a00_0;
    %part/s 1;
    %concat/vec4; draw_concat_vec4
    %ix/getv/s 3, v0x55b5e1e76a00_0;
    %ix/load 4, 0, 0; Constant delay
    %assign/vec4/a/d v0x55b5e1e76ae0, 0, 4;
    %load/vec4 v0x55b5e1e76a00_0;
    %addi 1, 0, 32;
    %store/vec4 v0x55b5e1e76a00_0, 0, 32;
    %jmp T_4.0;
T_4.1 ;
    %end;
    .thread T_4;
    .scope S_0x55b5e1e46aa0;
T_5 ;
    %wait E_0x55b5e1e58130;
    %pushi/vec4 5722693, 0, 24; draw_string_vec4
    %dup/vec4;
    %pushi/vec4 49, 0, 24; draw_string_vec4
    %cmp/u;
    %jmp/1 T_5.0, 6;
    %dup/vec4;
    %pushi/vec4 48, 0, 24; draw_string_vec4
    %cmp/u;
    %jmp/1 T_5.1, 6;
    %dup/vec4;
    %pushi/vec4 4804182, 0, 24; draw_string_vec4
    %cmp/u;
    %jmp/1 T_5.2, 6;
    %load/vec4 v0x55b5e1e766a0_0;
    %store/vec4 v0x55b5e1e76c60_0, 0, 1;
    %jmp T_5.4;
T_5.0 ;
    %pushi/vec4 1, 0, 1;
    %store/vec4 v0x55b5e1e76c60_0, 0, 1;
    %jmp T_5.4;
T_5.1 ;
    %pushi/vec4 0, 0, 1;
    %store/vec4 v0x55b5e1e76c60_0, 0, 1;
    %jmp T_5.4;
T_5.2 ;
    %load/vec4 v0x55b5e1e766a0_0;
    %inv;
    %store/vec4 v0x55b5e1e76c60_0, 0, 1;
    %jmp T_5.4;
T_5.4 ;
    %pop/vec4 1;
    %jmp T_5;
    .thread T_5, $push;
    .scope S_0x55b5e1e46aa0;
T_6 ;
    %wait E_0x55b5e1d73cd0;
    %load/vec4 v0x55b5e1e76c60_0;
    %flag_set/vec4 8;
    %jmp/0xz  T_6.0, 8;
    %load/vec4 v0x55b5e1e76260_0;
    %load/vec4 v0x55b5e1e76500_0;
    %pad/u 6;
    %ix/vec4 3;
    %ix/load 4, 0, 0; Constant delay
    %assign/vec4/a/d v0x55b5e1e76ae0, 0, 4;
T_6.0 ;
    %jmp T_6;
    .thread T_6;
    .scope S_0x55b5e1e46e50;
T_7 ;
    %wait E_0x55b5e1d5b3a0;
    %load/vec4 v0x55b5e1e77250_0;
    %cmpi/e 0, 1, 1;
    %jmp/0xz  T_7.0, 6;
    %pushi/vec4 0, 0, 1;
    %assign/vec4 v0x55b5e1e77310_0, 0;
    %jmp T_7.1;
T_7.0 ;
    %load/vec4 v0x55b5e1e77250_0;
    %assign/vec4 v0x55b5e1e77310_0, 0;
T_7.1 ;
    %jmp T_7;
    .thread T_7, $push;
    .scope S_0x55b5e1e78140;
T_8 ;
    %wait E_0x55b5e1e778e0;
    %load/vec4 v0x55b5e1e78970_0;
    %flag_set/vec4 8;
    %jmp/0xz  T_8.0, 8;
    %load/vec4 v0x55b5e1e78ac0_0;
    %assign/vec4 v0x55b5e1e78730_0, 0;
    %jmp T_8.1;
T_8.0 ;
    %load/vec4 v0x55b5e1e787f0_0;
    %flag_set/vec4 8;
    %jmp/0xz  T_8.2, 8;
    %load/vec4 v0x55b5e1e784c0_0;
    %assign/vec4 v0x55b5e1e78730_0, 0;
T_8.2 ;
T_8.1 ;
    %jmp T_8;
    .thread T_8;
    .scope S_0x55b5e1e774a0;
T_9 ;
    %load/vec4 v0x55b5e1e78ac0_0;
    %store/vec4 v0x55b5e1e78730_0, 0, 1;
    %end;
    .thread T_9;
    .scope S_0x55b5e1e79870;
T_10 ;
    %wait E_0x55b5e1e77920;
    %load/vec4 v0x55b5e1e7a070_0;
    %flag_set/vec4 8;
    %jmp/0xz  T_10.0, 8;
    %load/vec4 v0x55b5e1e7a1c0_0;
    %assign/vec4 v0x55b5e1e79e70_0, 0;
    %jmp T_10.1;
T_10.0 ;
    %load/vec4 v0x55b5e1e79f10_0;
    %flag_set/vec4 8;
    %jmp/0xz  T_10.2, 8;
    %load/vec4 v0x55b5e1e79be0_0;
    %assign/vec4 v0x55b5e1e79e70_0, 0;
T_10.2 ;
T_10.1 ;
    %jmp T_10;
    .thread T_10;
    .scope S_0x55b5e1e78c80;
T_11 ;
    %load/vec4 v0x55b5e1e7a1c0_0;
    %store/vec4 v0x55b5e1e79e70_0, 0, 1;
    %end;
    .thread T_11;
    .scope S_0x55b5e1e813b0;
T_12 ;
    %pushi/vec4 0, 0, 16;
    %store/vec4 v0x55b5e1e82140_0, 0, 16;
    %end;
    .thread T_12;
    .scope S_0x55b5e1e813b0;
T_13 ;
    %wait E_0x55b5e1e81880;
    %load/vec4 v0x55b5e1e82080_0;
    %flag_set/vec4 8;
    %jmp/0 T_13.0, 8;
    %pushi/vec4 0, 0, 16;
    %jmp/1 T_13.1, 8;
T_13.0 ; End of true expr.
    %load/vec4 v0x55b5e1e81fc0_0;
    %flag_set/vec4 9;
    %jmp/0 T_13.2, 9;
    %load/vec4 v0x55b5e1e822e0_0;
    %jmp/1 T_13.3, 9;
T_13.2 ; End of true expr.
    %load/vec4 v0x55b5e1e81f00_0;
    %flag_set/vec4 10;
    %jmp/0 T_13.4, 10;
    %load/vec4 v0x55b5e1e82140_0;
    %addi 1, 0, 16;
    %jmp/1 T_13.5, 10;
T_13.4 ; End of true expr.
    %load/vec4 v0x55b5e1e81e40_0;
    %flag_set/vec4 11;
    %jmp/0 T_13.6, 11;
    %load/vec4 v0x55b5e1e82140_0;
    %subi 1, 0, 16;
    %jmp/1 T_13.7, 11;
T_13.6 ; End of true expr.
    %load/vec4 v0x55b5e1e82140_0;
    %jmp/0 T_13.7, 11;
 ; End of false expr.
    %blend;
T_13.7;
    %jmp/0 T_13.5, 10;
 ; End of false expr.
    %blend;
T_13.5;
    %jmp/0 T_13.3, 9;
 ; End of false expr.
    %blend;
T_13.3;
    %jmp/0 T_13.1, 8;
 ; End of false expr.
    %blend;
T_13.1;
    %assign/vec4 v0x55b5e1e82140_0, 0;
    %jmp T_13;
    .thread T_13;
    .scope S_0x55b5e1e54390;
T_14 ;
    %pushi/vec4 0, 0, 1;
    %store/vec4 v0x55b5e1e82b60_0, 0, 1;
    %pushi/vec4 0, 0, 1;
    %store/vec4 v0x55b5e1e82f30_0, 0, 1;
    %pushi/vec4 1, 0, 16;
    %store/vec4 v0x55b5e1e829f0_0, 0, 16;
    %pushi/vec4 2, 0, 16;
    %store/vec4 v0x55b5e1e82a90_0, 0, 16;
    %pushi/vec4 0, 0, 1;
    %store/vec4 v0x55b5e1e826b0_0, 0, 1;
    %pushi/vec4 0, 0, 1;
    %store/vec4 v0x55b5e1e82950_0, 0, 1;
    %pushi/vec4 0, 0, 1;
    %store/vec4 v0x55b5e1e82e60_0, 0, 1;
    %pushi/vec4 0, 0, 1;
    %store/vec4 v0x55b5e1e82d00_0, 0, 1;
    %pushi/vec4 0, 0, 1;
    %store/vec4 v0x55b5e1e82c30_0, 0, 1;
    %end;
    .thread T_14;
    .scope S_0x55b5e1e54390;
T_15 ;
    %delay 5000, 0;
    %load/vec4 v0x55b5e1e82b60_0;
    %nor/r;
    %assign/vec4 v0x55b5e1e82b60_0, 0;
    %jmp T_15;
    .thread T_15;
    .scope S_0x55b5e1e54390;
T_16 ;
    %vpi_call 3 37 "$display", "test" {0 0 0};
    %vpi_call 3 38 "$dumpfile", "register_addr_tb.vcd" {0 0 0};
    %vpi_call 3 39 "$dumpvars", 32'sb00000000000000000000000000000000, S_0x55b5e1e54390 {0 0 0};
    %delay 5000, 0;
    %pushi/vec4 1, 0, 1;
    %store/vec4 v0x55b5e1e826b0_0, 0, 1;
    %delay 10000, 0;
    %pushi/vec4 1, 0, 1;
    %store/vec4 v0x55b5e1e82950_0, 0, 1;
    %delay 10000, 0;
    %pushi/vec4 1, 0, 1;
    %store/vec4 v0x55b5e1e82e60_0, 0, 1;
    %delay 10000, 0;
    %pushi/vec4 0, 0, 1;
    %store/vec4 v0x55b5e1e82e60_0, 0, 1;
    %delay 10000, 0;
    %pushi/vec4 1, 0, 1;
    %store/vec4 v0x55b5e1e826b0_0, 0, 1;
    %delay 10000, 0;
    %pushi/vec4 1, 0, 1;
    %store/vec4 v0x55b5e1e82d00_0, 0, 1;
    %delay 10000, 0;
    %pushi/vec4 0, 0, 1;
    %store/vec4 v0x55b5e1e82d00_0, 0, 1;
    %delay 10000, 0;
    %pushi/vec4 1, 0, 1;
    %store/vec4 v0x55b5e1e82c30_0, 0, 1;
    %delay 10000, 0;
    %pushi/vec4 0, 0, 1;
    %store/vec4 v0x55b5e1e82c30_0, 0, 1;
    %delay 10000, 0;
    %pushi/vec4 1, 0, 1;
    %store/vec4 v0x55b5e1e82f30_0, 0, 1;
    %delay 10000, 0;
    %pushi/vec4 0, 0, 1;
    %store/vec4 v0x55b5e1e82f30_0, 0, 1;
    %delay 10000, 0;
    %vpi_call 3 63 "$finish" {0 0 0};
    %end;
    .thread T_16;
# The file index is used to find the file name in the following table.
:file_names 5;
    "N/A";
    "<interactive>";
    "/home/jamon/.apio/packages/toolchain-yosys/share/yosys/ecp5/cells_sim.v";
    "/home/jamon/code/ecp5/jspcpu/register_addr/register_addr_tb.v";
    "/home/jamon/code/ecp5/jspcpu/register_addr/register_addr.v";
