#! /usr/bin/vvp
:ivl_version "11.0 (stable)" "(v11_0)";
:ivl_delay_selection "TYPICAL";
:vpi_time_precision - 12;
:vpi_module "/usr/lib/ivl/system.vpi";
:vpi_module "/usr/lib/ivl/vhdl_sys.vpi";
:vpi_module "/usr/lib/ivl/vhdl_textio.vpi";
:vpi_module "/usr/lib/ivl/v2005_math.vpi";
:vpi_module "/usr/lib/ivl/va_math.vpi";
:vpi_module "/usr/lib/ivl/v2009.vpi";
S_0x5632c9ce7c60 .scope package, "$unit" "$unit" 2 1;
 .timescale 0 0;
S_0x5632c9cdb120 .scope module, "lhs_tb" "lhs_tb" 3 3;
 .timescale -9 -12;
P_0x5632c9cd7bf0 .param/l "WIDTH" 1 3 4, +C4<00000000000000000000000000001000>;
v0x5632c9d07d90_0 .var "alu_clk", 0 0;
v0x5632c9d07e50_0 .var "clk", 0 0;
v0x5632c9d07f20_0 .var "lhs_carry_in", 0 0;
v0x5632c9d08020_0 .net "lhs_carry_out", 0 0, v0x5632c9d07830_0;  1 drivers
v0x5632c9d080f0_0 .var "lhs_in", 7 0;
v0x5632c9d081e0_0 .var "lhs_op", 1 0;
v0x5632c9d082b0_0 .net "lhs_out", 7 0, v0x5632c9d07bd0_0;  1 drivers
v0x5632c9d08380_0 .var "reset", 0 0;
S_0x5632c9cdb300 .scope module, "lhs1" "lhs" 3 16, 4 1 0, S_0x5632c9cdb120;
 .timescale -9 -12;
    .port_info 0 /INPUT 1 "clk";
    .port_info 1 /INPUT 1 "alu_clk";
    .port_info 2 /INPUT 2 "operation";
    .port_info 3 /INPUT 8 "in";
    .port_info 4 /INPUT 1 "carry_in";
    .port_info 5 /OUTPUT 8 "out";
    .port_info 6 /OUTPUT 1 "carry_out";
P_0x5632c9cdb4e0 .param/l "WIDTH" 0 4 2, +C4<00000000000000000000000000001000>;
v0x5632c9ca0e50_0 .net "alu_clk", 0 0, v0x5632c9d07d90_0;  1 drivers
v0x5632c9d07770_0 .net "carry_in", 0 0, v0x5632c9d07f20_0;  1 drivers
v0x5632c9d07830_0 .var "carry_out", 0 0;
v0x5632c9d07900_0 .net "clk", 0 0, v0x5632c9d07e50_0;  1 drivers
v0x5632c9d079c0_0 .net "in", 7 0, v0x5632c9d080f0_0;  1 drivers
v0x5632c9d07af0_0 .net "operation", 1 0, v0x5632c9d081e0_0;  1 drivers
v0x5632c9d07bd0_0 .var "out", 7 0;
E_0x5632c9cc2000 .event posedge, v0x5632c9ca0e50_0;
    .scope S_0x5632c9cdb300;
T_0 ;
    %wait E_0x5632c9cc2000;
    %load/vec4 v0x5632c9d07af0_0;
    %dup/vec4;
    %pushi/vec4 3, 0, 2;
    %cmp/u;
    %jmp/1 T_0.0, 6;
    %dup/vec4;
    %pushi/vec4 2, 0, 2;
    %cmp/u;
    %jmp/1 T_0.1, 6;
    %dup/vec4;
    %pushi/vec4 1, 0, 2;
    %cmp/u;
    %jmp/1 T_0.2, 6;
    %load/vec4 v0x5632c9d07770_0;
    %assign/vec4 v0x5632c9d07830_0, 0;
    %load/vec4 v0x5632c9d079c0_0;
    %assign/vec4 v0x5632c9d07bd0_0, 0;
    %jmp T_0.4;
T_0.0 ;
    %pushi/vec4 0, 0, 1;
    %assign/vec4 v0x5632c9d07830_0, 0;
    %pushi/vec4 0, 0, 8;
    %assign/vec4 v0x5632c9d07bd0_0, 0;
    %jmp T_0.4;
T_0.1 ;
    %load/vec4 v0x5632c9d079c0_0;
    %parti/s 1, 0, 2;
    %assign/vec4 v0x5632c9d07830_0, 0;
    %load/vec4 v0x5632c9d07770_0;
    %load/vec4 v0x5632c9d079c0_0;
    %parti/s 7, 1, 2;
    %concat/vec4; draw_concat_vec4
    %assign/vec4 v0x5632c9d07bd0_0, 0;
    %jmp T_0.4;
T_0.2 ;
    %load/vec4 v0x5632c9d079c0_0;
    %parti/s 1, 7, 4;
    %assign/vec4 v0x5632c9d07830_0, 0;
    %load/vec4 v0x5632c9d079c0_0;
    %parti/s 7, 0, 2;
    %load/vec4 v0x5632c9d07770_0;
    %concat/vec4; draw_concat_vec4
    %assign/vec4 v0x5632c9d07bd0_0, 0;
    %jmp T_0.4;
T_0.4 ;
    %pop/vec4 1;
    %jmp T_0;
    .thread T_0;
    .scope S_0x5632c9cdb120;
T_1 ;
    %pushi/vec4 0, 0, 1;
    %store/vec4 v0x5632c9d07e50_0, 0, 1;
    %pushi/vec4 0, 0, 1;
    %store/vec4 v0x5632c9d08380_0, 0, 1;
    %pushi/vec4 0, 0, 1;
    %store/vec4 v0x5632c9d07d90_0, 0, 1;
    %pushi/vec4 0, 0, 2;
    %store/vec4 v0x5632c9d081e0_0, 0, 2;
    %pushi/vec4 255, 0, 8;
    %store/vec4 v0x5632c9d080f0_0, 0, 8;
    %pushi/vec4 0, 0, 1;
    %store/vec4 v0x5632c9d07f20_0, 0, 1;
    %end;
    .thread T_1, $init;
    .scope S_0x5632c9cdb120;
T_2 ;
    %delay 1000, 0;
    %load/vec4 v0x5632c9d07e50_0;
    %nor/r;
    %assign/vec4 v0x5632c9d07e50_0, 0;
    %jmp T_2;
    .thread T_2;
    .scope S_0x5632c9cdb120;
T_3 ;
    %delay 5000, 0;
    %load/vec4 v0x5632c9d07d90_0;
    %nor/r;
    %assign/vec4 v0x5632c9d07d90_0, 0;
    %jmp T_3;
    .thread T_3;
    .scope S_0x5632c9cdb120;
T_4 ;
    %vpi_call/w 3 36 "$dumpfile", "lhs_tb.vcd" {0 0 0};
    %vpi_call/w 3 37 "$dumpvars", 32'sb00000000000000000000000000000000, S_0x5632c9cdb120 {0 0 0};
    %delay 5000, 0;
    %delay 10000, 0;
    %delay 0, 0;
    %load/vec4 v0x5632c9d07f20_0;
    %load/vec4 v0x5632c9d08020_0;
    %cmp/e;
    %jmp/0xz  T_4.0, 4;
    %vpi_call/w 3 46 "$display", "default: lhs_carry_in = lhs_carry_out OK" {0 0 0};
    %jmp T_4.1;
T_4.0 ;
    %vpi_call/w 3 47 "$error", "default: lhs_carry_in = lhs_carry_out (in: %h, out: %h) NOT OK", v0x5632c9d07f20_0, v0x5632c9d08020_0 {0 0 0};
T_4.1 ;
    %delay 0, 0;
    %load/vec4 v0x5632c9d080f0_0;
    %load/vec4 v0x5632c9d082b0_0;
    %cmp/e;
    %jmp/0xz  T_4.2, 4;
    %vpi_call/w 3 49 "$display", "default: lhs_in = lhs_out OK" {0 0 0};
    %jmp T_4.3;
T_4.2 ;
    %vpi_call/w 3 50 "$error", "default: lhs_in = lhs_out (in: %h, out: %h) NOT OK", v0x5632c9d080f0_0, v0x5632c9d082b0_0 {0 0 0};
T_4.3 ;
    %delay 10000, 0;
    %pushi/vec4 170, 0, 8;
    %store/vec4 v0x5632c9d080f0_0, 0, 8;
    %pushi/vec4 0, 0, 1;
    %store/vec4 v0x5632c9d07f20_0, 0, 1;
    %pushi/vec4 2, 0, 2;
    %store/vec4 v0x5632c9d081e0_0, 0, 2;
    %delay 10000, 0;
    %delay 0, 0;
    %load/vec4 v0x5632c9d082b0_0;
    %cmpi/e 85, 0, 8;
    %jmp/0xz  T_4.4, 4;
    %vpi_call/w 3 58 "$display", "shift right no carry OK" {0 0 0};
    %jmp T_4.5;
T_4.4 ;
    %vpi_call/w 3 59 "$error", "shift right no carry (in: %h (%h), out: %h (%h)) NOT OK", v0x5632c9d080f0_0, v0x5632c9d07f20_0, v0x5632c9d082b0_0, v0x5632c9d08020_0 {0 0 0};
T_4.5 ;
    %delay 0, 0;
    %load/vec4 v0x5632c9d08020_0;
    %cmpi/e 0, 0, 1;
    %jmp/0xz  T_4.6, 4;
    %vpi_call/w 3 61 "$display", "shift right no carry (carry) OK" {0 0 0};
    %jmp T_4.7;
T_4.6 ;
    %vpi_call/w 3 62 "$error", "shift right no carry (carry) (in: %h (%h), out: %h (%h)) NOT OK", v0x5632c9d080f0_0, v0x5632c9d07f20_0, v0x5632c9d082b0_0, v0x5632c9d08020_0 {0 0 0};
T_4.7 ;
    %delay 10000, 0;
    %pushi/vec4 170, 0, 8;
    %store/vec4 v0x5632c9d080f0_0, 0, 8;
    %pushi/vec4 0, 0, 1;
    %store/vec4 v0x5632c9d07f20_0, 0, 1;
    %pushi/vec4 1, 0, 2;
    %store/vec4 v0x5632c9d081e0_0, 0, 2;
    %delay 10000, 0;
    %delay 0, 0;
    %load/vec4 v0x5632c9d082b0_0;
    %cmpi/e 84, 0, 8;
    %jmp/0xz  T_4.8, 4;
    %vpi_call/w 3 70 "$display", "shift left no carry OK" {0 0 0};
    %jmp T_4.9;
T_4.8 ;
    %vpi_call/w 3 71 "$error", "shift left no carry (in: %h (%h), out: %h (%h)) NOT OK", v0x5632c9d080f0_0, v0x5632c9d07f20_0, v0x5632c9d082b0_0, v0x5632c9d08020_0 {0 0 0};
T_4.9 ;
    %delay 0, 0;
    %load/vec4 v0x5632c9d08020_0;
    %cmpi/e 1, 0, 1;
    %jmp/0xz  T_4.10, 4;
    %vpi_call/w 3 73 "$display", "shift left no carry (carry) OK" {0 0 0};
    %jmp T_4.11;
T_4.10 ;
    %vpi_call/w 3 74 "$error", "shift left no carry (carry) (in: %h (%h), out: %h (%h)) NOT OK", v0x5632c9d080f0_0, v0x5632c9d07f20_0, v0x5632c9d082b0_0, v0x5632c9d08020_0 {0 0 0};
T_4.11 ;
    %delay 10000, 0;
    %pushi/vec4 85, 0, 8;
    %store/vec4 v0x5632c9d080f0_0, 0, 8;
    %pushi/vec4 1, 0, 1;
    %store/vec4 v0x5632c9d07f20_0, 0, 1;
    %pushi/vec4 2, 0, 2;
    %store/vec4 v0x5632c9d081e0_0, 0, 2;
    %delay 10000, 0;
    %delay 0, 0;
    %load/vec4 v0x5632c9d082b0_0;
    %cmpi/e 170, 0, 8;
    %jmp/0xz  T_4.12, 4;
    %vpi_call/w 3 82 "$display", "shift right with carry OK" {0 0 0};
    %jmp T_4.13;
T_4.12 ;
    %vpi_call/w 3 83 "$error", "shift right with carry (in: %h (%h), out: %h (%h)) NOT OK", v0x5632c9d080f0_0, v0x5632c9d07f20_0, v0x5632c9d082b0_0, v0x5632c9d08020_0 {0 0 0};
T_4.13 ;
    %delay 0, 0;
    %load/vec4 v0x5632c9d08020_0;
    %cmpi/e 1, 0, 1;
    %jmp/0xz  T_4.14, 4;
    %vpi_call/w 3 85 "$display", "shift right with carry (carry) OK" {0 0 0};
    %jmp T_4.15;
T_4.14 ;
    %vpi_call/w 3 86 "$error", "shift right with carry (carry) (in: %h (%h), out: %h (%h)) NOT OK", v0x5632c9d080f0_0, v0x5632c9d07f20_0, v0x5632c9d082b0_0, v0x5632c9d08020_0 {0 0 0};
T_4.15 ;
    %delay 10000, 0;
    %pushi/vec4 85, 0, 8;
    %store/vec4 v0x5632c9d080f0_0, 0, 8;
    %pushi/vec4 1, 0, 1;
    %store/vec4 v0x5632c9d07f20_0, 0, 1;
    %pushi/vec4 1, 0, 2;
    %store/vec4 v0x5632c9d081e0_0, 0, 2;
    %delay 10000, 0;
    %delay 0, 0;
    %load/vec4 v0x5632c9d082b0_0;
    %cmpi/e 171, 0, 8;
    %jmp/0xz  T_4.16, 4;
    %vpi_call/w 3 94 "$display", "shift left with carry OK" {0 0 0};
    %jmp T_4.17;
T_4.16 ;
    %vpi_call/w 3 95 "$error", "shift left with carry (in: %h (%h), out: %h (%h)) NOT OK", v0x5632c9d080f0_0, v0x5632c9d07f20_0, v0x5632c9d082b0_0, v0x5632c9d08020_0 {0 0 0};
T_4.17 ;
    %delay 0, 0;
    %load/vec4 v0x5632c9d08020_0;
    %cmpi/e 0, 0, 1;
    %jmp/0xz  T_4.18, 4;
    %vpi_call/w 3 97 "$display", "shift left with carry (carry) OK" {0 0 0};
    %jmp T_4.19;
T_4.18 ;
    %vpi_call/w 3 98 "$error", "shift left with carry (carry) (in: %h (%h), out: %h (%h)) NOT OK", v0x5632c9d080f0_0, v0x5632c9d07f20_0, v0x5632c9d082b0_0, v0x5632c9d08020_0 {0 0 0};
T_4.19 ;
    %delay 10000, 0;
    %pushi/vec4 85, 0, 8;
    %store/vec4 v0x5632c9d080f0_0, 0, 8;
    %pushi/vec4 1, 0, 1;
    %store/vec4 v0x5632c9d07f20_0, 0, 1;
    %pushi/vec4 3, 0, 2;
    %store/vec4 v0x5632c9d081e0_0, 0, 2;
    %delay 10000, 0;
    %delay 0, 0;
    %load/vec4 v0x5632c9d082b0_0;
    %cmpi/e 0, 0, 8;
    %jmp/0xz  T_4.20, 4;
    %vpi_call/w 3 106 "$display", "zero with carry OK" {0 0 0};
    %jmp T_4.21;
T_4.20 ;
    %vpi_call/w 3 107 "$error", "zero with carry (in: %h (%h), out: %h (%h)) NOT OK", v0x5632c9d080f0_0, v0x5632c9d07f20_0, v0x5632c9d082b0_0, v0x5632c9d08020_0 {0 0 0};
T_4.21 ;
    %delay 0, 0;
    %load/vec4 v0x5632c9d08020_0;
    %cmpi/e 0, 0, 1;
    %jmp/0xz  T_4.22, 4;
    %vpi_call/w 3 109 "$display", "zero with carry (carry) OK" {0 0 0};
    %jmp T_4.23;
T_4.22 ;
    %vpi_call/w 3 110 "$error", "zero with carry (carry) (in: %h (%h), out: %h (%h)) NOT OK", v0x5632c9d080f0_0, v0x5632c9d07f20_0, v0x5632c9d082b0_0, v0x5632c9d08020_0 {0 0 0};
T_4.23 ;
    %delay 10000, 0;
    %vpi_call/w 3 112 "$finish" {0 0 0};
    %end;
    .thread T_4;
# The file index is used to find the file name in the following table.
:file_names 5;
    "N/A";
    "<interactive>";
    "-";
    "/home/jamon/code/ecp5/jspcpu/alu/lhs/lhs_tb.sv";
    "/home/jamon/code/ecp5/jspcpu/alu/lhs/lhs.v";
