#! /usr/bin/vvp
:ivl_version "11.0 (stable)" "(v11_0)";
:ivl_delay_selection "TYPICAL";
:vpi_time_precision - 12;
:vpi_module "/usr/lib/ivl/system.vpi";
:vpi_module "/usr/lib/ivl/vhdl_sys.vpi";
:vpi_module "/usr/lib/ivl/vhdl_textio.vpi";
:vpi_module "/usr/lib/ivl/v2005_math.vpi";
:vpi_module "/usr/lib/ivl/va_math.vpi";
:vpi_module "/usr/lib/ivl/v2009.vpi";
S_0x562d785d6de0 .scope package, "$unit" "$unit" 2 1;
 .timescale 0 0;
S_0x562d785d6020 .scope module, "DP16KD" "DP16KD" 3 479;
 .timescale 0 0;
    .port_info 0 /INPUT 1 "DIA17";
    .port_info 1 /INPUT 1 "DIA16";
    .port_info 2 /INPUT 1 "DIA15";
    .port_info 3 /INPUT 1 "DIA14";
    .port_info 4 /INPUT 1 "DIA13";
    .port_info 5 /INPUT 1 "DIA12";
    .port_info 6 /INPUT 1 "DIA11";
    .port_info 7 /INPUT 1 "DIA10";
    .port_info 8 /INPUT 1 "DIA9";
    .port_info 9 /INPUT 1 "DIA8";
    .port_info 10 /INPUT 1 "DIA7";
    .port_info 11 /INPUT 1 "DIA6";
    .port_info 12 /INPUT 1 "DIA5";
    .port_info 13 /INPUT 1 "DIA4";
    .port_info 14 /INPUT 1 "DIA3";
    .port_info 15 /INPUT 1 "DIA2";
    .port_info 16 /INPUT 1 "DIA1";
    .port_info 17 /INPUT 1 "DIA0";
    .port_info 18 /INPUT 1 "ADA13";
    .port_info 19 /INPUT 1 "ADA12";
    .port_info 20 /INPUT 1 "ADA11";
    .port_info 21 /INPUT 1 "ADA10";
    .port_info 22 /INPUT 1 "ADA9";
    .port_info 23 /INPUT 1 "ADA8";
    .port_info 24 /INPUT 1 "ADA7";
    .port_info 25 /INPUT 1 "ADA6";
    .port_info 26 /INPUT 1 "ADA5";
    .port_info 27 /INPUT 1 "ADA4";
    .port_info 28 /INPUT 1 "ADA3";
    .port_info 29 /INPUT 1 "ADA2";
    .port_info 30 /INPUT 1 "ADA1";
    .port_info 31 /INPUT 1 "ADA0";
    .port_info 32 /INPUT 1 "CEA";
    .port_info 33 /INPUT 1 "OCEA";
    .port_info 34 /INPUT 1 "CLKA";
    .port_info 35 /INPUT 1 "WEA";
    .port_info 36 /INPUT 1 "RSTA";
    .port_info 37 /INPUT 1 "CSA2";
    .port_info 38 /INPUT 1 "CSA1";
    .port_info 39 /INPUT 1 "CSA0";
    .port_info 40 /OUTPUT 1 "DOA17";
    .port_info 41 /OUTPUT 1 "DOA16";
    .port_info 42 /OUTPUT 1 "DOA15";
    .port_info 43 /OUTPUT 1 "DOA14";
    .port_info 44 /OUTPUT 1 "DOA13";
    .port_info 45 /OUTPUT 1 "DOA12";
    .port_info 46 /OUTPUT 1 "DOA11";
    .port_info 47 /OUTPUT 1 "DOA10";
    .port_info 48 /OUTPUT 1 "DOA9";
    .port_info 49 /OUTPUT 1 "DOA8";
    .port_info 50 /OUTPUT 1 "DOA7";
    .port_info 51 /OUTPUT 1 "DOA6";
    .port_info 52 /OUTPUT 1 "DOA5";
    .port_info 53 /OUTPUT 1 "DOA4";
    .port_info 54 /OUTPUT 1 "DOA3";
    .port_info 55 /OUTPUT 1 "DOA2";
    .port_info 56 /OUTPUT 1 "DOA1";
    .port_info 57 /OUTPUT 1 "DOA0";
    .port_info 58 /INPUT 1 "DIB17";
    .port_info 59 /INPUT 1 "DIB16";
    .port_info 60 /INPUT 1 "DIB15";
    .port_info 61 /INPUT 1 "DIB14";
    .port_info 62 /INPUT 1 "DIB13";
    .port_info 63 /INPUT 1 "DIB12";
    .port_info 64 /INPUT 1 "DIB11";
    .port_info 65 /INPUT 1 "DIB10";
    .port_info 66 /INPUT 1 "DIB9";
    .port_info 67 /INPUT 1 "DIB8";
    .port_info 68 /INPUT 1 "DIB7";
    .port_info 69 /INPUT 1 "DIB6";
    .port_info 70 /INPUT 1 "DIB5";
    .port_info 71 /INPUT 1 "DIB4";
    .port_info 72 /INPUT 1 "DIB3";
    .port_info 73 /INPUT 1 "DIB2";
    .port_info 74 /INPUT 1 "DIB1";
    .port_info 75 /INPUT 1 "DIB0";
    .port_info 76 /INPUT 1 "ADB13";
    .port_info 77 /INPUT 1 "ADB12";
    .port_info 78 /INPUT 1 "ADB11";
    .port_info 79 /INPUT 1 "ADB10";
    .port_info 80 /INPUT 1 "ADB9";
    .port_info 81 /INPUT 1 "ADB8";
    .port_info 82 /INPUT 1 "ADB7";
    .port_info 83 /INPUT 1 "ADB6";
    .port_info 84 /INPUT 1 "ADB5";
    .port_info 85 /INPUT 1 "ADB4";
    .port_info 86 /INPUT 1 "ADB3";
    .port_info 87 /INPUT 1 "ADB2";
    .port_info 88 /INPUT 1 "ADB1";
    .port_info 89 /INPUT 1 "ADB0";
    .port_info 90 /INPUT 1 "CEB";
    .port_info 91 /INPUT 1 "OCEB";
    .port_info 92 /INPUT 1 "CLKB";
    .port_info 93 /INPUT 1 "WEB";
    .port_info 94 /INPUT 1 "RSTB";
    .port_info 95 /INPUT 1 "CSB2";
    .port_info 96 /INPUT 1 "CSB1";
    .port_info 97 /INPUT 1 "CSB0";
    .port_info 98 /OUTPUT 1 "DOB17";
    .port_info 99 /OUTPUT 1 "DOB16";
    .port_info 100 /OUTPUT 1 "DOB15";
    .port_info 101 /OUTPUT 1 "DOB14";
    .port_info 102 /OUTPUT 1 "DOB13";
    .port_info 103 /OUTPUT 1 "DOB12";
    .port_info 104 /OUTPUT 1 "DOB11";
    .port_info 105 /OUTPUT 1 "DOB10";
    .port_info 106 /OUTPUT 1 "DOB9";
    .port_info 107 /OUTPUT 1 "DOB8";
    .port_info 108 /OUTPUT 1 "DOB7";
    .port_info 109 /OUTPUT 1 "DOB6";
    .port_info 110 /OUTPUT 1 "DOB5";
    .port_info 111 /OUTPUT 1 "DOB4";
    .port_info 112 /OUTPUT 1 "DOB3";
    .port_info 113 /OUTPUT 1 "DOB2";
    .port_info 114 /OUTPUT 1 "DOB1";
    .port_info 115 /OUTPUT 1 "DOB0";
P_0x562d785e7ee0 .param/str "ADA0MUX" 0 3 538, "ADA0";
P_0x562d785e7f20 .param/str "ADA10MUX" 0 3 528, "ADA10";
P_0x562d785e7f60 .param/str "ADA11MUX" 0 3 527, "ADA11";
P_0x562d785e7fa0 .param/str "ADA12MUX" 0 3 526, "ADA12";
P_0x562d785e7fe0 .param/str "ADA13MUX" 0 3 525, "ADA13";
P_0x562d785e8020 .param/str "ADA1MUX" 0 3 537, "ADA1";
P_0x562d785e8060 .param/str "ADA2MUX" 0 3 536, "ADA2";
P_0x562d785e80a0 .param/str "ADA3MUX" 0 3 535, "ADA3";
P_0x562d785e80e0 .param/str "ADA4MUX" 0 3 534, "ADA4";
P_0x562d785e8120 .param/str "ADA5MUX" 0 3 533, "ADA5";
P_0x562d785e8160 .param/str "ADA6MUX" 0 3 532, "ADA6";
P_0x562d785e81a0 .param/str "ADA7MUX" 0 3 531, "ADA7";
P_0x562d785e81e0 .param/str "ADA8MUX" 0 3 530, "ADA8";
P_0x562d785e8220 .param/str "ADA9MUX" 0 3 529, "ADA9";
P_0x562d785e8260 .param/str "ADB0MUX" 0 3 596, "ADB0";
P_0x562d785e82a0 .param/str "ADB10MUX" 0 3 586, "ADB10";
P_0x562d785e82e0 .param/str "ADB11MUX" 0 3 585, "ADB11";
P_0x562d785e8320 .param/str "ADB12MUX" 0 3 584, "ADB12";
P_0x562d785e8360 .param/str "ADB13MUX" 0 3 583, "ADB13";
P_0x562d785e83a0 .param/str "ADB1MUX" 0 3 595, "ADB1";
P_0x562d785e83e0 .param/str "ADB2MUX" 0 3 594, "ADB2";
P_0x562d785e8420 .param/str "ADB3MUX" 0 3 593, "ADB3";
P_0x562d785e8460 .param/str "ADB4MUX" 0 3 592, "ADB4";
P_0x562d785e84a0 .param/str "ADB5MUX" 0 3 591, "ADB5";
P_0x562d785e84e0 .param/str "ADB6MUX" 0 3 590, "ADB6";
P_0x562d785e8520 .param/str "ADB7MUX" 0 3 589, "ADB7";
P_0x562d785e8560 .param/str "ADB8MUX" 0 3 588, "ADB8";
P_0x562d785e85a0 .param/str "ADB9MUX" 0 3 587, "ADB9";
P_0x562d785e85e0 .param/str "ASYNC_RESET_RELEASE" 0 3 499, "SYNC";
P_0x562d785e8620 .param/str "CEAMUX" 0 3 539, "CEA";
P_0x562d785e8660 .param/str "CEBMUX" 0 3 597, "CEB";
P_0x562d785e86a0 .param/str "CLKAMUX" 0 3 541, "CLKA";
P_0x562d785e86e0 .param/str "CLKBMUX" 0 3 599, "CLKB";
P_0x562d785e8720 .param/str "CSA0MUX" 0 3 546, "CSA0";
P_0x562d785e8760 .param/str "CSA1MUX" 0 3 545, "CSA1";
P_0x562d785e87a0 .param/str "CSA2MUX" 0 3 544, "CSA2";
P_0x562d785e87e0 .param/str "CSB0MUX" 0 3 604, "CSB0";
P_0x562d785e8820 .param/str "CSB1MUX" 0 3 603, "CSB1";
P_0x562d785e8860 .param/str "CSB2MUX" 0 3 602, "CSB2";
P_0x562d785e88a0 .param/str "CSDECODE_A" 0 3 501, "0b000";
P_0x562d785e88e0 .param/str "CSDECODE_B" 0 3 502, "0b000";
P_0x562d785e8920 .param/l "DATA_WIDTH_A" 0 3 492, +C4<00000000000000000000000000010010>;
P_0x562d785e8960 .param/l "DATA_WIDTH_B" 0 3 493, +C4<00000000000000000000000000010010>;
P_0x562d785e89a0 .param/str "DIA0MUX" 0 3 524, "DIA0";
P_0x562d785e89e0 .param/str "DIA10MUX" 0 3 514, "DIA10";
P_0x562d785e8a20 .param/str "DIA11MUX" 0 3 513, "DIA11";
P_0x562d785e8a60 .param/str "DIA12MUX" 0 3 512, "DIA12";
P_0x562d785e8aa0 .param/str "DIA13MUX" 0 3 511, "DIA13";
P_0x562d785e8ae0 .param/str "DIA14MUX" 0 3 510, "DIA14";
P_0x562d785e8b20 .param/str "DIA15MUX" 0 3 509, "DIA15";
P_0x562d785e8b60 .param/str "DIA16MUX" 0 3 508, "DIA16";
P_0x562d785e8ba0 .param/str "DIA17MUX" 0 3 507, "DIA17";
P_0x562d785e8be0 .param/str "DIA1MUX" 0 3 523, "DIA1";
P_0x562d785e8c20 .param/str "DIA2MUX" 0 3 522, "DIA2";
P_0x562d785e8c60 .param/str "DIA3MUX" 0 3 521, "DIA3";
P_0x562d785e8ca0 .param/str "DIA4MUX" 0 3 520, "DIA4";
P_0x562d785e8ce0 .param/str "DIA5MUX" 0 3 519, "DIA5";
P_0x562d785e8d20 .param/str "DIA6MUX" 0 3 518, "DIA6";
P_0x562d785e8d60 .param/str "DIA7MUX" 0 3 517, "DIA7";
P_0x562d785e8da0 .param/str "DIA8MUX" 0 3 516, "DIA8";
P_0x562d785e8de0 .param/str "DIA9MUX" 0 3 515, "DIA9";
P_0x562d785e8e20 .param/str "DIB0MUX" 0 3 582, "DIB0";
P_0x562d785e8e60 .param/str "DIB10MUX" 0 3 572, "DIB10";
P_0x562d785e8ea0 .param/str "DIB11MUX" 0 3 571, "DIB11";
P_0x562d785e8ee0 .param/str "DIB12MUX" 0 3 570, "DIB12";
P_0x562d785e8f20 .param/str "DIB13MUX" 0 3 569, "DIB13";
P_0x562d785e8f60 .param/str "DIB14MUX" 0 3 568, "DIB14";
P_0x562d785e8fa0 .param/str "DIB15MUX" 0 3 567, "DIB15";
P_0x562d785e8fe0 .param/str "DIB16MUX" 0 3 566, "DIB16";
P_0x562d785e9020 .param/str "DIB17MUX" 0 3 565, "DIB17";
P_0x562d785e9060 .param/str "DIB1MUX" 0 3 581, "DIB1";
P_0x562d785e90a0 .param/str "DIB2MUX" 0 3 580, "DIB2";
P_0x562d785e90e0 .param/str "DIB3MUX" 0 3 579, "DIB3";
P_0x562d785e9120 .param/str "DIB4MUX" 0 3 578, "DIB4";
P_0x562d785e9160 .param/str "DIB5MUX" 0 3 577, "DIB5";
P_0x562d785e91a0 .param/str "DIB6MUX" 0 3 576, "DIB6";
P_0x562d785e91e0 .param/str "DIB7MUX" 0 3 575, "DIB7";
P_0x562d785e9220 .param/str "DIB8MUX" 0 3 574, "DIB8";
P_0x562d785e9260 .param/str "DIB9MUX" 0 3 573, "DIB9";
P_0x562d785e92a0 .param/str "DOA0MUX" 0 3 564, "DOA0";
P_0x562d785e92e0 .param/str "DOA10MUX" 0 3 554, "DOA10";
P_0x562d785e9320 .param/str "DOA11MUX" 0 3 553, "DOA11";
P_0x562d785e9360 .param/str "DOA12MUX" 0 3 552, "DOA12";
P_0x562d785e93a0 .param/str "DOA13MUX" 0 3 551, "DOA13";
P_0x562d785e93e0 .param/str "DOA14MUX" 0 3 550, "DOA14";
P_0x562d785e9420 .param/str "DOA15MUX" 0 3 549, "DOA15";
P_0x562d785e9460 .param/str "DOA16MUX" 0 3 548, "DOA16";
P_0x562d785e94a0 .param/str "DOA17MUX" 0 3 547, "DOA17";
P_0x562d785e94e0 .param/str "DOA1MUX" 0 3 563, "DOA1";
P_0x562d785e9520 .param/str "DOA2MUX" 0 3 562, "DOA2";
P_0x562d785e9560 .param/str "DOA3MUX" 0 3 561, "DOA3";
P_0x562d785e95a0 .param/str "DOA4MUX" 0 3 560, "DOA4";
P_0x562d785e95e0 .param/str "DOA5MUX" 0 3 559, "DOA5";
P_0x562d785e9620 .param/str "DOA6MUX" 0 3 558, "DOA6";
P_0x562d785e9660 .param/str "DOA7MUX" 0 3 557, "DOA7";
P_0x562d785e96a0 .param/str "DOA8MUX" 0 3 556, "DOA8";
P_0x562d785e96e0 .param/str "DOA9MUX" 0 3 555, "DOA9";
P_0x562d785e9720 .param/str "DOB0MUX" 0 3 622, "DOB0";
P_0x562d785e9760 .param/str "DOB10MUX" 0 3 612, "DOB10";
P_0x562d785e97a0 .param/str "DOB11MUX" 0 3 611, "DOB11";
P_0x562d785e97e0 .param/str "DOB12MUX" 0 3 610, "DOB12";
P_0x562d785e9820 .param/str "DOB13MUX" 0 3 609, "DOB13";
P_0x562d785e9860 .param/str "DOB14MUX" 0 3 608, "DOB14";
P_0x562d785e98a0 .param/str "DOB15MUX" 0 3 607, "DOB15";
P_0x562d785e98e0 .param/str "DOB16MUX" 0 3 606, "DOB16";
P_0x562d785e9920 .param/str "DOB17MUX" 0 3 605, "DOB17";
P_0x562d785e9960 .param/str "DOB1MUX" 0 3 621, "DOB1";
P_0x562d785e99a0 .param/str "DOB2MUX" 0 3 620, "DOB2";
P_0x562d785e99e0 .param/str "DOB3MUX" 0 3 619, "DOB3";
P_0x562d785e9a20 .param/str "DOB4MUX" 0 3 618, "DOB4";
P_0x562d785e9a60 .param/str "DOB5MUX" 0 3 617, "DOB5";
P_0x562d785e9aa0 .param/str "DOB6MUX" 0 3 616, "DOB6";
P_0x562d785e9ae0 .param/str "DOB7MUX" 0 3 615, "DOB7";
P_0x562d785e9b20 .param/str "DOB8MUX" 0 3 614, "DOB8";
P_0x562d785e9b60 .param/str "DOB9MUX" 0 3 613, "DOB9";
P_0x562d785e9ba0 .param/str "GSR" 0 3 626, "ENABLED";
P_0x562d785e9be0 .param/l "INITVAL_00" 0 3 628, C4<00000000000000000000000000000000000000000000000000000000000000000000000000000000000000000000000000000000000000000000000000000000000000000000000000000000000000000000000000000000000000000000000000000000000000000000000000000000000000000000000000000000000000000000000000000000000000000000000000000000000000000000000000000000>;
P_0x562d785e9c20 .param/l "INITVAL_01" 0 3 629, C4<00000000000000000000000000000000000000000000000000000000000000000000000000000000000000000000000000000000000000000000000000000000000000000000000000000000000000000000000000000000000000000000000000000000000000000000000000000000000000000000000000000000000000000000000000000000000000000000000000000000000000000000000000000000>;
P_0x562d785e9c60 .param/l "INITVAL_02" 0 3 630, C4<00000000000000000000000000000000000000000000000000000000000000000000000000000000000000000000000000000000000000000000000000000000000000000000000000000000000000000000000000000000000000000000000000000000000000000000000000000000000000000000000000000000000000000000000000000000000000000000000000000000000000000000000000000000>;
P_0x562d785e9ca0 .param/l "INITVAL_03" 0 3 631, C4<00000000000000000000000000000000000000000000000000000000000000000000000000000000000000000000000000000000000000000000000000000000000000000000000000000000000000000000000000000000000000000000000000000000000000000000000000000000000000000000000000000000000000000000000000000000000000000000000000000000000000000000000000000000>;
P_0x562d785e9ce0 .param/l "INITVAL_04" 0 3 632, C4<00000000000000000000000000000000000000000000000000000000000000000000000000000000000000000000000000000000000000000000000000000000000000000000000000000000000000000000000000000000000000000000000000000000000000000000000000000000000000000000000000000000000000000000000000000000000000000000000000000000000000000000000000000000>;
P_0x562d785e9d20 .param/l "INITVAL_05" 0 3 633, C4<00000000000000000000000000000000000000000000000000000000000000000000000000000000000000000000000000000000000000000000000000000000000000000000000000000000000000000000000000000000000000000000000000000000000000000000000000000000000000000000000000000000000000000000000000000000000000000000000000000000000000000000000000000000>;
P_0x562d785e9d60 .param/l "INITVAL_06" 0 3 634, C4<00000000000000000000000000000000000000000000000000000000000000000000000000000000000000000000000000000000000000000000000000000000000000000000000000000000000000000000000000000000000000000000000000000000000000000000000000000000000000000000000000000000000000000000000000000000000000000000000000000000000000000000000000000000>;
P_0x562d785e9da0 .param/l "INITVAL_07" 0 3 635, C4<00000000000000000000000000000000000000000000000000000000000000000000000000000000000000000000000000000000000000000000000000000000000000000000000000000000000000000000000000000000000000000000000000000000000000000000000000000000000000000000000000000000000000000000000000000000000000000000000000000000000000000000000000000000>;
P_0x562d785e9de0 .param/l "INITVAL_08" 0 3 636, C4<00000000000000000000000000000000000000000000000000000000000000000000000000000000000000000000000000000000000000000000000000000000000000000000000000000000000000000000000000000000000000000000000000000000000000000000000000000000000000000000000000000000000000000000000000000000000000000000000000000000000000000000000000000000>;
P_0x562d785e9e20 .param/l "INITVAL_09" 0 3 637, C4<00000000000000000000000000000000000000000000000000000000000000000000000000000000000000000000000000000000000000000000000000000000000000000000000000000000000000000000000000000000000000000000000000000000000000000000000000000000000000000000000000000000000000000000000000000000000000000000000000000000000000000000000000000000>;
P_0x562d785e9e60 .param/l "INITVAL_0A" 0 3 638, C4<00000000000000000000000000000000000000000000000000000000000000000000000000000000000000000000000000000000000000000000000000000000000000000000000000000000000000000000000000000000000000000000000000000000000000000000000000000000000000000000000000000000000000000000000000000000000000000000000000000000000000000000000000000000>;
P_0x562d785e9ea0 .param/l "INITVAL_0B" 0 3 639, C4<00000000000000000000000000000000000000000000000000000000000000000000000000000000000000000000000000000000000000000000000000000000000000000000000000000000000000000000000000000000000000000000000000000000000000000000000000000000000000000000000000000000000000000000000000000000000000000000000000000000000000000000000000000000>;
P_0x562d785e9ee0 .param/l "INITVAL_0C" 0 3 640, C4<00000000000000000000000000000000000000000000000000000000000000000000000000000000000000000000000000000000000000000000000000000000000000000000000000000000000000000000000000000000000000000000000000000000000000000000000000000000000000000000000000000000000000000000000000000000000000000000000000000000000000000000000000000000>;
P_0x562d785e9f20 .param/l "INITVAL_0D" 0 3 641, C4<00000000000000000000000000000000000000000000000000000000000000000000000000000000000000000000000000000000000000000000000000000000000000000000000000000000000000000000000000000000000000000000000000000000000000000000000000000000000000000000000000000000000000000000000000000000000000000000000000000000000000000000000000000000>;
P_0x562d785e9f60 .param/l "INITVAL_0E" 0 3 642, C4<00000000000000000000000000000000000000000000000000000000000000000000000000000000000000000000000000000000000000000000000000000000000000000000000000000000000000000000000000000000000000000000000000000000000000000000000000000000000000000000000000000000000000000000000000000000000000000000000000000000000000000000000000000000>;
P_0x562d785e9fa0 .param/l "INITVAL_0F" 0 3 643, C4<00000000000000000000000000000000000000000000000000000000000000000000000000000000000000000000000000000000000000000000000000000000000000000000000000000000000000000000000000000000000000000000000000000000000000000000000000000000000000000000000000000000000000000000000000000000000000000000000000000000000000000000000000000000>;
P_0x562d785e9fe0 .param/l "INITVAL_10" 0 3 644, C4<00000000000000000000000000000000000000000000000000000000000000000000000000000000000000000000000000000000000000000000000000000000000000000000000000000000000000000000000000000000000000000000000000000000000000000000000000000000000000000000000000000000000000000000000000000000000000000000000000000000000000000000000000000000>;
P_0x562d785ea020 .param/l "INITVAL_11" 0 3 645, C4<00000000000000000000000000000000000000000000000000000000000000000000000000000000000000000000000000000000000000000000000000000000000000000000000000000000000000000000000000000000000000000000000000000000000000000000000000000000000000000000000000000000000000000000000000000000000000000000000000000000000000000000000000000000>;
P_0x562d785ea060 .param/l "INITVAL_12" 0 3 646, C4<00000000000000000000000000000000000000000000000000000000000000000000000000000000000000000000000000000000000000000000000000000000000000000000000000000000000000000000000000000000000000000000000000000000000000000000000000000000000000000000000000000000000000000000000000000000000000000000000000000000000000000000000000000000>;
P_0x562d785ea0a0 .param/l "INITVAL_13" 0 3 647, C4<00000000000000000000000000000000000000000000000000000000000000000000000000000000000000000000000000000000000000000000000000000000000000000000000000000000000000000000000000000000000000000000000000000000000000000000000000000000000000000000000000000000000000000000000000000000000000000000000000000000000000000000000000000000>;
P_0x562d785ea0e0 .param/l "INITVAL_14" 0 3 648, C4<00000000000000000000000000000000000000000000000000000000000000000000000000000000000000000000000000000000000000000000000000000000000000000000000000000000000000000000000000000000000000000000000000000000000000000000000000000000000000000000000000000000000000000000000000000000000000000000000000000000000000000000000000000000>;
P_0x562d785ea120 .param/l "INITVAL_15" 0 3 649, C4<00000000000000000000000000000000000000000000000000000000000000000000000000000000000000000000000000000000000000000000000000000000000000000000000000000000000000000000000000000000000000000000000000000000000000000000000000000000000000000000000000000000000000000000000000000000000000000000000000000000000000000000000000000000>;
P_0x562d785ea160 .param/l "INITVAL_16" 0 3 650, C4<00000000000000000000000000000000000000000000000000000000000000000000000000000000000000000000000000000000000000000000000000000000000000000000000000000000000000000000000000000000000000000000000000000000000000000000000000000000000000000000000000000000000000000000000000000000000000000000000000000000000000000000000000000000>;
P_0x562d785ea1a0 .param/l "INITVAL_17" 0 3 651, C4<00000000000000000000000000000000000000000000000000000000000000000000000000000000000000000000000000000000000000000000000000000000000000000000000000000000000000000000000000000000000000000000000000000000000000000000000000000000000000000000000000000000000000000000000000000000000000000000000000000000000000000000000000000000>;
P_0x562d785ea1e0 .param/l "INITVAL_18" 0 3 652, C4<00000000000000000000000000000000000000000000000000000000000000000000000000000000000000000000000000000000000000000000000000000000000000000000000000000000000000000000000000000000000000000000000000000000000000000000000000000000000000000000000000000000000000000000000000000000000000000000000000000000000000000000000000000000>;
P_0x562d785ea220 .param/l "INITVAL_19" 0 3 653, C4<00000000000000000000000000000000000000000000000000000000000000000000000000000000000000000000000000000000000000000000000000000000000000000000000000000000000000000000000000000000000000000000000000000000000000000000000000000000000000000000000000000000000000000000000000000000000000000000000000000000000000000000000000000000>;
P_0x562d785ea260 .param/l "INITVAL_1A" 0 3 654, C4<00000000000000000000000000000000000000000000000000000000000000000000000000000000000000000000000000000000000000000000000000000000000000000000000000000000000000000000000000000000000000000000000000000000000000000000000000000000000000000000000000000000000000000000000000000000000000000000000000000000000000000000000000000000>;
P_0x562d785ea2a0 .param/l "INITVAL_1B" 0 3 655, C4<00000000000000000000000000000000000000000000000000000000000000000000000000000000000000000000000000000000000000000000000000000000000000000000000000000000000000000000000000000000000000000000000000000000000000000000000000000000000000000000000000000000000000000000000000000000000000000000000000000000000000000000000000000000>;
P_0x562d785ea2e0 .param/l "INITVAL_1C" 0 3 656, C4<00000000000000000000000000000000000000000000000000000000000000000000000000000000000000000000000000000000000000000000000000000000000000000000000000000000000000000000000000000000000000000000000000000000000000000000000000000000000000000000000000000000000000000000000000000000000000000000000000000000000000000000000000000000>;
P_0x562d785ea320 .param/l "INITVAL_1D" 0 3 657, C4<00000000000000000000000000000000000000000000000000000000000000000000000000000000000000000000000000000000000000000000000000000000000000000000000000000000000000000000000000000000000000000000000000000000000000000000000000000000000000000000000000000000000000000000000000000000000000000000000000000000000000000000000000000000>;
P_0x562d785ea360 .param/l "INITVAL_1E" 0 3 658, C4<00000000000000000000000000000000000000000000000000000000000000000000000000000000000000000000000000000000000000000000000000000000000000000000000000000000000000000000000000000000000000000000000000000000000000000000000000000000000000000000000000000000000000000000000000000000000000000000000000000000000000000000000000000000>;
P_0x562d785ea3a0 .param/l "INITVAL_1F" 0 3 659, C4<00000000000000000000000000000000000000000000000000000000000000000000000000000000000000000000000000000000000000000000000000000000000000000000000000000000000000000000000000000000000000000000000000000000000000000000000000000000000000000000000000000000000000000000000000000000000000000000000000000000000000000000000000000000>;
P_0x562d785ea3e0 .param/l "INITVAL_20" 0 3 660, C4<00000000000000000000000000000000000000000000000000000000000000000000000000000000000000000000000000000000000000000000000000000000000000000000000000000000000000000000000000000000000000000000000000000000000000000000000000000000000000000000000000000000000000000000000000000000000000000000000000000000000000000000000000000000>;
P_0x562d785ea420 .param/l "INITVAL_21" 0 3 661, C4<00000000000000000000000000000000000000000000000000000000000000000000000000000000000000000000000000000000000000000000000000000000000000000000000000000000000000000000000000000000000000000000000000000000000000000000000000000000000000000000000000000000000000000000000000000000000000000000000000000000000000000000000000000000>;
P_0x562d785ea460 .param/l "INITVAL_22" 0 3 662, C4<00000000000000000000000000000000000000000000000000000000000000000000000000000000000000000000000000000000000000000000000000000000000000000000000000000000000000000000000000000000000000000000000000000000000000000000000000000000000000000000000000000000000000000000000000000000000000000000000000000000000000000000000000000000>;
P_0x562d785ea4a0 .param/l "INITVAL_23" 0 3 663, C4<00000000000000000000000000000000000000000000000000000000000000000000000000000000000000000000000000000000000000000000000000000000000000000000000000000000000000000000000000000000000000000000000000000000000000000000000000000000000000000000000000000000000000000000000000000000000000000000000000000000000000000000000000000000>;
P_0x562d785ea4e0 .param/l "INITVAL_24" 0 3 664, C4<00000000000000000000000000000000000000000000000000000000000000000000000000000000000000000000000000000000000000000000000000000000000000000000000000000000000000000000000000000000000000000000000000000000000000000000000000000000000000000000000000000000000000000000000000000000000000000000000000000000000000000000000000000000>;
P_0x562d785ea520 .param/l "INITVAL_25" 0 3 665, C4<00000000000000000000000000000000000000000000000000000000000000000000000000000000000000000000000000000000000000000000000000000000000000000000000000000000000000000000000000000000000000000000000000000000000000000000000000000000000000000000000000000000000000000000000000000000000000000000000000000000000000000000000000000000>;
P_0x562d785ea560 .param/l "INITVAL_26" 0 3 666, C4<00000000000000000000000000000000000000000000000000000000000000000000000000000000000000000000000000000000000000000000000000000000000000000000000000000000000000000000000000000000000000000000000000000000000000000000000000000000000000000000000000000000000000000000000000000000000000000000000000000000000000000000000000000000>;
P_0x562d785ea5a0 .param/l "INITVAL_27" 0 3 667, C4<00000000000000000000000000000000000000000000000000000000000000000000000000000000000000000000000000000000000000000000000000000000000000000000000000000000000000000000000000000000000000000000000000000000000000000000000000000000000000000000000000000000000000000000000000000000000000000000000000000000000000000000000000000000>;
P_0x562d785ea5e0 .param/l "INITVAL_28" 0 3 668, C4<00000000000000000000000000000000000000000000000000000000000000000000000000000000000000000000000000000000000000000000000000000000000000000000000000000000000000000000000000000000000000000000000000000000000000000000000000000000000000000000000000000000000000000000000000000000000000000000000000000000000000000000000000000000>;
P_0x562d785ea620 .param/l "INITVAL_29" 0 3 669, C4<00000000000000000000000000000000000000000000000000000000000000000000000000000000000000000000000000000000000000000000000000000000000000000000000000000000000000000000000000000000000000000000000000000000000000000000000000000000000000000000000000000000000000000000000000000000000000000000000000000000000000000000000000000000>;
P_0x562d785ea660 .param/l "INITVAL_2A" 0 3 670, C4<00000000000000000000000000000000000000000000000000000000000000000000000000000000000000000000000000000000000000000000000000000000000000000000000000000000000000000000000000000000000000000000000000000000000000000000000000000000000000000000000000000000000000000000000000000000000000000000000000000000000000000000000000000000>;
P_0x562d785ea6a0 .param/l "INITVAL_2B" 0 3 671, C4<00000000000000000000000000000000000000000000000000000000000000000000000000000000000000000000000000000000000000000000000000000000000000000000000000000000000000000000000000000000000000000000000000000000000000000000000000000000000000000000000000000000000000000000000000000000000000000000000000000000000000000000000000000000>;
P_0x562d785ea6e0 .param/l "INITVAL_2C" 0 3 672, C4<00000000000000000000000000000000000000000000000000000000000000000000000000000000000000000000000000000000000000000000000000000000000000000000000000000000000000000000000000000000000000000000000000000000000000000000000000000000000000000000000000000000000000000000000000000000000000000000000000000000000000000000000000000000>;
P_0x562d785ea720 .param/l "INITVAL_2D" 0 3 673, C4<00000000000000000000000000000000000000000000000000000000000000000000000000000000000000000000000000000000000000000000000000000000000000000000000000000000000000000000000000000000000000000000000000000000000000000000000000000000000000000000000000000000000000000000000000000000000000000000000000000000000000000000000000000000>;
P_0x562d785ea760 .param/l "INITVAL_2E" 0 3 674, C4<00000000000000000000000000000000000000000000000000000000000000000000000000000000000000000000000000000000000000000000000000000000000000000000000000000000000000000000000000000000000000000000000000000000000000000000000000000000000000000000000000000000000000000000000000000000000000000000000000000000000000000000000000000000>;
P_0x562d785ea7a0 .param/l "INITVAL_2F" 0 3 675, C4<00000000000000000000000000000000000000000000000000000000000000000000000000000000000000000000000000000000000000000000000000000000000000000000000000000000000000000000000000000000000000000000000000000000000000000000000000000000000000000000000000000000000000000000000000000000000000000000000000000000000000000000000000000000>;
P_0x562d785ea7e0 .param/l "INITVAL_30" 0 3 676, C4<00000000000000000000000000000000000000000000000000000000000000000000000000000000000000000000000000000000000000000000000000000000000000000000000000000000000000000000000000000000000000000000000000000000000000000000000000000000000000000000000000000000000000000000000000000000000000000000000000000000000000000000000000000000>;
P_0x562d785ea820 .param/l "INITVAL_31" 0 3 677, C4<00000000000000000000000000000000000000000000000000000000000000000000000000000000000000000000000000000000000000000000000000000000000000000000000000000000000000000000000000000000000000000000000000000000000000000000000000000000000000000000000000000000000000000000000000000000000000000000000000000000000000000000000000000000>;
P_0x562d785ea860 .param/l "INITVAL_32" 0 3 678, C4<00000000000000000000000000000000000000000000000000000000000000000000000000000000000000000000000000000000000000000000000000000000000000000000000000000000000000000000000000000000000000000000000000000000000000000000000000000000000000000000000000000000000000000000000000000000000000000000000000000000000000000000000000000000>;
P_0x562d785ea8a0 .param/l "INITVAL_33" 0 3 679, C4<00000000000000000000000000000000000000000000000000000000000000000000000000000000000000000000000000000000000000000000000000000000000000000000000000000000000000000000000000000000000000000000000000000000000000000000000000000000000000000000000000000000000000000000000000000000000000000000000000000000000000000000000000000000>;
P_0x562d785ea8e0 .param/l "INITVAL_34" 0 3 680, C4<00000000000000000000000000000000000000000000000000000000000000000000000000000000000000000000000000000000000000000000000000000000000000000000000000000000000000000000000000000000000000000000000000000000000000000000000000000000000000000000000000000000000000000000000000000000000000000000000000000000000000000000000000000000>;
P_0x562d785ea920 .param/l "INITVAL_35" 0 3 681, C4<00000000000000000000000000000000000000000000000000000000000000000000000000000000000000000000000000000000000000000000000000000000000000000000000000000000000000000000000000000000000000000000000000000000000000000000000000000000000000000000000000000000000000000000000000000000000000000000000000000000000000000000000000000000>;
P_0x562d785ea960 .param/l "INITVAL_36" 0 3 682, C4<00000000000000000000000000000000000000000000000000000000000000000000000000000000000000000000000000000000000000000000000000000000000000000000000000000000000000000000000000000000000000000000000000000000000000000000000000000000000000000000000000000000000000000000000000000000000000000000000000000000000000000000000000000000>;
P_0x562d785ea9a0 .param/l "INITVAL_37" 0 3 683, C4<00000000000000000000000000000000000000000000000000000000000000000000000000000000000000000000000000000000000000000000000000000000000000000000000000000000000000000000000000000000000000000000000000000000000000000000000000000000000000000000000000000000000000000000000000000000000000000000000000000000000000000000000000000000>;
P_0x562d785ea9e0 .param/l "INITVAL_38" 0 3 684, C4<00000000000000000000000000000000000000000000000000000000000000000000000000000000000000000000000000000000000000000000000000000000000000000000000000000000000000000000000000000000000000000000000000000000000000000000000000000000000000000000000000000000000000000000000000000000000000000000000000000000000000000000000000000000>;
P_0x562d785eaa20 .param/l "INITVAL_39" 0 3 685, C4<00000000000000000000000000000000000000000000000000000000000000000000000000000000000000000000000000000000000000000000000000000000000000000000000000000000000000000000000000000000000000000000000000000000000000000000000000000000000000000000000000000000000000000000000000000000000000000000000000000000000000000000000000000000>;
P_0x562d785eaa60 .param/l "INITVAL_3A" 0 3 686, C4<00000000000000000000000000000000000000000000000000000000000000000000000000000000000000000000000000000000000000000000000000000000000000000000000000000000000000000000000000000000000000000000000000000000000000000000000000000000000000000000000000000000000000000000000000000000000000000000000000000000000000000000000000000000>;
P_0x562d785eaaa0 .param/l "INITVAL_3B" 0 3 687, C4<00000000000000000000000000000000000000000000000000000000000000000000000000000000000000000000000000000000000000000000000000000000000000000000000000000000000000000000000000000000000000000000000000000000000000000000000000000000000000000000000000000000000000000000000000000000000000000000000000000000000000000000000000000000>;
P_0x562d785eaae0 .param/l "INITVAL_3C" 0 3 688, C4<00000000000000000000000000000000000000000000000000000000000000000000000000000000000000000000000000000000000000000000000000000000000000000000000000000000000000000000000000000000000000000000000000000000000000000000000000000000000000000000000000000000000000000000000000000000000000000000000000000000000000000000000000000000>;
P_0x562d785eab20 .param/l "INITVAL_3D" 0 3 689, C4<00000000000000000000000000000000000000000000000000000000000000000000000000000000000000000000000000000000000000000000000000000000000000000000000000000000000000000000000000000000000000000000000000000000000000000000000000000000000000000000000000000000000000000000000000000000000000000000000000000000000000000000000000000000>;
P_0x562d785eab60 .param/l "INITVAL_3E" 0 3 690, C4<00000000000000000000000000000000000000000000000000000000000000000000000000000000000000000000000000000000000000000000000000000000000000000000000000000000000000000000000000000000000000000000000000000000000000000000000000000000000000000000000000000000000000000000000000000000000000000000000000000000000000000000000000000000>;
P_0x562d785eaba0 .param/l "INITVAL_3F" 0 3 691, C4<00000000000000000000000000000000000000000000000000000000000000000000000000000000000000000000000000000000000000000000000000000000000000000000000000000000000000000000000000000000000000000000000000000000000000000000000000000000000000000000000000000000000000000000000000000000000000000000000000000000000000000000000000000000>;
P_0x562d785eabe0 .param/str "OCEAMUX" 0 3 540, "OCEA";
P_0x562d785eac20 .param/str "OCEBMUX" 0 3 598, "OCEB";
P_0x562d785eac60 .param/str "REGMODE_A" 0 3 495, "NOREG";
P_0x562d785eaca0 .param/str "REGMODE_B" 0 3 496, "NOREG";
P_0x562d785eace0 .param/str "RESETMODE" 0 3 498, "SYNC";
P_0x562d785ead20 .param/str "RSTAMUX" 0 3 543, "RSTA";
P_0x562d785ead60 .param/str "RSTBMUX" 0 3 601, "RSTB";
P_0x562d785eada0 .param/str "WEAMUX" 0 3 542, "WEA";
P_0x562d785eade0 .param/str "WEBMUX" 0 3 600, "WEB";
P_0x562d785eae20 .param/l "WID" 0 3 624, +C4<00000000000000000000000000000000>;
P_0x562d785eae60 .param/str "WRITEMODE_A" 0 3 504, "NORMAL";
P_0x562d785eaea0 .param/str "WRITEMODE_B" 0 3 505, "NORMAL";
o0x7f8ac4a75018 .functor BUFZ 1, C4<z>; HiZ drive
v0x562d7851f2f0_0 .net "ADA0", 0 0, o0x7f8ac4a75018;  0 drivers
o0x7f8ac4a75048 .functor BUFZ 1, C4<z>; HiZ drive
v0x562d7851f190_0 .net "ADA1", 0 0, o0x7f8ac4a75048;  0 drivers
o0x7f8ac4a75078 .functor BUFZ 1, C4<z>; HiZ drive
v0x562d7851f030_0 .net "ADA10", 0 0, o0x7f8ac4a75078;  0 drivers
o0x7f8ac4a750a8 .functor BUFZ 1, C4<z>; HiZ drive
v0x562d7851eed0_0 .net "ADA11", 0 0, o0x7f8ac4a750a8;  0 drivers
o0x7f8ac4a750d8 .functor BUFZ 1, C4<z>; HiZ drive
v0x562d785c8150_0 .net "ADA12", 0 0, o0x7f8ac4a750d8;  0 drivers
o0x7f8ac4a75108 .functor BUFZ 1, C4<z>; HiZ drive
v0x562d785fcf90_0 .net "ADA13", 0 0, o0x7f8ac4a75108;  0 drivers
o0x7f8ac4a75138 .functor BUFZ 1, C4<z>; HiZ drive
v0x562d785fd050_0 .net "ADA2", 0 0, o0x7f8ac4a75138;  0 drivers
o0x7f8ac4a75168 .functor BUFZ 1, C4<z>; HiZ drive
v0x562d785fd110_0 .net "ADA3", 0 0, o0x7f8ac4a75168;  0 drivers
o0x7f8ac4a75198 .functor BUFZ 1, C4<z>; HiZ drive
v0x562d785fd1d0_0 .net "ADA4", 0 0, o0x7f8ac4a75198;  0 drivers
o0x7f8ac4a751c8 .functor BUFZ 1, C4<z>; HiZ drive
v0x562d785fd290_0 .net "ADA5", 0 0, o0x7f8ac4a751c8;  0 drivers
o0x7f8ac4a751f8 .functor BUFZ 1, C4<z>; HiZ drive
v0x562d785fd350_0 .net "ADA6", 0 0, o0x7f8ac4a751f8;  0 drivers
o0x7f8ac4a75228 .functor BUFZ 1, C4<z>; HiZ drive
v0x562d785fd410_0 .net "ADA7", 0 0, o0x7f8ac4a75228;  0 drivers
o0x7f8ac4a75258 .functor BUFZ 1, C4<z>; HiZ drive
v0x562d785fd4d0_0 .net "ADA8", 0 0, o0x7f8ac4a75258;  0 drivers
o0x7f8ac4a75288 .functor BUFZ 1, C4<z>; HiZ drive
v0x562d785fd590_0 .net "ADA9", 0 0, o0x7f8ac4a75288;  0 drivers
o0x7f8ac4a752b8 .functor BUFZ 1, C4<z>; HiZ drive
v0x562d785fd650_0 .net "ADB0", 0 0, o0x7f8ac4a752b8;  0 drivers
o0x7f8ac4a752e8 .functor BUFZ 1, C4<z>; HiZ drive
v0x562d785fd710_0 .net "ADB1", 0 0, o0x7f8ac4a752e8;  0 drivers
o0x7f8ac4a75318 .functor BUFZ 1, C4<z>; HiZ drive
v0x562d785fd7d0_0 .net "ADB10", 0 0, o0x7f8ac4a75318;  0 drivers
o0x7f8ac4a75348 .functor BUFZ 1, C4<z>; HiZ drive
v0x562d785fd890_0 .net "ADB11", 0 0, o0x7f8ac4a75348;  0 drivers
o0x7f8ac4a75378 .functor BUFZ 1, C4<z>; HiZ drive
v0x562d785fd950_0 .net "ADB12", 0 0, o0x7f8ac4a75378;  0 drivers
o0x7f8ac4a753a8 .functor BUFZ 1, C4<z>; HiZ drive
v0x562d785fda10_0 .net "ADB13", 0 0, o0x7f8ac4a753a8;  0 drivers
o0x7f8ac4a753d8 .functor BUFZ 1, C4<z>; HiZ drive
v0x562d785fdad0_0 .net "ADB2", 0 0, o0x7f8ac4a753d8;  0 drivers
o0x7f8ac4a75408 .functor BUFZ 1, C4<z>; HiZ drive
v0x562d785fdb90_0 .net "ADB3", 0 0, o0x7f8ac4a75408;  0 drivers
o0x7f8ac4a75438 .functor BUFZ 1, C4<z>; HiZ drive
v0x562d785fdc50_0 .net "ADB4", 0 0, o0x7f8ac4a75438;  0 drivers
o0x7f8ac4a75468 .functor BUFZ 1, C4<z>; HiZ drive
v0x562d785fdd10_0 .net "ADB5", 0 0, o0x7f8ac4a75468;  0 drivers
o0x7f8ac4a75498 .functor BUFZ 1, C4<z>; HiZ drive
v0x562d785fddd0_0 .net "ADB6", 0 0, o0x7f8ac4a75498;  0 drivers
o0x7f8ac4a754c8 .functor BUFZ 1, C4<z>; HiZ drive
v0x562d785fde90_0 .net "ADB7", 0 0, o0x7f8ac4a754c8;  0 drivers
o0x7f8ac4a754f8 .functor BUFZ 1, C4<z>; HiZ drive
v0x562d785fdf50_0 .net "ADB8", 0 0, o0x7f8ac4a754f8;  0 drivers
o0x7f8ac4a75528 .functor BUFZ 1, C4<z>; HiZ drive
v0x562d785fe010_0 .net "ADB9", 0 0, o0x7f8ac4a75528;  0 drivers
o0x7f8ac4a75558 .functor BUFZ 1, C4<z>; HiZ drive
v0x562d785fe0d0_0 .net "CEA", 0 0, o0x7f8ac4a75558;  0 drivers
o0x7f8ac4a75588 .functor BUFZ 1, C4<z>; HiZ drive
v0x562d785fe190_0 .net "CEB", 0 0, o0x7f8ac4a75588;  0 drivers
o0x7f8ac4a755b8 .functor BUFZ 1, C4<z>; HiZ drive
v0x562d785fe250_0 .net "CLKA", 0 0, o0x7f8ac4a755b8;  0 drivers
o0x7f8ac4a755e8 .functor BUFZ 1, C4<z>; HiZ drive
v0x562d785fe310_0 .net "CLKB", 0 0, o0x7f8ac4a755e8;  0 drivers
o0x7f8ac4a75618 .functor BUFZ 1, C4<z>; HiZ drive
v0x562d785fe3d0_0 .net "CSA0", 0 0, o0x7f8ac4a75618;  0 drivers
o0x7f8ac4a75648 .functor BUFZ 1, C4<z>; HiZ drive
v0x562d785fe490_0 .net "CSA1", 0 0, o0x7f8ac4a75648;  0 drivers
o0x7f8ac4a75678 .functor BUFZ 1, C4<z>; HiZ drive
v0x562d785fe550_0 .net "CSA2", 0 0, o0x7f8ac4a75678;  0 drivers
o0x7f8ac4a756a8 .functor BUFZ 1, C4<z>; HiZ drive
v0x562d785fe610_0 .net "CSB0", 0 0, o0x7f8ac4a756a8;  0 drivers
o0x7f8ac4a756d8 .functor BUFZ 1, C4<z>; HiZ drive
v0x562d785fe6d0_0 .net "CSB1", 0 0, o0x7f8ac4a756d8;  0 drivers
o0x7f8ac4a75708 .functor BUFZ 1, C4<z>; HiZ drive
v0x562d785fe790_0 .net "CSB2", 0 0, o0x7f8ac4a75708;  0 drivers
o0x7f8ac4a75738 .functor BUFZ 1, C4<z>; HiZ drive
v0x562d785fe850_0 .net "DIA0", 0 0, o0x7f8ac4a75738;  0 drivers
o0x7f8ac4a75768 .functor BUFZ 1, C4<z>; HiZ drive
v0x562d785fe910_0 .net "DIA1", 0 0, o0x7f8ac4a75768;  0 drivers
o0x7f8ac4a75798 .functor BUFZ 1, C4<z>; HiZ drive
v0x562d785fe9d0_0 .net "DIA10", 0 0, o0x7f8ac4a75798;  0 drivers
o0x7f8ac4a757c8 .functor BUFZ 1, C4<z>; HiZ drive
v0x562d785fea90_0 .net "DIA11", 0 0, o0x7f8ac4a757c8;  0 drivers
o0x7f8ac4a757f8 .functor BUFZ 1, C4<z>; HiZ drive
v0x562d785feb50_0 .net "DIA12", 0 0, o0x7f8ac4a757f8;  0 drivers
o0x7f8ac4a75828 .functor BUFZ 1, C4<z>; HiZ drive
v0x562d785fec10_0 .net "DIA13", 0 0, o0x7f8ac4a75828;  0 drivers
o0x7f8ac4a75858 .functor BUFZ 1, C4<z>; HiZ drive
v0x562d785fecd0_0 .net "DIA14", 0 0, o0x7f8ac4a75858;  0 drivers
o0x7f8ac4a75888 .functor BUFZ 1, C4<z>; HiZ drive
v0x562d785fed90_0 .net "DIA15", 0 0, o0x7f8ac4a75888;  0 drivers
o0x7f8ac4a758b8 .functor BUFZ 1, C4<z>; HiZ drive
v0x562d785fee50_0 .net "DIA16", 0 0, o0x7f8ac4a758b8;  0 drivers
o0x7f8ac4a758e8 .functor BUFZ 1, C4<z>; HiZ drive
v0x562d785fef10_0 .net "DIA17", 0 0, o0x7f8ac4a758e8;  0 drivers
o0x7f8ac4a75918 .functor BUFZ 1, C4<z>; HiZ drive
v0x562d785fefd0_0 .net "DIA2", 0 0, o0x7f8ac4a75918;  0 drivers
o0x7f8ac4a75948 .functor BUFZ 1, C4<z>; HiZ drive
v0x562d785ff090_0 .net "DIA3", 0 0, o0x7f8ac4a75948;  0 drivers
o0x7f8ac4a75978 .functor BUFZ 1, C4<z>; HiZ drive
v0x562d785ff150_0 .net "DIA4", 0 0, o0x7f8ac4a75978;  0 drivers
o0x7f8ac4a759a8 .functor BUFZ 1, C4<z>; HiZ drive
v0x562d785ff210_0 .net "DIA5", 0 0, o0x7f8ac4a759a8;  0 drivers
o0x7f8ac4a759d8 .functor BUFZ 1, C4<z>; HiZ drive
v0x562d785ff2d0_0 .net "DIA6", 0 0, o0x7f8ac4a759d8;  0 drivers
o0x7f8ac4a75a08 .functor BUFZ 1, C4<z>; HiZ drive
v0x562d785ff390_0 .net "DIA7", 0 0, o0x7f8ac4a75a08;  0 drivers
o0x7f8ac4a75a38 .functor BUFZ 1, C4<z>; HiZ drive
v0x562d785ff450_0 .net "DIA8", 0 0, o0x7f8ac4a75a38;  0 drivers
o0x7f8ac4a75a68 .functor BUFZ 1, C4<z>; HiZ drive
v0x562d785ff510_0 .net "DIA9", 0 0, o0x7f8ac4a75a68;  0 drivers
o0x7f8ac4a75a98 .functor BUFZ 1, C4<z>; HiZ drive
v0x562d785ff5d0_0 .net "DIB0", 0 0, o0x7f8ac4a75a98;  0 drivers
o0x7f8ac4a75ac8 .functor BUFZ 1, C4<z>; HiZ drive
v0x562d785ff690_0 .net "DIB1", 0 0, o0x7f8ac4a75ac8;  0 drivers
o0x7f8ac4a75af8 .functor BUFZ 1, C4<z>; HiZ drive
v0x562d785ff750_0 .net "DIB10", 0 0, o0x7f8ac4a75af8;  0 drivers
o0x7f8ac4a75b28 .functor BUFZ 1, C4<z>; HiZ drive
v0x562d785ff810_0 .net "DIB11", 0 0, o0x7f8ac4a75b28;  0 drivers
o0x7f8ac4a75b58 .functor BUFZ 1, C4<z>; HiZ drive
v0x562d785ff8d0_0 .net "DIB12", 0 0, o0x7f8ac4a75b58;  0 drivers
o0x7f8ac4a75b88 .functor BUFZ 1, C4<z>; HiZ drive
v0x562d785ff990_0 .net "DIB13", 0 0, o0x7f8ac4a75b88;  0 drivers
o0x7f8ac4a75bb8 .functor BUFZ 1, C4<z>; HiZ drive
v0x562d785ffa50_0 .net "DIB14", 0 0, o0x7f8ac4a75bb8;  0 drivers
o0x7f8ac4a75be8 .functor BUFZ 1, C4<z>; HiZ drive
v0x562d785ffb10_0 .net "DIB15", 0 0, o0x7f8ac4a75be8;  0 drivers
o0x7f8ac4a75c18 .functor BUFZ 1, C4<z>; HiZ drive
v0x562d785ffbd0_0 .net "DIB16", 0 0, o0x7f8ac4a75c18;  0 drivers
o0x7f8ac4a75c48 .functor BUFZ 1, C4<z>; HiZ drive
v0x562d785ffc90_0 .net "DIB17", 0 0, o0x7f8ac4a75c48;  0 drivers
o0x7f8ac4a75c78 .functor BUFZ 1, C4<z>; HiZ drive
v0x562d785ffd50_0 .net "DIB2", 0 0, o0x7f8ac4a75c78;  0 drivers
o0x7f8ac4a75ca8 .functor BUFZ 1, C4<z>; HiZ drive
v0x562d785ffe10_0 .net "DIB3", 0 0, o0x7f8ac4a75ca8;  0 drivers
o0x7f8ac4a75cd8 .functor BUFZ 1, C4<z>; HiZ drive
v0x562d785ffed0_0 .net "DIB4", 0 0, o0x7f8ac4a75cd8;  0 drivers
o0x7f8ac4a75d08 .functor BUFZ 1, C4<z>; HiZ drive
v0x562d785fff90_0 .net "DIB5", 0 0, o0x7f8ac4a75d08;  0 drivers
o0x7f8ac4a75d38 .functor BUFZ 1, C4<z>; HiZ drive
v0x562d78600050_0 .net "DIB6", 0 0, o0x7f8ac4a75d38;  0 drivers
o0x7f8ac4a75d68 .functor BUFZ 1, C4<z>; HiZ drive
v0x562d78600110_0 .net "DIB7", 0 0, o0x7f8ac4a75d68;  0 drivers
o0x7f8ac4a75d98 .functor BUFZ 1, C4<z>; HiZ drive
v0x562d786001d0_0 .net "DIB8", 0 0, o0x7f8ac4a75d98;  0 drivers
o0x7f8ac4a75dc8 .functor BUFZ 1, C4<z>; HiZ drive
v0x562d78600290_0 .net "DIB9", 0 0, o0x7f8ac4a75dc8;  0 drivers
o0x7f8ac4a75df8 .functor BUFZ 1, C4<z>; HiZ drive
v0x562d78600350_0 .net "DOA0", 0 0, o0x7f8ac4a75df8;  0 drivers
o0x7f8ac4a75e28 .functor BUFZ 1, C4<z>; HiZ drive
v0x562d78600410_0 .net "DOA1", 0 0, o0x7f8ac4a75e28;  0 drivers
o0x7f8ac4a75e58 .functor BUFZ 1, C4<z>; HiZ drive
v0x562d786004d0_0 .net "DOA10", 0 0, o0x7f8ac4a75e58;  0 drivers
o0x7f8ac4a75e88 .functor BUFZ 1, C4<z>; HiZ drive
v0x562d78600590_0 .net "DOA11", 0 0, o0x7f8ac4a75e88;  0 drivers
o0x7f8ac4a75eb8 .functor BUFZ 1, C4<z>; HiZ drive
v0x562d78600650_0 .net "DOA12", 0 0, o0x7f8ac4a75eb8;  0 drivers
o0x7f8ac4a75ee8 .functor BUFZ 1, C4<z>; HiZ drive
v0x562d78600710_0 .net "DOA13", 0 0, o0x7f8ac4a75ee8;  0 drivers
o0x7f8ac4a75f18 .functor BUFZ 1, C4<z>; HiZ drive
v0x562d786007d0_0 .net "DOA14", 0 0, o0x7f8ac4a75f18;  0 drivers
o0x7f8ac4a75f48 .functor BUFZ 1, C4<z>; HiZ drive
v0x562d78600890_0 .net "DOA15", 0 0, o0x7f8ac4a75f48;  0 drivers
o0x7f8ac4a75f78 .functor BUFZ 1, C4<z>; HiZ drive
v0x562d78600950_0 .net "DOA16", 0 0, o0x7f8ac4a75f78;  0 drivers
o0x7f8ac4a75fa8 .functor BUFZ 1, C4<z>; HiZ drive
v0x562d78600a10_0 .net "DOA17", 0 0, o0x7f8ac4a75fa8;  0 drivers
o0x7f8ac4a75fd8 .functor BUFZ 1, C4<z>; HiZ drive
v0x562d78600ad0_0 .net "DOA2", 0 0, o0x7f8ac4a75fd8;  0 drivers
o0x7f8ac4a76008 .functor BUFZ 1, C4<z>; HiZ drive
v0x562d78600b90_0 .net "DOA3", 0 0, o0x7f8ac4a76008;  0 drivers
o0x7f8ac4a76038 .functor BUFZ 1, C4<z>; HiZ drive
v0x562d78600c50_0 .net "DOA4", 0 0, o0x7f8ac4a76038;  0 drivers
o0x7f8ac4a76068 .functor BUFZ 1, C4<z>; HiZ drive
v0x562d78600d10_0 .net "DOA5", 0 0, o0x7f8ac4a76068;  0 drivers
o0x7f8ac4a76098 .functor BUFZ 1, C4<z>; HiZ drive
v0x562d78600dd0_0 .net "DOA6", 0 0, o0x7f8ac4a76098;  0 drivers
o0x7f8ac4a760c8 .functor BUFZ 1, C4<z>; HiZ drive
v0x562d78600e90_0 .net "DOA7", 0 0, o0x7f8ac4a760c8;  0 drivers
o0x7f8ac4a760f8 .functor BUFZ 1, C4<z>; HiZ drive
v0x562d78600f50_0 .net "DOA8", 0 0, o0x7f8ac4a760f8;  0 drivers
o0x7f8ac4a76128 .functor BUFZ 1, C4<z>; HiZ drive
v0x562d78601010_0 .net "DOA9", 0 0, o0x7f8ac4a76128;  0 drivers
o0x7f8ac4a76158 .functor BUFZ 1, C4<z>; HiZ drive
v0x562d786010d0_0 .net "DOB0", 0 0, o0x7f8ac4a76158;  0 drivers
o0x7f8ac4a76188 .functor BUFZ 1, C4<z>; HiZ drive
v0x562d78601190_0 .net "DOB1", 0 0, o0x7f8ac4a76188;  0 drivers
o0x7f8ac4a761b8 .functor BUFZ 1, C4<z>; HiZ drive
v0x562d78601250_0 .net "DOB10", 0 0, o0x7f8ac4a761b8;  0 drivers
o0x7f8ac4a761e8 .functor BUFZ 1, C4<z>; HiZ drive
v0x562d78601310_0 .net "DOB11", 0 0, o0x7f8ac4a761e8;  0 drivers
o0x7f8ac4a76218 .functor BUFZ 1, C4<z>; HiZ drive
v0x562d786013d0_0 .net "DOB12", 0 0, o0x7f8ac4a76218;  0 drivers
o0x7f8ac4a76248 .functor BUFZ 1, C4<z>; HiZ drive
v0x562d78601490_0 .net "DOB13", 0 0, o0x7f8ac4a76248;  0 drivers
o0x7f8ac4a76278 .functor BUFZ 1, C4<z>; HiZ drive
v0x562d78601550_0 .net "DOB14", 0 0, o0x7f8ac4a76278;  0 drivers
o0x7f8ac4a762a8 .functor BUFZ 1, C4<z>; HiZ drive
v0x562d78601610_0 .net "DOB15", 0 0, o0x7f8ac4a762a8;  0 drivers
o0x7f8ac4a762d8 .functor BUFZ 1, C4<z>; HiZ drive
v0x562d786016d0_0 .net "DOB16", 0 0, o0x7f8ac4a762d8;  0 drivers
o0x7f8ac4a76308 .functor BUFZ 1, C4<z>; HiZ drive
v0x562d78601790_0 .net "DOB17", 0 0, o0x7f8ac4a76308;  0 drivers
o0x7f8ac4a76338 .functor BUFZ 1, C4<z>; HiZ drive
v0x562d78601850_0 .net "DOB2", 0 0, o0x7f8ac4a76338;  0 drivers
o0x7f8ac4a76368 .functor BUFZ 1, C4<z>; HiZ drive
v0x562d78601910_0 .net "DOB3", 0 0, o0x7f8ac4a76368;  0 drivers
o0x7f8ac4a76398 .functor BUFZ 1, C4<z>; HiZ drive
v0x562d786019d0_0 .net "DOB4", 0 0, o0x7f8ac4a76398;  0 drivers
o0x7f8ac4a763c8 .functor BUFZ 1, C4<z>; HiZ drive
v0x562d78601a90_0 .net "DOB5", 0 0, o0x7f8ac4a763c8;  0 drivers
o0x7f8ac4a763f8 .functor BUFZ 1, C4<z>; HiZ drive
v0x562d78601b50_0 .net "DOB6", 0 0, o0x7f8ac4a763f8;  0 drivers
o0x7f8ac4a76428 .functor BUFZ 1, C4<z>; HiZ drive
v0x562d78601c10_0 .net "DOB7", 0 0, o0x7f8ac4a76428;  0 drivers
o0x7f8ac4a76458 .functor BUFZ 1, C4<z>; HiZ drive
v0x562d78601cd0_0 .net "DOB8", 0 0, o0x7f8ac4a76458;  0 drivers
o0x7f8ac4a76488 .functor BUFZ 1, C4<z>; HiZ drive
v0x562d78601d90_0 .net "DOB9", 0 0, o0x7f8ac4a76488;  0 drivers
o0x7f8ac4a764b8 .functor BUFZ 1, C4<z>; HiZ drive
v0x562d78601e50_0 .net "OCEA", 0 0, o0x7f8ac4a764b8;  0 drivers
o0x7f8ac4a764e8 .functor BUFZ 1, C4<z>; HiZ drive
v0x562d78601f10_0 .net "OCEB", 0 0, o0x7f8ac4a764e8;  0 drivers
o0x7f8ac4a76518 .functor BUFZ 1, C4<z>; HiZ drive
v0x562d78601fd0_0 .net "RSTA", 0 0, o0x7f8ac4a76518;  0 drivers
o0x7f8ac4a76548 .functor BUFZ 1, C4<z>; HiZ drive
v0x562d78602090_0 .net "RSTB", 0 0, o0x7f8ac4a76548;  0 drivers
o0x7f8ac4a76578 .functor BUFZ 1, C4<z>; HiZ drive
v0x562d78602150_0 .net "WEA", 0 0, o0x7f8ac4a76578;  0 drivers
o0x7f8ac4a765a8 .functor BUFZ 1, C4<z>; HiZ drive
v0x562d78602210_0 .net "WEB", 0 0, o0x7f8ac4a765a8;  0 drivers
S_0x562d785c9f50 .scope module, "DPR16X4C" "DPR16X4C" 3 153;
 .timescale 0 0;
    .port_info 0 /INPUT 4 "DI";
    .port_info 1 /INPUT 1 "WCK";
    .port_info 2 /INPUT 1 "WRE";
    .port_info 3 /INPUT 4 "RAD";
    .port_info 4 /INPUT 4 "WAD";
    .port_info 5 /OUTPUT 4 "DO";
P_0x562d785736c0 .param/str "INITVAL" 0 3 162, "0x0000000000000000";
P_0x562d78573700 .param/l "conv_initval" 1 3 192, C4<0000000000000000000000000000000000000000000000000000000000000000>;
L_0x562d78612790 .functor BUFZ 4, L_0x562d78612570, C4<0000>, C4<0000>, C4<0000>;
o0x7f8ac4a77cb8 .functor BUFZ 4, C4<zzzz>; HiZ drive
v0x562d78603c60_0 .net "DI", 3 0, o0x7f8ac4a77cb8;  0 drivers
v0x562d78603d60_0 .net "DO", 3 0, L_0x562d78612790;  1 drivers
o0x7f8ac4a77d18 .functor BUFZ 4, C4<zzzz>; HiZ drive
v0x562d78603e40_0 .net "RAD", 3 0, o0x7f8ac4a77d18;  0 drivers
o0x7f8ac4a77d48 .functor BUFZ 4, C4<zzzz>; HiZ drive
v0x562d78603f00_0 .net "WAD", 3 0, o0x7f8ac4a77d48;  0 drivers
o0x7f8ac4a77d78 .functor BUFZ 1, C4<z>; HiZ drive
v0x562d78603fe0_0 .net "WCK", 0 0, o0x7f8ac4a77d78;  0 drivers
o0x7f8ac4a77da8 .functor BUFZ 1, C4<z>; HiZ drive
v0x562d786040f0_0 .net "WRE", 0 0, o0x7f8ac4a77da8;  0 drivers
v0x562d786041b0_0 .net *"_ivl_0", 3 0, L_0x562d78612570;  1 drivers
v0x562d78604290_0 .net *"_ivl_2", 5 0, L_0x562d78612670;  1 drivers
L_0x7f8ac4a2c018 .functor BUFT 1, C4<00>, C4<0>, C4<0>, C4<0>;
v0x562d78604370_0 .net *"_ivl_5", 1 0, L_0x7f8ac4a2c018;  1 drivers
v0x562d78604450_0 .var/i "i", 31 0;
v0x562d78604530 .array "ram", 15 0, 3 0;
E_0x562d785e6970 .event posedge, v0x562d78603fe0_0;
L_0x562d78612570 .array/port v0x562d78604530, L_0x562d78612670;
L_0x562d78612670 .concat [ 4 2 0 0], o0x7f8ac4a77d18, L_0x7f8ac4a2c018;
S_0x562d78603540 .scope function.vec4.s64, "convert_initval" "convert_initval" 3 164, 3 164 0, S_0x562d785c9f50;
 .timescale 0 0;
v0x562d786036f0_0 .var "char", 7 0;
; Variable convert_initval is vec4 return value of scope S_0x562d78603540
v0x562d786038d0_0 .var "done", 0 0;
v0x562d78603970_0 .var "hex_initval", 143 0;
v0x562d78603a50_0 .var/i "i", 31 0;
v0x562d78603b80_0 .var "temp", 63 0;
TD_DPR16X4C.convert_initval ;
    %pushi/vec4 0, 0, 1;
    %store/vec4 v0x562d786038d0_0, 0, 1;
    %pushi/vec4 0, 0, 64;
    %store/vec4 v0x562d78603b80_0, 0, 64;
    %pushi/vec4 0, 0, 32;
    %store/vec4 v0x562d78603a50_0, 0, 32;
T_0.0 ;
    %load/vec4 v0x562d78603a50_0;
    %cmpi/s 16, 0, 32;
    %jmp/0xz T_0.1, 5;
    %load/vec4 v0x562d786038d0_0;
    %nor/r;
    %flag_set/vec4 8;
    %jmp/0xz  T_0.2, 8;
    %load/vec4 v0x562d78603970_0;
    %load/vec4 v0x562d78603a50_0;
    %muli 8, 0, 32;
    %part/s 8;
    %store/vec4 v0x562d786036f0_0, 0, 8;
    %load/vec4 v0x562d786036f0_0;
    %pushi/vec4 120, 0, 8; draw_string_vec4
    %cmp/e;
    %jmp/0xz  T_0.4, 4;
    %pushi/vec4 1, 0, 1;
    %store/vec4 v0x562d786038d0_0, 0, 1;
    %jmp T_0.5;
T_0.4 ;
    %pushi/vec4 48, 0, 8; draw_string_vec4
    %load/vec4 v0x562d786036f0_0;
    %cmp/u;
    %flag_get/vec4 4;
    %flag_get/vec4 5;
    %or;
    %load/vec4 v0x562d786036f0_0;
    %pushi/vec4 57, 0, 8; draw_string_vec4
    %cmp/u;
    %flag_get/vec4 4;
    %flag_get/vec4 5;
    %or;
    %and;
    %flag_set/vec4 8;
    %jmp/0xz  T_0.6, 8;
    %load/vec4 v0x562d786036f0_0;
    %pushi/vec4 48, 0, 8; draw_string_vec4
    %sub;
    %pad/u 4;
    %load/vec4 v0x562d78603a50_0;
    %muli 4, 0, 32;
    %ix/vec4/s 4;
    %store/vec4 v0x562d78603b80_0, 4, 4;
    %jmp T_0.7;
T_0.6 ;
    %pushi/vec4 65, 0, 8; draw_string_vec4
    %load/vec4 v0x562d786036f0_0;
    %cmp/u;
    %flag_get/vec4 4;
    %flag_get/vec4 5;
    %or;
    %load/vec4 v0x562d786036f0_0;
    %pushi/vec4 70, 0, 8; draw_string_vec4
    %cmp/u;
    %flag_get/vec4 4;
    %flag_get/vec4 5;
    %or;
    %and;
    %flag_set/vec4 8;
    %jmp/0xz  T_0.8, 8;
    %pushi/vec4 10, 0, 8;
    %load/vec4 v0x562d786036f0_0;
    %add;
    %pushi/vec4 65, 0, 8; draw_string_vec4
    %sub;
    %pad/u 4;
    %load/vec4 v0x562d78603a50_0;
    %muli 4, 0, 32;
    %ix/vec4/s 4;
    %store/vec4 v0x562d78603b80_0, 4, 4;
    %jmp T_0.9;
T_0.8 ;
    %pushi/vec4 97, 0, 8; draw_string_vec4
    %load/vec4 v0x562d786036f0_0;
    %cmp/u;
    %flag_get/vec4 4;
    %flag_get/vec4 5;
    %or;
    %load/vec4 v0x562d786036f0_0;
    %pushi/vec4 102, 0, 8; draw_string_vec4
    %cmp/u;
    %flag_get/vec4 4;
    %flag_get/vec4 5;
    %or;
    %and;
    %flag_set/vec4 8;
    %jmp/0xz  T_0.10, 8;
    %pushi/vec4 10, 0, 8;
    %load/vec4 v0x562d786036f0_0;
    %add;
    %pushi/vec4 97, 0, 8; draw_string_vec4
    %sub;
    %pad/u 4;
    %load/vec4 v0x562d78603a50_0;
    %muli 4, 0, 32;
    %ix/vec4/s 4;
    %store/vec4 v0x562d78603b80_0, 4, 4;
T_0.10 ;
T_0.9 ;
T_0.7 ;
T_0.5 ;
T_0.2 ;
    %load/vec4 v0x562d78603a50_0;
    %addi 1, 0, 32;
    %store/vec4 v0x562d78603a50_0, 0, 32;
    %jmp T_0.0;
T_0.1 ;
    %load/vec4 v0x562d78603b80_0;
    %ret/vec4 0, 0, 64;  Assign to convert_initval (store_vec4_to_lval)
    %end;
S_0x562d785ca300 .scope module, "INV" "INV" 3 299;
 .timescale 0 0;
    .port_info 0 /INPUT 1 "A";
    .port_info 1 /OUTPUT 1 "Z";
o0x7f8ac4a77fb8 .functor BUFZ 1, C4<z>; HiZ drive
v0x562d786046b0_0 .net "A", 0 0, o0x7f8ac4a77fb8;  0 drivers
v0x562d78604790_0 .net "Z", 0 0, L_0x562d78612850;  1 drivers
L_0x562d78612850 .reduce/nor o0x7f8ac4a77fb8;
S_0x562d785ca6b0 .scope module, "TRELLIS_DPR16X4" "TRELLIS_DPR16X4" 3 112;
 .timescale 0 0;
    .port_info 0 /INPUT 4 "DI";
    .port_info 1 /INPUT 4 "WAD";
    .port_info 2 /INPUT 1 "WRE";
    .port_info 3 /INPUT 1 "WCK";
    .port_info 4 /INPUT 4 "RAD";
    .port_info 5 /OUTPUT 4 "DO";
P_0x562d784af440 .param/l "INITVAL" 0 3 123, C4<0000000000000000000000000000000000000000000000000000000000000000>;
P_0x562d784af480 .param/str "WCKMUX" 0 3 121, "WCK";
P_0x562d784af4c0 .param/str "WREMUX" 0 3 122, "WRE";
o0x7f8ac4a78138 .functor BUFZ 1, C4<z>; HiZ drive
L_0x562d78612920 .functor BUFZ 1, o0x7f8ac4a78138, C4<0>, C4<0>, C4<0>;
L_0x562d78612c60 .functor BUFZ 4, L_0x562d786129f0, C4<0000>, C4<0000>, C4<0000>;
o0x7f8ac4a78078 .functor BUFZ 4, C4<zzzz>; HiZ drive
v0x562d786048f0_0 .net "DI", 3 0, o0x7f8ac4a78078;  0 drivers
v0x562d786049f0_0 .net "DO", 3 0, L_0x562d78612c60;  1 drivers
o0x7f8ac4a780d8 .functor BUFZ 4, C4<zzzz>; HiZ drive
v0x562d78604ad0_0 .net "RAD", 3 0, o0x7f8ac4a780d8;  0 drivers
o0x7f8ac4a78108 .functor BUFZ 4, C4<zzzz>; HiZ drive
v0x562d78604b90_0 .net "WAD", 3 0, o0x7f8ac4a78108;  0 drivers
v0x562d78604c70_0 .net "WCK", 0 0, o0x7f8ac4a78138;  0 drivers
o0x7f8ac4a78168 .functor BUFZ 1, C4<z>; HiZ drive
v0x562d78604d30_0 .net "WRE", 0 0, o0x7f8ac4a78168;  0 drivers
v0x562d78604df0_0 .net *"_ivl_2", 3 0, L_0x562d786129f0;  1 drivers
v0x562d78604ed0_0 .net *"_ivl_4", 5 0, L_0x562d78612af0;  1 drivers
L_0x7f8ac4a2c060 .functor BUFT 1, C4<00>, C4<0>, C4<0>, C4<0>;
v0x562d78604fb0_0 .net *"_ivl_7", 1 0, L_0x7f8ac4a2c060;  1 drivers
v0x562d78605090_0 .var/i "i", 31 0;
v0x562d78605170 .array "mem", 0 15, 3 0;
v0x562d78605230_0 .net "muxwck", 0 0, L_0x562d78612920;  1 drivers
v0x562d786052f0_0 .var "muxwre", 0 0;
E_0x562d784ea090 .event posedge, v0x562d78605230_0;
E_0x562d785e69b0 .event edge, v0x562d78604d30_0;
L_0x562d786129f0 .array/port v0x562d78605170, L_0x562d78612af0;
L_0x562d78612af0 .concat [ 4 2 0 0], o0x7f8ac4a780d8, L_0x7f8ac4a2c060;
S_0x562d785c9090 .scope module, "TRELLIS_IO" "TRELLIS_IO" 3 270;
 .timescale 0 0;
    .port_info 0 /INOUT 1 "B";
    .port_info 1 /INPUT 1 "I";
    .port_info 2 /INPUT 1 "T";
    .port_info 3 /OUTPUT 1 "O";
P_0x562d78554c40 .param/str "DIR" 0 3 276, "INPUT";
o0x7f8ac4a783d8 .functor BUFZ 1, C4<z>; HiZ drive
v0x562d786056a0_0 .net "B", 0 0, o0x7f8ac4a783d8;  0 drivers
o0x7f8ac4a78408 .functor BUFZ 1, C4<z>; HiZ drive
v0x562d78605780_0 .net "I", 0 0, o0x7f8ac4a78408;  0 drivers
v0x562d78605840_0 .net "O", 0 0, L_0x562d78612d20;  1 drivers
o0x7f8ac4a78468 .functor BUFZ 1, C4<z>; HiZ drive
v0x562d786058e0_0 .net "T", 0 0, o0x7f8ac4a78468;  0 drivers
v0x562d786059a0_0 .var "T_pd", 0 0;
E_0x562d784d1120 .event edge, v0x562d786058e0_0;
S_0x562d786054f0 .scope generate, "genblk1" "genblk1" 3 281, 3 281 0, S_0x562d785c9090;
 .timescale 0 0;
L_0x562d78612d20 .functor BUFZ 1, o0x7f8ac4a783d8, C4<0>, C4<0>, C4<0>;
S_0x562d785c9440 .scope module, "TRELLIS_SLICE" "TRELLIS_SLICE" 3 305;
 .timescale 0 0;
    .port_info 0 /INPUT 1 "A0";
    .port_info 1 /INPUT 1 "B0";
    .port_info 2 /INPUT 1 "C0";
    .port_info 3 /INPUT 1 "D0";
    .port_info 4 /INPUT 1 "A1";
    .port_info 5 /INPUT 1 "B1";
    .port_info 6 /INPUT 1 "C1";
    .port_info 7 /INPUT 1 "D1";
    .port_info 8 /INPUT 1 "M0";
    .port_info 9 /INPUT 1 "M1";
    .port_info 10 /INPUT 1 "FCI";
    .port_info 11 /INPUT 1 "FXA";
    .port_info 12 /INPUT 1 "FXB";
    .port_info 13 /INPUT 1 "CLK";
    .port_info 14 /INPUT 1 "LSR";
    .port_info 15 /INPUT 1 "CE";
    .port_info 16 /INPUT 1 "DI0";
    .port_info 17 /INPUT 1 "DI1";
    .port_info 18 /INPUT 1 "WD0";
    .port_info 19 /INPUT 1 "WD1";
    .port_info 20 /INPUT 1 "WAD0";
    .port_info 21 /INPUT 1 "WAD1";
    .port_info 22 /INPUT 1 "WAD2";
    .port_info 23 /INPUT 1 "WAD3";
    .port_info 24 /INPUT 1 "WRE";
    .port_info 25 /INPUT 1 "WCK";
    .port_info 26 /OUTPUT 1 "F0";
    .port_info 27 /OUTPUT 1 "Q0";
    .port_info 28 /OUTPUT 1 "F1";
    .port_info 29 /OUTPUT 1 "Q1";
    .port_info 30 /OUTPUT 1 "FCO";
    .port_info 31 /OUTPUT 1 "OFX0";
    .port_info 32 /OUTPUT 1 "OFX1";
    .port_info 33 /OUTPUT 1 "WDO0";
    .port_info 34 /OUTPUT 1 "WDO1";
    .port_info 35 /OUTPUT 1 "WDO2";
    .port_info 36 /OUTPUT 1 "WDO3";
    .port_info 37 /OUTPUT 1 "WADO0";
    .port_info 38 /OUTPUT 1 "WADO1";
    .port_info 39 /OUTPUT 1 "WADO2";
    .port_info 40 /OUTPUT 1 "WADO3";
P_0x562d785eb9e0 .param/str "A0MUX" 0 3 345, "A0";
P_0x562d785eba20 .param/str "A1MUX" 0 3 346, "A1";
P_0x562d785eba60 .param/str "B0MUX" 0 3 347, "B0";
P_0x562d785ebaa0 .param/str "B1MUX" 0 3 348, "B1";
P_0x562d785ebae0 .param/str "C0MUX" 0 3 349, "C0";
P_0x562d785ebb20 .param/str "C1MUX" 0 3 350, "C1";
P_0x562d785ebb60 .param/str "CCU2_INJECT1_0" 0 3 340, "\000\000\000\000\000\000\000\000\000\000\000\000\000\000NO";
P_0x562d785ebba0 .param/str "CCU2_INJECT1_1" 0 3 341, "\000\000\000\000\000\000\000\000\000\000\000\000\000\000NO";
P_0x562d785ebbe0 .param/str "CEMUX" 0 3 329, "\000\000\000\000\000\000\000\000\000\000\000\000\000\000\0001";
P_0x562d785ebc20 .param/str "CLKMUX" 0 3 330, "CLK";
P_0x562d785ebc60 .param/str "D0MUX" 0 3 351, "D0";
P_0x562d785ebca0 .param/str "D1MUX" 0 3 352, "D1";
P_0x562d785ebce0 .param/str "GSR" 0 3 327, "ENABLED";
P_0x562d785ebd20 .param/str "LSRMUX" 0 3 331, "LSR";
P_0x562d785ebd60 .param/l "LUT0_INITVAL" 0 3 332, C4<0000000000000000>;
P_0x562d785ebda0 .param/l "LUT1_INITVAL" 0 3 333, C4<0000000000000000>;
P_0x562d785ebde0 .param/str "MODE" 0 3 326, "LOGIC";
P_0x562d785ebe20 .param/str "REG0_LSRMODE" 0 3 338, "LSR";
P_0x562d785ebe60 .param/str "REG0_REGSET" 0 3 336, "RESET";
P_0x562d785ebea0 .param/str "REG0_SD" 0 3 334, "0";
P_0x562d785ebee0 .param/str "REG1_LSRMODE" 0 3 339, "LSR";
P_0x562d785ebf20 .param/str "REG1_REGSET" 0 3 337, "RESET";
P_0x562d785ebf60 .param/str "REG1_SD" 0 3 335, "0";
P_0x562d785ebfa0 .param/str "SRMODE" 0 3 328, "LSR_OVER_CE";
P_0x562d785ebfe0 .param/str "WCKMUX" 0 3 343, "WCK";
P_0x562d785ec020 .param/str "WREMUX" 0 3 342, "WRE";
o0x7f8ac4a78648 .functor BUFZ 1, C4<z>; HiZ drive
L_0x562d78614c40 .functor BUFZ 1, o0x7f8ac4a78648, C4<0>, C4<0>, C4<0>;
o0x7f8ac4a788b8 .functor BUFZ 1, C4<z>; HiZ drive
L_0x562d78614d90 .functor BUFZ 1, o0x7f8ac4a788b8, C4<0>, C4<0>, C4<0>;
o0x7f8ac4a795a8 .functor BUFZ 1, C4<z>; HiZ drive
v0x562d7860cd90_0 .net "A0", 0 0, o0x7f8ac4a795a8;  0 drivers
v0x562d7860ce70_0 .net "A0m", 0 0, L_0x562d78612dc0;  1 drivers
o0x7f8ac4a795d8 .functor BUFZ 1, C4<z>; HiZ drive
v0x562d7860cf60_0 .net "A1", 0 0, o0x7f8ac4a795d8;  0 drivers
v0x562d7860d030_0 .net "A1m", 0 0, L_0x562d786130c0;  1 drivers
o0x7f8ac4a79608 .functor BUFZ 1, C4<z>; HiZ drive
v0x562d7860d100_0 .net "B0", 0 0, o0x7f8ac4a79608;  0 drivers
v0x562d7860d1f0_0 .net "B0m", 0 0, L_0x562d78612e80;  1 drivers
o0x7f8ac4a79638 .functor BUFZ 1, C4<z>; HiZ drive
v0x562d7860d290_0 .net "B1", 0 0, o0x7f8ac4a79638;  0 drivers
v0x562d7860d330_0 .net "B1m", 0 0, L_0x562d78613180;  1 drivers
o0x7f8ac4a79668 .functor BUFZ 1, C4<z>; HiZ drive
v0x562d7860d400_0 .net "C0", 0 0, o0x7f8ac4a79668;  0 drivers
v0x562d7860d530_0 .net "C0m", 0 0, L_0x562d78612f40;  1 drivers
o0x7f8ac4a79698 .functor BUFZ 1, C4<z>; HiZ drive
v0x562d7860d600_0 .net "C1", 0 0, o0x7f8ac4a79698;  0 drivers
v0x562d7860d6a0_0 .net "C1m", 0 0, L_0x562d78613240;  1 drivers
o0x7f8ac4a78588 .functor BUFZ 1, C4<z>; HiZ drive
v0x562d7860d770_0 .net "CE", 0 0, o0x7f8ac4a78588;  0 drivers
o0x7f8ac4a785b8 .functor BUFZ 1, C4<z>; HiZ drive
v0x562d7860d810_0 .net "CLK", 0 0, o0x7f8ac4a785b8;  0 drivers
o0x7f8ac4a796c8 .functor BUFZ 1, C4<z>; HiZ drive
v0x562d7860d900_0 .net "D0", 0 0, o0x7f8ac4a796c8;  0 drivers
v0x562d7860d9a0_0 .net "D0m", 0 0, L_0x562d78613000;  1 drivers
o0x7f8ac4a796f8 .functor BUFZ 1, C4<z>; HiZ drive
v0x562d7860da40_0 .net "D1", 0 0, o0x7f8ac4a796f8;  0 drivers
v0x562d7860dae0_0 .net "D1m", 0 0, L_0x562d78613300;  1 drivers
o0x7f8ac4a79728 .functor BUFZ 1, C4<z>; HiZ drive
v0x562d7860db80_0 .net "DI0", 0 0, o0x7f8ac4a79728;  0 drivers
o0x7f8ac4a79758 .functor BUFZ 1, C4<z>; HiZ drive
v0x562d7860dc20_0 .net "DI1", 0 0, o0x7f8ac4a79758;  0 drivers
v0x562d7860dcc0_0 .net "F0", 0 0, L_0x562d78613db0;  1 drivers
v0x562d7860ddb0_0 .net "F1", 0 0, L_0x562d78614880;  1 drivers
o0x7f8ac4a79788 .functor BUFZ 1, C4<z>; HiZ drive
v0x562d7860dea0_0 .net "FCI", 0 0, o0x7f8ac4a79788;  0 drivers
o0x7f8ac4a797b8 .functor BUFZ 1, C4<z>; HiZ drive
v0x562d7860df40_0 .net "FCO", 0 0, o0x7f8ac4a797b8;  0 drivers
o0x7f8ac4a793c8 .functor BUFZ 1, C4<z>; HiZ drive
v0x562d7860e000_0 .net "FXA", 0 0, o0x7f8ac4a793c8;  0 drivers
o0x7f8ac4a793f8 .functor BUFZ 1, C4<z>; HiZ drive
v0x562d7860e0a0_0 .net "FXB", 0 0, o0x7f8ac4a793f8;  0 drivers
o0x7f8ac4a78618 .functor BUFZ 1, C4<z>; HiZ drive
v0x562d7860e140_0 .net "LSR", 0 0, o0x7f8ac4a78618;  0 drivers
v0x562d7860e230_0 .net "M0", 0 0, o0x7f8ac4a78648;  0 drivers
v0x562d7860e320_0 .net "M1", 0 0, o0x7f8ac4a788b8;  0 drivers
v0x562d7860e410_0 .net "OFX0", 0 0, L_0x562d786149d0;  1 drivers
v0x562d7860e4b0_0 .net "OFX1", 0 0, L_0x562d78614b50;  1 drivers
v0x562d7860e550_0 .net "Q0", 0 0, v0x562d78606e40_0;  1 drivers
v0x562d7860e5f0_0 .net "Q1", 0 0, v0x562d78608490_0;  1 drivers
o0x7f8ac4a797e8 .functor BUFZ 1, C4<z>; HiZ drive
v0x562d7860e6c0_0 .net "WAD0", 0 0, o0x7f8ac4a797e8;  0 drivers
o0x7f8ac4a79818 .functor BUFZ 1, C4<z>; HiZ drive
v0x562d7860e760_0 .net "WAD1", 0 0, o0x7f8ac4a79818;  0 drivers
o0x7f8ac4a79848 .functor BUFZ 1, C4<z>; HiZ drive
v0x562d7860e800_0 .net "WAD2", 0 0, o0x7f8ac4a79848;  0 drivers
o0x7f8ac4a79878 .functor BUFZ 1, C4<z>; HiZ drive
v0x562d7860e8a0_0 .net "WAD3", 0 0, o0x7f8ac4a79878;  0 drivers
o0x7f8ac4a798a8 .functor BUFZ 1, C4<z>; HiZ drive
v0x562d7860e940_0 .net "WADO0", 0 0, o0x7f8ac4a798a8;  0 drivers
o0x7f8ac4a798d8 .functor BUFZ 1, C4<z>; HiZ drive
v0x562d7860e9e0_0 .net "WADO1", 0 0, o0x7f8ac4a798d8;  0 drivers
o0x7f8ac4a79908 .functor BUFZ 1, C4<z>; HiZ drive
v0x562d7860ea80_0 .net "WADO2", 0 0, o0x7f8ac4a79908;  0 drivers
o0x7f8ac4a79938 .functor BUFZ 1, C4<z>; HiZ drive
v0x562d7860eb40_0 .net "WADO3", 0 0, o0x7f8ac4a79938;  0 drivers
o0x7f8ac4a79968 .functor BUFZ 1, C4<z>; HiZ drive
v0x562d7860ec00_0 .net "WCK", 0 0, o0x7f8ac4a79968;  0 drivers
o0x7f8ac4a79998 .functor BUFZ 1, C4<z>; HiZ drive
v0x562d7860ecc0_0 .net "WD0", 0 0, o0x7f8ac4a79998;  0 drivers
o0x7f8ac4a799c8 .functor BUFZ 1, C4<z>; HiZ drive
v0x562d7860ed80_0 .net "WD1", 0 0, o0x7f8ac4a799c8;  0 drivers
o0x7f8ac4a799f8 .functor BUFZ 1, C4<z>; HiZ drive
v0x562d7860ee40_0 .net "WDO0", 0 0, o0x7f8ac4a799f8;  0 drivers
o0x7f8ac4a79a28 .functor BUFZ 1, C4<z>; HiZ drive
v0x562d7860ef00_0 .net "WDO1", 0 0, o0x7f8ac4a79a28;  0 drivers
o0x7f8ac4a79a58 .functor BUFZ 1, C4<z>; HiZ drive
v0x562d7860efc0_0 .net "WDO2", 0 0, o0x7f8ac4a79a58;  0 drivers
o0x7f8ac4a79a88 .functor BUFZ 1, C4<z>; HiZ drive
v0x562d7860f080_0 .net "WDO3", 0 0, o0x7f8ac4a79a88;  0 drivers
o0x7f8ac4a79ab8 .functor BUFZ 1, C4<z>; HiZ drive
v0x562d7860f140_0 .net "WRE", 0 0, o0x7f8ac4a79ab8;  0 drivers
v0x562d7860f200_0 .net "muxdi0", 0 0, L_0x562d78614c40;  1 drivers
v0x562d7860f2d0_0 .net "muxdi1", 0 0, L_0x562d78614d90;  1 drivers
S_0x562d78605b30 .scope module, "ff_0" "TRELLIS_FF" 3 458, 3 220 0, S_0x562d785c9440;
 .timescale 0 0;
    .port_info 0 /INPUT 1 "CLK";
    .port_info 1 /INPUT 1 "LSR";
    .port_info 2 /INPUT 1 "CE";
    .port_info 3 /INPUT 1 "DI";
    .port_info 4 /INPUT 1 "M";
    .port_info 5 /OUTPUT 1 "Q";
P_0x562d78605d30 .param/str "CEMUX" 0 3 222, "\000\000\000\000\000\000\000\000\000\000\000\000\000\000\0001";
P_0x562d78605d70 .param/str "CLKMUX" 0 3 223, "CLK";
P_0x562d78605db0 .param/str "GSR" 0 3 221, "ENABLED";
P_0x562d78605df0 .param/l "LSRMODE" 0 3 227, C4<00000000000000000000000000000000000000000000000000000000000000000000000000000000000000000000000000000000010011000101001101010010>;
P_0x562d78605e30 .param/str "LSRMUX" 0 3 224, "LSR";
P_0x562d78605e70 .param/str "REGSET" 0 3 226, "RESET";
P_0x562d78605eb0 .param/str "SRMODE" 0 3 225, "LSR_OVER_CE";
L_0x562d78614e90 .functor BUFZ 1, o0x7f8ac4a78618, C4<0>, C4<0>, C4<0>;
L_0x562d78614f00 .functor BUFZ 1, o0x7f8ac4a785b8, C4<0>, C4<0>, C4<0>;
v0x562d78606a50_0 .net "CE", 0 0, o0x7f8ac4a78588;  alias, 0 drivers
v0x562d78606b10_0 .net "CLK", 0 0, o0x7f8ac4a785b8;  alias, 0 drivers
v0x562d78606bd0_0 .net "DI", 0 0, L_0x562d78614c40;  alias, 1 drivers
v0x562d78606c70_0 .net "LSR", 0 0, o0x7f8ac4a78618;  alias, 0 drivers
v0x562d78606d30_0 .net "M", 0 0, o0x7f8ac4a78648;  alias, 0 drivers
v0x562d78606e40_0 .var "Q", 0 0;
L_0x7f8ac4a2c1c8 .functor BUFT 1, C4<1>, C4<0>, C4<0>, C4<0>;
v0x562d78606f00_0 .net "muxce", 0 0, L_0x7f8ac4a2c1c8;  1 drivers
v0x562d78606fc0_0 .net "muxclk", 0 0, L_0x562d78614f00;  1 drivers
v0x562d78607080_0 .net "muxlsr", 0 0, L_0x562d78614e90;  1 drivers
L_0x7f8ac4a2c210 .functor BUFT 1, C4<0>, C4<0>, C4<0>, C4<0>;
v0x562d78607140_0 .net "srval", 0 0, L_0x7f8ac4a2c210;  1 drivers
S_0x562d786064a0 .scope generate, "genblk1" "genblk1" 3 231, 3 231 0, S_0x562d78605b30;
 .timescale 0 0;
S_0x562d78606650 .scope generate, "genblk3" "genblk3" 3 243, 3 243 0, S_0x562d78605b30;
 .timescale 0 0;
S_0x562d78606850 .scope generate, "genblk5" "genblk5" 3 252, 3 252 0, S_0x562d78605b30;
 .timescale 0 0;
E_0x562d78605fa0 .event posedge, v0x562d78606fc0_0;
S_0x562d78607300 .scope module, "ff_1" "TRELLIS_FF" 3 471, 3 220 0, S_0x562d785c9440;
 .timescale 0 0;
    .port_info 0 /INPUT 1 "CLK";
    .port_info 1 /INPUT 1 "LSR";
    .port_info 2 /INPUT 1 "CE";
    .port_info 3 /INPUT 1 "DI";
    .port_info 4 /INPUT 1 "M";
    .port_info 5 /OUTPUT 1 "Q";
P_0x562d786074b0 .param/str "CEMUX" 0 3 222, "\000\000\000\000\000\000\000\000\000\000\000\000\000\000\0001";
P_0x562d786074f0 .param/str "CLKMUX" 0 3 223, "CLK";
P_0x562d78607530 .param/str "GSR" 0 3 221, "ENABLED";
P_0x562d78607570 .param/l "LSRMODE" 0 3 227, C4<00000000000000000000000000000000000000000000000000000000000000000000000000000000000000000000000000000000010011000101001101010010>;
P_0x562d786075b0 .param/str "LSRMUX" 0 3 224, "LSR";
P_0x562d786075f0 .param/str "REGSET" 0 3 226, "RESET";
P_0x562d78607630 .param/str "SRMODE" 0 3 225, "LSR_OVER_CE";
L_0x562d78615000 .functor BUFZ 1, o0x7f8ac4a78618, C4<0>, C4<0>, C4<0>;
L_0x562d78615100 .functor BUFZ 1, o0x7f8ac4a785b8, C4<0>, C4<0>, C4<0>;
v0x562d78608090_0 .net "CE", 0 0, o0x7f8ac4a78588;  alias, 0 drivers
v0x562d78608130_0 .net "CLK", 0 0, o0x7f8ac4a785b8;  alias, 0 drivers
v0x562d78608200_0 .net "DI", 0 0, L_0x562d78614d90;  alias, 1 drivers
v0x562d786082d0_0 .net "LSR", 0 0, o0x7f8ac4a78618;  alias, 0 drivers
v0x562d786083a0_0 .net "M", 0 0, o0x7f8ac4a788b8;  alias, 0 drivers
v0x562d78608490_0 .var "Q", 0 0;
L_0x7f8ac4a2c258 .functor BUFT 1, C4<1>, C4<0>, C4<0>, C4<0>;
v0x562d78608530_0 .net "muxce", 0 0, L_0x7f8ac4a2c258;  1 drivers
v0x562d786085d0_0 .net "muxclk", 0 0, L_0x562d78615100;  1 drivers
v0x562d78608690_0 .net "muxlsr", 0 0, L_0x562d78615000;  1 drivers
L_0x7f8ac4a2c2a0 .functor BUFT 1, C4<0>, C4<0>, C4<0>, C4<0>;
v0x562d786087e0_0 .net "srval", 0 0, L_0x7f8ac4a2c2a0;  1 drivers
S_0x562d78607ae0 .scope generate, "genblk1" "genblk1" 3 231, 3 231 0, S_0x562d78607300;
 .timescale 0 0;
S_0x562d78607c90 .scope generate, "genblk3" "genblk3" 3 243, 3 243 0, S_0x562d78607300;
 .timescale 0 0;
S_0x562d78607e90 .scope generate, "genblk5" "genblk5" 3 252, 3 252 0, S_0x562d78607300;
 .timescale 0 0;
E_0x562d78605fe0 .event posedge, v0x562d786085d0_0;
S_0x562d786089a0 .scope generate, "genblk10" "genblk10" 3 362, 3 362 0, S_0x562d785c9440;
 .timescale 0 0;
L_0x562d786130c0 .functor BUFZ 1, o0x7f8ac4a795d8, C4<0>, C4<0>, C4<0>;
S_0x562d78608b30 .scope generate, "genblk12" "genblk12" 3 363, 3 363 0, S_0x562d785c9440;
 .timescale 0 0;
L_0x562d78613180 .functor BUFZ 1, o0x7f8ac4a79638, C4<0>, C4<0>, C4<0>;
S_0x562d78608d10 .scope generate, "genblk14" "genblk14" 3 364, 3 364 0, S_0x562d785c9440;
 .timescale 0 0;
L_0x562d78613240 .functor BUFZ 1, o0x7f8ac4a79698, C4<0>, C4<0>, C4<0>;
S_0x562d78608f40 .scope generate, "genblk16" "genblk16" 3 365, 3 365 0, S_0x562d785c9440;
 .timescale 0 0;
L_0x562d78613300 .functor BUFZ 1, o0x7f8ac4a796f8, C4<0>, C4<0>, C4<0>;
S_0x562d78609120 .scope generate, "genblk17" "genblk17" 3 380, 3 380 0, S_0x562d785c9440;
 .timescale 0 0;
S_0x562d78609300 .scope module, "lut4_0" "LUT4" 3 384, 3 3 0, S_0x562d78609120;
 .timescale 0 0;
    .port_info 0 /INPUT 1 "A";
    .port_info 1 /INPUT 1 "B";
    .port_info 2 /INPUT 1 "C";
    .port_info 3 /INPUT 1 "D";
    .port_info 4 /OUTPUT 1 "Z";
P_0x562d786094e0 .param/l "INIT" 0 3 4, C4<0000000000000000>;
v0x562d786095f0_0 .net "A", 0 0, L_0x562d78612dc0;  alias, 1 drivers
v0x562d786096d0_0 .net "B", 0 0, L_0x562d78612e80;  alias, 1 drivers
v0x562d78609790_0 .net "C", 0 0, L_0x562d78612f40;  alias, 1 drivers
v0x562d78609860_0 .net "D", 0 0, L_0x562d78613000;  alias, 1 drivers
v0x562d78609920_0 .net "Z", 0 0, L_0x562d78613db0;  alias, 1 drivers
L_0x7f8ac4a2c0a8 .functor BUFT 1, C4<00000000>, C4<0>, C4<0>, C4<0>;
v0x562d786099e0_0 .net/2u *"_ivl_0", 7 0, L_0x7f8ac4a2c0a8;  1 drivers
v0x562d78609ac0_0 .net *"_ivl_13", 1 0, L_0x562d786138c0;  1 drivers
v0x562d78609ba0_0 .net *"_ivl_15", 1 0, L_0x562d786139b0;  1 drivers
v0x562d78609c80_0 .net *"_ivl_19", 0 0, L_0x562d78613bd0;  1 drivers
L_0x7f8ac4a2c0f0 .functor BUFT 1, C4<00000000>, C4<0>, C4<0>, C4<0>;
v0x562d78609df0_0 .net/2u *"_ivl_2", 7 0, L_0x7f8ac4a2c0f0;  1 drivers
v0x562d78609ed0_0 .net *"_ivl_21", 0 0, L_0x562d78613d10;  1 drivers
v0x562d78609fb0_0 .net *"_ivl_7", 3 0, L_0x562d786135c0;  1 drivers
v0x562d7860a090_0 .net *"_ivl_9", 3 0, L_0x562d786136b0;  1 drivers
v0x562d7860a170_0 .net "s1", 1 0, L_0x562d78613a90;  1 drivers
v0x562d7860a250_0 .net "s2", 3 0, L_0x562d78613750;  1 drivers
v0x562d7860a330_0 .net "s3", 7 0, L_0x562d78613450;  1 drivers
L_0x562d78613450 .functor MUXZ 8, L_0x7f8ac4a2c0f0, L_0x7f8ac4a2c0a8, L_0x562d78613000, C4<>;
L_0x562d786135c0 .part L_0x562d78613450, 4, 4;
L_0x562d786136b0 .part L_0x562d78613450, 0, 4;
L_0x562d78613750 .functor MUXZ 4, L_0x562d786136b0, L_0x562d786135c0, L_0x562d78612f40, C4<>;
L_0x562d786138c0 .part L_0x562d78613750, 2, 2;
L_0x562d786139b0 .part L_0x562d78613750, 0, 2;
L_0x562d78613a90 .functor MUXZ 2, L_0x562d786139b0, L_0x562d786138c0, L_0x562d78612e80, C4<>;
L_0x562d78613bd0 .part L_0x562d78613a90, 1, 1;
L_0x562d78613d10 .part L_0x562d78613a90, 0, 1;
L_0x562d78613db0 .functor MUXZ 1, L_0x562d78613d10, L_0x562d78613bd0, L_0x562d78612dc0, C4<>;
S_0x562d7860a4b0 .scope module, "lut4_1" "LUT4" 3 390, 3 3 0, S_0x562d78609120;
 .timescale 0 0;
    .port_info 0 /INPUT 1 "A";
    .port_info 1 /INPUT 1 "B";
    .port_info 2 /INPUT 1 "C";
    .port_info 3 /INPUT 1 "D";
    .port_info 4 /OUTPUT 1 "Z";
P_0x562d7860a660 .param/l "INIT" 0 3 4, C4<0000000000000000>;
v0x562d7860a750_0 .net "A", 0 0, L_0x562d786130c0;  alias, 1 drivers
v0x562d7860a830_0 .net "B", 0 0, L_0x562d78613180;  alias, 1 drivers
v0x562d7860a8f0_0 .net "C", 0 0, L_0x562d78613240;  alias, 1 drivers
v0x562d7860a9c0_0 .net "D", 0 0, L_0x562d78613300;  alias, 1 drivers
v0x562d7860aa80_0 .net "Z", 0 0, L_0x562d78614880;  alias, 1 drivers
L_0x7f8ac4a2c138 .functor BUFT 1, C4<00000000>, C4<0>, C4<0>, C4<0>;
v0x562d7860ab40_0 .net/2u *"_ivl_0", 7 0, L_0x7f8ac4a2c138;  1 drivers
v0x562d7860ac20_0 .net *"_ivl_13", 1 0, L_0x562d78614390;  1 drivers
v0x562d7860ad00_0 .net *"_ivl_15", 1 0, L_0x562d78614480;  1 drivers
v0x562d7860ade0_0 .net *"_ivl_19", 0 0, L_0x562d786146a0;  1 drivers
L_0x7f8ac4a2c180 .functor BUFT 1, C4<00000000>, C4<0>, C4<0>, C4<0>;
v0x562d7860af50_0 .net/2u *"_ivl_2", 7 0, L_0x7f8ac4a2c180;  1 drivers
v0x562d7860b030_0 .net *"_ivl_21", 0 0, L_0x562d786147e0;  1 drivers
v0x562d7860b110_0 .net *"_ivl_7", 3 0, L_0x562d78614090;  1 drivers
v0x562d7860b1f0_0 .net *"_ivl_9", 3 0, L_0x562d78614180;  1 drivers
v0x562d7860b2d0_0 .net "s1", 1 0, L_0x562d78614560;  1 drivers
v0x562d7860b3b0_0 .net "s2", 3 0, L_0x562d78614220;  1 drivers
v0x562d7860b490_0 .net "s3", 7 0, L_0x562d78613f50;  1 drivers
L_0x562d78613f50 .functor MUXZ 8, L_0x7f8ac4a2c180, L_0x7f8ac4a2c138, L_0x562d78613300, C4<>;
L_0x562d78614090 .part L_0x562d78613f50, 4, 4;
L_0x562d78614180 .part L_0x562d78613f50, 0, 4;
L_0x562d78614220 .functor MUXZ 4, L_0x562d78614180, L_0x562d78614090, L_0x562d78613240, C4<>;
L_0x562d78614390 .part L_0x562d78614220, 2, 2;
L_0x562d78614480 .part L_0x562d78614220, 0, 2;
L_0x562d78614560 .functor MUXZ 2, L_0x562d78614480, L_0x562d78614390, L_0x562d78613180, C4<>;
L_0x562d786146a0 .part L_0x562d78614560, 1, 1;
L_0x562d786147e0 .part L_0x562d78614560, 0, 1;
L_0x562d78614880 .functor MUXZ 1, L_0x562d786147e0, L_0x562d786146a0, L_0x562d786130c0, C4<>;
S_0x562d7860b610 .scope module, "lut5_mux" "PFUMX" 3 395, 3 107 0, S_0x562d78609120;
 .timescale 0 0;
    .port_info 0 /INPUT 1 "ALUT";
    .port_info 1 /INPUT 1 "BLUT";
    .port_info 2 /INPUT 1 "C0";
    .port_info 3 /OUTPUT 1 "Z";
v0x562d7860b7d0_0 .net "ALUT", 0 0, L_0x562d78614880;  alias, 1 drivers
v0x562d7860b8a0_0 .net "BLUT", 0 0, L_0x562d78613db0;  alias, 1 drivers
v0x562d7860b970_0 .net "C0", 0 0, o0x7f8ac4a78648;  alias, 0 drivers
v0x562d7860ba70_0 .net "Z", 0 0, L_0x562d786149d0;  alias, 1 drivers
L_0x562d786149d0 .functor MUXZ 1, L_0x562d78613db0, L_0x562d78614880, o0x7f8ac4a78648, C4<>;
S_0x562d7860bb60 .scope module, "lutx_mux" "L6MUX21" 3 396, 3 13 0, S_0x562d78609120;
 .timescale 0 0;
    .port_info 0 /INPUT 1 "D0";
    .port_info 1 /INPUT 1 "D1";
    .port_info 2 /INPUT 1 "SD";
    .port_info 3 /OUTPUT 1 "Z";
v0x562d7860bda0_0 .net "D0", 0 0, o0x7f8ac4a793c8;  alias, 0 drivers
v0x562d7860be60_0 .net "D1", 0 0, o0x7f8ac4a793f8;  alias, 0 drivers
v0x562d7860bf20_0 .net "SD", 0 0, o0x7f8ac4a788b8;  alias, 0 drivers
v0x562d7860c020_0 .net "Z", 0 0, L_0x562d78614b50;  alias, 1 drivers
L_0x562d78614b50 .functor MUXZ 1, o0x7f8ac4a793c8, o0x7f8ac4a793f8, o0x7f8ac4a788b8, C4<>;
S_0x562d7860c150 .scope generate, "genblk2" "genblk2" 3 358, 3 358 0, S_0x562d785c9440;
 .timescale 0 0;
L_0x562d78612dc0 .functor BUFZ 1, o0x7f8ac4a795a8, C4<0>, C4<0>, C4<0>;
S_0x562d7860c330 .scope generate, "genblk4" "genblk4" 3 359, 3 359 0, S_0x562d785c9440;
 .timescale 0 0;
L_0x562d78612e80 .functor BUFZ 1, o0x7f8ac4a79608, C4<0>, C4<0>, C4<0>;
S_0x562d7860c5a0 .scope generate, "genblk6" "genblk6" 3 360, 3 360 0, S_0x562d785c9440;
 .timescale 0 0;
L_0x562d78612f40 .functor BUFZ 1, o0x7f8ac4a79668, C4<0>, C4<0>, C4<0>;
S_0x562d7860c730 .scope generate, "genblk8" "genblk8" 3 361, 3 361 0, S_0x562d785c9440;
 .timescale 0 0;
L_0x562d78613000 .functor BUFZ 1, o0x7f8ac4a796c8, C4<0>, C4<0>, C4<0>;
S_0x562d7860c910 .scope function.vec4.s16, "permute_initval" "permute_initval" 3 369, 3 369 0, S_0x562d785c9440;
 .timescale 0 0;
v0x562d7860caf0_0 .var/i "i", 31 0;
v0x562d7860cbf0_0 .var "initval", 15 0;
; Variable permute_initval is vec4 return value of scope S_0x562d7860c910
TD_TRELLIS_SLICE.permute_initval ;
    %pushi/vec4 0, 0, 32;
    %store/vec4 v0x562d7860caf0_0, 0, 32;
T_1.12 ;
    %load/vec4 v0x562d7860caf0_0;
    %cmpi/s 16, 0, 32;
    %jmp/0xz T_1.13, 5;
    %load/vec4 v0x562d7860cbf0_0;
    %load/vec4 v0x562d7860caf0_0;
    %part/s 1;
    %load/vec4 v0x562d7860caf0_0;
    %parti/s 1, 0, 2;
    %load/vec4 v0x562d7860caf0_0;
    %parti/s 1, 2, 3;
    %concat/vec4; draw_concat_vec4
    %load/vec4 v0x562d7860caf0_0;
    %parti/s 1, 1, 2;
    %concat/vec4; draw_concat_vec4
    %load/vec4 v0x562d7860caf0_0;
    %parti/s 1, 3, 3;
    %concat/vec4; draw_concat_vec4
    %ix/vec4 4;
    %ret/vec4 0, 4, 1; Assign to permute_initval (store_vec4_to_lval)
    %load/vec4 v0x562d7860caf0_0;
    %addi 1, 0, 32;
    %store/vec4 v0x562d7860caf0_0, 0, 32;
    %jmp T_1.12;
T_1.13 ;
    %end;
S_0x562d785c97f0 .scope module, "register_xfer_tb" "register_xfer_tb" 4 2;
 .timescale -9 -12;
P_0x562d785342d0 .param/l "WIDTH_AX" 1 4 3, +C4<00000000000000000000000000010000>;
P_0x562d78534310 .param/l "WIDTH_MAIN" 1 4 4, +C4<00000000000000000000000000001000>;
v0x562d78611710_0 .net "addr_en", 0 0, L_0x562d78615270;  1 drivers
v0x562d786117d0_0 .net "addr_out", 15 0, L_0x562d78615200;  1 drivers
v0x562d786118a0_0 .var "assert_addr", 0 0;
v0x562d786119a0_0 .var "assert_xfer", 0 0;
v0x562d78611a70_0 .var "asserthigh_main", 0 0;
v0x562d78611b10_0 .var "assertlow_main", 0 0;
v0x562d78611be0_0 .var "bus_in_addr", 15 0;
v0x562d78611cb0_0 .var "bus_in_main", 7 0;
v0x562d78611d80_0 .var "bus_in_xfer", 15 0;
v0x562d78611e50_0 .var "clk", 0 0;
v0x562d78611f20_0 .var "load_xfer", 0 0;
v0x562d78611ff0_0 .var "loadhigh_main", 0 0;
v0x562d786120c0_0 .var "loadlow_main", 0 0;
v0x562d78612190_0 .net "main_en", 0 0, L_0x562d78615b00;  1 drivers
v0x562d78612260_0 .net "main_out", 7 0, L_0x562d78615900;  1 drivers
v0x562d78612330_0 .var "reset", 0 0;
v0x562d786123d0_0 .net "xfer_en", 0 0, L_0x562d786153a0;  1 drivers
v0x562d786124a0_0 .net "xfer_out", 15 0, L_0x562d786152e0;  1 drivers
S_0x562d7860f9d0 .scope module, "register_xfer1" "register_xfer" 4 26, 5 2 0, S_0x562d785c97f0;
 .timescale 0 0;
    .port_info 0 /INPUT 1 "clk";
    .port_info 1 /INPUT 16 "addr_in";
    .port_info 2 /INPUT 1 "assert_addr";
    .port_info 3 /OUTPUT 16 "addr_out";
    .port_info 4 /OUTPUT 1 "addr_en";
    .port_info 5 /INPUT 16 "xfer_in";
    .port_info 6 /INPUT 1 "assert_xfer";
    .port_info 7 /INPUT 1 "load_xfer";
    .port_info 8 /OUTPUT 16 "xfer_out";
    .port_info 9 /OUTPUT 1 "xfer_en";
    .port_info 10 /INPUT 8 "main_in";
    .port_info 11 /INPUT 1 "assertlow_main";
    .port_info 12 /INPUT 1 "asserthigh_main";
    .port_info 13 /INPUT 1 "loadlow_main";
    .port_info 14 /INPUT 1 "loadhigh_main";
    .port_info 15 /OUTPUT 8 "main_out";
    .port_info 16 /OUTPUT 1 "main_en";
P_0x562d7860fbd0 .param/l "DEFAULT_VALUE" 0 5 3, +C4<00000000000000000000000000000000>;
P_0x562d7860fc10 .param/l "WIDTH_AX" 0 5 4, +C4<00000000000000000000000000010000>;
P_0x562d7860fc50 .param/l "WIDTH_MAIN" 0 5 5, +C4<00000000000000000000000000001000>;
L_0x562d78615200 .functor BUFZ 16, v0x562d78611190_0, C4<0000000000000000>, C4<0000000000000000>, C4<0000000000000000>;
L_0x562d78615270 .functor NOT 1, v0x562d786118a0_0, C4<0>, C4<0>, C4<0>;
L_0x562d786152e0 .functor BUFZ 16, v0x562d78611190_0, C4<0000000000000000>, C4<0000000000000000>, C4<0000000000000000>;
L_0x562d786153a0 .functor NOT 1, v0x562d786119a0_0, C4<0>, C4<0>, C4<0>;
L_0x562d78615a40 .functor AND 1, v0x562d78611b10_0, v0x562d78611a70_0, C4<1>, C4<1>;
L_0x562d78615b00 .functor NOT 1, L_0x562d78615a40, C4<0>, C4<0>, C4<0>;
v0x562d78610040_0 .net *"_ivl_10", 8 0, L_0x562d78615550;  1 drivers
L_0x7f8ac4a2c2e8 .functor BUFT 1, C4<0>, C4<0>, C4<0>, C4<0>;
v0x562d78610140_0 .net *"_ivl_13", 0 0, L_0x7f8ac4a2c2e8;  1 drivers
v0x562d78610220_0 .net *"_ivl_15", 8 0, L_0x562d78615690;  1 drivers
v0x562d78610310_0 .net *"_ivl_16", 8 0, L_0x562d786157c0;  1 drivers
v0x562d786103f0_0 .net *"_ivl_20", 0 0, L_0x562d78615a40;  1 drivers
v0x562d78610520_0 .net *"_ivl_9", 7 0, L_0x562d786154b0;  1 drivers
v0x562d78610600_0 .net "addr_en", 0 0, L_0x562d78615270;  alias, 1 drivers
v0x562d786106c0_0 .net "addr_in", 15 0, v0x562d78611be0_0;  1 drivers
v0x562d786107a0_0 .net "addr_out", 15 0, L_0x562d78615200;  alias, 1 drivers
v0x562d78610910_0 .net "assert_addr", 0 0, v0x562d786118a0_0;  1 drivers
v0x562d786109d0_0 .net "assert_xfer", 0 0, v0x562d786119a0_0;  1 drivers
v0x562d78610a90_0 .net "asserthigh_main", 0 0, v0x562d78611a70_0;  1 drivers
v0x562d78610b50_0 .net "assertlow_main", 0 0, v0x562d78611b10_0;  1 drivers
v0x562d78610c10_0 .net "clk", 0 0, v0x562d78611e50_0;  1 drivers
v0x562d78610cd0_0 .net "load_xfer", 0 0, v0x562d78611f20_0;  1 drivers
v0x562d78610d90_0 .net "loadhigh_main", 0 0, v0x562d78611ff0_0;  1 drivers
v0x562d78610e50_0 .net "loadlow_main", 0 0, v0x562d786120c0_0;  1 drivers
v0x562d78610f10_0 .net "main_en", 0 0, L_0x562d78615b00;  alias, 1 drivers
v0x562d78610fd0_0 .net "main_in", 7 0, v0x562d78611cb0_0;  1 drivers
v0x562d786110b0_0 .net "main_out", 7 0, L_0x562d78615900;  alias, 1 drivers
v0x562d78611190_0 .var "value", 15 0;
v0x562d78611270_0 .net "xfer_en", 0 0, L_0x562d786153a0;  alias, 1 drivers
v0x562d78611330_0 .net "xfer_in", 15 0, v0x562d78611d80_0;  1 drivers
v0x562d78611410_0 .net "xfer_out", 15 0, L_0x562d786152e0;  alias, 1 drivers
E_0x562d7860ffc0 .event posedge, v0x562d78610c10_0;
L_0x562d786154b0 .part v0x562d78611190_0, 8, 8;
L_0x562d78615550 .concat [ 8 1 0 0], L_0x562d786154b0, L_0x7f8ac4a2c2e8;
L_0x562d78615690 .part v0x562d78611190_0, 0, 9;
L_0x562d786157c0 .functor MUXZ 9, L_0x562d78615690, L_0x562d78615550, v0x562d78611b10_0, C4<>;
L_0x562d78615900 .part L_0x562d786157c0, 0, 8;
    .scope S_0x562d785c9f50;
T_2 ;
    %pushi/vec4 0, 0, 32;
    %store/vec4 v0x562d78604450_0, 0, 32;
T_2.0 ;
    %load/vec4 v0x562d78604450_0;
    %cmpi/s 15, 0, 32;
    %jmp/0xz T_2.1, 5;
    %pushi/vec4 0, 0, 64;
    %load/vec4 v0x562d78604450_0;
    %muli 4, 0, 32;
    %part/s 4;
    %ix/getv/s 3, v0x562d78604450_0;
    %ix/load 4, 0, 0; Constant delay
    %assign/vec4/a/d v0x562d78604530, 0, 4;
    %load/vec4 v0x562d78604450_0;
    %addi 1, 0, 32;
    %store/vec4 v0x562d78604450_0, 0, 32;
    %jmp T_2.0;
T_2.1 ;
    %end;
    .thread T_2;
    .scope S_0x562d785c9f50;
T_3 ;
    %wait E_0x562d785e6970;
    %load/vec4 v0x562d786040f0_0;
    %flag_set/vec4 8;
    %jmp/0xz  T_3.0, 8;
    %load/vec4 v0x562d78603c60_0;
    %load/vec4 v0x562d78603f00_0;
    %pad/u 6;
    %ix/vec4 3;
    %ix/load 4, 0, 0; Constant delay
    %assign/vec4/a/d v0x562d78604530, 0, 4;
T_3.0 ;
    %jmp T_3;
    .thread T_3;
    .scope S_0x562d785ca6b0;
T_4 ;
    %pushi/vec4 0, 0, 32;
    %store/vec4 v0x562d78605090_0, 0, 32;
T_4.0 ;
    %load/vec4 v0x562d78605090_0;
    %cmpi/s 16, 0, 32;
    %jmp/0xz T_4.1, 5;
    %pushi/vec4 0, 0, 64;
    %load/vec4 v0x562d78605090_0;
    %addi 3, 0, 32;
    %part/s 1;
    %pushi/vec4 0, 0, 64;
    %load/vec4 v0x562d78605090_0;
    %addi 2, 0, 32;
    %part/s 1;
    %concat/vec4; draw_concat_vec4
    %pushi/vec4 0, 0, 64;
    %load/vec4 v0x562d78605090_0;
    %addi 1, 0, 32;
    %part/s 1;
    %concat/vec4; draw_concat_vec4
    %pushi/vec4 0, 0, 64;
    %load/vec4 v0x562d78605090_0;
    %part/s 1;
    %concat/vec4; draw_concat_vec4
    %ix/getv/s 3, v0x562d78605090_0;
    %ix/load 4, 0, 0; Constant delay
    %assign/vec4/a/d v0x562d78605170, 0, 4;
    %load/vec4 v0x562d78605090_0;
    %addi 1, 0, 32;
    %store/vec4 v0x562d78605090_0, 0, 32;
    %jmp T_4.0;
T_4.1 ;
    %end;
    .thread T_4;
    .scope S_0x562d785ca6b0;
T_5 ;
    %wait E_0x562d785e69b0;
    %pushi/vec4 5722693, 0, 24; draw_string_vec4
    %dup/vec4;
    %pushi/vec4 49, 0, 24; draw_string_vec4
    %cmp/u;
    %jmp/1 T_5.0, 6;
    %dup/vec4;
    %pushi/vec4 48, 0, 24; draw_string_vec4
    %cmp/u;
    %jmp/1 T_5.1, 6;
    %dup/vec4;
    %pushi/vec4 4804182, 0, 24; draw_string_vec4
    %cmp/u;
    %jmp/1 T_5.2, 6;
    %load/vec4 v0x562d78604d30_0;
    %store/vec4 v0x562d786052f0_0, 0, 1;
    %jmp T_5.4;
T_5.0 ;
    %pushi/vec4 1, 0, 1;
    %store/vec4 v0x562d786052f0_0, 0, 1;
    %jmp T_5.4;
T_5.1 ;
    %pushi/vec4 0, 0, 1;
    %store/vec4 v0x562d786052f0_0, 0, 1;
    %jmp T_5.4;
T_5.2 ;
    %load/vec4 v0x562d78604d30_0;
    %inv;
    %store/vec4 v0x562d786052f0_0, 0, 1;
    %jmp T_5.4;
T_5.4 ;
    %pop/vec4 1;
    %jmp T_5;
    .thread T_5, $push;
    .scope S_0x562d785ca6b0;
T_6 ;
    %wait E_0x562d784ea090;
    %load/vec4 v0x562d786052f0_0;
    %flag_set/vec4 8;
    %jmp/0xz  T_6.0, 8;
    %load/vec4 v0x562d786048f0_0;
    %load/vec4 v0x562d78604b90_0;
    %pad/u 6;
    %ix/vec4 3;
    %ix/load 4, 0, 0; Constant delay
    %assign/vec4/a/d v0x562d78605170, 0, 4;
T_6.0 ;
    %jmp T_6;
    .thread T_6;
    .scope S_0x562d785c9090;
T_7 ;
    %wait E_0x562d784d1120;
    %load/vec4 v0x562d786058e0_0;
    %cmpi/e 0, 1, 1;
    %jmp/0xz  T_7.0, 6;
    %pushi/vec4 0, 0, 1;
    %assign/vec4 v0x562d786059a0_0, 0;
    %jmp T_7.1;
T_7.0 ;
    %load/vec4 v0x562d786058e0_0;
    %assign/vec4 v0x562d786059a0_0, 0;
T_7.1 ;
    %jmp T_7;
    .thread T_7, $push;
    .scope S_0x562d78606850;
T_8 ;
    %wait E_0x562d78605fa0;
    %load/vec4 v0x562d78607080_0;
    %flag_set/vec4 8;
    %jmp/0xz  T_8.0, 8;
    %load/vec4 v0x562d78607140_0;
    %assign/vec4 v0x562d78606e40_0, 0;
    %jmp T_8.1;
T_8.0 ;
    %load/vec4 v0x562d78606f00_0;
    %flag_set/vec4 8;
    %jmp/0xz  T_8.2, 8;
    %load/vec4 v0x562d78606bd0_0;
    %assign/vec4 v0x562d78606e40_0, 0;
T_8.2 ;
T_8.1 ;
    %jmp T_8;
    .thread T_8;
    .scope S_0x562d78605b30;
T_9 ;
    %load/vec4 v0x562d78607140_0;
    %store/vec4 v0x562d78606e40_0, 0, 1;
    %end;
    .thread T_9;
    .scope S_0x562d78607e90;
T_10 ;
    %wait E_0x562d78605fe0;
    %load/vec4 v0x562d78608690_0;
    %flag_set/vec4 8;
    %jmp/0xz  T_10.0, 8;
    %load/vec4 v0x562d786087e0_0;
    %assign/vec4 v0x562d78608490_0, 0;
    %jmp T_10.1;
T_10.0 ;
    %load/vec4 v0x562d78608530_0;
    %flag_set/vec4 8;
    %jmp/0xz  T_10.2, 8;
    %load/vec4 v0x562d78608200_0;
    %assign/vec4 v0x562d78608490_0, 0;
T_10.2 ;
T_10.1 ;
    %jmp T_10;
    .thread T_10;
    .scope S_0x562d78607300;
T_11 ;
    %load/vec4 v0x562d786087e0_0;
    %store/vec4 v0x562d78608490_0, 0, 1;
    %end;
    .thread T_11;
    .scope S_0x562d7860f9d0;
T_12 ;
    %pushi/vec4 0, 0, 16;
    %store/vec4 v0x562d78611190_0, 0, 16;
    %end;
    .thread T_12, $init;
    .scope S_0x562d7860f9d0;
T_13 ;
    %wait E_0x562d7860ffc0;
    %load/vec4 v0x562d78610cd0_0;
    %nor/r;
    %flag_set/vec4 8;
    %jmp/0 T_13.0, 8;
    %load/vec4 v0x562d78611330_0;
    %jmp/1 T_13.1, 8;
T_13.0 ; End of true expr.
    %load/vec4 v0x562d78610e50_0;
    %nor/r;
    %flag_set/vec4 9;
    %jmp/0 T_13.2, 9;
    %load/vec4 v0x562d78611190_0;
    %parti/s 8, 8, 5;
    %load/vec4 v0x562d78610fd0_0;
    %concat/vec4; draw_concat_vec4
    %jmp/1 T_13.3, 9;
T_13.2 ; End of true expr.
    %load/vec4 v0x562d78610d90_0;
    %nor/r;
    %flag_set/vec4 10;
    %jmp/0 T_13.4, 10;
    %load/vec4 v0x562d78610fd0_0;
    %load/vec4 v0x562d78611190_0;
    %parti/s 8, 0, 2;
    %concat/vec4; draw_concat_vec4
    %jmp/1 T_13.5, 10;
T_13.4 ; End of true expr.
    %load/vec4 v0x562d78611190_0;
    %jmp/0 T_13.5, 10;
 ; End of false expr.
    %blend;
T_13.5;
    %jmp/0 T_13.3, 9;
 ; End of false expr.
    %blend;
T_13.3;
    %jmp/0 T_13.1, 8;
 ; End of false expr.
    %blend;
T_13.1;
    %assign/vec4 v0x562d78611190_0, 0;
    %jmp T_13;
    .thread T_13;
    .scope S_0x562d785c97f0;
T_14 ;
    %pushi/vec4 0, 0, 1;
    %store/vec4 v0x562d78611e50_0, 0, 1;
    %pushi/vec4 0, 0, 1;
    %store/vec4 v0x562d78612330_0, 0, 1;
    %pushi/vec4 43690, 0, 16;
    %store/vec4 v0x562d78611be0_0, 0, 16;
    %pushi/vec4 21845, 0, 16;
    %store/vec4 v0x562d78611d80_0, 0, 16;
    %pushi/vec4 51, 0, 8;
    %store/vec4 v0x562d78611cb0_0, 0, 8;
    %pushi/vec4 1, 0, 1;
    %store/vec4 v0x562d786118a0_0, 0, 1;
    %pushi/vec4 1, 0, 1;
    %store/vec4 v0x562d786119a0_0, 0, 1;
    %pushi/vec4 1, 0, 1;
    %store/vec4 v0x562d78611f20_0, 0, 1;
    %pushi/vec4 1, 0, 1;
    %store/vec4 v0x562d78611b10_0, 0, 1;
    %pushi/vec4 1, 0, 1;
    %store/vec4 v0x562d78611a70_0, 0, 1;
    %pushi/vec4 1, 0, 1;
    %store/vec4 v0x562d786120c0_0, 0, 1;
    %pushi/vec4 1, 0, 1;
    %store/vec4 v0x562d78611ff0_0, 0, 1;
    %end;
    .thread T_14, $init;
    .scope S_0x562d785c97f0;
T_15 ;
    %delay 5000, 0;
    %load/vec4 v0x562d78611e50_0;
    %nor/r;
    %assign/vec4 v0x562d78611e50_0, 0;
    %jmp T_15;
    .thread T_15;
    .scope S_0x562d785c97f0;
T_16 ;
    %vpi_call/w 4 56 "$display", "test" {0 0 0};
    %vpi_call/w 4 57 "$dumpfile", "register_xfer_tb.vcd" {0 0 0};
    %vpi_call/w 4 58 "$dumpvars", 32'sb00000000000000000000000000000000, S_0x562d785c97f0 {0 0 0};
    %delay 5000, 0;
    %delay 0, 0;
    %load/vec4 v0x562d78612190_0;
    %cmpi/e 0, 0, 1;
    %jmp/0xz  T_16.0, 4;
    %vpi_call/w 4 64 "$display", "main_en: no asserts OK" {0 0 0};
    %jmp T_16.1;
T_16.0 ;
    %vpi_call/w 4 65 "$error", "main_en: no asserts NOT OK" {0 0 0};
T_16.1 ;
    %delay 0, 0;
    %load/vec4 v0x562d78611710_0;
    %cmpi/e 0, 0, 1;
    %jmp/0xz  T_16.2, 4;
    %vpi_call/w 4 67 "$display", "addr_en: no asserts OK" {0 0 0};
    %jmp T_16.3;
T_16.2 ;
    %vpi_call/w 4 68 "$error", "addr_en: no asserts NOT OK" {0 0 0};
T_16.3 ;
    %delay 0, 0;
    %load/vec4 v0x562d786123d0_0;
    %cmpi/e 0, 0, 1;
    %jmp/0xz  T_16.4, 4;
    %vpi_call/w 4 70 "$display", "xfer_en: no asserts OK" {0 0 0};
    %jmp T_16.5;
T_16.4 ;
    %vpi_call/w 4 71 "$error", "xfer_en: no asserts NOT OK" {0 0 0};
T_16.5 ;
    %delay 10000, 0;
    %pushi/vec4 0, 0, 1;
    %store/vec4 v0x562d786119a0_0, 0, 1;
    %delay 0, 0;
    %load/vec4 v0x562d786124a0_0;
    %cmpi/e 0, 0, 16;
    %jmp/0xz  T_16.6, 4;
    %vpi_call/w 4 76 "$display", "init: value = 0 OK" {0 0 0};
    %jmp T_16.7;
T_16.6 ;
    %vpi_call/w 4 77 "$error", "init: value = 0 NOT OK" {0 0 0};
T_16.7 ;
    %delay 0, 0;
    %load/vec4 v0x562d786123d0_0;
    %cmpi/e 1, 0, 1;
    %jmp/0xz  T_16.8, 4;
    %vpi_call/w 4 79 "$display", "xfer_en: assert_xfer OK" {0 0 0};
    %jmp T_16.9;
T_16.8 ;
    %vpi_call/w 4 80 "$error", "xfer_en: assert_xfer NOT OK" {0 0 0};
T_16.9 ;
    %delay 10000, 0;
    %pushi/vec4 1, 0, 1;
    %store/vec4 v0x562d786119a0_0, 0, 1;
    %delay 10000, 0;
    %pushi/vec4 0, 0, 1;
    %store/vec4 v0x562d78611f20_0, 0, 1;
    %delay 10000, 0;
    %pushi/vec4 1, 0, 1;
    %store/vec4 v0x562d78611f20_0, 0, 1;
    %delay 10000, 0;
    %pushi/vec4 0, 0, 1;
    %store/vec4 v0x562d786119a0_0, 0, 1;
    %delay 0, 0;
    %load/vec4 v0x562d786124a0_0;
    %cmpi/e 21845, 0, 16;
    %jmp/0xz  T_16.10, 4;
    %vpi_call/w 4 90 "$display", "load_xfer: value = 16'h5555 OK" {0 0 0};
    %jmp T_16.11;
T_16.10 ;
    %vpi_call/w 4 91 "$error", "load_xfer: value = 16'h5555 NOT OK" {0 0 0};
T_16.11 ;
    %delay 10000, 0;
    %pushi/vec4 1, 0, 1;
    %store/vec4 v0x562d786119a0_0, 0, 1;
    %delay 10000, 0;
    %pushi/vec4 0, 0, 1;
    %store/vec4 v0x562d78611ff0_0, 0, 1;
    %delay 10000, 0;
    %pushi/vec4 1, 0, 1;
    %store/vec4 v0x562d78611ff0_0, 0, 1;
    %delay 10000, 0;
    %pushi/vec4 0, 0, 1;
    %store/vec4 v0x562d786119a0_0, 0, 1;
    %delay 0, 0;
    %load/vec4 v0x562d786124a0_0;
    %cmpi/e 13141, 0, 16;
    %jmp/0xz  T_16.12, 4;
    %vpi_call/w 4 102 "$display", "loadhigh_main: value = 16'h3355 OK" {0 0 0};
    %jmp T_16.13;
T_16.12 ;
    %vpi_call/w 4 103 "$error", "loadhigh_main: value = 16'h3355 NOT OK" {0 0 0};
T_16.13 ;
    %delay 10000, 0;
    %pushi/vec4 1, 0, 1;
    %store/vec4 v0x562d786119a0_0, 0, 1;
    %delay 10000, 0;
    %pushi/vec4 0, 0, 1;
    %store/vec4 v0x562d786118a0_0, 0, 1;
    %delay 0, 0;
    %load/vec4 v0x562d786117d0_0;
    %cmpi/e 13141, 0, 16;
    %jmp/0xz  T_16.14, 4;
    %vpi_call/w 4 109 "$display", "assert_addr: value = 16'h3355 OK" {0 0 0};
    %jmp T_16.15;
T_16.14 ;
    %vpi_call/w 4 110 "$error", "assert_addr: value = 16'h3355 NOT OK" {0 0 0};
T_16.15 ;
    %delay 0, 0;
    %load/vec4 v0x562d78611710_0;
    %cmpi/e 1, 0, 1;
    %jmp/0xz  T_16.16, 4;
    %vpi_call/w 4 112 "$display", "addr_en: assert_addr OK" {0 0 0};
    %jmp T_16.17;
T_16.16 ;
    %vpi_call/w 4 113 "$error", "addr_en: assert_addr NOT OK" {0 0 0};
T_16.17 ;
    %delay 10000, 0;
    %pushi/vec4 1, 0, 1;
    %store/vec4 v0x562d786118a0_0, 0, 1;
    %delay 10000, 0;
    %pushi/vec4 0, 0, 1;
    %store/vec4 v0x562d78611b10_0, 0, 1;
    %delay 0, 0;
    %load/vec4 v0x562d78612190_0;
    %cmpi/e 1, 0, 1;
    %jmp/0xz  T_16.18, 4;
    %vpi_call/w 4 119 "$display", "assertlow_main: main_en OK" {0 0 0};
    %jmp T_16.19;
T_16.18 ;
    %vpi_call/w 4 120 "$error", "assertlow_main: main_en NOT OK" {0 0 0};
T_16.19 ;
    %delay 0, 0;
    %load/vec4 v0x562d78612260_0;
    %cmpi/e 85, 0, 8;
    %jmp/0xz  T_16.20, 4;
    %vpi_call/w 4 122 "$display", "assertlow_main: value = 8'h55 OK" {0 0 0};
    %jmp T_16.21;
T_16.20 ;
    %vpi_call/w 4 123 "$error", "assertlow_main: value = 8'h55 NOT OK" {0 0 0};
T_16.21 ;
    %delay 10000, 0;
    %pushi/vec4 1, 0, 1;
    %store/vec4 v0x562d78611b10_0, 0, 1;
    %delay 10000, 0;
    %pushi/vec4 0, 0, 1;
    %store/vec4 v0x562d78611a70_0, 0, 1;
    %delay 0, 0;
    %load/vec4 v0x562d78612190_0;
    %cmpi/e 1, 0, 1;
    %jmp/0xz  T_16.22, 4;
    %vpi_call/w 4 130 "$display", "asserthigh_main: main_en OK" {0 0 0};
    %jmp T_16.23;
T_16.22 ;
    %vpi_call/w 4 131 "$error", "asserthigh_main: main_en NOT OK" {0 0 0};
T_16.23 ;
    %delay 0, 0;
    %load/vec4 v0x562d78612260_0;
    %cmpi/e 51, 0, 8;
    %jmp/0xz  T_16.24, 4;
    %vpi_call/w 4 133 "$display", "asserthigh_main: value = 8'h00 OK" {0 0 0};
    %jmp T_16.25;
T_16.24 ;
    %vpi_call/w 4 134 "$error", "asserthigh_main: value = 8'h00 NOT OK" {0 0 0};
T_16.25 ;
    %delay 10000, 0;
    %pushi/vec4 1, 0, 1;
    %store/vec4 v0x562d78611a70_0, 0, 1;
    %delay 10000, 0;
    %vpi_call/w 4 137 "$finish" {0 0 0};
    %end;
    .thread T_16;
# The file index is used to find the file name in the following table.
:file_names 6;
    "N/A";
    "<interactive>";
    "-";
    "/home/jamon/.apio/packages/toolchain-yosys/share/yosys/ecp5/cells_sim.v";
    "/home/jamon/code/ecp5/jspcpu/register_xfer/register_xfer_tb.sv";
    "/home/jamon/code/ecp5/jspcpu/register_xfer/register_xfer.v";
