#! /usr/bin/vvp
:ivl_version "11.0 (stable)" "(v11_0)";
:ivl_delay_selection "TYPICAL";
:vpi_time_precision - 12;
:vpi_module "/usr/lib/ivl/system.vpi";
:vpi_module "/usr/lib/ivl/vhdl_sys.vpi";
:vpi_module "/usr/lib/ivl/vhdl_textio.vpi";
:vpi_module "/usr/lib/ivl/v2005_math.vpi";
:vpi_module "/usr/lib/ivl/va_math.vpi";
S_0x55efecc93510 .scope module, "bus_tb" "bus_tb" 2 3;
 .timescale -9 -12;
v0x55efeccbff70_0 .var "bus_in_a", 7 0;
v0x55efeccc0070_0 .var "bus_in_b", 7 0;
v0x55efeccc0150_0 .var "bus_in_c", 7 0;
v0x55efeccc0210_0 .var "bus_in_d", 7 0;
v0x55efeccc02f0_0 .var "clk", 0 0;
v0x55efeccc0390_0 .var "en_in", 3 0;
L_0x55efeccc16b0 .concat [ 8 8 8 8], v0x55efeccc0210_0, v0x55efeccc0150_0, v0x55efeccc0070_0, v0x55efeccbff70_0;
S_0x55efecc90810 .scope module, "top1" "bus" 2 11, 3 1 0, S_0x55efecc93510;
 .timescale -9 -12;
    .port_info 0 /INPUT 1 "clk";
    .port_info 1 /INPUT 32 "in";
    .port_info 2 /INPUT 4 "enable";
    .port_info 3 /OUTPUT 8 "out";
P_0x55efecc94870 .param/l "COUNT" 0 3 3, +C4<00000000000000000000000000000100>;
P_0x55efecc948b0 .param/l "DEFAULT_VALUE" 0 3 4, +C4<11111111111111111111111111111111>;
P_0x55efecc948f0 .param/l "ENCODED_WIDTH" 1 3 18, +C4<00000000000000000000000000000011>;
P_0x55efecc94930 .param/l "TOTAL_WIDTH" 1 3 14, +C4<0000000000000000000000000000000000000000000000000000000000100000>;
P_0x55efecc94970 .param/l "WIDTH" 0 3 2, +C4<00000000000000000000000000001000>;
L_0x55efeccc15f0 .functor BUFZ 8, L_0x55efeccc13b0, C4<00000000>, C4<00000000>, C4<00000000>;
v0x55efeccbf4d0_0 .net *"_ivl_17", 7 0, L_0x55efeccc13b0;  1 drivers
v0x55efeccbf5d0_0 .net *"_ivl_19", 3 0, L_0x55efeccc14b0;  1 drivers
L_0x7f6be787e1c8 .functor BUFT 1, C4<0>, C4<0>, C4<0>, C4<0>;
v0x55efeccbf6b0_0 .net *"_ivl_22", 0 0, L_0x7f6be787e1c8;  1 drivers
v0x55efeccbf770_0 .net "clk", 0 0, v0x55efeccc02f0_0;  1 drivers
v0x55efeccbf830_0 .net "enable", 3 0, v0x55efeccc0390_0;  1 drivers
L_0x7f6be787e180 .functor BUFT 1, C4<0000>, C4<0>, C4<0>, C4<0>;
v0x55efeccbf960 .array "enable_encoded", 4 0;
v0x55efeccbf960_0 .net v0x55efeccbf960 0, 3 0, L_0x7f6be787e180; 1 drivers
v0x55efeccbf960_1 .net v0x55efeccbf960 1, 3 0, L_0x55efeccc08f0; 1 drivers
v0x55efeccbf960_2 .net v0x55efeccbf960 2, 3 0, L_0x55efeccc0b40; 1 drivers
v0x55efeccbf960_3 .net v0x55efeccbf960 3, 3 0, L_0x55efeccc0e30; 1 drivers
v0x55efeccbf960_4 .net v0x55efeccbf960 4, 3 0, L_0x55efeccc1090; 1 drivers
v0x55efeccbfac0_0 .net "in", 31 0, L_0x55efeccc16b0;  1 drivers
L_0x7f6be787e138 .functor BUFT 1, C4<11111111>, C4<0>, C4<0>, C4<0>;
v0x55efeccbfba0 .array "in_array", 4 0;
v0x55efeccbfba0_0 .net v0x55efeccbfba0 0, 7 0, L_0x7f6be787e138; 1 drivers
v0x55efeccbfba0_1 .net v0x55efeccbfba0 1, 7 0, L_0x55efeccc0460; 1 drivers
v0x55efeccbfba0_2 .net v0x55efeccbfba0 2, 7 0, L_0x55efeccc0560; 1 drivers
v0x55efeccbfba0_3 .net v0x55efeccbfba0 3, 7 0, L_0x55efeccc0680; 1 drivers
v0x55efeccbfba0_4 .net v0x55efeccbfba0 4, 7 0, L_0x55efeccc0720; 1 drivers
v0x55efeccbfd00_0 .net "out", 7 0, L_0x55efeccc15f0;  1 drivers
v0x55efeccbfde0_0 .net "selected", 2 0, L_0x55efeccc12c0;  1 drivers
L_0x55efeccc0460 .part L_0x55efeccc16b0, 0, 8;
L_0x55efeccc0560 .part L_0x55efeccc16b0, 8, 8;
L_0x55efeccc0680 .part L_0x55efeccc16b0, 16, 8;
L_0x55efeccc0720 .part L_0x55efeccc16b0, 24, 8;
L_0x55efeccc0820 .part v0x55efeccc0390_0, 0, 1;
L_0x55efeccc0a60 .part v0x55efeccc0390_0, 1, 1;
L_0x55efeccc0d00 .part v0x55efeccc0390_0, 2, 1;
L_0x55efeccc0fa0 .part v0x55efeccc0390_0, 3, 1;
L_0x55efeccc12c0 .part L_0x55efeccc1090, 0, 3;
L_0x55efeccc13b0 .array/port v0x55efeccbfba0, L_0x55efeccc14b0;
L_0x55efeccc14b0 .concat [ 3 1 0 0], L_0x55efeccc12c0, L_0x7f6be787e1c8;
S_0x55efecc91790 .scope generate, "genblk1[0]" "genblk1[0]" 3 29, 3 29 0, S_0x55efecc90810;
 .timescale -9 -12;
P_0x55efecca1660 .param/l "j" 0 3 29, +C4<00>;
S_0x55efecc91970 .scope generate, "genblk1[1]" "genblk1[1]" 3 29, 3 29 0, S_0x55efecc90810;
 .timescale -9 -12;
P_0x55efecc633f0 .param/l "j" 0 3 29, +C4<01>;
S_0x55efecc909f0 .scope generate, "genblk1[2]" "genblk1[2]" 3 29, 3 29 0, S_0x55efecc90810;
 .timescale -9 -12;
P_0x55efecc63530 .param/l "j" 0 3 29, +C4<010>;
S_0x55efecc8fc50 .scope generate, "genblk1[3]" "genblk1[3]" 3 29, 3 29 0, S_0x55efecc90810;
 .timescale -9 -12;
P_0x55efecc9bbd0 .param/l "j" 0 3 29, +C4<011>;
S_0x55efecc9fbe0 .scope generate, "genblk2[0]" "genblk2[0]" 3 45, 3 45 0, S_0x55efecc90810;
 .timescale -9 -12;
P_0x55efecc9fe10 .param/l "i" 0 3 45, +C4<00>;
v0x55efecc63d80_0 .net *"_ivl_1", 0 0, L_0x55efeccc0820;  1 drivers
L_0x7f6be787e018 .functor BUFT 1, C4<0001>, C4<0>, C4<0>, C4<0>;
v0x55efeccbe610_0 .net/2u *"_ivl_2", 3 0, L_0x7f6be787e018;  1 drivers
L_0x55efeccc08f0 .functor MUXZ 4, L_0x7f6be787e180, L_0x7f6be787e018, L_0x55efeccc0820, C4<>;
S_0x55efeccbe6f0 .scope generate, "genblk2[1]" "genblk2[1]" 3 45, 3 45 0, S_0x55efecc90810;
 .timescale -9 -12;
P_0x55efeccbe8f0 .param/l "i" 0 3 45, +C4<01>;
v0x55efeccbe9d0_0 .net *"_ivl_1", 0 0, L_0x55efeccc0a60;  1 drivers
L_0x7f6be787e060 .functor BUFT 1, C4<0010>, C4<0>, C4<0>, C4<0>;
v0x55efeccbeab0_0 .net/2u *"_ivl_2", 3 0, L_0x7f6be787e060;  1 drivers
L_0x55efeccc0b40 .functor MUXZ 4, L_0x55efeccc08f0, L_0x7f6be787e060, L_0x55efeccc0a60, C4<>;
S_0x55efeccbeb90 .scope generate, "genblk2[2]" "genblk2[2]" 3 45, 3 45 0, S_0x55efecc90810;
 .timescale -9 -12;
P_0x55efeccbed90 .param/l "i" 0 3 45, +C4<010>;
v0x55efeccbee70_0 .net *"_ivl_1", 0 0, L_0x55efeccc0d00;  1 drivers
L_0x7f6be787e0a8 .functor BUFT 1, C4<0011>, C4<0>, C4<0>, C4<0>;
v0x55efeccbef50_0 .net/2u *"_ivl_2", 3 0, L_0x7f6be787e0a8;  1 drivers
L_0x55efeccc0e30 .functor MUXZ 4, L_0x55efeccc0b40, L_0x7f6be787e0a8, L_0x55efeccc0d00, C4<>;
S_0x55efeccbf030 .scope generate, "genblk2[3]" "genblk2[3]" 3 45, 3 45 0, S_0x55efecc90810;
 .timescale -9 -12;
P_0x55efeccbf230 .param/l "i" 0 3 45, +C4<011>;
v0x55efeccbf310_0 .net *"_ivl_1", 0 0, L_0x55efeccc0fa0;  1 drivers
L_0x7f6be787e0f0 .functor BUFT 1, C4<0100>, C4<0>, C4<0>, C4<0>;
v0x55efeccbf3f0_0 .net/2u *"_ivl_2", 3 0, L_0x7f6be787e0f0;  1 drivers
L_0x55efeccc1090 .functor MUXZ 4, L_0x55efeccc0e30, L_0x7f6be787e0f0, L_0x55efeccc0fa0, C4<>;
    .scope S_0x55efecc93510;
T_0 ;
    %pushi/vec4 0, 0, 1;
    %store/vec4 v0x55efeccc02f0_0, 0, 1;
    %pushi/vec4 1, 0, 8;
    %store/vec4 v0x55efeccbff70_0, 0, 8;
    %pushi/vec4 2, 0, 8;
    %store/vec4 v0x55efeccc0070_0, 0, 8;
    %pushi/vec4 3, 0, 8;
    %store/vec4 v0x55efeccc0150_0, 0, 8;
    %pushi/vec4 4, 0, 8;
    %store/vec4 v0x55efeccc0210_0, 0, 8;
    %pushi/vec4 0, 0, 4;
    %store/vec4 v0x55efeccc0390_0, 0, 4;
    %end;
    .thread T_0;
    .scope S_0x55efecc93510;
T_1 ;
    %delay 5000, 0;
    %load/vec4 v0x55efeccc02f0_0;
    %nor/r;
    %assign/vec4 v0x55efeccc02f0_0, 0;
    %jmp T_1;
    .thread T_1;
    .scope S_0x55efecc93510;
T_2 ;
    %vpi_call 2 18 "$display", "test" {0 0 0};
    %vpi_call 2 19 "$dumpfile", "bus_tb.vcd" {0 0 0};
    %vpi_call 2 20 "$dumpvars", 32'sb00000000000000000000000000000000, S_0x55efecc93510 {0 0 0};
    %delay 10000, 0;
    %pushi/vec4 1, 0, 4;
    %store/vec4 v0x55efeccc0390_0, 0, 4;
    %delay 15000, 0;
    %pushi/vec4 2, 0, 4;
    %store/vec4 v0x55efeccc0390_0, 0, 4;
    %delay 20000, 0;
    %pushi/vec4 4, 0, 4;
    %store/vec4 v0x55efeccc0390_0, 0, 4;
    %delay 25000, 0;
    %pushi/vec4 8, 0, 4;
    %store/vec4 v0x55efeccc0390_0, 0, 4;
    %delay 30000, 0;
    %vpi_call 2 30 "$finish" {0 0 0};
    %end;
    .thread T_2;
# The file index is used to find the file name in the following table.
:file_names 4;
    "N/A";
    "<interactive>";
    "/home/jamon/code/ecp5/jspcpu/bus/bus_tb.v";
    "/home/jamon/code/ecp5/jspcpu/bus/./bus.v";
