#! /usr/bin/vvp
:ivl_version "11.0 (stable)" "(v11_0)";
:ivl_delay_selection "TYPICAL";
:vpi_time_precision - 12;
:vpi_module "/usr/lib/ivl/system.vpi";
:vpi_module "/usr/lib/ivl/vhdl_sys.vpi";
:vpi_module "/usr/lib/ivl/vhdl_textio.vpi";
:vpi_module "/usr/lib/ivl/v2005_math.vpi";
:vpi_module "/usr/lib/ivl/va_math.vpi";
:vpi_module "/usr/lib/ivl/v2009.vpi";
S_0x55c4990acc20 .scope package, "$unit" "$unit" 2 1;
 .timescale 0 0;
S_0x55c4990ac840 .scope module, "control_tb" "control_tb" 3 5;
 .timescale -9 -12;
P_0x55c4990c4c10 .param/l "WIDTH_AX" 1 3 6, +C4<00000000000000000000000000010000>;
P_0x55c4990c4c50 .param/l "WIDTH_MAIN" 1 3 7, +C4<00000000000000000000000000001000>;
v0x55c4990ebb40_0 .var "bus_request", 0 0;
v0x55c4990ebc30_0 .var "clk", 0 0;
v0x55c4990ebcd0_0 .var "fetch_suppress", 0 0;
v0x55c4990ebda0_0 .var "flag_acarry", 0 0;
v0x55c4990ebe90_0 .var "flag_lcarry", 0 0;
v0x55c4990ebfd0_0 .var "flag_overflow", 0 0;
v0x55c4990ec0c0_0 .var "flag_pcraflip", 0 0;
v0x55c4990ec1b0_0 .var "flag_reset", 0 0;
v0x55c4990ec2a0_0 .var "flag_sign", 0 0;
v0x55c4990ec340_0 .var "flag_zero", 0 0;
v0x55c4990ec430_0 .var "instruction", 7 0;
v0x55c4990ec4d0_0 .net "stage1_controls_out", 15 0, L_0x55c4990a5850;  1 drivers
v0x55c4990ec570_0 .net "stage1_instruction_out", 7 0, L_0x55c4990ecca0;  1 drivers
v0x55c4990ec660_0 .net "stage2_controls_out", 15 0, L_0x55c4990ed920;  1 drivers
v0x55c4990ec700_0 .net "stage2_instruction_out", 7 0, L_0x55c4990af4f0;  1 drivers
S_0x55c4990ae800 .scope module, "pipeline_stage1_1" "pipeline_stage1" 3 25, 4 1 0, S_0x55c4990ac840;
 .timescale -9 -12;
    .port_info 0 /INPUT 1 "clk";
    .port_info 1 /INPUT 1 "bus_request";
    .port_info 2 /INPUT 1 "fetch_suppress";
    .port_info 3 /INPUT 1 "flag_overflow";
    .port_info 4 /INPUT 1 "flag_sign";
    .port_info 5 /INPUT 1 "flag_zero";
    .port_info 6 /INPUT 1 "flag_acarry";
    .port_info 7 /INPUT 1 "flag_lcarry";
    .port_info 8 /INPUT 1 "flag_pcraflip";
    .port_info 9 /INPUT 1 "flag_reset";
    .port_info 10 /INPUT 8 "instruction";
    .port_info 11 /OUTPUT 8 "instruction_out";
    .port_info 12 /OUTPUT 16 "controls_out";
P_0x55c4990ad890 .param/l "WIDTH" 0 4 2, +C4<00000000000000000000000000001000>;
L_0x55c4990af480 .functor OR 1, L_0x55c4990eca20, L_0x55c4990ecb10, C4<0>, C4<0>;
L_0x55c4990a5850 .functor BUFZ 16, v0x55c4990e8f80_0, C4<0000000000000000>, C4<0000000000000000>, C4<0000000000000000>;
v0x55c4990afc10_0 .net *"_ivl_0", 14 0, L_0x55c4990ec7a0;  1 drivers
v0x55c4990e8810_0 .net *"_ivl_11", 0 0, L_0x55c4990af480;  1 drivers
L_0x7fdeb3f5c060 .functor BUFT 1, C4<00000000>, C4<0>, C4<0>, C4<0>;
v0x55c4990e88d0_0 .net/2u *"_ivl_12", 7 0, L_0x7fdeb3f5c060;  1 drivers
L_0x7fdeb3f5c018 .functor BUFT 1, C4<0>, C4<0>, C4<0>, C4<0>;
v0x55c4990e8990_0 .net *"_ivl_5", 0 0, L_0x7fdeb3f5c018;  1 drivers
v0x55c4990e8a70_0 .net *"_ivl_7", 0 0, L_0x55c4990eca20;  1 drivers
v0x55c4990e8b80_0 .net *"_ivl_9", 0 0, L_0x55c4990ecb10;  1 drivers
v0x55c4990e8c40_0 .net "addr", 15 0, L_0x55c4990ec8e0;  1 drivers
v0x55c4990e8d20_0 .net "aluop_select", 3 0, L_0x55c4990ed000;  1 drivers
v0x55c4990e8e00_0 .net "bus_request", 0 0, v0x55c4990ebb40_0;  1 drivers
v0x55c4990e8ec0_0 .net "clk", 0 0, v0x55c4990ebc30_0;  1 drivers
v0x55c4990e8f80_0 .var "controls", 15 0;
v0x55c4990e9060_0 .net "controls_out", 15 0, L_0x55c4990a5850;  alias, 1 drivers
v0x55c4990e9140_0 .net "fetch_suppress", 0 0, v0x55c4990ebcd0_0;  1 drivers
v0x55c4990e9200_0 .net "fetch_suppress_out", 0 0, L_0x55c4990ed290;  1 drivers
v0x55c4990e92c0_0 .net "flag_acarry", 0 0, v0x55c4990ebda0_0;  1 drivers
v0x55c4990e9380_0 .net "flag_lcarry", 0 0, v0x55c4990ebe90_0;  1 drivers
v0x55c4990e9440_0 .net "flag_overflow", 0 0, v0x55c4990ebfd0_0;  1 drivers
v0x55c4990e9500_0 .net "flag_pcraflip", 0 0, v0x55c4990ec0c0_0;  1 drivers
v0x55c4990e95c0_0 .net "flag_reset", 0 0, v0x55c4990ec1b0_0;  1 drivers
v0x55c4990e9680_0 .net "flag_sign", 0 0, v0x55c4990ec2a0_0;  1 drivers
v0x55c4990e9740_0 .net "flag_zero", 0 0, v0x55c4990ec340_0;  1 drivers
v0x55c4990e9800_0 .net "instruction", 7 0, v0x55c4990ec430_0;  1 drivers
v0x55c4990e98e0_0 .net "instruction_out", 7 0, L_0x55c4990ecca0;  alias, 1 drivers
v0x55c4990e99c0_0 .net "lhs_select", 1 0, L_0x55c4990ece30;  1 drivers
v0x55c4990e9aa0_0 .var "prev_instruction", 7 0;
v0x55c4990e9b80_0 .net "rhs_select", 1 0, L_0x55c4990ecf60;  1 drivers
v0x55c4990e9c60 .array "rom1", 32767 0, 7 0;
v0x55c4990e9d20 .array "rom2", 32767 0, 7 0;
v0x55c4990e9de0_0 .net "xferassert_select", 2 0, L_0x55c4990ed190;  1 drivers
v0x55c4990e9ec0_0 .net "xferload_select", 3 0, L_0x55c4990ed0f0;  1 drivers
E_0x55c4990c6f70 .event posedge, v0x55c4990e8ec0_0;
LS_0x55c4990ec7a0_0_0 .concat [ 8 1 1 1], v0x55c4990ec430_0, v0x55c4990ebfd0_0, v0x55c4990ec2a0_0, v0x55c4990ec340_0;
LS_0x55c4990ec7a0_0_4 .concat [ 1 1 1 1], v0x55c4990ebda0_0, v0x55c4990ebe90_0, v0x55c4990ec0c0_0, v0x55c4990ec1b0_0;
L_0x55c4990ec7a0 .concat [ 11 4 0 0], LS_0x55c4990ec7a0_0_0, LS_0x55c4990ec7a0_0_4;
L_0x55c4990ec8e0 .concat [ 15 1 0 0], L_0x55c4990ec7a0, L_0x7fdeb3f5c018;
L_0x55c4990eca20 .reduce/nor v0x55c4990ebb40_0;
L_0x55c4990ecb10 .reduce/nor v0x55c4990ebcd0_0;
L_0x55c4990ecca0 .functor MUXZ 8, v0x55c4990e9aa0_0, L_0x7fdeb3f5c060, L_0x55c4990af480, C4<>;
L_0x55c4990ece30 .part v0x55c4990e8f80_0, 0, 2;
L_0x55c4990ecf60 .part v0x55c4990e8f80_0, 2, 2;
L_0x55c4990ed000 .part v0x55c4990e8f80_0, 4, 4;
L_0x55c4990ed0f0 .part v0x55c4990e8f80_0, 8, 4;
L_0x55c4990ed190 .part v0x55c4990e8f80_0, 12, 3;
L_0x55c4990ed290 .part v0x55c4990e8f80_0, 15, 1;
S_0x55c4990ea140 .scope module, "pipeline_stage2_1" "pipeline_stage2" 3 44, 5 1 0, S_0x55c4990ac840;
 .timescale -9 -12;
    .port_info 0 /INPUT 1 "clk";
    .port_info 1 /INPUT 1 "bus_request";
    .port_info 2 /INPUT 1 "fetch_suppress";
    .port_info 3 /INPUT 1 "flag_overflow";
    .port_info 4 /INPUT 1 "flag_sign";
    .port_info 5 /INPUT 1 "flag_zero";
    .port_info 6 /INPUT 1 "flag_acarry";
    .port_info 7 /INPUT 1 "flag_lcarry";
    .port_info 8 /INPUT 1 "flag_pcraflip";
    .port_info 9 /INPUT 1 "flag_reset";
    .port_info 10 /INPUT 8 "instruction";
    .port_info 11 /OUTPUT 8 "instruction_out";
    .port_info 12 /OUTPUT 16 "controls_out";
P_0x55c4990ea2f0 .param/l "WIDTH" 0 5 2, +C4<00000000000000000000000000001000>;
L_0x55c4990af4f0 .functor BUFZ 8, v0x55c4990eb660_0, C4<00000000>, C4<00000000>, C4<00000000>;
L_0x55c4990ed920 .functor BUFZ 16, v0x55c4990eab60_0, C4<0000000000000000>, C4<0000000000000000>, C4<0000000000000000>;
v0x55c4990ea4d0_0 .net *"_ivl_0", 14 0, L_0x55c4990ed330;  1 drivers
L_0x7fdeb3f5c0a8 .functor BUFT 1, C4<0>, C4<0>, C4<0>, C4<0>;
v0x55c4990ea5b0_0 .net *"_ivl_5", 0 0, L_0x7fdeb3f5c0a8;  1 drivers
v0x55c4990ea690_0 .net "addr", 15 0, L_0x55c4990ed850;  1 drivers
v0x55c4990ea750_0 .net "addr_select", 2 0, L_0x55c4990edc90;  1 drivers
v0x55c4990ea830_0 .net "break_out", 0 0, L_0x55c4990edf10;  1 drivers
o0x7fdeb3fa58b8 .functor BUFZ 1, C4<z>; HiZ drive
v0x55c4990ea940_0 .net "bus_request", 0 0, o0x7fdeb3fa58b8;  0 drivers
v0x55c4990eaa00_0 .net "bus_request_out", 0 0, L_0x55c4990edda0;  1 drivers
v0x55c4990eaac0_0 .net "clk", 0 0, v0x55c4990ebc30_0;  alias, 1 drivers
v0x55c4990eab60_0 .var "controls", 15 0;
v0x55c4990eac20_0 .net "controls_out", 15 0, L_0x55c4990ed920;  alias, 1 drivers
o0x7fdeb3fa5978 .functor BUFZ 1, C4<z>; HiZ drive
v0x55c4990ead00_0 .net "fetch_suppress", 0 0, o0x7fdeb3fa5978;  0 drivers
v0x55c4990eadc0_0 .net "flag_acarry", 0 0, v0x55c4990ebda0_0;  alias, 1 drivers
v0x55c4990eae60_0 .net "flag_lcarry", 0 0, v0x55c4990ebe90_0;  alias, 1 drivers
v0x55c4990eaf00_0 .net "flag_overflow", 0 0, v0x55c4990ebfd0_0;  alias, 1 drivers
v0x55c4990eafd0_0 .net "flag_pcraflip", 0 0, v0x55c4990ec0c0_0;  alias, 1 drivers
v0x55c4990eb0a0_0 .net "flag_reset", 0 0, v0x55c4990ec1b0_0;  alias, 1 drivers
v0x55c4990eb170_0 .net "flag_sign", 0 0, v0x55c4990ec2a0_0;  alias, 1 drivers
v0x55c4990eb240_0 .net "flag_zero", 0 0, v0x55c4990ec340_0;  alias, 1 drivers
v0x55c4990eb310_0 .net "instruction", 7 0, L_0x55c4990ecca0;  alias, 1 drivers
v0x55c4990eb3e0_0 .net "instruction_out", 7 0, L_0x55c4990af4f0;  alias, 1 drivers
v0x55c4990eb480_0 .net "mainbus_assert_select", 3 0, L_0x55c4990ed990;  1 drivers
v0x55c4990eb520_0 .net "mainbus_load_select", 3 0, L_0x55c4990eda60;  1 drivers
v0x55c4990eb5c0_0 .net "pcra_flip_out", 0 0, L_0x55c4990ede40;  1 drivers
v0x55c4990eb660_0 .var "prev_instruction", 7 0;
v0x55c4990eb740 .array "rom1", 32767 0, 7 0;
v0x55c4990eb800 .array "rom2", 32767 0, 7 0;
v0x55c4990eb8c0_0 .net "spsidi_inc_select", 1 0, L_0x55c4990edb30;  1 drivers
LS_0x55c4990ed330_0_0 .concat [ 8 1 1 1], L_0x55c4990ecca0, v0x55c4990ebfd0_0, v0x55c4990ec2a0_0, v0x55c4990ec340_0;
LS_0x55c4990ed330_0_4 .concat [ 1 1 1 1], v0x55c4990ebda0_0, v0x55c4990ebe90_0, v0x55c4990ec0c0_0, v0x55c4990ec1b0_0;
L_0x55c4990ed330 .concat [ 11 4 0 0], LS_0x55c4990ed330_0_0, LS_0x55c4990ed330_0_4;
L_0x55c4990ed850 .concat [ 15 1 0 0], L_0x55c4990ed330, L_0x7fdeb3f5c0a8;
L_0x55c4990ed990 .part v0x55c4990eab60_0, 0, 4;
L_0x55c4990eda60 .part v0x55c4990eab60_0, 4, 4;
L_0x55c4990edb30 .part v0x55c4990eab60_0, 8, 2;
L_0x55c4990edc90 .part v0x55c4990eab60_0, 10, 3;
L_0x55c4990edda0 .part v0x55c4990eab60_0, 13, 1;
L_0x55c4990ede40 .part v0x55c4990eab60_0, 14, 1;
L_0x55c4990edf10 .part v0x55c4990eab60_0, 15, 1;
    .scope S_0x55c4990ae800;
T_0 ;
    %pushi/vec4 0, 0, 8;
    %store/vec4 v0x55c4990e9aa0_0, 0, 8;
    %pushi/vec4 0, 0, 16;
    %store/vec4 v0x55c4990e8f80_0, 0, 16;
    %end;
    .thread T_0, $init;
    .scope S_0x55c4990ae800;
T_1 ;
    %vpi_call/w 4 19 "$readmemh", "/home/jamon/code/ecp5/jspcpu/control/pipeline-stage1-rom1.mem", v0x55c4990e9c60 {0 0 0};
    %vpi_call/w 4 20 "$readmemh", "/home/jamon/code/ecp5/jspcpu/control/pipeline-stage1-rom2.mem", v0x55c4990e9d20 {0 0 0};
    %end;
    .thread T_1;
    .scope S_0x55c4990ae800;
T_2 ;
    %wait E_0x55c4990c6f70;
    %load/vec4 v0x55c4990e9800_0;
    %assign/vec4 v0x55c4990e9aa0_0, 0;
    %load/vec4 v0x55c4990e8c40_0;
    %pad/u 17;
    %ix/vec4 4;
    %load/vec4a v0x55c4990e9d20, 4;
    %load/vec4 v0x55c4990e8c40_0;
    %pad/u 17;
    %ix/vec4 4;
    %load/vec4a v0x55c4990e9c60, 4;
    %concat/vec4; draw_concat_vec4
    %assign/vec4 v0x55c4990e8f80_0, 0;
    %jmp T_2;
    .thread T_2;
    .scope S_0x55c4990ea140;
T_3 ;
    %pushi/vec4 0, 0, 8;
    %store/vec4 v0x55c4990eb660_0, 0, 8;
    %pushi/vec4 0, 0, 16;
    %store/vec4 v0x55c4990eab60_0, 0, 16;
    %end;
    .thread T_3, $init;
    .scope S_0x55c4990ea140;
T_4 ;
    %vpi_call/w 5 19 "$readmemh", "/home/jamon/code/ecp5/jspcpu/control/pipeline-stage2-rom1.mem", v0x55c4990eb740 {0 0 0};
    %vpi_call/w 5 20 "$readmemh", "/home/jamon/code/ecp5/jspcpu/control/pipeline-stage2-rom2.mem", v0x55c4990eb800 {0 0 0};
    %end;
    .thread T_4;
    .scope S_0x55c4990ea140;
T_5 ;
    %wait E_0x55c4990c6f70;
    %load/vec4 v0x55c4990eb310_0;
    %assign/vec4 v0x55c4990eb660_0, 0;
    %load/vec4 v0x55c4990ea690_0;
    %pad/u 17;
    %ix/vec4 4;
    %load/vec4a v0x55c4990eb800, 4;
    %load/vec4 v0x55c4990ea690_0;
    %pad/u 17;
    %ix/vec4 4;
    %load/vec4a v0x55c4990eb740, 4;
    %concat/vec4; draw_concat_vec4
    %assign/vec4 v0x55c4990eab60_0, 0;
    %jmp T_5;
    .thread T_5;
    .scope S_0x55c4990ac840;
T_6 ;
    %pushi/vec4 0, 0, 1;
    %store/vec4 v0x55c4990ebc30_0, 0, 1;
    %pushi/vec4 1, 0, 1;
    %store/vec4 v0x55c4990ebb40_0, 0, 1;
    %pushi/vec4 1, 0, 1;
    %store/vec4 v0x55c4990ebcd0_0, 0, 1;
    %pushi/vec4 0, 0, 1;
    %store/vec4 v0x55c4990ebfd0_0, 0, 1;
    %pushi/vec4 0, 0, 1;
    %store/vec4 v0x55c4990ec2a0_0, 0, 1;
    %pushi/vec4 0, 0, 1;
    %store/vec4 v0x55c4990ec340_0, 0, 1;
    %pushi/vec4 0, 0, 1;
    %store/vec4 v0x55c4990ebda0_0, 0, 1;
    %pushi/vec4 0, 0, 1;
    %store/vec4 v0x55c4990ebe90_0, 0, 1;
    %pushi/vec4 0, 0, 1;
    %store/vec4 v0x55c4990ec0c0_0, 0, 1;
    %pushi/vec4 0, 0, 1;
    %store/vec4 v0x55c4990ec1b0_0, 0, 1;
    %pushi/vec4 0, 0, 8;
    %store/vec4 v0x55c4990ec430_0, 0, 8;
    %end;
    .thread T_6, $init;
    .scope S_0x55c4990ac840;
T_7 ;
    %delay 1000, 0;
    %load/vec4 v0x55c4990ebc30_0;
    %nor/r;
    %assign/vec4 v0x55c4990ebc30_0, 0;
    %jmp T_7;
    .thread T_7;
    .scope S_0x55c4990ac840;
T_8 ;
    %vpi_call/w 3 64 "$dumpfile", "control_tb.vcd" {0 0 0};
    %vpi_call/w 3 65 "$dumpvars", 32'sb00000000000000000000000000000000, S_0x55c4990ac840 {0 0 0};
    %delay 10000, 0;
    %pushi/vec4 105, 0, 8;
    %store/vec4 v0x55c4990ec430_0, 0, 8;
    %delay 2000, 0;
    %pushi/vec4 0, 0, 8;
    %store/vec4 v0x55c4990ec430_0, 0, 8;
    %delay 2000, 0;
    %pushi/vec4 136, 0, 8;
    %store/vec4 v0x55c4990ec430_0, 0, 8;
    %delay 2000, 0;
    %pushi/vec4 136, 0, 8;
    %store/vec4 v0x55c4990ec430_0, 0, 8;
    %delay 2000, 0;
    %pushi/vec4 0, 0, 8;
    %store/vec4 v0x55c4990ec430_0, 0, 8;
    %delay 2000, 0;
    %pushi/vec4 38, 0, 8;
    %store/vec4 v0x55c4990ec430_0, 0, 8;
    %delay 2000, 0;
    %pushi/vec4 0, 0, 8;
    %store/vec4 v0x55c4990ec430_0, 0, 8;
    %delay 10000, 0;
    %vpi_call/w 3 86 "$finish" {0 0 0};
    %end;
    .thread T_8;
# The file index is used to find the file name in the following table.
:file_names 6;
    "N/A";
    "<interactive>";
    "-";
    "/home/jamon/code/ecp5/jspcpu/control/control_tb.sv";
    "/home/jamon/code/ecp5/jspcpu/control/./pipeline_stage1.v";
    "/home/jamon/code/ecp5/jspcpu/control/./pipeline_stage2.v";
