#! /usr/bin/vvp
:ivl_version "11.0 (stable)" "(v11_0)";
:ivl_delay_selection "TYPICAL";
:vpi_time_precision - 12;
:vpi_module "/usr/lib/ivl/system.vpi";
:vpi_module "/usr/lib/ivl/vhdl_sys.vpi";
:vpi_module "/usr/lib/ivl/vhdl_textio.vpi";
:vpi_module "/usr/lib/ivl/v2005_math.vpi";
:vpi_module "/usr/lib/ivl/va_math.vpi";
:vpi_module "/usr/lib/ivl/v2009.vpi";
S_0x55eadae07350 .scope package, "$unit" "$unit" 2 1;
 .timescale 0 0;
S_0x55eadae074e0 .scope module, "register_const_tb" "register_const_tb" 3 3;
 .timescale -9 -12;
v0x55eadae1b1e0_0 .var "assert_bus", 0 0;
v0x55eadae1b2a0_0 .var "bus_in_a", 7 0;
v0x55eadae1b340_0 .var "clk", 0 0;
v0x55eadae1b440_0 .var "load_bus", 0 0;
S_0x55eadadccf50 .scope module, "register_const1" "register_const" 3 13, 4 1 0, S_0x55eadae074e0;
 .timescale -9 -12;
    .port_info 0 /INPUT 1 "clk";
    .port_info 1 /INPUT 8 "bus_in";
    .port_info 2 /INPUT 1 "assert_bus";
    .port_info 3 /INPUT 1 "load_bus";
    .port_info 4 /OUTPUT 8 "bus_out";
    .port_info 5 /OUTPUT 1 "bus_en";
P_0x55eadadf1990 .param/l "DEFAULT_VALUE" 0 4 3, +C4<00000000000000000000000000000000>;
P_0x55eadadf19d0 .param/l "WIDTH" 0 4 2, +C4<00000000000000000000000000001000>;
L_0x55eadae1b510 .functor BUFZ 8, v0x55eadae1b040_0, C4<00000000>, C4<00000000>, C4<00000000>;
L_0x55eadae1b5e0 .functor NOT 1, v0x55eadae1b1e0_0, C4<0>, C4<0>, C4<0>;
v0x55eadadcd270_0 .net "assert_bus", 0 0, v0x55eadae1b1e0_0;  1 drivers
v0x55eadae1ac10_0 .net "bus_en", 0 0, L_0x55eadae1b5e0;  1 drivers
v0x55eadae1acd0_0 .net "bus_in", 7 0, v0x55eadae1b2a0_0;  1 drivers
v0x55eadae1ad90_0 .net "bus_out", 7 0, L_0x55eadae1b510;  1 drivers
v0x55eadae1ae70_0 .net "clk", 0 0, v0x55eadae1b340_0;  1 drivers
v0x55eadae1af80_0 .net "load_bus", 0 0, v0x55eadae1b440_0;  1 drivers
v0x55eadae1b040_0 .var "value", 7 0;
E_0x55eadae060d0 .event posedge, v0x55eadae1ae70_0;
    .scope S_0x55eadadccf50;
T_0 ;
    %pushi/vec4 0, 0, 8;
    %store/vec4 v0x55eadae1b040_0, 0, 8;
    %end;
    .thread T_0, $init;
    .scope S_0x55eadadccf50;
T_1 ;
    %wait E_0x55eadae060d0;
    %load/vec4 v0x55eadae1af80_0;
    %nor/r;
    %flag_set/vec4 8;
    %jmp/0 T_1.0, 8;
    %load/vec4 v0x55eadae1acd0_0;
    %jmp/1 T_1.1, 8;
T_1.0 ; End of true expr.
    %load/vec4 v0x55eadae1b040_0;
    %jmp/0 T_1.1, 8;
 ; End of false expr.
    %blend;
T_1.1;
    %assign/vec4 v0x55eadae1b040_0, 0;
    %jmp T_1;
    .thread T_1;
    .scope S_0x55eadae074e0;
T_2 ;
    %pushi/vec4 0, 0, 1;
    %store/vec4 v0x55eadae1b340_0, 0, 1;
    %pushi/vec4 1, 0, 8;
    %store/vec4 v0x55eadae1b2a0_0, 0, 8;
    %pushi/vec4 1, 0, 1;
    %store/vec4 v0x55eadae1b1e0_0, 0, 1;
    %pushi/vec4 1, 0, 1;
    %store/vec4 v0x55eadae1b440_0, 0, 1;
    %end;
    .thread T_2, $init;
    .scope S_0x55eadae074e0;
T_3 ;
    %delay 1000, 0;
    %load/vec4 v0x55eadae1b340_0;
    %nor/r;
    %assign/vec4 v0x55eadae1b340_0, 0;
    %jmp T_3;
    .thread T_3;
    .scope S_0x55eadae074e0;
T_4 ;
    %vpi_call/w 3 25 "$dumpfile", "register_const_tb.vcd" {0 0 0};
    %vpi_call/w 3 26 "$dumpvars", 32'sb00000000000000000000000000000000, S_0x55eadae074e0 {0 0 0};
    %delay 2000, 0;
    %pushi/vec4 0, 0, 1;
    %store/vec4 v0x55eadae1b1e0_0, 0, 1;
    %delay 2000, 0;
    %pushi/vec4 0, 0, 1;
    %store/vec4 v0x55eadae1b440_0, 0, 1;
    %delay 2000, 0;
    %pushi/vec4 1, 0, 1;
    %store/vec4 v0x55eadae1b440_0, 0, 1;
    %delay 10000, 0;
    %vpi_call/w 3 31 "$finish" {0 0 0};
    %end;
    .thread T_4;
# The file index is used to find the file name in the following table.
:file_names 5;
    "N/A";
    "<interactive>";
    "-";
    "/home/jamon/code/ecp5/jspcpu/register_const/register_const_tb.sv";
    "/home/jamon/code/ecp5/jspcpu/register_const/register_const.v";
