#! /usr/bin/vvp
:ivl_version "11.0 (stable)" "(v11_0)";
:ivl_delay_selection "TYPICAL";
:vpi_time_precision - 12;
:vpi_module "/usr/lib/ivl/system.vpi";
:vpi_module "/usr/lib/ivl/vhdl_sys.vpi";
:vpi_module "/usr/lib/ivl/vhdl_textio.vpi";
:vpi_module "/usr/lib/ivl/v2005_math.vpi";
:vpi_module "/usr/lib/ivl/va_math.vpi";
:vpi_module "/usr/lib/ivl/v2009.vpi";
S_0x55f08c2f38e0 .scope package, "$unit" "$unit" 2 1;
 .timescale 0 0;
S_0x55f08c2f5bf0 .scope module, "alu_tb" "alu_tb" 3 3;
 .timescale -9 -12;
P_0x55f08c2f2cd0 .param/l "WIDTH" 1 3 4, +C4<00000000000000000000000000001000>;
v0x55f08c31a270_0 .var "assert_bus", 0 0;
v0x55f08c31a360_0 .net "bus_en", 0 0, L_0x55f08c31c280;  1 drivers
v0x55f08c31a430_0 .net "bus_out", 7 0, L_0x55f08c31c480;  1 drivers
v0x55f08c31a530_0 .var "clk", 0 0;
v0x55f08c31a5d0_0 .net "flag_acarry", 0 0, L_0x55f08c31c950;  1 drivers
v0x55f08c31a670_0 .net "flag_lcarry", 0 0, L_0x55f08c31c080;  1 drivers
v0x55f08c31a740_0 .net "flag_overflow", 0 0, L_0x55f08c31d220;  1 drivers
v0x55f08c31a810_0 .net "flag_sign", 0 0, L_0x55f08c31cb20;  1 drivers
v0x55f08c31a8e0_0 .net "flag_zero", 0 0, L_0x55f08c31c780;  1 drivers
v0x55f08c31a9b0_0 .var "lhs_in", 7 0;
v0x55f08c31aa50_0 .var "operation", 3 0;
v0x55f08c31aaf0_0 .var "rhs_in", 7 0;
S_0x55f08c2f1b60 .scope module, "alu1" "alu" 3 16, 4 4 0, S_0x55f08c2f5bf0;
 .timescale -9 -12;
    .port_info 0 /INPUT 1 "clk";
    .port_info 1 /INPUT 8 "lhs_in";
    .port_info 2 /INPUT 8 "rhs_in";
    .port_info 3 /INPUT 4 "operation";
    .port_info 4 /INPUT 1 "assert_bus";
    .port_info 5 /OUTPUT 8 "bus_out";
    .port_info 6 /OUTPUT 1 "bus_en";
    .port_info 7 /OUTPUT 1 "flag_zero";
    .port_info 8 /OUTPUT 1 "flag_acarry";
    .port_info 9 /OUTPUT 1 "flag_lcarry";
    .port_info 10 /OUTPUT 1 "flag_sign";
    .port_info 11 /OUTPUT 1 "flag_overflow";
P_0x55f08c2f1f90 .param/l "WIDTH" 0 4 5, +C4<00000000000000000000000000001000>;
L_0x55f08c31c280 .functor NOT 1, v0x55f08c31a270_0, C4<0>, C4<0>, C4<0>;
L_0x55f08c31c080 .functor BUFZ 1, v0x55f08c316960_0, C4<0>, C4<0>, C4<0>;
L_0x55f08c31cea0 .functor XOR 1, L_0x55f08c31ccb0, L_0x55f08c31cd50, C4<0>, C4<0>;
L_0x55f08c31d110 .functor XOR 1, L_0x55f08c31cc10, L_0x55f08c31cfb0, C4<0>, C4<0>;
L_0x55f08c31d220 .functor AND 1, L_0x55f08c31cea0, L_0x55f08c31d110, C4<1>, C4<1>;
v0x55f08c317760_0 .net *"_ivl_1", 0 0, L_0x55f08c31b350;  1 drivers
v0x55f08c317860_0 .net *"_ivl_11", 0 0, L_0x55f08c31b670;  1 drivers
v0x55f08c317940_0 .net *"_ivl_12", 1 0, L_0x55f08c31b740;  1 drivers
L_0x7fe6da21f0f0 .functor BUFT 1, C4<0>, C4<0>, C4<0>, C4<0>;
v0x55f08c317a00_0 .net *"_ivl_15", 0 0, L_0x7fe6da21f0f0;  1 drivers
L_0x7fe6da21f138 .functor BUFT 1, C4<00>, C4<0>, C4<0>, C4<0>;
v0x55f08c317ae0_0 .net/2u *"_ivl_16", 1 0, L_0x7fe6da21f138;  1 drivers
v0x55f08c317c10_0 .net *"_ivl_18", 1 0, L_0x55f08c31b8b0;  1 drivers
v0x55f08c317cf0_0 .net *"_ivl_20", 1 0, L_0x55f08c31ba80;  1 drivers
v0x55f08c317dd0_0 .net *"_ivl_24", 8 0, L_0x55f08c31bd50;  1 drivers
L_0x7fe6da21f180 .functor BUFT 1, C4<0>, C4<0>, C4<0>, C4<0>;
v0x55f08c317eb0_0 .net *"_ivl_27", 0 0, L_0x7fe6da21f180;  1 drivers
v0x55f08c317f90_0 .net *"_ivl_28", 8 0, L_0x55f08c31be90;  1 drivers
v0x55f08c318070_0 .net *"_ivl_3", 0 0, L_0x55f08c31b3f0;  1 drivers
L_0x7fe6da21f1c8 .functor BUFT 1, C4<0>, C4<0>, C4<0>, C4<0>;
v0x55f08c318150_0 .net *"_ivl_31", 0 0, L_0x7fe6da21f1c8;  1 drivers
v0x55f08c318230_0 .net *"_ivl_32", 8 0, L_0x55f08c31bfe0;  1 drivers
v0x55f08c318310_0 .net *"_ivl_34", 8 0, L_0x55f08c31c190;  1 drivers
L_0x7fe6da21f210 .functor BUFT 1, C4<00000000>, C4<0>, C4<0>, C4<0>;
v0x55f08c3183f0_0 .net *"_ivl_37", 7 0, L_0x7fe6da21f210;  1 drivers
L_0x7fe6da21f060 .functor BUFT 1, C4<00>, C4<0>, C4<0>, C4<0>;
v0x55f08c3184d0_0 .net/2u *"_ivl_4", 1 0, L_0x7fe6da21f060;  1 drivers
v0x55f08c3185b0_0 .net *"_ivl_45", 7 0, L_0x55f08c31c6e0;  1 drivers
v0x55f08c318690_0 .net *"_ivl_55", 0 0, L_0x55f08c31ccb0;  1 drivers
v0x55f08c318770_0 .net *"_ivl_57", 0 0, L_0x55f08c31cd50;  1 drivers
v0x55f08c318850_0 .net *"_ivl_58", 0 0, L_0x55f08c31cea0;  1 drivers
L_0x7fe6da21f0a8 .functor BUFT 1, C4<01>, C4<0>, C4<0>, C4<0>;
v0x55f08c318930_0 .net/2u *"_ivl_6", 1 0, L_0x7fe6da21f0a8;  1 drivers
v0x55f08c318a10_0 .net *"_ivl_61", 0 0, L_0x55f08c31cc10;  1 drivers
v0x55f08c318af0_0 .net *"_ivl_63", 0 0, L_0x55f08c31cfb0;  1 drivers
v0x55f08c318bd0_0 .net *"_ivl_64", 0 0, L_0x55f08c31d110;  1 drivers
v0x55f08c318cb0_0 .net *"_ivl_8", 1 0, L_0x55f08c31b550;  1 drivers
v0x55f08c318d90_0 .net "alu_clk", 0 0, L_0x55f08c2c2050;  1 drivers
v0x55f08c318e30_0 .net "aluop_carry_select", 1 0, L_0x55f08c31afd0;  1 drivers
v0x55f08c318ef0_0 .net "aluop_logic_op", 3 0, L_0x55f08c31ae10;  1 drivers
v0x55f08c318f90_0 .net "aluop_shift_select", 1 0, L_0x55f08c31af00;  1 drivers
v0x55f08c3190a0_0 .net "assert_bus", 0 0, v0x55f08c31a270_0;  1 drivers
v0x55f08c319160_0 .net "bus_en", 0 0, L_0x55f08c31c280;  alias, 1 drivers
v0x55f08c319220_0 .net "bus_out", 7 0, L_0x55f08c31c480;  alias, 1 drivers
v0x55f08c319300_0 .net "carry", 0 0, L_0x55f08c31bc10;  1 drivers
v0x55f08c3195d0_0 .net "clk", 0 0, v0x55f08c31a530_0;  1 drivers
v0x55f08c319670_0 .net "flag_acarry", 0 0, L_0x55f08c31c950;  alias, 1 drivers
v0x55f08c319730_0 .net "flag_lcarry", 0 0, L_0x55f08c31c080;  alias, 1 drivers
v0x55f08c3197f0_0 .net "flag_overflow", 0 0, L_0x55f08c31d220;  alias, 1 drivers
v0x55f08c3198b0_0 .net "flag_sign", 0 0, L_0x55f08c31cb20;  alias, 1 drivers
v0x55f08c319970_0 .net "flag_zero", 0 0, L_0x55f08c31c780;  alias, 1 drivers
v0x55f08c319a30_0 .var "lhs_carry_in", 0 0;
v0x55f08c319ad0_0 .net "lhs_carry_out", 0 0, v0x55f08c316960_0;  1 drivers
v0x55f08c319b70_0 .net "lhs_in", 7 0, v0x55f08c31a9b0_0;  1 drivers
v0x55f08c319c60_0 .net "lhs_out", 7 0, v0x55f08c316c70_0;  1 drivers
v0x55f08c319d00_0 .net "operation", 3 0, v0x55f08c31aa50_0;  1 drivers
v0x55f08c319dd0_0 .var "prev_carry", 0 0;
v0x55f08c319e70_0 .net "result", 8 0, L_0x55f08c31c340;  1 drivers
v0x55f08c319f50_0 .net "rhs_in", 7 0, v0x55f08c31aaf0_0;  1 drivers
v0x55f08c31a040_0 .net "rhs_out", 7 0, v0x55f08c3174d0_0;  1 drivers
L_0x55f08c31b350 .part L_0x55f08c31afd0, 1, 1;
L_0x55f08c31b3f0 .part L_0x55f08c31afd0, 0, 1;
L_0x55f08c31b550 .functor MUXZ 2, L_0x7fe6da21f0a8, L_0x7fe6da21f060, L_0x55f08c31b3f0, C4<>;
L_0x55f08c31b670 .part L_0x55f08c31afd0, 0, 1;
L_0x55f08c31b740 .concat [ 1 1 0 0], v0x55f08c319dd0_0, L_0x7fe6da21f0f0;
L_0x55f08c31b8b0 .functor MUXZ 2, L_0x7fe6da21f138, L_0x55f08c31b740, L_0x55f08c31b670, C4<>;
L_0x55f08c31ba80 .functor MUXZ 2, L_0x55f08c31b8b0, L_0x55f08c31b550, L_0x55f08c31b350, C4<>;
L_0x55f08c31bc10 .part L_0x55f08c31ba80, 0, 1;
L_0x55f08c31bd50 .concat [ 8 1 0 0], v0x55f08c316c70_0, L_0x7fe6da21f180;
L_0x55f08c31be90 .concat [ 8 1 0 0], v0x55f08c3174d0_0, L_0x7fe6da21f1c8;
L_0x55f08c31bfe0 .arith/sum 9, L_0x55f08c31bd50, L_0x55f08c31be90;
L_0x55f08c31c190 .concat [ 1 8 0 0], L_0x55f08c31bc10, L_0x7fe6da21f210;
L_0x55f08c31c340 .arith/sum 9, L_0x55f08c31bfe0, L_0x55f08c31c190;
L_0x55f08c31c480 .part L_0x55f08c31c340, 0, 8;
L_0x55f08c31c6e0 .part L_0x55f08c31c340, 0, 8;
L_0x55f08c31c780 .reduce/nor L_0x55f08c31c6e0;
L_0x55f08c31c950 .part L_0x55f08c31c340, 8, 1;
L_0x55f08c31cb20 .part L_0x55f08c31c340, 7, 1;
L_0x55f08c31ccb0 .part v0x55f08c316c70_0, 7, 1;
L_0x55f08c31cd50 .part L_0x55f08c31c340, 7, 1;
L_0x55f08c31cc10 .part v0x55f08c3174d0_0, 7, 1;
L_0x55f08c31cfb0 .part L_0x55f08c31c340, 7, 1;
S_0x55f08c295f60 .scope module, "alu_op1" "alu_op" 4 24, 5 1 0, S_0x55f08c2f1b60;
 .timescale -9 -12;
    .port_info 0 /INPUT 1 "clk";
    .port_info 1 /INPUT 4 "operation";
    .port_info 2 /OUTPUT 1 "alu_clk";
    .port_info 3 /OUTPUT 4 "logic_op";
    .port_info 4 /OUTPUT 2 "shift_select";
    .port_info 5 /OUTPUT 2 "carry_select";
L_0x55f08c2f65e0 .functor BUFZ 8, L_0x55f08c31abe0, C4<00000000>, C4<00000000>, C4<00000000>;
L_0x55f08c2e1880 .functor NOT 1, L_0x55f08c31b150, C4<0>, C4<0>, C4<0>;
L_0x55f08c2c2050 .functor AND 1, L_0x55f08c2e1880, v0x55f08c31a530_0, C4<1>, C4<1>;
v0x55f08c2ca7f0_0 .net *"_ivl_0", 7 0, L_0x55f08c31abe0;  1 drivers
v0x55f08c3159f0_0 .net *"_ivl_16", 0 0, L_0x55f08c2e1880;  1 drivers
v0x55f08c315ad0_0 .net *"_ivl_2", 5 0, L_0x55f08c31ac80;  1 drivers
L_0x7fe6da21f018 .functor BUFT 1, C4<00>, C4<0>, C4<0>, C4<0>;
v0x55f08c315b90_0 .net *"_ivl_5", 1 0, L_0x7fe6da21f018;  1 drivers
v0x55f08c315c70_0 .net "alu_clk", 0 0, L_0x55f08c2c2050;  alias, 1 drivers
v0x55f08c315d80_0 .net "carry_select", 1 0, L_0x55f08c31afd0;  alias, 1 drivers
v0x55f08c315e60_0 .net "clk", 0 0, v0x55f08c31a530_0;  alias, 1 drivers
v0x55f08c315f20_0 .net "current_op", 7 0, L_0x55f08c2f65e0;  1 drivers
v0x55f08c316000_0 .net "logic_op", 3 0, L_0x55f08c31ae10;  alias, 1 drivers
v0x55f08c3160e0_0 .net "operation", 3 0, v0x55f08c31aa50_0;  alias, 1 drivers
v0x55f08c3161c0 .array "ops", 15 0, 7 0;
v0x55f08c316280_0 .net "select0", 0 0, L_0x55f08c31b150;  1 drivers
v0x55f08c316340_0 .net "shift_select", 1 0, L_0x55f08c31af00;  alias, 1 drivers
L_0x55f08c31abe0 .array/port v0x55f08c3161c0, L_0x55f08c31ac80;
L_0x55f08c31ac80 .concat [ 4 2 0 0], v0x55f08c31aa50_0, L_0x7fe6da21f018;
L_0x55f08c31ae10 .part L_0x55f08c2f65e0, 0, 4;
L_0x55f08c31af00 .part L_0x55f08c2f65e0, 4, 2;
L_0x55f08c31afd0 .part L_0x55f08c2f65e0, 6, 2;
L_0x55f08c31b150 .reduce/nor v0x55f08c31aa50_0;
S_0x55f08c3164e0 .scope module, "lhs1" "lhs" 4 37, 6 1 0, S_0x55f08c2f1b60;
 .timescale -9 -12;
    .port_info 0 /INPUT 1 "clk";
    .port_info 1 /INPUT 1 "alu_clk";
    .port_info 2 /INPUT 2 "operation";
    .port_info 3 /INPUT 8 "in";
    .port_info 4 /INPUT 1 "carry_in";
    .port_info 5 /OUTPUT 8 "out";
    .port_info 6 /OUTPUT 1 "carry_out";
P_0x55f08c316690 .param/l "WIDTH" 0 6 2, +C4<00000000000000000000000000001000>;
v0x55f08c316800_0 .net "alu_clk", 0 0, L_0x55f08c2c2050;  alias, 1 drivers
v0x55f08c3168c0_0 .net "carry_in", 0 0, v0x55f08c319a30_0;  1 drivers
v0x55f08c316960_0 .var "carry_out", 0 0;
v0x55f08c316a00_0 .net "clk", 0 0, v0x55f08c31a530_0;  alias, 1 drivers
v0x55f08c316aa0_0 .net "in", 7 0, v0x55f08c31a9b0_0;  alias, 1 drivers
v0x55f08c316bb0_0 .net "operation", 1 0, L_0x55f08c31af00;  alias, 1 drivers
v0x55f08c316c70_0 .var "out", 7 0;
E_0x55f08c2b9080 .event posedge, v0x55f08c315c70_0;
S_0x55f08c316e10 .scope module, "rhs1" "rhs" 4 48, 7 1 0, S_0x55f08c2f1b60;
 .timescale -9 -12;
    .port_info 0 /INPUT 1 "clk";
    .port_info 1 /INPUT 1 "alu_clk";
    .port_info 2 /INPUT 4 "operation";
    .port_info 3 /INPUT 8 "lhs_in";
    .port_info 4 /INPUT 8 "rhs_in";
    .port_info 5 /OUTPUT 8 "out";
P_0x55f08c316ff0 .param/l "WIDTH" 0 7 2, +C4<00000000000000000000000000001000>;
v0x55f08c317160_0 .net "alu_clk", 0 0, L_0x55f08c2c2050;  alias, 1 drivers
v0x55f08c317250_0 .net "clk", 0 0, v0x55f08c31a530_0;  alias, 1 drivers
v0x55f08c317360_0 .net "lhs_in", 7 0, v0x55f08c31a9b0_0;  alias, 1 drivers
v0x55f08c317400_0 .net "operation", 3 0, L_0x55f08c31ae10;  alias, 1 drivers
v0x55f08c3174d0_0 .var "out", 7 0;
v0x55f08c3175c0_0 .net "rhs_in", 7 0, v0x55f08c31aaf0_0;  alias, 1 drivers
    .scope S_0x55f08c295f60;
T_0 ;
    %pushi/vec4 0, 0, 8;
    %ix/load 4, 0, 0;
    %flag_set/imm 4, 0;
    %store/vec4a v0x55f08c3161c0, 4, 0;
    %pushi/vec4 16, 0, 8;
    %ix/load 4, 1, 0;
    %flag_set/imm 4, 0;
    %store/vec4a v0x55f08c3161c0, 4, 0;
    %pushi/vec4 32, 0, 8;
    %ix/load 4, 2, 0;
    %flag_set/imm 4, 0;
    %store/vec4a v0x55f08c3161c0, 4, 0;
    %pushi/vec4 12, 0, 8;
    %ix/load 4, 3, 0;
    %flag_set/imm 4, 0;
    %store/vec4a v0x55f08c3161c0, 4, 0;
    %pushi/vec4 76, 0, 8;
    %ix/load 4, 4, 0;
    %flag_set/imm 4, 0;
    %store/vec4a v0x55f08c3161c0, 4, 0;
    %pushi/vec4 128, 0, 8;
    %ix/load 4, 5, 0;
    %flag_set/imm 4, 0;
    %store/vec4a v0x55f08c3161c0, 4, 0;
    %pushi/vec4 64, 0, 8;
    %ix/load 4, 6, 0;
    %flag_set/imm 4, 0;
    %store/vec4a v0x55f08c3161c0, 4, 0;
    %pushi/vec4 131, 0, 8;
    %ix/load 4, 7, 0;
    %flag_set/imm 4, 0;
    %store/vec4a v0x55f08c3161c0, 4, 0;
    %pushi/vec4 67, 0, 8;
    %ix/load 4, 8, 0;
    %flag_set/imm 4, 0;
    %store/vec4a v0x55f08c3161c0, 4, 0;
    %pushi/vec4 15, 0, 8;
    %ix/load 4, 9, 0;
    %flag_set/imm 4, 0;
    %store/vec4a v0x55f08c3161c0, 4, 0;
    %pushi/vec4 56, 0, 8;
    %ix/load 4, 10, 0;
    %flag_set/imm 4, 0;
    %store/vec4a v0x55f08c3161c0, 4, 0;
    %pushi/vec4 62, 0, 8;
    %ix/load 4, 11, 0;
    %flag_set/imm 4, 0;
    %store/vec4a v0x55f08c3161c0, 4, 0;
    %pushi/vec4 54, 0, 8;
    %ix/load 4, 12, 0;
    %flag_set/imm 4, 0;
    %store/vec4a v0x55f08c3161c0, 4, 0;
    %pushi/vec4 51, 0, 8;
    %ix/load 4, 13, 0;
    %flag_set/imm 4, 0;
    %store/vec4a v0x55f08c3161c0, 4, 0;
    %pushi/vec4 48, 0, 8;
    %ix/load 4, 14, 0;
    %flag_set/imm 4, 0;
    %store/vec4a v0x55f08c3161c0, 4, 0;
    %pushi/vec4 48, 0, 8;
    %ix/load 4, 15, 0;
    %flag_set/imm 4, 0;
    %store/vec4a v0x55f08c3161c0, 4, 0;
    %end;
    .thread T_0;
    .scope S_0x55f08c3164e0;
T_1 ;
    %pushi/vec4 0, 0, 8;
    %store/vec4 v0x55f08c316c70_0, 0, 8;
    %pushi/vec4 0, 0, 1;
    %store/vec4 v0x55f08c316960_0, 0, 1;
    %end;
    .thread T_1;
    .scope S_0x55f08c3164e0;
T_2 ;
    %wait E_0x55f08c2b9080;
    %load/vec4 v0x55f08c316bb0_0;
    %dup/vec4;
    %pushi/vec4 3, 0, 2;
    %cmp/u;
    %jmp/1 T_2.0, 6;
    %dup/vec4;
    %pushi/vec4 2, 0, 2;
    %cmp/u;
    %jmp/1 T_2.1, 6;
    %dup/vec4;
    %pushi/vec4 1, 0, 2;
    %cmp/u;
    %jmp/1 T_2.2, 6;
    %load/vec4 v0x55f08c3168c0_0;
    %assign/vec4 v0x55f08c316960_0, 0;
    %load/vec4 v0x55f08c316aa0_0;
    %assign/vec4 v0x55f08c316c70_0, 0;
    %jmp T_2.4;
T_2.0 ;
    %pushi/vec4 0, 0, 1;
    %assign/vec4 v0x55f08c316960_0, 0;
    %pushi/vec4 0, 0, 8;
    %assign/vec4 v0x55f08c316c70_0, 0;
    %jmp T_2.4;
T_2.1 ;
    %load/vec4 v0x55f08c316aa0_0;
    %parti/s 1, 0, 2;
    %assign/vec4 v0x55f08c316960_0, 0;
    %load/vec4 v0x55f08c3168c0_0;
    %load/vec4 v0x55f08c316aa0_0;
    %parti/s 7, 1, 2;
    %concat/vec4; draw_concat_vec4
    %assign/vec4 v0x55f08c316c70_0, 0;
    %jmp T_2.4;
T_2.2 ;
    %load/vec4 v0x55f08c316aa0_0;
    %parti/s 1, 7, 4;
    %assign/vec4 v0x55f08c316960_0, 0;
    %load/vec4 v0x55f08c316aa0_0;
    %parti/s 7, 0, 2;
    %load/vec4 v0x55f08c3168c0_0;
    %concat/vec4; draw_concat_vec4
    %assign/vec4 v0x55f08c316c70_0, 0;
    %jmp T_2.4;
T_2.4 ;
    %pop/vec4 1;
    %jmp T_2;
    .thread T_2;
    .scope S_0x55f08c316e10;
T_3 ;
    %pushi/vec4 0, 0, 8;
    %store/vec4 v0x55f08c3174d0_0, 0, 8;
    %end;
    .thread T_3;
    .scope S_0x55f08c316e10;
T_4 ;
    %wait E_0x55f08c2b9080;
    %load/vec4 v0x55f08c317400_0;
    %dup/vec4;
    %pushi/vec4 0, 0, 4;
    %cmp/u;
    %jmp/1 T_4.0, 6;
    %dup/vec4;
    %pushi/vec4 1, 0, 4;
    %cmp/u;
    %jmp/1 T_4.1, 6;
    %dup/vec4;
    %pushi/vec4 2, 0, 4;
    %cmp/u;
    %jmp/1 T_4.2, 6;
    %dup/vec4;
    %pushi/vec4 3, 0, 4;
    %cmp/u;
    %jmp/1 T_4.3, 6;
    %dup/vec4;
    %pushi/vec4 4, 0, 4;
    %cmp/u;
    %jmp/1 T_4.4, 6;
    %dup/vec4;
    %pushi/vec4 5, 0, 4;
    %cmp/u;
    %jmp/1 T_4.5, 6;
    %dup/vec4;
    %pushi/vec4 6, 0, 4;
    %cmp/u;
    %jmp/1 T_4.6, 6;
    %dup/vec4;
    %pushi/vec4 7, 0, 4;
    %cmp/u;
    %jmp/1 T_4.7, 6;
    %dup/vec4;
    %pushi/vec4 8, 0, 4;
    %cmp/u;
    %jmp/1 T_4.8, 6;
    %dup/vec4;
    %pushi/vec4 9, 0, 4;
    %cmp/u;
    %jmp/1 T_4.9, 6;
    %dup/vec4;
    %pushi/vec4 10, 0, 4;
    %cmp/u;
    %jmp/1 T_4.10, 6;
    %dup/vec4;
    %pushi/vec4 11, 0, 4;
    %cmp/u;
    %jmp/1 T_4.11, 6;
    %dup/vec4;
    %pushi/vec4 12, 0, 4;
    %cmp/u;
    %jmp/1 T_4.12, 6;
    %dup/vec4;
    %pushi/vec4 13, 0, 4;
    %cmp/u;
    %jmp/1 T_4.13, 6;
    %dup/vec4;
    %pushi/vec4 14, 0, 4;
    %cmp/u;
    %jmp/1 T_4.14, 6;
    %dup/vec4;
    %pushi/vec4 15, 0, 4;
    %cmp/u;
    %jmp/1 T_4.15, 6;
    %jmp T_4.16;
T_4.0 ;
    %pushi/vec4 0, 0, 8;
    %assign/vec4 v0x55f08c3174d0_0, 0;
    %jmp T_4.16;
T_4.1 ;
    %load/vec4 v0x55f08c317360_0;
    %load/vec4 v0x55f08c3175c0_0;
    %or;
    %inv;
    %assign/vec4 v0x55f08c3174d0_0, 0;
    %jmp T_4.16;
T_4.2 ;
    %load/vec4 v0x55f08c317360_0;
    %load/vec4 v0x55f08c3175c0_0;
    %inv;
    %and;
    %assign/vec4 v0x55f08c3174d0_0, 0;
    %jmp T_4.16;
T_4.3 ;
    %load/vec4 v0x55f08c3175c0_0;
    %inv;
    %assign/vec4 v0x55f08c3174d0_0, 0;
    %jmp T_4.16;
T_4.4 ;
    %load/vec4 v0x55f08c317360_0;
    %inv;
    %load/vec4 v0x55f08c3175c0_0;
    %and;
    %assign/vec4 v0x55f08c3174d0_0, 0;
    %jmp T_4.16;
T_4.5 ;
    %load/vec4 v0x55f08c317360_0;
    %inv;
    %assign/vec4 v0x55f08c3174d0_0, 0;
    %jmp T_4.16;
T_4.6 ;
    %load/vec4 v0x55f08c317360_0;
    %load/vec4 v0x55f08c3175c0_0;
    %xor;
    %assign/vec4 v0x55f08c3174d0_0, 0;
    %jmp T_4.16;
T_4.7 ;
    %load/vec4 v0x55f08c317360_0;
    %load/vec4 v0x55f08c3175c0_0;
    %and;
    %inv;
    %assign/vec4 v0x55f08c3174d0_0, 0;
    %jmp T_4.16;
T_4.8 ;
    %load/vec4 v0x55f08c317360_0;
    %load/vec4 v0x55f08c3175c0_0;
    %and;
    %assign/vec4 v0x55f08c3174d0_0, 0;
    %jmp T_4.16;
T_4.9 ;
    %load/vec4 v0x55f08c317360_0;
    %load/vec4 v0x55f08c3175c0_0;
    %xor;
    %inv;
    %assign/vec4 v0x55f08c3174d0_0, 0;
    %jmp T_4.16;
T_4.10 ;
    %load/vec4 v0x55f08c317360_0;
    %assign/vec4 v0x55f08c3174d0_0, 0;
    %jmp T_4.16;
T_4.11 ;
    %load/vec4 v0x55f08c317360_0;
    %load/vec4 v0x55f08c3175c0_0;
    %inv;
    %or;
    %assign/vec4 v0x55f08c3174d0_0, 0;
    %jmp T_4.16;
T_4.12 ;
    %load/vec4 v0x55f08c3175c0_0;
    %assign/vec4 v0x55f08c3174d0_0, 0;
    %jmp T_4.16;
T_4.13 ;
    %load/vec4 v0x55f08c317360_0;
    %inv;
    %load/vec4 v0x55f08c3175c0_0;
    %or;
    %assign/vec4 v0x55f08c3174d0_0, 0;
    %jmp T_4.16;
T_4.14 ;
    %load/vec4 v0x55f08c317360_0;
    %load/vec4 v0x55f08c3175c0_0;
    %or;
    %assign/vec4 v0x55f08c3174d0_0, 0;
    %jmp T_4.16;
T_4.15 ;
    %pushi/vec4 255, 0, 8;
    %assign/vec4 v0x55f08c3174d0_0, 0;
    %jmp T_4.16;
T_4.16 ;
    %pop/vec4 1;
    %jmp T_4;
    .thread T_4;
    .scope S_0x55f08c2f1b60;
T_5 ;
    %pushi/vec4 0, 0, 1;
    %store/vec4 v0x55f08c319a30_0, 0, 1;
    %pushi/vec4 0, 0, 1;
    %store/vec4 v0x55f08c319dd0_0, 0, 1;
    %end;
    .thread T_5, $init;
    .scope S_0x55f08c2f1b60;
T_6 ;
    %wait E_0x55f08c2b9080;
    %load/vec4 v0x55f08c319e70_0;
    %parti/s 1, 8, 5;
    %store/vec4 v0x55f08c319dd0_0, 0, 1;
    %jmp T_6;
    .thread T_6;
    .scope S_0x55f08c2f5bf0;
T_7 ;
    %pushi/vec4 0, 0, 1;
    %store/vec4 v0x55f08c31a530_0, 0, 1;
    %pushi/vec4 0, 0, 4;
    %store/vec4 v0x55f08c31aa50_0, 0, 4;
    %pushi/vec4 0, 0, 8;
    %store/vec4 v0x55f08c31a9b0_0, 0, 8;
    %pushi/vec4 0, 0, 8;
    %store/vec4 v0x55f08c31aaf0_0, 0, 8;
    %end;
    .thread T_7, $init;
    .scope S_0x55f08c2f5bf0;
T_8 ;
    %delay 1000, 0;
    %load/vec4 v0x55f08c31a530_0;
    %nor/r;
    %assign/vec4 v0x55f08c31a530_0, 0;
    %jmp T_8;
    .thread T_8;
    .scope S_0x55f08c2f5bf0;
T_9 ;
    %vpi_call/w 3 36 "$dumpfile", "alu_tb.vcd" {0 0 0};
    %vpi_call/w 3 37 "$dumpvars", 32'sb00000000000000000000000000000000, S_0x55f08c2f5bf0 {0 0 0};
    %delay 1000, 0;
    %delay 2000, 0;
    %pushi/vec4 85, 0, 8;
    %store/vec4 v0x55f08c31a9b0_0, 0, 8;
    %pushi/vec4 170, 0, 8;
    %store/vec4 v0x55f08c31aaf0_0, 0, 8;
    %pushi/vec4 10, 0, 4;
    %store/vec4 v0x55f08c31aa50_0, 0, 4;
    %delay 2000, 0;
    %pushi/vec4 0, 0, 4;
    %store/vec4 v0x55f08c31aa50_0, 0, 4;
    %delay 2000, 0;
    %pushi/vec4 11, 0, 4;
    %store/vec4 v0x55f08c31aa50_0, 0, 4;
    %delay 2000, 0;
    %pushi/vec4 0, 0, 4;
    %store/vec4 v0x55f08c31aa50_0, 0, 4;
    %delay 2000, 0;
    %pushi/vec4 3, 0, 4;
    %store/vec4 v0x55f08c31aa50_0, 0, 4;
    %pushi/vec4 200, 0, 8;
    %store/vec4 v0x55f08c31a9b0_0, 0, 8;
    %pushi/vec4 64, 0, 8;
    %store/vec4 v0x55f08c31aaf0_0, 0, 8;
    %delay 2000, 0;
    %pushi/vec4 0, 0, 4;
    %store/vec4 v0x55f08c31aa50_0, 0, 4;
    %delay 2000, 0;
    %pushi/vec4 4, 0, 4;
    %store/vec4 v0x55f08c31aa50_0, 0, 4;
    %pushi/vec4 0, 0, 8;
    %store/vec4 v0x55f08c31a9b0_0, 0, 8;
    %pushi/vec4 0, 0, 8;
    %store/vec4 v0x55f08c31aaf0_0, 0, 8;
    %delay 2000, 0;
    %pushi/vec4 0, 0, 4;
    %store/vec4 v0x55f08c31aa50_0, 0, 4;
    %delay 2000, 0;
    %pushi/vec4 4, 0, 4;
    %store/vec4 v0x55f08c31aa50_0, 0, 4;
    %pushi/vec4 0, 0, 8;
    %store/vec4 v0x55f08c31a9b0_0, 0, 8;
    %pushi/vec4 0, 0, 8;
    %store/vec4 v0x55f08c31aaf0_0, 0, 8;
    %delay 2000, 0;
    %pushi/vec4 0, 0, 4;
    %store/vec4 v0x55f08c31aa50_0, 0, 4;
    %delay 2000, 0;
    %pushi/vec4 7, 0, 4;
    %store/vec4 v0x55f08c31aa50_0, 0, 4;
    %pushi/vec4 1, 0, 8;
    %store/vec4 v0x55f08c31a9b0_0, 0, 8;
    %pushi/vec4 129, 0, 8;
    %store/vec4 v0x55f08c31aaf0_0, 0, 8;
    %delay 2000, 0;
    %pushi/vec4 0, 0, 4;
    %store/vec4 v0x55f08c31aa50_0, 0, 4;
    %delay 10000, 0;
    %vpi_call/w 3 75 "$finish" {0 0 0};
    %end;
    .thread T_9;
# The file index is used to find the file name in the following table.
:file_names 8;
    "N/A";
    "<interactive>";
    "-";
    "/home/jamon/code/ecp5/jspcpu/alu/alu_tb.sv";
    "/home/jamon/code/ecp5/jspcpu/alu/alu.v";
    "/home/jamon/code/ecp5/jspcpu/alu/alu_op.v";
    "/home/jamon/code/ecp5/jspcpu/alu/lhs/lhs.v";
    "/home/jamon/code/ecp5/jspcpu/alu/rhs/rhs.v";
